<?xml version="1.0" encoding="UTF-8"?>
<testsuite name="com.ing.custom.simple.SimpleAuthenticationProviderTest" time="0.01" tests="5" errors="5" skipped="0" failures="0">
  <properties>
    <property name="java.runtime.name" value="Java(TM) SE Runtime Environment"/>
    <property name="sun.boot.library.path" value="C:\Program Files\Java\jdk1.8.0_121\jre\bin"/>
    <property name="java.vm.version" value="25.121-b13"/>
    <property name="java.vm.vendor" value="Oracle Corporation"/>
    <property name="java.vendor.url" value="http://java.oracle.com/"/>
    <property name="path.separator" value=";"/>
    <property name="guice.disable.misplaced.annotation.check" value="true"/>
    <property name="java.vm.name" value="Java HotSpot(TM) 64-Bit Server VM"/>
    <property name="file.encoding.pkg" value="sun.io"/>
    <property name="user.script" value=""/>
    <property name="user.country" value="US"/>
    <property name="sun.java.launcher" value="SUN_STANDARD"/>
    <property name="sun.os.patch.level" value="Service Pack 1"/>
    <property name="java.vm.specification.name" value="Java Virtual Machine Specification"/>
    <property name="user.dir" value="C:\Users\normsby\Documents\NetBeansProjects\ING_ATM_Locator"/>
    <property name="java.runtime.version" value="1.8.0_121-b13"/>
    <property name="java.awt.graphicsenv" value="sun.awt.Win32GraphicsEnvironment"/>
    <property name="java.endorsed.dirs" value="C:\Program Files\Java\jdk1.8.0_121\jre\lib\endorsed"/>
    <property name="os.arch" value="amd64"/>
    <property name="java.io.tmpdir" value="C:\Users\normsby\AppData\Local\Temp\"/>
    <property name="line.separator" value="&#10;"/>
    <property name="java.vm.specification.vendor" value="Oracle Corporation"/>
    <property name="user.variant" value=""/>
    <property name="os.name" value="Windows 7"/>
    <property name="maven.ext.class.path" value="C:\Program Files\NetBeans 8.2\java\maven-nblib\netbeans-eventspy.jar"/>
    <property name="classworlds.conf" value="C:\Program Files\NetBeans 8.2\java\maven\bin\m2.conf"/>
    <property name="sun.jnu.encoding" value="Cp1252"/>
    <property name="java.library.path" value="C:\Program Files\Java\jdk1.8.0_121\bin;C:\Windows\Sun\Java\bin;C:\Windows\system32;C:\Windows;C:\Program Files (x86)\Google\Chrome\Application;C:\ProgramData\Oracle\Java\javapath;C:\Windows\system32;C:\Windows;C:\Windows\System32\Wbem;C:\Windows\System32\WindowsPowerShell\v1.0\;C:\Program Files\Intel\WiFi\bin\;C:\Program Files\Common Files\Intel\WirelessCommon\;C:\Program Files (x86)\Windows Kits\8.1\Windows Performance Toolkit\;C:\Program Files\Microsoft SQL Server\120\Tools\Binn\;C:\Program Files\Microsoft SQL Server\130\Tools\Binn\;C:\Program Files\Git\cmd;C:\Program Files\MongoDB\Server\3.2\bin;C:\Windows\System32\WindowsPowerShell\v1.0\;C:\phantomjs\bin;C:\Program Files\SQL Anywhere 16\bin64;C:\Program Files\SQL Anywhere 16\bin32;C:\Windows\Microsoft.NET\Framework\v4.0.30319;C:\Program Files\dotnet\;C:\Users\normsby\AppData\Local\Programs\Python\Python35-32\Scripts;C:\Android\platform-tools ;C:\Program Files\TortoiseGit\bin;C:\Program Files\nodejs\;C:\Program Files (x86)\Skype\Phone\;C:\Program Files\Apache\maven\bin;C:\Program Files (x86)\Microsoft VS Code\bin;C:\Users\normsby\AppData\Roaming\np;C:\adb;C:\Program Files (x86)\Microsoft VS Code\bin;C:\Users\normsby\AppData\Roaming\npm;."/>
    <property name="java.specification.name" value="Java Platform API Specification"/>
    <property name="java.class.version" value="52.0"/>
    <property name="sun.management.compiler" value="HotSpot 64-Bit Tiered Compilers"/>
    <property name="os.version" value="6.1"/>
    <property name="user.home" value="C:\Users\normsby"/>
    <property name="user.timezone" value="America/New_York"/>
    <property name="java.awt.printerjob" value="sun.awt.windows.WPrinterJob"/>
    <property name="java.specification.version" value="1.8"/>
    <property name="file.encoding" value="UTF-8"/>
    <property name="user.name" value="normsby"/>
    <property name="java.class.path" value="C:\Program Files\NetBeans 8.2\java\maven\boot\plexus-classworlds-2.4.jar"/>
    <property name="java.vm.specification.version" value="1.8"/>
    <property name="sun.arch.data.model" value="64"/>
    <property name="java.home" value="C:\Program Files\Java\jdk1.8.0_121\jre"/>
    <property name="sun.java.command" value="org.codehaus.plexus.classworlds.launcher.Launcher -Dmaven.ext.class.path=C:\Program Files\NetBeans 8.2\java\maven-nblib\netbeans-eventspy.jar -Dfile.encoding=UTF-8 clean install"/>
    <property name="java.specification.vendor" value="Oracle Corporation"/>
    <property name="user.language" value="en"/>
    <property name="awt.toolkit" value="sun.awt.windows.WToolkit"/>
    <property name="java.vm.info" value="mixed mode"/>
    <property name="java.version" value="1.8.0_121"/>
    <property name="java.ext.dirs" value="C:\Program Files\Java\jdk1.8.0_121\jre\lib\ext;C:\Windows\Sun\Java\lib\ext"/>
    <property name="sun.boot.class.path" value="C:\Program Files\Java\jdk1.8.0_121\jre\lib\resources.jar;C:\Program Files\Java\jdk1.8.0_121\jre\lib\rt.jar;C:\Program Files\Java\jdk1.8.0_121\jre\lib\sunrsasign.jar;C:\Program Files\Java\jdk1.8.0_121\jre\lib\jsse.jar;C:\Program Files\Java\jdk1.8.0_121\jre\lib\jce.jar;C:\Program Files\Java\jdk1.8.0_121\jre\lib\charsets.jar;C:\Program Files\Java\jdk1.8.0_121\jre\lib\jfr.jar;C:\Program Files\Java\jdk1.8.0_121\jre\classes"/>
    <property name="java.vendor" value="Oracle Corporation"/>
    <property name="maven.home" value="C:\Program Files\NetBeans 8.2\java\maven"/>
    <property name="file.separator" value="\"/>
    <property name="java.vendor.url.bug" value="http://bugreport.sun.com/bugreport/"/>
    <property name="sun.cpu.endian" value="little"/>
    <property name="sun.io.unicode.encoding" value="UnicodeLittle"/>
    <property name="sun.desktop" value="windows"/>
    <property name="sun.cpu.isalist" value="amd64"/>
  </properties>
  <testcase name="testBadPassword" classname="com.ing.custom.simple.SimpleAuthenticationProviderTest" time="0">
    <error message="Failed to load ApplicationContext" type="java.lang.IllegalStateException">java.lang.IllegalStateException: Failed to load ApplicationContext
	at org.apache.camel.util.CamelContextHelper.getMandatoryEndpoint(CamelContextHelper.java:81)
	at org.apache.camel.model.RouteDefinition.resolveEndpoint(RouteDefinition.java:211)
	at org.apache.camel.impl.DefaultRouteContext.resolveEndpoint(DefaultRouteContext.java:107)
	at org.apache.camel.impl.DefaultRouteContext.resolveEndpoint(DefaultRouteContext.java:113)
	at org.apache.camel.model.SendDefinition.resolveEndpoint(SendDefinition.java:62)
	at org.apache.camel.model.SendDefinition.createProcessor(SendDefinition.java:56)
	at org.apache.camel.model.ProcessorDefinition.createProcessor(ProcessorDefinition.java:483)
	at org.apache.camel.model.ProcessorDefinition.createOutputsProcessorImpl(ProcessorDefinition.java:446)
	at org.apache.camel.model.ProcessorDefinition.createOutputsProcessor(ProcessorDefinition.java:413)
	at org.apache.camel.model.ProcessorDefinition.createOutputsProcessor(ProcessorDefinition.java:165)
	at org.apache.camel.model.ExpressionNode.createFilterProcessor(ExpressionNode.java:109)
	at org.apache.camel.model.WhenDefinition.createProcessor(WhenDefinition.java:74)
	at org.apache.camel.model.WhenDefinition.createProcessor(WhenDefinition.java:32)
	at org.apache.camel.model.ProcessorDefinition.createProcessor(ProcessorDefinition.java:483)
	at org.apache.camel.model.ChoiceDefinition.createProcessor(ChoiceDefinition.java:135)
	at org.apache.camel.model.ProcessorDefinition.makeProcessorImpl(ProcessorDefinition.java:534)
	at org.apache.camel.model.ProcessorDefinition.makeProcessor(ProcessorDefinition.java:495)
	at org.apache.camel.model.ProcessorDefinition.addRoutes(ProcessorDefinition.java:219)
	at org.apache.camel.model.RouteDefinition.addRoutes(RouteDefinition.java:1069)
	at org.apache.camel.model.RouteDefinition.addRoutes(RouteDefinition.java:196)
	at org.apache.camel.impl.DefaultCamelContext.startRoute(DefaultCamelContext.java:974)
	at org.apache.camel.impl.DefaultCamelContext.startRouteDefinitions(DefaultCamelContext.java:3301)
	at org.apache.camel.impl.DefaultCamelContext.doStartCamel(DefaultCamelContext.java:3024)
	at org.apache.camel.impl.DefaultCamelContext.access$000(DefaultCamelContext.java:175)
	at org.apache.camel.impl.DefaultCamelContext$2.call(DefaultCamelContext.java:2854)
	at org.apache.camel.impl.DefaultCamelContext$2.call(DefaultCamelContext.java:2850)
	at org.apache.camel.impl.DefaultCamelContext.doWithDefinedClassLoader(DefaultCamelContext.java:2873)
	at org.apache.camel.impl.DefaultCamelContext.doStart(DefaultCamelContext.java:2850)
	at org.apache.camel.support.ServiceSupport.start(ServiceSupport.java:61)
	at org.apache.camel.impl.DefaultCamelContext.start(DefaultCamelContext.java:2819)
	at org.apache.camel.spring.boot.RoutesCollector.onApplicationEvent(RoutesCollector.java:116)
	at org.apache.camel.spring.boot.RoutesCollector.onApplicationEvent(RoutesCollector.java:41)
	at org.springframework.context.event.SimpleApplicationEventMulticaster.invokeListener(SimpleApplicationEventMulticaster.java:166)
	at org.springframework.context.event.SimpleApplicationEventMulticaster.multicastEvent(SimpleApplicationEventMulticaster.java:138)
	at org.springframework.context.support.AbstractApplicationContext.publishEvent(AbstractApplicationContext.java:383)
	at org.springframework.context.support.AbstractApplicationContext.publishEvent(AbstractApplicationContext.java:337)
	at org.springframework.context.support.AbstractApplicationContext.finishRefresh(AbstractApplicationContext.java:882)
	at org.springframework.context.support.AbstractApplicationContext.refresh(AbstractApplicationContext.java:545)
	at org.springframework.boot.SpringApplication.refresh(SpringApplication.java:766)
	at org.springframework.boot.SpringApplication.createAndRefreshContext(SpringApplication.java:361)
	at org.springframework.boot.SpringApplication.run(SpringApplication.java:307)
	at org.springframework.boot.test.SpringApplicationContextLoader.loadContext(SpringApplicationContextLoader.java:98)
	at org.springframework.test.context.cache.DefaultCacheAwareContextLoaderDelegate.loadContextInternal(DefaultCacheAwareContextLoaderDelegate.java:98)
	at org.springframework.test.context.cache.DefaultCacheAwareContextLoaderDelegate.loadContext(DefaultCacheAwareContextLoaderDelegate.java:116)
	at org.springframework.test.context.support.DefaultTestContext.getApplicationContext(DefaultTestContext.java:83)
	at org.springframework.test.context.web.ServletTestExecutionListener.setUpRequestContextIfNecessary(ServletTestExecutionListener.java:189)
	at org.springframework.test.context.web.ServletTestExecutionListener.prepareTestInstance(ServletTestExecutionListener.java:131)
	at org.springframework.test.context.TestContextManager.prepareTestInstance(TestContextManager.java:230)
	at org.springframework.test.context.junit4.SpringJUnit4ClassRunner.createTest(SpringJUnit4ClassRunner.java:228)
	at org.springframework.test.context.junit4.SpringJUnit4ClassRunner$1.runReflectiveCall(SpringJUnit4ClassRunner.java:287)
	at org.junit.internal.runners.model.ReflectiveCallable.run(ReflectiveCallable.java:12)
	at org.springframework.test.context.junit4.SpringJUnit4ClassRunner.methodBlock(SpringJUnit4ClassRunner.java:289)
	at org.springframework.test.context.junit4.SpringJUnit4ClassRunner.runChild(SpringJUnit4ClassRunner.java:247)
	at org.springframework.test.context.junit4.SpringJUnit4ClassRunner.runChild(SpringJUnit4ClassRunner.java:94)
	at org.junit.runners.ParentRunner$3.run(ParentRunner.java:290)
	at org.junit.runners.ParentRunner$1.schedule(ParentRunner.java:71)
	at org.junit.runners.ParentRunner.runChildren(ParentRunner.java:288)
	at org.junit.runners.ParentRunner.access$000(ParentRunner.java:58)
	at org.junit.runners.ParentRunner$2.evaluate(ParentRunner.java:268)
	at org.springframework.test.context.junit4.statements.RunBeforeTestClassCallbacks.evaluate(RunBeforeTestClassCallbacks.java:61)
	at org.springframework.test.context.junit4.statements.RunAfterTestClassCallbacks.evaluate(RunAfterTestClassCallbacks.java:70)
	at org.junit.runners.ParentRunner.run(ParentRunner.java:363)
	at org.springframework.test.context.junit4.SpringJUnit4ClassRunner.run(SpringJUnit4ClassRunner.java:191)
	at org.apache.maven.surefire.junit4.JUnit4Provider.execute(JUnit4Provider.java:264)
	at org.apache.maven.surefire.junit4.JUnit4Provider.executeTestSet(JUnit4Provider.java:153)
	at org.apache.maven.surefire.junit4.JUnit4Provider.invoke(JUnit4Provider.java:124)
	at sun.reflect.NativeMethodAccessorImpl.invoke0(Native Method)
	at sun.reflect.NativeMethodAccessorImpl.invoke(NativeMethodAccessorImpl.java:62)
	at sun.reflect.DelegatingMethodAccessorImpl.invoke(DelegatingMethodAccessorImpl.java:43)
	at java.lang.reflect.Method.invoke(Method.java:498)
	at org.apache.maven.surefire.util.ReflectionUtils.invokeMethodWithArray2(ReflectionUtils.java:208)
	at org.apache.maven.surefire.booter.ProviderFactory$ProviderProxy.invoke(ProviderFactory.java:159)
	at org.apache.maven.surefire.booter.ProviderFactory.invokeProvider(ProviderFactory.java:87)
	at org.apache.maven.surefire.booter.ForkedBooter.runSuitesInProcess(ForkedBooter.java:153)
	at org.apache.maven.surefire.booter.ForkedBooter.main(ForkedBooter.java:95)
</error>
    <system-out><![CDATA[2017-04-10 19:13:09.205  INFO 8220 --- [           main] o.s.t.c.support.AbstractContextLoader    : Could not detect default resource locations for test class [com.ing.custom.simple.SimpleAuthenticationProviderTest]: no resource found for suffixes {-context.xml, Context.groovy}.
2017-04-10 19:13:09.215  INFO 8220 --- [           main] o.s.t.c.web.WebTestContextBootstrapper   : Loaded default TestExecutionListener class names from location [META-INF/spring.factories]: [org.springframework.test.context.web.ServletTestExecutionListener, org.springframework.test.context.support.DirtiesContextBeforeModesTestExecutionListener, org.springframework.test.context.support.DependencyInjectionTestExecutionListener, org.springframework.test.context.support.DirtiesContextTestExecutionListener, org.springframework.test.context.transaction.TransactionalTestExecutionListener, org.springframework.test.context.jdbc.SqlScriptsTestExecutionListener, org.springframework.security.test.context.support.WithSecurityContextTestExecutionListener]
2017-04-10 19:13:09.215  INFO 8220 --- [           main] o.s.t.c.web.WebTestContextBootstrapper   : Using TestExecutionListeners: [org.springframework.test.context.web.ServletTestExecutionListener@45cee004, org.springframework.test.context.support.DirtiesContextBeforeModesTestExecutionListener@4af43c42, org.springframework.test.context.support.DependencyInjectionTestExecutionListener@30dc3d90, org.springframework.test.context.support.DirtiesContextTestExecutionListener@7df12c63, org.springframework.test.context.transaction.TransactionalTestExecutionListener@4f0d3d19, org.springframework.test.context.jdbc.SqlScriptsTestExecutionListener@24f01e96, org.springframework.security.test.context.support.WithSecurityContextTestExecutionListener@75919725]

  .   ____          _            __ _ _
 /\\ / ___'_ __ _ _(_)_ __  __ _ \ \ \ \
( ( )\___ | '_ | '_| | '_ \/ _` | \ \ \ \
 \\/  ___)| |_)| | | | | || (_| |  ) ) ) )
  '  |____| .__|_| |_|_| |_\__, | / / / /
 =========|_|==============|___/=/_/_/_/
 :: Spring Boot ::        (v1.3.3.RELEASE)

2017-04-10 19:13:09.271  INFO 8220 --- [           main] c.i.c.s.SimpleAuthenticationProviderTest : Starting SimpleAuthenticationProviderTest on PPL882039FC with PID 8220 (C:\Users\normsby\Documents\NetBeansProjects\ING_ATM_Locator\target\test-classes started by normsby in C:\Users\normsby\Documents\NetBeansProjects\ING_ATM_Locator)
2017-04-10 19:13:09.272  INFO 8220 --- [           main] c.i.c.s.SimpleAuthenticationProviderTest : No active profile set, falling back to default profiles: default
2017-04-10 19:13:09.274  INFO 8220 --- [           main] o.s.w.c.s.GenericWebApplicationContext   : Refreshing org.springframework.web.context.support.GenericWebApplicationContext@2bf3f3a0: startup date [Mon Apr 10 19:13:09 EDT 2017]; root of context hierarchy
2017-04-10 19:13:09.777  INFO 8220 --- [           main] trationDelegate$BeanPostProcessorChecker : Bean 'org.springframework.security.config.annotation.configuration.ObjectPostProcessorConfiguration' of type [class org.springframework.security.config.annotation.configuration.ObjectPostProcessorConfiguration$$EnhancerBySpringCGLIB$$da46e5e5] is not eligible for getting processed by all BeanPostProcessors (for example: not eligible for auto-proxying)
2017-04-10 19:13:09.777  INFO 8220 --- [           main] trationDelegate$BeanPostProcessorChecker : Bean 'objectPostProcessor' of type [class org.springframework.security.config.annotation.configuration.AutowireBeanFactoryObjectPostProcessor] is not eligible for getting processed by all BeanPostProcessors (for example: not eligible for auto-proxying)
2017-04-10 19:13:09.777  INFO 8220 --- [           main] trationDelegate$BeanPostProcessorChecker : Bean 'org.springframework.security.access.expression.method.DefaultMethodSecurityExpressionHandler@23cd958b' of type [class org.springframework.security.access.expression.method.DefaultMethodSecurityExpressionHandler] is not eligible for getting processed by all BeanPostProcessors (for example: not eligible for auto-proxying)
2017-04-10 19:13:09.777  INFO 8220 --- [           main] trationDelegate$BeanPostProcessorChecker : Bean 'org.springframework.security.config.annotation.method.configuration.GlobalMethodSecurityConfiguration' of type [class org.springframework.security.config.annotation.method.configuration.GlobalMethodSecurityConfiguration$$EnhancerBySpringCGLIB$$ff1b8897] is not eligible for getting processed by all BeanPostProcessors (for example: not eligible for auto-proxying)
2017-04-10 19:13:09.787  INFO 8220 --- [           main] trationDelegate$BeanPostProcessorChecker : Bean 'methodSecurityMetadataSource' of type [class org.springframework.security.access.method.DelegatingMethodSecurityMetadataSource] is not eligible for getting processed by all BeanPostProcessors (for example: not eligible for auto-proxying)
2017-04-10 19:13:09.787  INFO 8220 --- [           main] trationDelegate$BeanPostProcessorChecker : Bean 'org.apache.camel.spring.boot.CamelAutoConfiguration' of type [class org.apache.camel.spring.boot.CamelAutoConfiguration$$EnhancerBySpringCGLIB$$63c2e3ca] is not eligible for getting processed by all BeanPostProcessors (for example: not eligible for auto-proxying)
2017-04-10 19:13:10.359  INFO 8220 --- [           main] o.s.s.web.DefaultSecurityFilterChain     : Creating filter chain: org.springframework.security.web.util.matcher.AnyRequestMatcher@1, [org.springframework.security.web.context.request.async.WebAsyncManagerIntegrationFilter@2835309d, org.springframework.security.web.context.SecurityContextPersistenceFilter@26946374, org.springframework.security.web.header.HeaderWriterFilter@67657c88, org.springframework.security.web.csrf.CsrfFilter@733a1bc9, org.springframework.security.web.authentication.logout.LogoutFilter@1a1f0a6b, org.springframework.security.web.authentication.UsernamePasswordAuthenticationFilter@1de44c59, org.springframework.security.web.savedrequest.RequestCacheAwareFilter@4d38bb66, org.springframework.security.web.servletapi.SecurityContextHolderAwareRequestFilter@1f50f75, org.springframework.security.web.authentication.AnonymousAuthenticationFilter@1ec7db43, org.springframework.security.web.session.SessionManagementFilter@5d3d454, org.springframework.security.web.access.ExceptionTranslationFilter@5ddd34b, org.springframework.security.web.access.intercept.FilterSecurityInterceptor@7915a240]
2017-04-10 19:13:10.511  INFO 8220 --- [           main] s.w.s.m.m.a.RequestMappingHandlerAdapter : Looking for @ControllerAdvice: org.springframework.web.context.support.GenericWebApplicationContext@2bf3f3a0: startup date [Mon Apr 10 19:13:09 EDT 2017]; root of context hierarchy
2017-04-10 19:13:10.557  INFO 8220 --- [           main] s.w.s.m.m.a.RequestMappingHandlerMapping : Mapped "{[/error]}" onto public java.lang.String com.ing.error.CustomErrorController.customError(org.springframework.ui.Model,javax.servlet.http.HttpServletRequest)
2017-04-10 19:13:10.557  INFO 8220 --- [           main] s.w.s.m.m.a.RequestMappingHandlerMapping : Mapped "{[/403]}" onto public java.lang.String com.ing.error.CustomErrorController.unauthorised(org.springframework.ui.Model,javax.servlet.http.HttpServletRequest)
2017-04-10 19:13:10.560  INFO 8220 --- [           main] s.w.s.m.m.a.RequestMappingHandlerMapping : Mapped "{[/index],methods=[GET]}" onto public java.lang.String com.ing.web.MainController.index()
2017-04-10 19:13:10.560  INFO 8220 --- [           main] s.w.s.m.m.a.RequestMappingHandlerMapping : Mapped "{[/],methods=[GET]}" onto public java.lang.String com.ing.web.MainController.root()
2017-04-10 19:13:10.560  INFO 8220 --- [           main] s.w.s.m.m.a.RequestMappingHandlerMapping : Mapped "{[/login-error],methods=[GET]}" onto public java.lang.String com.ing.web.MainController.loginError(org.springframework.ui.Model)
2017-04-10 19:13:10.560  INFO 8220 --- [           main] s.w.s.m.m.a.RequestMappingHandlerMapping : Mapped "{[/login],methods=[GET]}" onto public java.lang.String com.ing.web.MainController.login()
2017-04-10 19:13:10.561  INFO 8220 --- [           main] s.w.s.m.m.a.RequestMappingHandlerMapping : Mapped "{[/admin/index],methods=[GET]}" onto public java.lang.String com.ing.web.MainController.adminIndex()
2017-04-10 19:13:10.561  INFO 8220 --- [           main] s.w.s.m.m.a.RequestMappingHandlerMapping : Mapped "{[/user/index],methods=[GET]}" onto public java.lang.String com.ing.web.MainController.userIndex()
2017-04-10 19:13:10.561  INFO 8220 --- [           main] s.w.s.m.m.a.RequestMappingHandlerMapping : Mapped "{[/public/index],methods=[GET]}" onto public java.lang.String com.ing.web.MainController.publicIndex()
2017-04-10 19:13:10.561  INFO 8220 --- [           main] s.w.s.m.m.a.RequestMappingHandlerMapping : Mapped "{[/extra/index],methods=[GET]}" onto public java.lang.String com.ing.web.MainController.extraIndex()
2017-04-10 19:13:10.562  INFO 8220 --- [           main] s.w.s.m.m.a.RequestMappingHandlerMapping : Mapped "{[/tags/index],methods=[GET]}" onto public java.lang.String com.ing.web.SecurityTagController.index(org.springframework.security.core.userdetails.User)
2017-04-10 19:13:10.563  INFO 8220 --- [           main] s.w.s.m.m.a.RequestMappingHandlerMapping : Mapped "{[/tags/admin/index],methods=[GET]}" onto public java.lang.String com.ing.web.SecurityTagController.adminIndex(org.springframework.security.core.userdetails.User)
2017-04-10 19:13:10.563  INFO 8220 --- [           main] s.w.s.m.m.a.RequestMappingHandlerMapping : Mapped "{[/tags/extra/index],methods=[GET]}" onto public java.lang.String com.ing.web.SecurityTagController.extraUser(org.springframework.security.core.userdetails.User)
2017-04-10 19:13:10.563  INFO 8220 --- [           main] s.w.s.m.m.a.RequestMappingHandlerMapping : Mapped "{[/tags/user/index],methods=[GET]}" onto public java.lang.String com.ing.web.SecurityTagController.userIndex(org.springframework.security.core.userdetails.User)
2017-04-10 19:13:10.717  INFO 8220 --- [           main] o.s.w.s.handler.SimpleUrlHandlerMapping  : Mapped URL path [/webjars/**] onto handler of type [class org.springframework.web.servlet.resource.ResourceHttpRequestHandler]
2017-04-10 19:13:10.717  INFO 8220 --- [           main] o.s.w.s.handler.SimpleUrlHandlerMapping  : Mapped URL path [/**] onto handler of type [class org.springframework.web.servlet.resource.ResourceHttpRequestHandler]
2017-04-10 19:13:10.779  INFO 8220 --- [           main] o.s.w.s.handler.SimpleUrlHandlerMapping  : Mapped URL path [/**/favicon.ico] onto handler of type [class org.springframework.web.servlet.resource.ResourceHttpRequestHandler]
2017-04-10 19:13:10.943  INFO 8220 --- [           main] o.a.c.i.converter.DefaultTypeConverter   : Loaded 191 type converters
2017-04-10 19:13:11.155  INFO 8220 --- [           main] o.a.camel.spring.boot.RoutesCollector    : Loading additional Camel XML routes from: classpath:camel/*.xml
2017-04-10 19:13:11.155  INFO 8220 --- [           main] o.a.camel.spring.boot.RoutesCollector    : Loading additional Camel XML rests from: classpath:camel-rest/*.xml
2017-04-10 19:13:11.155  INFO 8220 --- [           main] o.a.camel.spring.SpringCamelContext      : Apache Camel 2.17.2 (CamelContext: camel-7) is starting
2017-04-10 19:13:11.155  INFO 8220 --- [           main] o.a.c.m.ManagedManagementStrategy        : JMX is enabled
2017-04-10 19:13:11.175  INFO 8220 --- [           main] o.a.c.i.DefaultRuntimeEndpointRegistry   : Runtime endpoint registry is in extended mode gathering usage statistics of all incoming and outgoing endpoints (cache limit: 1000)
2017-04-10 19:13:11.235  INFO 8220 --- [           main] o.a.camel.spring.SpringCamelContext      : Apache Camel 2.17.2 (CamelContext: camel-7) is shutting down
2017-04-10 19:13:11.237  INFO 8220 --- [           main] o.a.camel.spring.SpringCamelContext      : Apache Camel 2.17.2 (CamelContext: camel-7) uptime 0.082 seconds
2017-04-10 19:13:11.237  INFO 8220 --- [           main] o.a.camel.spring.SpringCamelContext      : Apache Camel 2.17.2 (CamelContext: camel-7) is shutdown in 0.002 seconds
2017-04-10 19:13:11.237 ERROR 8220 --- [           main] o.s.boot.SpringApplication               : Application startup failed

org.apache.camel.spring.boot.CamelSpringBootInitializationException: org.apache.camel.FailedToCreateRouteException: Failed to create route route21 at: >>> Choice[[When[{header{action} == all} -> [To[GetAllATMs]]], When[{header{action} == inCity} -> [To[GetAllATMsInCity]]]]] <<< in route: Route(route21)[[From[direct:call]] -> [SetBody[{null}], Choi... because of No endpoint could be found for: GetAllATMs, please check your classpath contains the needed Camel component jar.
	at org.apache.camel.spring.boot.RoutesCollector.onApplicationEvent(RoutesCollector.java:126) ~[camel-spring-boot-2.17.0.jar:2.17.0]
	at org.apache.camel.spring.boot.RoutesCollector.onApplicationEvent(RoutesCollector.java:41) ~[camel-spring-boot-2.17.0.jar:2.17.0]
	at org.springframework.context.event.SimpleApplicationEventMulticaster.invokeListener(SimpleApplicationEventMulticaster.java:166) ~[spring-context-4.3.4.RELEASE.jar:4.3.4.RELEASE]
	at org.springframework.context.event.SimpleApplicationEventMulticaster.multicastEvent(SimpleApplicationEventMulticaster.java:138) ~[spring-context-4.3.4.RELEASE.jar:4.3.4.RELEASE]
	at org.springframework.context.support.AbstractApplicationContext.publishEvent(AbstractApplicationContext.java:383) ~[spring-context-4.3.4.RELEASE.jar:4.3.4.RELEASE]
	at org.springframework.context.support.AbstractApplicationContext.publishEvent(AbstractApplicationContext.java:337) ~[spring-context-4.3.4.RELEASE.jar:4.3.4.RELEASE]
	at org.springframework.context.support.AbstractApplicationContext.finishRefresh(AbstractApplicationContext.java:882) ~[spring-context-4.3.4.RELEASE.jar:4.3.4.RELEASE]
	at org.springframework.context.support.AbstractApplicationContext.refresh(AbstractApplicationContext.java:545) ~[spring-context-4.3.4.RELEASE.jar:4.3.4.RELEASE]
	at org.springframework.boot.SpringApplication.refresh(SpringApplication.java:766) ~[spring-boot-1.3.3.RELEASE.jar:1.3.3.RELEASE]
	at org.springframework.boot.SpringApplication.createAndRefreshContext(SpringApplication.java:361) ~[spring-boot-1.3.3.RELEASE.jar:1.3.3.RELEASE]
	at org.springframework.boot.SpringApplication.run(SpringApplication.java:307) ~[spring-boot-1.3.3.RELEASE.jar:1.3.3.RELEASE]
	at org.springframework.boot.test.SpringApplicationContextLoader.loadContext(SpringApplicationContextLoader.java:98) [spring-boot-1.3.3.RELEASE.jar:1.3.3.RELEASE]
	at org.springframework.test.context.cache.DefaultCacheAwareContextLoaderDelegate.loadContextInternal(DefaultCacheAwareContextLoaderDelegate.java:98) [spring-test-4.3.4.RELEASE.jar:4.3.4.RELEASE]
	at org.springframework.test.context.cache.DefaultCacheAwareContextLoaderDelegate.loadContext(DefaultCacheAwareContextLoaderDelegate.java:116) [spring-test-4.3.4.RELEASE.jar:4.3.4.RELEASE]
	at org.springframework.test.context.support.DefaultTestContext.getApplicationContext(DefaultTestContext.java:83) [spring-test-4.3.4.RELEASE.jar:4.3.4.RELEASE]
	at org.springframework.test.context.web.ServletTestExecutionListener.setUpRequestContextIfNecessary(ServletTestExecutionListener.java:189) [spring-test-4.3.4.RELEASE.jar:4.3.4.RELEASE]
	at org.springframework.test.context.web.ServletTestExecutionListener.prepareTestInstance(ServletTestExecutionListener.java:131) [spring-test-4.3.4.RELEASE.jar:4.3.4.RELEASE]
	at org.springframework.test.context.TestContextManager.prepareTestInstance(TestContextManager.java:230) [spring-test-4.3.4.RELEASE.jar:4.3.4.RELEASE]
	at org.springframework.test.context.junit4.SpringJUnit4ClassRunner.createTest(SpringJUnit4ClassRunner.java:228) [spring-test-4.3.4.RELEASE.jar:4.3.4.RELEASE]
	at org.springframework.test.context.junit4.SpringJUnit4ClassRunner$1.runReflectiveCall(SpringJUnit4ClassRunner.java:287) [spring-test-4.3.4.RELEASE.jar:4.3.4.RELEASE]
	at org.junit.internal.runners.model.ReflectiveCallable.run(ReflectiveCallable.java:12) [junit-4.12.jar:4.12]
	at org.springframework.test.context.junit4.SpringJUnit4ClassRunner.methodBlock(SpringJUnit4ClassRunner.java:289) [spring-test-4.3.4.RELEASE.jar:4.3.4.RELEASE]
	at org.springframework.test.context.junit4.SpringJUnit4ClassRunner.runChild(SpringJUnit4ClassRunner.java:247) [spring-test-4.3.4.RELEASE.jar:4.3.4.RELEASE]
	at org.springframework.test.context.junit4.SpringJUnit4ClassRunner.runChild(SpringJUnit4ClassRunner.java:94) [spring-test-4.3.4.RELEASE.jar:4.3.4.RELEASE]
	at org.junit.runners.ParentRunner$3.run(ParentRunner.java:290) [junit-4.12.jar:4.12]
	at org.junit.runners.ParentRunner$1.schedule(ParentRunner.java:71) [junit-4.12.jar:4.12]
	at org.junit.runners.ParentRunner.runChildren(ParentRunner.java:288) [junit-4.12.jar:4.12]
	at org.junit.runners.ParentRunner.access$000(ParentRunner.java:58) [junit-4.12.jar:4.12]
	at org.junit.runners.ParentRunner$2.evaluate(ParentRunner.java:268) [junit-4.12.jar:4.12]
	at org.springframework.test.context.junit4.statements.RunBeforeTestClassCallbacks.evaluate(RunBeforeTestClassCallbacks.java:61) [spring-test-4.3.4.RELEASE.jar:4.3.4.RELEASE]
	at org.springframework.test.context.junit4.statements.RunAfterTestClassCallbacks.evaluate(RunAfterTestClassCallbacks.java:70) [spring-test-4.3.4.RELEASE.jar:4.3.4.RELEASE]
	at org.junit.runners.ParentRunner.run(ParentRunner.java:363) [junit-4.12.jar:4.12]
	at org.springframework.test.context.junit4.SpringJUnit4ClassRunner.run(SpringJUnit4ClassRunner.java:191) [spring-test-4.3.4.RELEASE.jar:4.3.4.RELEASE]
	at org.apache.maven.surefire.junit4.JUnit4Provider.execute(JUnit4Provider.java:264) [surefire-junit4-2.14.1.jar:2.14.1]
	at org.apache.maven.surefire.junit4.JUnit4Provider.executeTestSet(JUnit4Provider.java:153) [surefire-junit4-2.14.1.jar:2.14.1]
	at org.apache.maven.surefire.junit4.JUnit4Provider.invoke(JUnit4Provider.java:124) [surefire-junit4-2.14.1.jar:2.14.1]
	at sun.reflect.NativeMethodAccessorImpl.invoke0(Native Method) ~[na:1.8.0_121]
	at sun.reflect.NativeMethodAccessorImpl.invoke(NativeMethodAccessorImpl.java:62) ~[na:1.8.0_121]
	at sun.reflect.DelegatingMethodAccessorImpl.invoke(DelegatingMethodAccessorImpl.java:43) ~[na:1.8.0_121]
	at java.lang.reflect.Method.invoke(Method.java:498) ~[na:1.8.0_121]
	at org.apache.maven.surefire.util.ReflectionUtils.invokeMethodWithArray2(ReflectionUtils.java:208) [surefire-api-2.14.1.jar:2.14.1]
	at org.apache.maven.surefire.booter.ProviderFactory$ProviderProxy.invoke(ProviderFactory.java:159) [surefire-booter-2.14.1.jar:2.14.1]
	at org.apache.maven.surefire.booter.ProviderFactory.invokeProvider(ProviderFactory.java:87) [surefire-booter-2.14.1.jar:2.14.1]
	at org.apache.maven.surefire.booter.ForkedBooter.runSuitesInProcess(ForkedBooter.java:153) [surefire-booter-2.14.1.jar:2.14.1]
	at org.apache.maven.surefire.booter.ForkedBooter.main(ForkedBooter.java:95) [surefire-booter-2.14.1.jar:2.14.1]
Caused by: org.apache.camel.FailedToCreateRouteException: Failed to create route route21 at: >>> Choice[[When[{header{action} == all} -> [To[GetAllATMs]]], When[{header{action} == inCity} -> [To[GetAllATMsInCity]]]]] <<< in route: Route(route21)[[From[direct:call]] -> [SetBody[{null}], Choi... because of No endpoint could be found for: GetAllATMs, please check your classpath contains the needed Camel component jar.
	at org.apache.camel.model.RouteDefinition.addRoutes(RouteDefinition.java:1072) ~[camel-core-2.17.2.jar:2.17.2]
	at org.apache.camel.model.RouteDefinition.addRoutes(RouteDefinition.java:196) ~[camel-core-2.17.2.jar:2.17.2]
	at org.apache.camel.impl.DefaultCamelContext.startRoute(DefaultCamelContext.java:974) ~[camel-core-2.17.2.jar:2.17.2]
	at org.apache.camel.impl.DefaultCamelContext.startRouteDefinitions(DefaultCamelContext.java:3301) ~[camel-core-2.17.2.jar:2.17.2]
	at org.apache.camel.impl.DefaultCamelContext.doStartCamel(DefaultCamelContext.java:3024) ~[camel-core-2.17.2.jar:2.17.2]
	at org.apache.camel.impl.DefaultCamelContext.access$000(DefaultCamelContext.java:175) ~[camel-core-2.17.2.jar:2.17.2]
	at org.apache.camel.impl.DefaultCamelContext$2.call(DefaultCamelContext.java:2854) ~[camel-core-2.17.2.jar:2.17.2]
	at org.apache.camel.impl.DefaultCamelContext$2.call(DefaultCamelContext.java:2850) ~[camel-core-2.17.2.jar:2.17.2]
	at org.apache.camel.impl.DefaultCamelContext.doWithDefinedClassLoader(DefaultCamelContext.java:2873) ~[camel-core-2.17.2.jar:2.17.2]
	at org.apache.camel.impl.DefaultCamelContext.doStart(DefaultCamelContext.java:2850) ~[camel-core-2.17.2.jar:2.17.2]
	at org.apache.camel.support.ServiceSupport.start(ServiceSupport.java:61) ~[camel-core-2.17.2.jar:2.17.2]
	at org.apache.camel.impl.DefaultCamelContext.start(DefaultCamelContext.java:2819) ~[camel-core-2.17.2.jar:2.17.2]
	at org.apache.camel.spring.boot.RoutesCollector.onApplicationEvent(RoutesCollector.java:116) ~[camel-spring-boot-2.17.0.jar:2.17.0]
	... 44 common frames omitted
Caused by: org.apache.camel.NoSuchEndpointException: No endpoint could be found for: GetAllATMs, please check your classpath contains the needed Camel component jar.
	at org.apache.camel.util.CamelContextHelper.getMandatoryEndpoint(CamelContextHelper.java:81) ~[camel-core-2.17.2.jar:2.17.2]
	at org.apache.camel.model.RouteDefinition.resolveEndpoint(RouteDefinition.java:211) ~[camel-core-2.17.2.jar:2.17.2]
	at org.apache.camel.impl.DefaultRouteContext.resolveEndpoint(DefaultRouteContext.java:107) ~[camel-core-2.17.2.jar:2.17.2]
	at org.apache.camel.impl.DefaultRouteContext.resolveEndpoint(DefaultRouteContext.java:113) ~[camel-core-2.17.2.jar:2.17.2]
	at org.apache.camel.model.SendDefinition.resolveEndpoint(SendDefinition.java:62) ~[camel-core-2.17.2.jar:2.17.2]
	at org.apache.camel.model.SendDefinition.createProcessor(SendDefinition.java:56) ~[camel-core-2.17.2.jar:2.17.2]
	at org.apache.camel.model.ProcessorDefinition.createProcessor(ProcessorDefinition.java:483) ~[camel-core-2.17.2.jar:2.17.2]
	at org.apache.camel.model.ProcessorDefinition.createOutputsProcessorImpl(ProcessorDefinition.java:446) ~[camel-core-2.17.2.jar:2.17.2]
	at org.apache.camel.model.ProcessorDefinition.createOutputsProcessor(ProcessorDefinition.java:413) ~[camel-core-2.17.2.jar:2.17.2]
	at org.apache.camel.model.ProcessorDefinition.createOutputsProcessor(ProcessorDefinition.java:165) ~[camel-core-2.17.2.jar:2.17.2]
	at org.apache.camel.model.ExpressionNode.createFilterProcessor(ExpressionNode.java:109) ~[camel-core-2.17.2.jar:2.17.2]
	at org.apache.camel.model.WhenDefinition.createProcessor(WhenDefinition.java:74) ~[camel-core-2.17.2.jar:2.17.2]
	at org.apache.camel.model.WhenDefinition.createProcessor(WhenDefinition.java:32) ~[camel-core-2.17.2.jar:2.17.2]
	at org.apache.camel.model.ProcessorDefinition.createProcessor(ProcessorDefinition.java:483) ~[camel-core-2.17.2.jar:2.17.2]
	at org.apache.camel.model.ChoiceDefinition.createProcessor(ChoiceDefinition.java:135) ~[camel-core-2.17.2.jar:2.17.2]
	at org.apache.camel.model.ProcessorDefinition.makeProcessorImpl(ProcessorDefinition.java:534) ~[camel-core-2.17.2.jar:2.17.2]
	at org.apache.camel.model.ProcessorDefinition.makeProcessor(ProcessorDefinition.java:495) ~[camel-core-2.17.2.jar:2.17.2]
	at org.apache.camel.model.ProcessorDefinition.addRoutes(ProcessorDefinition.java:219) ~[camel-core-2.17.2.jar:2.17.2]
	at org.apache.camel.model.RouteDefinition.addRoutes(RouteDefinition.java:1069) ~[camel-core-2.17.2.jar:2.17.2]
	... 56 common frames omitted

2017-04-10 19:13:11.237  INFO 8220 --- [           main] .b.l.ClasspathLoggingApplicationListener : Application failed to start with classpath: [file:/C:/Users/normsby/Documents/NetBeansProjects/ING_ATM_Locator/target/surefire/surefirebooter5636998128895282040.jar, file:/C:/Users/normsby/.m2/repository/org/jacoco/org.jacoco.agent/0.7.5.201505241946/org.jacoco.agent-0.7.5.201505241946-runtime.jar]
2017-04-10 19:13:11.237 ERROR 8220 --- [           main] o.s.test.context.TestContextManager      : Caught exception while allowing TestExecutionListener [org.springframework.test.context.web.ServletTestExecutionListener@45cee004] to prepare test instance [com.ing.custom.simple.SimpleAuthenticationProviderTest@547689c4]

java.lang.IllegalStateException: Failed to load ApplicationContext
	at org.springframework.test.context.cache.DefaultCacheAwareContextLoaderDelegate.loadContext(DefaultCacheAwareContextLoaderDelegate.java:124) ~[spring-test-4.3.4.RELEASE.jar:4.3.4.RELEASE]
	at org.springframework.test.context.support.DefaultTestContext.getApplicationContext(DefaultTestContext.java:83) ~[spring-test-4.3.4.RELEASE.jar:4.3.4.RELEASE]
	at org.springframework.test.context.web.ServletTestExecutionListener.setUpRequestContextIfNecessary(ServletTestExecutionListener.java:189) ~[spring-test-4.3.4.RELEASE.jar:4.3.4.RELEASE]
	at org.springframework.test.context.web.ServletTestExecutionListener.prepareTestInstance(ServletTestExecutionListener.java:131) ~[spring-test-4.3.4.RELEASE.jar:4.3.4.RELEASE]
	at org.springframework.test.context.TestContextManager.prepareTestInstance(TestContextManager.java:230) ~[spring-test-4.3.4.RELEASE.jar:4.3.4.RELEASE]
	at org.springframework.test.context.junit4.SpringJUnit4ClassRunner.createTest(SpringJUnit4ClassRunner.java:228) [spring-test-4.3.4.RELEASE.jar:4.3.4.RELEASE]
	at org.springframework.test.context.junit4.SpringJUnit4ClassRunner$1.runReflectiveCall(SpringJUnit4ClassRunner.java:287) [spring-test-4.3.4.RELEASE.jar:4.3.4.RELEASE]
	at org.junit.internal.runners.model.ReflectiveCallable.run(ReflectiveCallable.java:12) [junit-4.12.jar:4.12]
	at org.springframework.test.context.junit4.SpringJUnit4ClassRunner.methodBlock(SpringJUnit4ClassRunner.java:289) [spring-test-4.3.4.RELEASE.jar:4.3.4.RELEASE]
	at org.springframework.test.context.junit4.SpringJUnit4ClassRunner.runChild(SpringJUnit4ClassRunner.java:247) [spring-test-4.3.4.RELEASE.jar:4.3.4.RELEASE]
	at org.springframework.test.context.junit4.SpringJUnit4ClassRunner.runChild(SpringJUnit4ClassRunner.java:94) [spring-test-4.3.4.RELEASE.jar:4.3.4.RELEASE]
	at org.junit.runners.ParentRunner$3.run(ParentRunner.java:290) [junit-4.12.jar:4.12]
	at org.junit.runners.ParentRunner$1.schedule(ParentRunner.java:71) [junit-4.12.jar:4.12]
	at org.junit.runners.ParentRunner.runChildren(ParentRunner.java:288) [junit-4.12.jar:4.12]
	at org.junit.runners.ParentRunner.access$000(ParentRunner.java:58) [junit-4.12.jar:4.12]
	at org.junit.runners.ParentRunner$2.evaluate(ParentRunner.java:268) [junit-4.12.jar:4.12]
	at org.springframework.test.context.junit4.statements.RunBeforeTestClassCallbacks.evaluate(RunBeforeTestClassCallbacks.java:61) [spring-test-4.3.4.RELEASE.jar:4.3.4.RELEASE]
	at org.springframework.test.context.junit4.statements.RunAfterTestClassCallbacks.evaluate(RunAfterTestClassCallbacks.java:70) [spring-test-4.3.4.RELEASE.jar:4.3.4.RELEASE]
	at org.junit.runners.ParentRunner.run(ParentRunner.java:363) [junit-4.12.jar:4.12]
	at org.springframework.test.context.junit4.SpringJUnit4ClassRunner.run(SpringJUnit4ClassRunner.java:191) [spring-test-4.3.4.RELEASE.jar:4.3.4.RELEASE]
	at org.apache.maven.surefire.junit4.JUnit4Provider.execute(JUnit4Provider.java:264) [surefire-junit4-2.14.1.jar:2.14.1]
	at org.apache.maven.surefire.junit4.JUnit4Provider.executeTestSet(JUnit4Provider.java:153) [surefire-junit4-2.14.1.jar:2.14.1]
	at org.apache.maven.surefire.junit4.JUnit4Provider.invoke(JUnit4Provider.java:124) [surefire-junit4-2.14.1.jar:2.14.1]
	at sun.reflect.NativeMethodAccessorImpl.invoke0(Native Method) ~[na:1.8.0_121]
	at sun.reflect.NativeMethodAccessorImpl.invoke(NativeMethodAccessorImpl.java:62) ~[na:1.8.0_121]
	at sun.reflect.DelegatingMethodAccessorImpl.invoke(DelegatingMethodAccessorImpl.java:43) ~[na:1.8.0_121]
	at java.lang.reflect.Method.invoke(Method.java:498) ~[na:1.8.0_121]
	at org.apache.maven.surefire.util.ReflectionUtils.invokeMethodWithArray2(ReflectionUtils.java:208) [surefire-api-2.14.1.jar:2.14.1]
	at org.apache.maven.surefire.booter.ProviderFactory$ProviderProxy.invoke(ProviderFactory.java:159) [surefire-booter-2.14.1.jar:2.14.1]
	at org.apache.maven.surefire.booter.ProviderFactory.invokeProvider(ProviderFactory.java:87) [surefire-booter-2.14.1.jar:2.14.1]
	at org.apache.maven.surefire.booter.ForkedBooter.runSuitesInProcess(ForkedBooter.java:153) [surefire-booter-2.14.1.jar:2.14.1]
	at org.apache.maven.surefire.booter.ForkedBooter.main(ForkedBooter.java:95) [surefire-booter-2.14.1.jar:2.14.1]
Caused by: org.apache.camel.spring.boot.CamelSpringBootInitializationException: org.apache.camel.FailedToCreateRouteException: Failed to create route route21 at: >>> Choice[[When[{header{action} == all} -> [To[GetAllATMs]]], When[{header{action} == inCity} -> [To[GetAllATMsInCity]]]]] <<< in route: Route(route21)[[From[direct:call]] -> [SetBody[{null}], Choi... because of No endpoint could be found for: GetAllATMs, please check your classpath contains the needed Camel component jar.
	at org.apache.camel.spring.boot.RoutesCollector.onApplicationEvent(RoutesCollector.java:126) ~[camel-spring-boot-2.17.0.jar:2.17.0]
	at org.apache.camel.spring.boot.RoutesCollector.onApplicationEvent(RoutesCollector.java:41) ~[camel-spring-boot-2.17.0.jar:2.17.0]
	at org.springframework.context.event.SimpleApplicationEventMulticaster.invokeListener(SimpleApplicationEventMulticaster.java:166) ~[spring-context-4.3.4.RELEASE.jar:4.3.4.RELEASE]
	at org.springframework.context.event.SimpleApplicationEventMulticaster.multicastEvent(SimpleApplicationEventMulticaster.java:138) ~[spring-context-4.3.4.RELEASE.jar:4.3.4.RELEASE]
	at org.springframework.context.support.AbstractApplicationContext.publishEvent(AbstractApplicationContext.java:383) ~[spring-context-4.3.4.RELEASE.jar:4.3.4.RELEASE]
	at org.springframework.context.support.AbstractApplicationContext.publishEvent(AbstractApplicationContext.java:337) ~[spring-context-4.3.4.RELEASE.jar:4.3.4.RELEASE]
	at org.springframework.context.support.AbstractApplicationContext.finishRefresh(AbstractApplicationContext.java:882) ~[spring-context-4.3.4.RELEASE.jar:4.3.4.RELEASE]
	at org.springframework.context.support.AbstractApplicationContext.refresh(AbstractApplicationContext.java:545) ~[spring-context-4.3.4.RELEASE.jar:4.3.4.RELEASE]
	at org.springframework.boot.SpringApplication.refresh(SpringApplication.java:766) ~[spring-boot-1.3.3.RELEASE.jar:1.3.3.RELEASE]
	at org.springframework.boot.SpringApplication.createAndRefreshContext(SpringApplication.java:361) ~[spring-boot-1.3.3.RELEASE.jar:1.3.3.RELEASE]
	at org.springframework.boot.SpringApplication.run(SpringApplication.java:307) ~[spring-boot-1.3.3.RELEASE.jar:1.3.3.RELEASE]
	at org.springframework.boot.test.SpringApplicationContextLoader.loadContext(SpringApplicationContextLoader.java:98) ~[spring-boot-1.3.3.RELEASE.jar:1.3.3.RELEASE]
	at org.springframework.test.context.cache.DefaultCacheAwareContextLoaderDelegate.loadContextInternal(DefaultCacheAwareContextLoaderDelegate.java:98) ~[spring-test-4.3.4.RELEASE.jar:4.3.4.RELEASE]
	at org.springframework.test.context.cache.DefaultCacheAwareContextLoaderDelegate.loadContext(DefaultCacheAwareContextLoaderDelegate.java:116) ~[spring-test-4.3.4.RELEASE.jar:4.3.4.RELEASE]
	... 31 common frames omitted
Caused by: org.apache.camel.FailedToCreateRouteException: Failed to create route route21 at: >>> Choice[[When[{header{action} == all} -> [To[GetAllATMs]]], When[{header{action} == inCity} -> [To[GetAllATMsInCity]]]]] <<< in route: Route(route21)[[From[direct:call]] -> [SetBody[{null}], Choi... because of No endpoint could be found for: GetAllATMs, please check your classpath contains the needed Camel component jar.
	at org.apache.camel.model.RouteDefinition.addRoutes(RouteDefinition.java:1072) ~[camel-core-2.17.2.jar:2.17.2]
	at org.apache.camel.model.RouteDefinition.addRoutes(RouteDefinition.java:196) ~[camel-core-2.17.2.jar:2.17.2]
	at org.apache.camel.impl.DefaultCamelContext.startRoute(DefaultCamelContext.java:974) ~[camel-core-2.17.2.jar:2.17.2]
	at org.apache.camel.impl.DefaultCamelContext.startRouteDefinitions(DefaultCamelContext.java:3301) ~[camel-core-2.17.2.jar:2.17.2]
	at org.apache.camel.impl.DefaultCamelContext.doStartCamel(DefaultCamelContext.java:3024) ~[camel-core-2.17.2.jar:2.17.2]
	at org.apache.camel.impl.DefaultCamelContext.access$000(DefaultCamelContext.java:175) ~[camel-core-2.17.2.jar:2.17.2]
	at org.apache.camel.impl.DefaultCamelContext$2.call(DefaultCamelContext.java:2854) ~[camel-core-2.17.2.jar:2.17.2]
	at org.apache.camel.impl.DefaultCamelContext$2.call(DefaultCamelContext.java:2850) ~[camel-core-2.17.2.jar:2.17.2]
	at org.apache.camel.impl.DefaultCamelContext.doWithDefinedClassLoader(DefaultCamelContext.java:2873) ~[camel-core-2.17.2.jar:2.17.2]
	at org.apache.camel.impl.DefaultCamelContext.doStart(DefaultCamelContext.java:2850) ~[camel-core-2.17.2.jar:2.17.2]
	at org.apache.camel.support.ServiceSupport.start(ServiceSupport.java:61) ~[camel-core-2.17.2.jar:2.17.2]
	at org.apache.camel.impl.DefaultCamelContext.start(DefaultCamelContext.java:2819) ~[camel-core-2.17.2.jar:2.17.2]
	at org.apache.camel.spring.boot.RoutesCollector.onApplicationEvent(RoutesCollector.java:116) ~[camel-spring-boot-2.17.0.jar:2.17.0]
	... 44 common frames omitted
Caused by: org.apache.camel.NoSuchEndpointException: No endpoint could be found for: GetAllATMs, please check your classpath contains the needed Camel component jar.
	at org.apache.camel.util.CamelContextHelper.getMandatoryEndpoint(CamelContextHelper.java:81) ~[camel-core-2.17.2.jar:2.17.2]
	at org.apache.camel.model.RouteDefinition.resolveEndpoint(RouteDefinition.java:211) ~[camel-core-2.17.2.jar:2.17.2]
	at org.apache.camel.impl.DefaultRouteContext.resolveEndpoint(DefaultRouteContext.java:107) ~[camel-core-2.17.2.jar:2.17.2]
	at org.apache.camel.impl.DefaultRouteContext.resolveEndpoint(DefaultRouteContext.java:113) ~[camel-core-2.17.2.jar:2.17.2]
	at org.apache.camel.model.SendDefinition.resolveEndpoint(SendDefinition.java:62) ~[camel-core-2.17.2.jar:2.17.2]
	at org.apache.camel.model.SendDefinition.createProcessor(SendDefinition.java:56) ~[camel-core-2.17.2.jar:2.17.2]
	at org.apache.camel.model.ProcessorDefinition.createProcessor(ProcessorDefinition.java:483) ~[camel-core-2.17.2.jar:2.17.2]
	at org.apache.camel.model.ProcessorDefinition.createOutputsProcessorImpl(ProcessorDefinition.java:446) ~[camel-core-2.17.2.jar:2.17.2]
	at org.apache.camel.model.ProcessorDefinition.createOutputsProcessor(ProcessorDefinition.java:413) ~[camel-core-2.17.2.jar:2.17.2]
	at org.apache.camel.model.ProcessorDefinition.createOutputsProcessor(ProcessorDefinition.java:165) ~[camel-core-2.17.2.jar:2.17.2]
	at org.apache.camel.model.ExpressionNode.createFilterProcessor(ExpressionNode.java:109) ~[camel-core-2.17.2.jar:2.17.2]
	at org.apache.camel.model.WhenDefinition.createProcessor(WhenDefinition.java:74) ~[camel-core-2.17.2.jar:2.17.2]
	at org.apache.camel.model.WhenDefinition.createProcessor(WhenDefinition.java:32) ~[camel-core-2.17.2.jar:2.17.2]
	at org.apache.camel.model.ProcessorDefinition.createProcessor(ProcessorDefinition.java:483) ~[camel-core-2.17.2.jar:2.17.2]
	at org.apache.camel.model.ChoiceDefinition.createProcessor(ChoiceDefinition.java:135) ~[camel-core-2.17.2.jar:2.17.2]
	at org.apache.camel.model.ProcessorDefinition.makeProcessorImpl(ProcessorDefinition.java:534) ~[camel-core-2.17.2.jar:2.17.2]
	at org.apache.camel.model.ProcessorDefinition.makeProcessor(ProcessorDefinition.java:495) ~[camel-core-2.17.2.jar:2.17.2]
	at org.apache.camel.model.ProcessorDefinition.addRoutes(ProcessorDefinition.java:219) ~[camel-core-2.17.2.jar:2.17.2]
	at org.apache.camel.model.RouteDefinition.addRoutes(RouteDefinition.java:1069) ~[camel-core-2.17.2.jar:2.17.2]
	... 56 common frames omitted

]]></system-out>
  </testcase>
  <testcase name="testHappyPath" classname="com.ing.custom.simple.SimpleAuthenticationProviderTest" time="0.01">
    <error message="Failed to load ApplicationContext" type="java.lang.IllegalStateException">java.lang.IllegalStateException: Failed to load ApplicationContext
	at org.apache.camel.util.CamelContextHelper.getMandatoryEndpoint(CamelContextHelper.java:81)
	at org.apache.camel.model.RouteDefinition.resolveEndpoint(RouteDefinition.java:211)
	at org.apache.camel.impl.DefaultRouteContext.resolveEndpoint(DefaultRouteContext.java:107)
	at org.apache.camel.impl.DefaultRouteContext.resolveEndpoint(DefaultRouteContext.java:113)
	at org.apache.camel.model.SendDefinition.resolveEndpoint(SendDefinition.java:62)
	at org.apache.camel.model.SendDefinition.createProcessor(SendDefinition.java:56)
	at org.apache.camel.model.ProcessorDefinition.createProcessor(ProcessorDefinition.java:483)
	at org.apache.camel.model.ProcessorDefinition.createOutputsProcessorImpl(ProcessorDefinition.java:446)
	at org.apache.camel.model.ProcessorDefinition.createOutputsProcessor(ProcessorDefinition.java:413)
	at org.apache.camel.model.ProcessorDefinition.createOutputsProcessor(ProcessorDefinition.java:165)
	at org.apache.camel.model.ExpressionNode.createFilterProcessor(ExpressionNode.java:109)
	at org.apache.camel.model.WhenDefinition.createProcessor(WhenDefinition.java:74)
	at org.apache.camel.model.WhenDefinition.createProcessor(WhenDefinition.java:32)
	at org.apache.camel.model.ProcessorDefinition.createProcessor(ProcessorDefinition.java:483)
	at org.apache.camel.model.ChoiceDefinition.createProcessor(ChoiceDefinition.java:135)
	at org.apache.camel.model.ProcessorDefinition.makeProcessorImpl(ProcessorDefinition.java:534)
	at org.apache.camel.model.ProcessorDefinition.makeProcessor(ProcessorDefinition.java:495)
	at org.apache.camel.model.ProcessorDefinition.addRoutes(ProcessorDefinition.java:219)
	at org.apache.camel.model.RouteDefinition.addRoutes(RouteDefinition.java:1069)
	at org.apache.camel.model.RouteDefinition.addRoutes(RouteDefinition.java:196)
	at org.apache.camel.impl.DefaultCamelContext.startRoute(DefaultCamelContext.java:974)
	at org.apache.camel.impl.DefaultCamelContext.startRouteDefinitions(DefaultCamelContext.java:3301)
	at org.apache.camel.impl.DefaultCamelContext.doStartCamel(DefaultCamelContext.java:3024)
	at org.apache.camel.impl.DefaultCamelContext.access$000(DefaultCamelContext.java:175)
	at org.apache.camel.impl.DefaultCamelContext$2.call(DefaultCamelContext.java:2854)
	at org.apache.camel.impl.DefaultCamelContext$2.call(DefaultCamelContext.java:2850)
	at org.apache.camel.impl.DefaultCamelContext.doWithDefinedClassLoader(DefaultCamelContext.java:2873)
	at org.apache.camel.impl.DefaultCamelContext.doStart(DefaultCamelContext.java:2850)
	at org.apache.camel.support.ServiceSupport.start(ServiceSupport.java:61)
	at org.apache.camel.impl.DefaultCamelContext.start(DefaultCamelContext.java:2819)
	at org.apache.camel.spring.boot.RoutesCollector.onApplicationEvent(RoutesCollector.java:116)
	at org.apache.camel.spring.boot.RoutesCollector.onApplicationEvent(RoutesCollector.java:41)
	at org.springframework.context.event.SimpleApplicationEventMulticaster.invokeListener(SimpleApplicationEventMulticaster.java:166)
	at org.springframework.context.event.SimpleApplicationEventMulticaster.multicastEvent(SimpleApplicationEventMulticaster.java:138)
	at org.springframework.context.support.AbstractApplicationContext.publishEvent(AbstractApplicationContext.java:383)
	at org.springframework.context.support.AbstractApplicationContext.publishEvent(AbstractApplicationContext.java:337)
	at org.springframework.context.support.AbstractApplicationContext.finishRefresh(AbstractApplicationContext.java:882)
	at org.springframework.context.support.AbstractApplicationContext.refresh(AbstractApplicationContext.java:545)
	at org.springframework.boot.SpringApplication.refresh(SpringApplication.java:766)
	at org.springframework.boot.SpringApplication.createAndRefreshContext(SpringApplication.java:361)
	at org.springframework.boot.SpringApplication.run(SpringApplication.java:307)
	at org.springframework.boot.test.SpringApplicationContextLoader.loadContext(SpringApplicationContextLoader.java:98)
	at org.springframework.test.context.cache.DefaultCacheAwareContextLoaderDelegate.loadContextInternal(DefaultCacheAwareContextLoaderDelegate.java:98)
	at org.springframework.test.context.cache.DefaultCacheAwareContextLoaderDelegate.loadContext(DefaultCacheAwareContextLoaderDelegate.java:116)
	at org.springframework.test.context.support.DefaultTestContext.getApplicationContext(DefaultTestContext.java:83)
	at org.springframework.test.context.web.ServletTestExecutionListener.setUpRequestContextIfNecessary(ServletTestExecutionListener.java:189)
	at org.springframework.test.context.web.ServletTestExecutionListener.prepareTestInstance(ServletTestExecutionListener.java:131)
	at org.springframework.test.context.TestContextManager.prepareTestInstance(TestContextManager.java:230)
	at org.springframework.test.context.junit4.SpringJUnit4ClassRunner.createTest(SpringJUnit4ClassRunner.java:228)
	at org.springframework.test.context.junit4.SpringJUnit4ClassRunner$1.runReflectiveCall(SpringJUnit4ClassRunner.java:287)
	at org.junit.internal.runners.model.ReflectiveCallable.run(ReflectiveCallable.java:12)
	at org.springframework.test.context.junit4.SpringJUnit4ClassRunner.methodBlock(SpringJUnit4ClassRunner.java:289)
	at org.springframework.test.context.junit4.SpringJUnit4ClassRunner.runChild(SpringJUnit4ClassRunner.java:247)
	at org.springframework.test.context.junit4.SpringJUnit4ClassRunner.runChild(SpringJUnit4ClassRunner.java:94)
	at org.junit.runners.ParentRunner$3.run(ParentRunner.java:290)
	at org.junit.runners.ParentRunner$1.schedule(ParentRunner.java:71)
	at org.junit.runners.ParentRunner.runChildren(ParentRunner.java:288)
	at org.junit.runners.ParentRunner.access$000(ParentRunner.java:58)
	at org.junit.runners.ParentRunner$2.evaluate(ParentRunner.java:268)
	at org.springframework.test.context.junit4.statements.RunBeforeTestClassCallbacks.evaluate(RunBeforeTestClassCallbacks.java:61)
	at org.springframework.test.context.junit4.statements.RunAfterTestClassCallbacks.evaluate(RunAfterTestClassCallbacks.java:70)
	at org.junit.runners.ParentRunner.run(ParentRunner.java:363)
	at org.springframework.test.context.junit4.SpringJUnit4ClassRunner.run(SpringJUnit4ClassRunner.java:191)
	at org.apache.maven.surefire.junit4.JUnit4Provider.execute(JUnit4Provider.java:264)
	at org.apache.maven.surefire.junit4.JUnit4Provider.executeTestSet(JUnit4Provider.java:153)
	at org.apache.maven.surefire.junit4.JUnit4Provider.invoke(JUnit4Provider.java:124)
	at sun.reflect.NativeMethodAccessorImpl.invoke0(Native Method)
	at sun.reflect.NativeMethodAccessorImpl.invoke(NativeMethodAccessorImpl.java:62)
	at sun.reflect.DelegatingMethodAccessorImpl.invoke(DelegatingMethodAccessorImpl.java:43)
	at java.lang.reflect.Method.invoke(Method.java:498)
	at org.apache.maven.surefire.util.ReflectionUtils.invokeMethodWithArray2(ReflectionUtils.java:208)
	at org.apache.maven.surefire.booter.ProviderFactory$ProviderProxy.invoke(ProviderFactory.java:159)
	at org.apache.maven.surefire.booter.ProviderFactory.invokeProvider(ProviderFactory.java:87)
	at org.apache.maven.surefire.booter.ForkedBooter.runSuitesInProcess(ForkedBooter.java:153)
	at org.apache.maven.surefire.booter.ForkedBooter.main(ForkedBooter.java:95)
</error>
    <system-out><![CDATA[
  .   ____          _            __ _ _
 /\\ / ___'_ __ _ _(_)_ __  __ _ \ \ \ \
( ( )\___ | '_ | '_| | '_ \/ _` | \ \ \ \
 \\/  ___)| |_)| | | | | || (_| |  ) ) ) )
  '  |____| .__|_| |_|_| |_\__, | / / / /
 =========|_|==============|___/=/_/_/_/
 :: Spring Boot ::        (v1.3.3.RELEASE)

2017-04-10 19:13:11.277  INFO 8220 --- [           main] c.i.c.s.SimpleAuthenticationProviderTest : Starting SimpleAuthenticationProviderTest on PPL882039FC with PID 8220 (C:\Users\normsby\Documents\NetBeansProjects\ING_ATM_Locator\target\test-classes started by normsby in C:\Users\normsby\Documents\NetBeansProjects\ING_ATM_Locator)
2017-04-10 19:13:11.277  INFO 8220 --- [           main] c.i.c.s.SimpleAuthenticationProviderTest : No active profile set, falling back to default profiles: default
2017-04-10 19:13:11.277  INFO 8220 --- [           main] o.s.w.c.s.GenericWebApplicationContext   : Refreshing org.springframework.web.context.support.GenericWebApplicationContext@3335ff94: startup date [Mon Apr 10 19:13:11 EDT 2017]; root of context hierarchy
2017-04-10 19:13:11.737  INFO 8220 --- [           main] trationDelegate$BeanPostProcessorChecker : Bean 'org.springframework.security.config.annotation.configuration.ObjectPostProcessorConfiguration' of type [class org.springframework.security.config.annotation.configuration.ObjectPostProcessorConfiguration$$EnhancerBySpringCGLIB$$da46e5e5] is not eligible for getting processed by all BeanPostProcessors (for example: not eligible for auto-proxying)
2017-04-10 19:13:11.737  INFO 8220 --- [           main] trationDelegate$BeanPostProcessorChecker : Bean 'objectPostProcessor' of type [class org.springframework.security.config.annotation.configuration.AutowireBeanFactoryObjectPostProcessor] is not eligible for getting processed by all BeanPostProcessors (for example: not eligible for auto-proxying)
2017-04-10 19:13:11.737  INFO 8220 --- [           main] trationDelegate$BeanPostProcessorChecker : Bean 'org.springframework.security.access.expression.method.DefaultMethodSecurityExpressionHandler@69f77c72' of type [class org.springframework.security.access.expression.method.DefaultMethodSecurityExpressionHandler] is not eligible for getting processed by all BeanPostProcessors (for example: not eligible for auto-proxying)
2017-04-10 19:13:11.737  INFO 8220 --- [           main] trationDelegate$BeanPostProcessorChecker : Bean 'org.springframework.security.config.annotation.method.configuration.GlobalMethodSecurityConfiguration' of type [class org.springframework.security.config.annotation.method.configuration.GlobalMethodSecurityConfiguration$$EnhancerBySpringCGLIB$$ff1b8897] is not eligible for getting processed by all BeanPostProcessors (for example: not eligible for auto-proxying)
2017-04-10 19:13:11.747  INFO 8220 --- [           main] trationDelegate$BeanPostProcessorChecker : Bean 'methodSecurityMetadataSource' of type [class org.springframework.security.access.method.DelegatingMethodSecurityMetadataSource] is not eligible for getting processed by all BeanPostProcessors (for example: not eligible for auto-proxying)
2017-04-10 19:13:11.747  INFO 8220 --- [           main] trationDelegate$BeanPostProcessorChecker : Bean 'org.apache.camel.spring.boot.CamelAutoConfiguration' of type [class org.apache.camel.spring.boot.CamelAutoConfiguration$$EnhancerBySpringCGLIB$$63c2e3ca] is not eligible for getting processed by all BeanPostProcessors (for example: not eligible for auto-proxying)
2017-04-10 19:13:12.191  INFO 8220 --- [           main] o.s.s.web.DefaultSecurityFilterChain     : Creating filter chain: org.springframework.security.web.util.matcher.AnyRequestMatcher@1, [org.springframework.security.web.context.request.async.WebAsyncManagerIntegrationFilter@485aaa94, org.springframework.security.web.context.SecurityContextPersistenceFilter@c69722d, org.springframework.security.web.header.HeaderWriterFilter@410d746, org.springframework.security.web.csrf.CsrfFilter@7a3db5f5, org.springframework.security.web.authentication.logout.LogoutFilter@fabfb36, org.springframework.security.web.authentication.UsernamePasswordAuthenticationFilter@32e72c5d, org.springframework.security.web.savedrequest.RequestCacheAwareFilter@716681c4, org.springframework.security.web.servletapi.SecurityContextHolderAwareRequestFilter@734ec249, org.springframework.security.web.authentication.AnonymousAuthenticationFilter@319c1d, org.springframework.security.web.session.SessionManagementFilter@1b6cfea8, org.springframework.security.web.access.ExceptionTranslationFilter@7071b074, org.springframework.security.web.access.intercept.FilterSecurityInterceptor@7bd04aa6]
2017-04-10 19:13:12.301  INFO 8220 --- [           main] s.w.s.m.m.a.RequestMappingHandlerAdapter : Looking for @ControllerAdvice: org.springframework.web.context.support.GenericWebApplicationContext@3335ff94: startup date [Mon Apr 10 19:13:11 EDT 2017]; root of context hierarchy
2017-04-10 19:13:12.341  INFO 8220 --- [           main] s.w.s.m.m.a.RequestMappingHandlerMapping : Mapped "{[/error]}" onto public java.lang.String com.ing.error.CustomErrorController.customError(org.springframework.ui.Model,javax.servlet.http.HttpServletRequest)
2017-04-10 19:13:12.341  INFO 8220 --- [           main] s.w.s.m.m.a.RequestMappingHandlerMapping : Mapped "{[/403]}" onto public java.lang.String com.ing.error.CustomErrorController.unauthorised(org.springframework.ui.Model,javax.servlet.http.HttpServletRequest)
2017-04-10 19:13:12.341  INFO 8220 --- [           main] s.w.s.m.m.a.RequestMappingHandlerMapping : Mapped "{[/index],methods=[GET]}" onto public java.lang.String com.ing.web.MainController.index()
2017-04-10 19:13:12.341  INFO 8220 --- [           main] s.w.s.m.m.a.RequestMappingHandlerMapping : Mapped "{[/],methods=[GET]}" onto public java.lang.String com.ing.web.MainController.root()
2017-04-10 19:13:12.341  INFO 8220 --- [           main] s.w.s.m.m.a.RequestMappingHandlerMapping : Mapped "{[/login-error],methods=[GET]}" onto public java.lang.String com.ing.web.MainController.loginError(org.springframework.ui.Model)
2017-04-10 19:13:12.341  INFO 8220 --- [           main] s.w.s.m.m.a.RequestMappingHandlerMapping : Mapped "{[/login],methods=[GET]}" onto public java.lang.String com.ing.web.MainController.login()
2017-04-10 19:13:12.341  INFO 8220 --- [           main] s.w.s.m.m.a.RequestMappingHandlerMapping : Mapped "{[/admin/index],methods=[GET]}" onto public java.lang.String com.ing.web.MainController.adminIndex()
2017-04-10 19:13:12.341  INFO 8220 --- [           main] s.w.s.m.m.a.RequestMappingHandlerMapping : Mapped "{[/user/index],methods=[GET]}" onto public java.lang.String com.ing.web.MainController.userIndex()
2017-04-10 19:13:12.341  INFO 8220 --- [           main] s.w.s.m.m.a.RequestMappingHandlerMapping : Mapped "{[/public/index],methods=[GET]}" onto public java.lang.String com.ing.web.MainController.publicIndex()
2017-04-10 19:13:12.341  INFO 8220 --- [           main] s.w.s.m.m.a.RequestMappingHandlerMapping : Mapped "{[/extra/index],methods=[GET]}" onto public java.lang.String com.ing.web.MainController.extraIndex()
2017-04-10 19:13:12.351  INFO 8220 --- [           main] s.w.s.m.m.a.RequestMappingHandlerMapping : Mapped "{[/tags/index],methods=[GET]}" onto public java.lang.String com.ing.web.SecurityTagController.index(org.springframework.security.core.userdetails.User)
2017-04-10 19:13:12.351  INFO 8220 --- [           main] s.w.s.m.m.a.RequestMappingHandlerMapping : Mapped "{[/tags/admin/index],methods=[GET]}" onto public java.lang.String com.ing.web.SecurityTagController.adminIndex(org.springframework.security.core.userdetails.User)
2017-04-10 19:13:12.351  INFO 8220 --- [           main] s.w.s.m.m.a.RequestMappingHandlerMapping : Mapped "{[/tags/extra/index],methods=[GET]}" onto public java.lang.String com.ing.web.SecurityTagController.extraUser(org.springframework.security.core.userdetails.User)
2017-04-10 19:13:12.351  INFO 8220 --- [           main] s.w.s.m.m.a.RequestMappingHandlerMapping : Mapped "{[/tags/user/index],methods=[GET]}" onto public java.lang.String com.ing.web.SecurityTagController.userIndex(org.springframework.security.core.userdetails.User)
2017-04-10 19:13:12.441  INFO 8220 --- [           main] o.s.w.s.handler.SimpleUrlHandlerMapping  : Mapped URL path [/webjars/**] onto handler of type [class org.springframework.web.servlet.resource.ResourceHttpRequestHandler]
2017-04-10 19:13:12.441  INFO 8220 --- [           main] o.s.w.s.handler.SimpleUrlHandlerMapping  : Mapped URL path [/**] onto handler of type [class org.springframework.web.servlet.resource.ResourceHttpRequestHandler]
2017-04-10 19:13:12.491  INFO 8220 --- [           main] o.s.w.s.handler.SimpleUrlHandlerMapping  : Mapped URL path [/**/favicon.ico] onto handler of type [class org.springframework.web.servlet.resource.ResourceHttpRequestHandler]
2017-04-10 19:13:12.591  INFO 8220 --- [           main] o.a.c.i.converter.DefaultTypeConverter   : Loaded 191 type converters
2017-04-10 19:13:12.701  INFO 8220 --- [           main] o.a.camel.spring.boot.RoutesCollector    : Loading additional Camel XML routes from: classpath:camel/*.xml
2017-04-10 19:13:12.701  INFO 8220 --- [           main] o.a.camel.spring.boot.RoutesCollector    : Loading additional Camel XML rests from: classpath:camel-rest/*.xml
2017-04-10 19:13:12.701  INFO 8220 --- [           main] o.a.camel.spring.SpringCamelContext      : Apache Camel 2.17.2 (CamelContext: camel-8) is starting
2017-04-10 19:13:12.701  INFO 8220 --- [           main] o.a.c.m.ManagedManagementStrategy        : JMX is enabled
2017-04-10 19:13:12.731  INFO 8220 --- [           main] o.a.c.i.DefaultRuntimeEndpointRegistry   : Runtime endpoint registry is in extended mode gathering usage statistics of all incoming and outgoing endpoints (cache limit: 1000)
2017-04-10 19:13:12.761  INFO 8220 --- [           main] o.a.camel.spring.SpringCamelContext      : Apache Camel 2.17.2 (CamelContext: camel-8) is shutting down
2017-04-10 19:13:12.761  INFO 8220 --- [           main] o.a.camel.spring.SpringCamelContext      : Apache Camel 2.17.2 (CamelContext: camel-8) uptime 0.060 seconds
2017-04-10 19:13:12.761  INFO 8220 --- [           main] o.a.camel.spring.SpringCamelContext      : Apache Camel 2.17.2 (CamelContext: camel-8) is shutdown in 0.000 seconds
2017-04-10 19:13:12.771 ERROR 8220 --- [           main] o.s.boot.SpringApplication               : Application startup failed

org.apache.camel.spring.boot.CamelSpringBootInitializationException: org.apache.camel.FailedToCreateRouteException: Failed to create route route24 at: >>> Choice[[When[{header{action} == all} -> [To[GetAllATMs]]], When[{header{action} == inCity} -> [To[GetAllATMsInCity]]]]] <<< in route: Route(route24)[[From[direct:call]] -> [SetBody[{null}], Choi... because of No endpoint could be found for: GetAllATMs, please check your classpath contains the needed Camel component jar.
	at org.apache.camel.spring.boot.RoutesCollector.onApplicationEvent(RoutesCollector.java:126) ~[camel-spring-boot-2.17.0.jar:2.17.0]
	at org.apache.camel.spring.boot.RoutesCollector.onApplicationEvent(RoutesCollector.java:41) ~[camel-spring-boot-2.17.0.jar:2.17.0]
	at org.springframework.context.event.SimpleApplicationEventMulticaster.invokeListener(SimpleApplicationEventMulticaster.java:166) ~[spring-context-4.3.4.RELEASE.jar:4.3.4.RELEASE]
	at org.springframework.context.event.SimpleApplicationEventMulticaster.multicastEvent(SimpleApplicationEventMulticaster.java:138) ~[spring-context-4.3.4.RELEASE.jar:4.3.4.RELEASE]
	at org.springframework.context.support.AbstractApplicationContext.publishEvent(AbstractApplicationContext.java:383) ~[spring-context-4.3.4.RELEASE.jar:4.3.4.RELEASE]
	at org.springframework.context.support.AbstractApplicationContext.publishEvent(AbstractApplicationContext.java:337) ~[spring-context-4.3.4.RELEASE.jar:4.3.4.RELEASE]
	at org.springframework.context.support.AbstractApplicationContext.finishRefresh(AbstractApplicationContext.java:882) ~[spring-context-4.3.4.RELEASE.jar:4.3.4.RELEASE]
	at org.springframework.context.support.AbstractApplicationContext.refresh(AbstractApplicationContext.java:545) ~[spring-context-4.3.4.RELEASE.jar:4.3.4.RELEASE]
	at org.springframework.boot.SpringApplication.refresh(SpringApplication.java:766) ~[spring-boot-1.3.3.RELEASE.jar:1.3.3.RELEASE]
	at org.springframework.boot.SpringApplication.createAndRefreshContext(SpringApplication.java:361) ~[spring-boot-1.3.3.RELEASE.jar:1.3.3.RELEASE]
	at org.springframework.boot.SpringApplication.run(SpringApplication.java:307) ~[spring-boot-1.3.3.RELEASE.jar:1.3.3.RELEASE]
	at org.springframework.boot.test.SpringApplicationContextLoader.loadContext(SpringApplicationContextLoader.java:98) [spring-boot-1.3.3.RELEASE.jar:1.3.3.RELEASE]
	at org.springframework.test.context.cache.DefaultCacheAwareContextLoaderDelegate.loadContextInternal(DefaultCacheAwareContextLoaderDelegate.java:98) [spring-test-4.3.4.RELEASE.jar:4.3.4.RELEASE]
	at org.springframework.test.context.cache.DefaultCacheAwareContextLoaderDelegate.loadContext(DefaultCacheAwareContextLoaderDelegate.java:116) [spring-test-4.3.4.RELEASE.jar:4.3.4.RELEASE]
	at org.springframework.test.context.support.DefaultTestContext.getApplicationContext(DefaultTestContext.java:83) [spring-test-4.3.4.RELEASE.jar:4.3.4.RELEASE]
	at org.springframework.test.context.web.ServletTestExecutionListener.setUpRequestContextIfNecessary(ServletTestExecutionListener.java:189) [spring-test-4.3.4.RELEASE.jar:4.3.4.RELEASE]
	at org.springframework.test.context.web.ServletTestExecutionListener.prepareTestInstance(ServletTestExecutionListener.java:131) [spring-test-4.3.4.RELEASE.jar:4.3.4.RELEASE]
	at org.springframework.test.context.TestContextManager.prepareTestInstance(TestContextManager.java:230) [spring-test-4.3.4.RELEASE.jar:4.3.4.RELEASE]
	at org.springframework.test.context.junit4.SpringJUnit4ClassRunner.createTest(SpringJUnit4ClassRunner.java:228) [spring-test-4.3.4.RELEASE.jar:4.3.4.RELEASE]
	at org.springframework.test.context.junit4.SpringJUnit4ClassRunner$1.runReflectiveCall(SpringJUnit4ClassRunner.java:287) [spring-test-4.3.4.RELEASE.jar:4.3.4.RELEASE]
	at org.junit.internal.runners.model.ReflectiveCallable.run(ReflectiveCallable.java:12) [junit-4.12.jar:4.12]
	at org.springframework.test.context.junit4.SpringJUnit4ClassRunner.methodBlock(SpringJUnit4ClassRunner.java:289) [spring-test-4.3.4.RELEASE.jar:4.3.4.RELEASE]
	at org.springframework.test.context.junit4.SpringJUnit4ClassRunner.runChild(SpringJUnit4ClassRunner.java:247) [spring-test-4.3.4.RELEASE.jar:4.3.4.RELEASE]
	at org.springframework.test.context.junit4.SpringJUnit4ClassRunner.runChild(SpringJUnit4ClassRunner.java:94) [spring-test-4.3.4.RELEASE.jar:4.3.4.RELEASE]
	at org.junit.runners.ParentRunner$3.run(ParentRunner.java:290) [junit-4.12.jar:4.12]
	at org.junit.runners.ParentRunner$1.schedule(ParentRunner.java:71) [junit-4.12.jar:4.12]
	at org.junit.runners.ParentRunner.runChildren(ParentRunner.java:288) [junit-4.12.jar:4.12]
	at org.junit.runners.ParentRunner.access$000(ParentRunner.java:58) [junit-4.12.jar:4.12]
	at org.junit.runners.ParentRunner$2.evaluate(ParentRunner.java:268) [junit-4.12.jar:4.12]
	at org.springframework.test.context.junit4.statements.RunBeforeTestClassCallbacks.evaluate(RunBeforeTestClassCallbacks.java:61) [spring-test-4.3.4.RELEASE.jar:4.3.4.RELEASE]
	at org.springframework.test.context.junit4.statements.RunAfterTestClassCallbacks.evaluate(RunAfterTestClassCallbacks.java:70) [spring-test-4.3.4.RELEASE.jar:4.3.4.RELEASE]
	at org.junit.runners.ParentRunner.run(ParentRunner.java:363) [junit-4.12.jar:4.12]
	at org.springframework.test.context.junit4.SpringJUnit4ClassRunner.run(SpringJUnit4ClassRunner.java:191) [spring-test-4.3.4.RELEASE.jar:4.3.4.RELEASE]
	at org.apache.maven.surefire.junit4.JUnit4Provider.execute(JUnit4Provider.java:264) [surefire-junit4-2.14.1.jar:2.14.1]
	at org.apache.maven.surefire.junit4.JUnit4Provider.executeTestSet(JUnit4Provider.java:153) [surefire-junit4-2.14.1.jar:2.14.1]
	at org.apache.maven.surefire.junit4.JUnit4Provider.invoke(JUnit4Provider.java:124) [surefire-junit4-2.14.1.jar:2.14.1]
	at sun.reflect.NativeMethodAccessorImpl.invoke0(Native Method) ~[na:1.8.0_121]
	at sun.reflect.NativeMethodAccessorImpl.invoke(NativeMethodAccessorImpl.java:62) ~[na:1.8.0_121]
	at sun.reflect.DelegatingMethodAccessorImpl.invoke(DelegatingMethodAccessorImpl.java:43) ~[na:1.8.0_121]
	at java.lang.reflect.Method.invoke(Method.java:498) ~[na:1.8.0_121]
	at org.apache.maven.surefire.util.ReflectionUtils.invokeMethodWithArray2(ReflectionUtils.java:208) [surefire-api-2.14.1.jar:2.14.1]
	at org.apache.maven.surefire.booter.ProviderFactory$ProviderProxy.invoke(ProviderFactory.java:159) [surefire-booter-2.14.1.jar:2.14.1]
	at org.apache.maven.surefire.booter.ProviderFactory.invokeProvider(ProviderFactory.java:87) [surefire-booter-2.14.1.jar:2.14.1]
	at org.apache.maven.surefire.booter.ForkedBooter.runSuitesInProcess(ForkedBooter.java:153) [surefire-booter-2.14.1.jar:2.14.1]
	at org.apache.maven.surefire.booter.ForkedBooter.main(ForkedBooter.java:95) [surefire-booter-2.14.1.jar:2.14.1]
Caused by: org.apache.camel.FailedToCreateRouteException: Failed to create route route24 at: >>> Choice[[When[{header{action} == all} -> [To[GetAllATMs]]], When[{header{action} == inCity} -> [To[GetAllATMsInCity]]]]] <<< in route: Route(route24)[[From[direct:call]] -> [SetBody[{null}], Choi... because of No endpoint could be found for: GetAllATMs, please check your classpath contains the needed Camel component jar.
	at org.apache.camel.model.RouteDefinition.addRoutes(RouteDefinition.java:1072) ~[camel-core-2.17.2.jar:2.17.2]
	at org.apache.camel.model.RouteDefinition.addRoutes(RouteDefinition.java:196) ~[camel-core-2.17.2.jar:2.17.2]
	at org.apache.camel.impl.DefaultCamelContext.startRoute(DefaultCamelContext.java:974) ~[camel-core-2.17.2.jar:2.17.2]
	at org.apache.camel.impl.DefaultCamelContext.startRouteDefinitions(DefaultCamelContext.java:3301) ~[camel-core-2.17.2.jar:2.17.2]
	at org.apache.camel.impl.DefaultCamelContext.doStartCamel(DefaultCamelContext.java:3024) ~[camel-core-2.17.2.jar:2.17.2]
	at org.apache.camel.impl.DefaultCamelContext.access$000(DefaultCamelContext.java:175) ~[camel-core-2.17.2.jar:2.17.2]
	at org.apache.camel.impl.DefaultCamelContext$2.call(DefaultCamelContext.java:2854) ~[camel-core-2.17.2.jar:2.17.2]
	at org.apache.camel.impl.DefaultCamelContext$2.call(DefaultCamelContext.java:2850) ~[camel-core-2.17.2.jar:2.17.2]
	at org.apache.camel.impl.DefaultCamelContext.doWithDefinedClassLoader(DefaultCamelContext.java:2873) ~[camel-core-2.17.2.jar:2.17.2]
	at org.apache.camel.impl.DefaultCamelContext.doStart(DefaultCamelContext.java:2850) ~[camel-core-2.17.2.jar:2.17.2]
	at org.apache.camel.support.ServiceSupport.start(ServiceSupport.java:61) ~[camel-core-2.17.2.jar:2.17.2]
	at org.apache.camel.impl.DefaultCamelContext.start(DefaultCamelContext.java:2819) ~[camel-core-2.17.2.jar:2.17.2]
	at org.apache.camel.spring.boot.RoutesCollector.onApplicationEvent(RoutesCollector.java:116) ~[camel-spring-boot-2.17.0.jar:2.17.0]
	... 44 common frames omitted
Caused by: org.apache.camel.NoSuchEndpointException: No endpoint could be found for: GetAllATMs, please check your classpath contains the needed Camel component jar.
	at org.apache.camel.util.CamelContextHelper.getMandatoryEndpoint(CamelContextHelper.java:81) ~[camel-core-2.17.2.jar:2.17.2]
	at org.apache.camel.model.RouteDefinition.resolveEndpoint(RouteDefinition.java:211) ~[camel-core-2.17.2.jar:2.17.2]
	at org.apache.camel.impl.DefaultRouteContext.resolveEndpoint(DefaultRouteContext.java:107) ~[camel-core-2.17.2.jar:2.17.2]
	at org.apache.camel.impl.DefaultRouteContext.resolveEndpoint(DefaultRouteContext.java:113) ~[camel-core-2.17.2.jar:2.17.2]
	at org.apache.camel.model.SendDefinition.resolveEndpoint(SendDefinition.java:62) ~[camel-core-2.17.2.jar:2.17.2]
	at org.apache.camel.model.SendDefinition.createProcessor(SendDefinition.java:56) ~[camel-core-2.17.2.jar:2.17.2]
	at org.apache.camel.model.ProcessorDefinition.createProcessor(ProcessorDefinition.java:483) ~[camel-core-2.17.2.jar:2.17.2]
	at org.apache.camel.model.ProcessorDefinition.createOutputsProcessorImpl(ProcessorDefinition.java:446) ~[camel-core-2.17.2.jar:2.17.2]
	at org.apache.camel.model.ProcessorDefinition.createOutputsProcessor(ProcessorDefinition.java:413) ~[camel-core-2.17.2.jar:2.17.2]
	at org.apache.camel.model.ProcessorDefinition.createOutputsProcessor(ProcessorDefinition.java:165) ~[camel-core-2.17.2.jar:2.17.2]
	at org.apache.camel.model.ExpressionNode.createFilterProcessor(ExpressionNode.java:109) ~[camel-core-2.17.2.jar:2.17.2]
	at org.apache.camel.model.WhenDefinition.createProcessor(WhenDefinition.java:74) ~[camel-core-2.17.2.jar:2.17.2]
	at org.apache.camel.model.WhenDefinition.createProcessor(WhenDefinition.java:32) ~[camel-core-2.17.2.jar:2.17.2]
	at org.apache.camel.model.ProcessorDefinition.createProcessor(ProcessorDefinition.java:483) ~[camel-core-2.17.2.jar:2.17.2]
	at org.apache.camel.model.ChoiceDefinition.createProcessor(ChoiceDefinition.java:135) ~[camel-core-2.17.2.jar:2.17.2]
	at org.apache.camel.model.ProcessorDefinition.makeProcessorImpl(ProcessorDefinition.java:534) ~[camel-core-2.17.2.jar:2.17.2]
	at org.apache.camel.model.ProcessorDefinition.makeProcessor(ProcessorDefinition.java:495) ~[camel-core-2.17.2.jar:2.17.2]
	at org.apache.camel.model.ProcessorDefinition.addRoutes(ProcessorDefinition.java:219) ~[camel-core-2.17.2.jar:2.17.2]
	at org.apache.camel.model.RouteDefinition.addRoutes(RouteDefinition.java:1069) ~[camel-core-2.17.2.jar:2.17.2]
	... 56 common frames omitted

2017-04-10 19:13:12.771  INFO 8220 --- [           main] .b.l.ClasspathLoggingApplicationListener : Application failed to start with classpath: [file:/C:/Users/normsby/Documents/NetBeansProjects/ING_ATM_Locator/target/surefire/surefirebooter5636998128895282040.jar, file:/C:/Users/normsby/.m2/repository/org/jacoco/org.jacoco.agent/0.7.5.201505241946/org.jacoco.agent-0.7.5.201505241946-runtime.jar]
2017-04-10 19:13:12.771 ERROR 8220 --- [           main] o.s.test.context.TestContextManager      : Caught exception while allowing TestExecutionListener [org.springframework.test.context.web.ServletTestExecutionListener@45cee004] to prepare test instance [com.ing.custom.simple.SimpleAuthenticationProviderTest@bd866d8]

java.lang.IllegalStateException: Failed to load ApplicationContext
	at org.springframework.test.context.cache.DefaultCacheAwareContextLoaderDelegate.loadContext(DefaultCacheAwareContextLoaderDelegate.java:124) ~[spring-test-4.3.4.RELEASE.jar:4.3.4.RELEASE]
	at org.springframework.test.context.support.DefaultTestContext.getApplicationContext(DefaultTestContext.java:83) ~[spring-test-4.3.4.RELEASE.jar:4.3.4.RELEASE]
	at org.springframework.test.context.web.ServletTestExecutionListener.setUpRequestContextIfNecessary(ServletTestExecutionListener.java:189) ~[spring-test-4.3.4.RELEASE.jar:4.3.4.RELEASE]
	at org.springframework.test.context.web.ServletTestExecutionListener.prepareTestInstance(ServletTestExecutionListener.java:131) ~[spring-test-4.3.4.RELEASE.jar:4.3.4.RELEASE]
	at org.springframework.test.context.TestContextManager.prepareTestInstance(TestContextManager.java:230) ~[spring-test-4.3.4.RELEASE.jar:4.3.4.RELEASE]
	at org.springframework.test.context.junit4.SpringJUnit4ClassRunner.createTest(SpringJUnit4ClassRunner.java:228) [spring-test-4.3.4.RELEASE.jar:4.3.4.RELEASE]
	at org.springframework.test.context.junit4.SpringJUnit4ClassRunner$1.runReflectiveCall(SpringJUnit4ClassRunner.java:287) [spring-test-4.3.4.RELEASE.jar:4.3.4.RELEASE]
	at org.junit.internal.runners.model.ReflectiveCallable.run(ReflectiveCallable.java:12) [junit-4.12.jar:4.12]
	at org.springframework.test.context.junit4.SpringJUnit4ClassRunner.methodBlock(SpringJUnit4ClassRunner.java:289) [spring-test-4.3.4.RELEASE.jar:4.3.4.RELEASE]
	at org.springframework.test.context.junit4.SpringJUnit4ClassRunner.runChild(SpringJUnit4ClassRunner.java:247) [spring-test-4.3.4.RELEASE.jar:4.3.4.RELEASE]
	at org.springframework.test.context.junit4.SpringJUnit4ClassRunner.runChild(SpringJUnit4ClassRunner.java:94) [spring-test-4.3.4.RELEASE.jar:4.3.4.RELEASE]
	at org.junit.runners.ParentRunner$3.run(ParentRunner.java:290) [junit-4.12.jar:4.12]
	at org.junit.runners.ParentRunner$1.schedule(ParentRunner.java:71) [junit-4.12.jar:4.12]
	at org.junit.runners.ParentRunner.runChildren(ParentRunner.java:288) [junit-4.12.jar:4.12]
	at org.junit.runners.ParentRunner.access$000(ParentRunner.java:58) [junit-4.12.jar:4.12]
	at org.junit.runners.ParentRunner$2.evaluate(ParentRunner.java:268) [junit-4.12.jar:4.12]
	at org.springframework.test.context.junit4.statements.RunBeforeTestClassCallbacks.evaluate(RunBeforeTestClassCallbacks.java:61) [spring-test-4.3.4.RELEASE.jar:4.3.4.RELEASE]
	at org.springframework.test.context.junit4.statements.RunAfterTestClassCallbacks.evaluate(RunAfterTestClassCallbacks.java:70) [spring-test-4.3.4.RELEASE.jar:4.3.4.RELEASE]
	at org.junit.runners.ParentRunner.run(ParentRunner.java:363) [junit-4.12.jar:4.12]
	at org.springframework.test.context.junit4.SpringJUnit4ClassRunner.run(SpringJUnit4ClassRunner.java:191) [spring-test-4.3.4.RELEASE.jar:4.3.4.RELEASE]
	at org.apache.maven.surefire.junit4.JUnit4Provider.execute(JUnit4Provider.java:264) [surefire-junit4-2.14.1.jar:2.14.1]
	at org.apache.maven.surefire.junit4.JUnit4Provider.executeTestSet(JUnit4Provider.java:153) [surefire-junit4-2.14.1.jar:2.14.1]
	at org.apache.maven.surefire.junit4.JUnit4Provider.invoke(JUnit4Provider.java:124) [surefire-junit4-2.14.1.jar:2.14.1]
	at sun.reflect.NativeMethodAccessorImpl.invoke0(Native Method) ~[na:1.8.0_121]
	at sun.reflect.NativeMethodAccessorImpl.invoke(NativeMethodAccessorImpl.java:62) ~[na:1.8.0_121]
	at sun.reflect.DelegatingMethodAccessorImpl.invoke(DelegatingMethodAccessorImpl.java:43) ~[na:1.8.0_121]
	at java.lang.reflect.Method.invoke(Method.java:498) ~[na:1.8.0_121]
	at org.apache.maven.surefire.util.ReflectionUtils.invokeMethodWithArray2(ReflectionUtils.java:208) [surefire-api-2.14.1.jar:2.14.1]
	at org.apache.maven.surefire.booter.ProviderFactory$ProviderProxy.invoke(ProviderFactory.java:159) [surefire-booter-2.14.1.jar:2.14.1]
	at org.apache.maven.surefire.booter.ProviderFactory.invokeProvider(ProviderFactory.java:87) [surefire-booter-2.14.1.jar:2.14.1]
	at org.apache.maven.surefire.booter.ForkedBooter.runSuitesInProcess(ForkedBooter.java:153) [surefire-booter-2.14.1.jar:2.14.1]
	at org.apache.maven.surefire.booter.ForkedBooter.main(ForkedBooter.java:95) [surefire-booter-2.14.1.jar:2.14.1]
Caused by: org.apache.camel.spring.boot.CamelSpringBootInitializationException: org.apache.camel.FailedToCreateRouteException: Failed to create route route24 at: >>> Choice[[When[{header{action} == all} -> [To[GetAllATMs]]], When[{header{action} == inCity} -> [To[GetAllATMsInCity]]]]] <<< in route: Route(route24)[[From[direct:call]] -> [SetBody[{null}], Choi... because of No endpoint could be found for: GetAllATMs, please check your classpath contains the needed Camel component jar.
	at org.apache.camel.spring.boot.RoutesCollector.onApplicationEvent(RoutesCollector.java:126) ~[camel-spring-boot-2.17.0.jar:2.17.0]
	at org.apache.camel.spring.boot.RoutesCollector.onApplicationEvent(RoutesCollector.java:41) ~[camel-spring-boot-2.17.0.jar:2.17.0]
	at org.springframework.context.event.SimpleApplicationEventMulticaster.invokeListener(SimpleApplicationEventMulticaster.java:166) ~[spring-context-4.3.4.RELEASE.jar:4.3.4.RELEASE]
	at org.springframework.context.event.SimpleApplicationEventMulticaster.multicastEvent(SimpleApplicationEventMulticaster.java:138) ~[spring-context-4.3.4.RELEASE.jar:4.3.4.RELEASE]
	at org.springframework.context.support.AbstractApplicationContext.publishEvent(AbstractApplicationContext.java:383) ~[spring-context-4.3.4.RELEASE.jar:4.3.4.RELEASE]
	at org.springframework.context.support.AbstractApplicationContext.publishEvent(AbstractApplicationContext.java:337) ~[spring-context-4.3.4.RELEASE.jar:4.3.4.RELEASE]
	at org.springframework.context.support.AbstractApplicationContext.finishRefresh(AbstractApplicationContext.java:882) ~[spring-context-4.3.4.RELEASE.jar:4.3.4.RELEASE]
	at org.springframework.context.support.AbstractApplicationContext.refresh(AbstractApplicationContext.java:545) ~[spring-context-4.3.4.RELEASE.jar:4.3.4.RELEASE]
	at org.springframework.boot.SpringApplication.refresh(SpringApplication.java:766) ~[spring-boot-1.3.3.RELEASE.jar:1.3.3.RELEASE]
	at org.springframework.boot.SpringApplication.createAndRefreshContext(SpringApplication.java:361) ~[spring-boot-1.3.3.RELEASE.jar:1.3.3.RELEASE]
	at org.springframework.boot.SpringApplication.run(SpringApplication.java:307) ~[spring-boot-1.3.3.RELEASE.jar:1.3.3.RELEASE]
	at org.springframework.boot.test.SpringApplicationContextLoader.loadContext(SpringApplicationContextLoader.java:98) ~[spring-boot-1.3.3.RELEASE.jar:1.3.3.RELEASE]
	at org.springframework.test.context.cache.DefaultCacheAwareContextLoaderDelegate.loadContextInternal(DefaultCacheAwareContextLoaderDelegate.java:98) ~[spring-test-4.3.4.RELEASE.jar:4.3.4.RELEASE]
	at org.springframework.test.context.cache.DefaultCacheAwareContextLoaderDelegate.loadContext(DefaultCacheAwareContextLoaderDelegate.java:116) ~[spring-test-4.3.4.RELEASE.jar:4.3.4.RELEASE]
	... 31 common frames omitted
Caused by: org.apache.camel.FailedToCreateRouteException: Failed to create route route24 at: >>> Choice[[When[{header{action} == all} -> [To[GetAllATMs]]], When[{header{action} == inCity} -> [To[GetAllATMsInCity]]]]] <<< in route: Route(route24)[[From[direct:call]] -> [SetBody[{null}], Choi... because of No endpoint could be found for: GetAllATMs, please check your classpath contains the needed Camel component jar.
	at org.apache.camel.model.RouteDefinition.addRoutes(RouteDefinition.java:1072) ~[camel-core-2.17.2.jar:2.17.2]
	at org.apache.camel.model.RouteDefinition.addRoutes(RouteDefinition.java:196) ~[camel-core-2.17.2.jar:2.17.2]
	at org.apache.camel.impl.DefaultCamelContext.startRoute(DefaultCamelContext.java:974) ~[camel-core-2.17.2.jar:2.17.2]
	at org.apache.camel.impl.DefaultCamelContext.startRouteDefinitions(DefaultCamelContext.java:3301) ~[camel-core-2.17.2.jar:2.17.2]
	at org.apache.camel.impl.DefaultCamelContext.doStartCamel(DefaultCamelContext.java:3024) ~[camel-core-2.17.2.jar:2.17.2]
	at org.apache.camel.impl.DefaultCamelContext.access$000(DefaultCamelContext.java:175) ~[camel-core-2.17.2.jar:2.17.2]
	at org.apache.camel.impl.DefaultCamelContext$2.call(DefaultCamelContext.java:2854) ~[camel-core-2.17.2.jar:2.17.2]
	at org.apache.camel.impl.DefaultCamelContext$2.call(DefaultCamelContext.java:2850) ~[camel-core-2.17.2.jar:2.17.2]
	at org.apache.camel.impl.DefaultCamelContext.doWithDefinedClassLoader(DefaultCamelContext.java:2873) ~[camel-core-2.17.2.jar:2.17.2]
	at org.apache.camel.impl.DefaultCamelContext.doStart(DefaultCamelContext.java:2850) ~[camel-core-2.17.2.jar:2.17.2]
	at org.apache.camel.support.ServiceSupport.start(ServiceSupport.java:61) ~[camel-core-2.17.2.jar:2.17.2]
	at org.apache.camel.impl.DefaultCamelContext.start(DefaultCamelContext.java:2819) ~[camel-core-2.17.2.jar:2.17.2]
	at org.apache.camel.spring.boot.RoutesCollector.onApplicationEvent(RoutesCollector.java:116) ~[camel-spring-boot-2.17.0.jar:2.17.0]
	... 44 common frames omitted
Caused by: org.apache.camel.NoSuchEndpointException: No endpoint could be found for: GetAllATMs, please check your classpath contains the needed Camel component jar.
	at org.apache.camel.util.CamelContextHelper.getMandatoryEndpoint(CamelContextHelper.java:81) ~[camel-core-2.17.2.jar:2.17.2]
	at org.apache.camel.model.RouteDefinition.resolveEndpoint(RouteDefinition.java:211) ~[camel-core-2.17.2.jar:2.17.2]
	at org.apache.camel.impl.DefaultRouteContext.resolveEndpoint(DefaultRouteContext.java:107) ~[camel-core-2.17.2.jar:2.17.2]
	at org.apache.camel.impl.DefaultRouteContext.resolveEndpoint(DefaultRouteContext.java:113) ~[camel-core-2.17.2.jar:2.17.2]
	at org.apache.camel.model.SendDefinition.resolveEndpoint(SendDefinition.java:62) ~[camel-core-2.17.2.jar:2.17.2]
	at org.apache.camel.model.SendDefinition.createProcessor(SendDefinition.java:56) ~[camel-core-2.17.2.jar:2.17.2]
	at org.apache.camel.model.ProcessorDefinition.createProcessor(ProcessorDefinition.java:483) ~[camel-core-2.17.2.jar:2.17.2]
	at org.apache.camel.model.ProcessorDefinition.createOutputsProcessorImpl(ProcessorDefinition.java:446) ~[camel-core-2.17.2.jar:2.17.2]
	at org.apache.camel.model.ProcessorDefinition.createOutputsProcessor(ProcessorDefinition.java:413) ~[camel-core-2.17.2.jar:2.17.2]
	at org.apache.camel.model.ProcessorDefinition.createOutputsProcessor(ProcessorDefinition.java:165) ~[camel-core-2.17.2.jar:2.17.2]
	at org.apache.camel.model.ExpressionNode.createFilterProcessor(ExpressionNode.java:109) ~[camel-core-2.17.2.jar:2.17.2]
	at org.apache.camel.model.WhenDefinition.createProcessor(WhenDefinition.java:74) ~[camel-core-2.17.2.jar:2.17.2]
	at org.apache.camel.model.WhenDefinition.createProcessor(WhenDefinition.java:32) ~[camel-core-2.17.2.jar:2.17.2]
	at org.apache.camel.model.ProcessorDefinition.createProcessor(ProcessorDefinition.java:483) ~[camel-core-2.17.2.jar:2.17.2]
	at org.apache.camel.model.ChoiceDefinition.createProcessor(ChoiceDefinition.java:135) ~[camel-core-2.17.2.jar:2.17.2]
	at org.apache.camel.model.ProcessorDefinition.makeProcessorImpl(ProcessorDefinition.java:534) ~[camel-core-2.17.2.jar:2.17.2]
	at org.apache.camel.model.ProcessorDefinition.makeProcessor(ProcessorDefinition.java:495) ~[camel-core-2.17.2.jar:2.17.2]
	at org.apache.camel.model.ProcessorDefinition.addRoutes(ProcessorDefinition.java:219) ~[camel-core-2.17.2.jar:2.17.2]
	at org.apache.camel.model.RouteDefinition.addRoutes(RouteDefinition.java:1069) ~[camel-core-2.17.2.jar:2.17.2]
	... 56 common frames omitted

]]></system-out>
  </testcase>
  <testcase name="testBadUsername" classname="com.ing.custom.simple.SimpleAuthenticationProviderTest" time="0">
    <error message="Failed to load ApplicationContext" type="java.lang.IllegalStateException">java.lang.IllegalStateException: Failed to load ApplicationContext
	at org.apache.camel.util.CamelContextHelper.getMandatoryEndpoint(CamelContextHelper.java:81)
	at org.apache.camel.model.RouteDefinition.resolveEndpoint(RouteDefinition.java:211)
	at org.apache.camel.impl.DefaultRouteContext.resolveEndpoint(DefaultRouteContext.java:107)
	at org.apache.camel.impl.DefaultRouteContext.resolveEndpoint(DefaultRouteContext.java:113)
	at org.apache.camel.model.SendDefinition.resolveEndpoint(SendDefinition.java:62)
	at org.apache.camel.model.SendDefinition.createProcessor(SendDefinition.java:56)
	at org.apache.camel.model.ProcessorDefinition.createProcessor(ProcessorDefinition.java:483)
	at org.apache.camel.model.ProcessorDefinition.createOutputsProcessorImpl(ProcessorDefinition.java:446)
	at org.apache.camel.model.ProcessorDefinition.createOutputsProcessor(ProcessorDefinition.java:413)
	at org.apache.camel.model.ProcessorDefinition.createOutputsProcessor(ProcessorDefinition.java:165)
	at org.apache.camel.model.ExpressionNode.createFilterProcessor(ExpressionNode.java:109)
	at org.apache.camel.model.WhenDefinition.createProcessor(WhenDefinition.java:74)
	at org.apache.camel.model.WhenDefinition.createProcessor(WhenDefinition.java:32)
	at org.apache.camel.model.ProcessorDefinition.createProcessor(ProcessorDefinition.java:483)
	at org.apache.camel.model.ChoiceDefinition.createProcessor(ChoiceDefinition.java:135)
	at org.apache.camel.model.ProcessorDefinition.makeProcessorImpl(ProcessorDefinition.java:534)
	at org.apache.camel.model.ProcessorDefinition.makeProcessor(ProcessorDefinition.java:495)
	at org.apache.camel.model.ProcessorDefinition.addRoutes(ProcessorDefinition.java:219)
	at org.apache.camel.model.RouteDefinition.addRoutes(RouteDefinition.java:1069)
	at org.apache.camel.model.RouteDefinition.addRoutes(RouteDefinition.java:196)
	at org.apache.camel.impl.DefaultCamelContext.startRoute(DefaultCamelContext.java:974)
	at org.apache.camel.impl.DefaultCamelContext.startRouteDefinitions(DefaultCamelContext.java:3301)
	at org.apache.camel.impl.DefaultCamelContext.doStartCamel(DefaultCamelContext.java:3024)
	at org.apache.camel.impl.DefaultCamelContext.access$000(DefaultCamelContext.java:175)
	at org.apache.camel.impl.DefaultCamelContext$2.call(DefaultCamelContext.java:2854)
	at org.apache.camel.impl.DefaultCamelContext$2.call(DefaultCamelContext.java:2850)
	at org.apache.camel.impl.DefaultCamelContext.doWithDefinedClassLoader(DefaultCamelContext.java:2873)
	at org.apache.camel.impl.DefaultCamelContext.doStart(DefaultCamelContext.java:2850)
	at org.apache.camel.support.ServiceSupport.start(ServiceSupport.java:61)
	at org.apache.camel.impl.DefaultCamelContext.start(DefaultCamelContext.java:2819)
	at org.apache.camel.spring.boot.RoutesCollector.onApplicationEvent(RoutesCollector.java:116)
	at org.apache.camel.spring.boot.RoutesCollector.onApplicationEvent(RoutesCollector.java:41)
	at org.springframework.context.event.SimpleApplicationEventMulticaster.invokeListener(SimpleApplicationEventMulticaster.java:166)
	at org.springframework.context.event.SimpleApplicationEventMulticaster.multicastEvent(SimpleApplicationEventMulticaster.java:138)
	at org.springframework.context.support.AbstractApplicationContext.publishEvent(AbstractApplicationContext.java:383)
	at org.springframework.context.support.AbstractApplicationContext.publishEvent(AbstractApplicationContext.java:337)
	at org.springframework.context.support.AbstractApplicationContext.finishRefresh(AbstractApplicationContext.java:882)
	at org.springframework.context.support.AbstractApplicationContext.refresh(AbstractApplicationContext.java:545)
	at org.springframework.boot.SpringApplication.refresh(SpringApplication.java:766)
	at org.springframework.boot.SpringApplication.createAndRefreshContext(SpringApplication.java:361)
	at org.springframework.boot.SpringApplication.run(SpringApplication.java:307)
	at org.springframework.boot.test.SpringApplicationContextLoader.loadContext(SpringApplicationContextLoader.java:98)
	at org.springframework.test.context.cache.DefaultCacheAwareContextLoaderDelegate.loadContextInternal(DefaultCacheAwareContextLoaderDelegate.java:98)
	at org.springframework.test.context.cache.DefaultCacheAwareContextLoaderDelegate.loadContext(DefaultCacheAwareContextLoaderDelegate.java:116)
	at org.springframework.test.context.support.DefaultTestContext.getApplicationContext(DefaultTestContext.java:83)
	at org.springframework.test.context.web.ServletTestExecutionListener.setUpRequestContextIfNecessary(ServletTestExecutionListener.java:189)
	at org.springframework.test.context.web.ServletTestExecutionListener.prepareTestInstance(ServletTestExecutionListener.java:131)
	at org.springframework.test.context.TestContextManager.prepareTestInstance(TestContextManager.java:230)
	at org.springframework.test.context.junit4.SpringJUnit4ClassRunner.createTest(SpringJUnit4ClassRunner.java:228)
	at org.springframework.test.context.junit4.SpringJUnit4ClassRunner$1.runReflectiveCall(SpringJUnit4ClassRunner.java:287)
	at org.junit.internal.runners.model.ReflectiveCallable.run(ReflectiveCallable.java:12)
	at org.springframework.test.context.junit4.SpringJUnit4ClassRunner.methodBlock(SpringJUnit4ClassRunner.java:289)
	at org.springframework.test.context.junit4.SpringJUnit4ClassRunner.runChild(SpringJUnit4ClassRunner.java:247)
	at org.springframework.test.context.junit4.SpringJUnit4ClassRunner.runChild(SpringJUnit4ClassRunner.java:94)
	at org.junit.runners.ParentRunner$3.run(ParentRunner.java:290)
	at org.junit.runners.ParentRunner$1.schedule(ParentRunner.java:71)
	at org.junit.runners.ParentRunner.runChildren(ParentRunner.java:288)
	at org.junit.runners.ParentRunner.access$000(ParentRunner.java:58)
	at org.junit.runners.ParentRunner$2.evaluate(ParentRunner.java:268)
	at org.springframework.test.context.junit4.statements.RunBeforeTestClassCallbacks.evaluate(RunBeforeTestClassCallbacks.java:61)
	at org.springframework.test.context.junit4.statements.RunAfterTestClassCallbacks.evaluate(RunAfterTestClassCallbacks.java:70)
	at org.junit.runners.ParentRunner.run(ParentRunner.java:363)
	at org.springframework.test.context.junit4.SpringJUnit4ClassRunner.run(SpringJUnit4ClassRunner.java:191)
	at org.apache.maven.surefire.junit4.JUnit4Provider.execute(JUnit4Provider.java:264)
	at org.apache.maven.surefire.junit4.JUnit4Provider.executeTestSet(JUnit4Provider.java:153)
	at org.apache.maven.surefire.junit4.JUnit4Provider.invoke(JUnit4Provider.java:124)
	at sun.reflect.NativeMethodAccessorImpl.invoke0(Native Method)
	at sun.reflect.NativeMethodAccessorImpl.invoke(NativeMethodAccessorImpl.java:62)
	at sun.reflect.DelegatingMethodAccessorImpl.invoke(DelegatingMethodAccessorImpl.java:43)
	at java.lang.reflect.Method.invoke(Method.java:498)
	at org.apache.maven.surefire.util.ReflectionUtils.invokeMethodWithArray2(ReflectionUtils.java:208)
	at org.apache.maven.surefire.booter.ProviderFactory$ProviderProxy.invoke(ProviderFactory.java:159)
	at org.apache.maven.surefire.booter.ProviderFactory.invokeProvider(ProviderFactory.java:87)
	at org.apache.maven.surefire.booter.ForkedBooter.runSuitesInProcess(ForkedBooter.java:153)
	at org.apache.maven.surefire.booter.ForkedBooter.main(ForkedBooter.java:95)
</error>
    <system-out><![CDATA[
  .   ____          _            __ _ _
 /\\ / ___'_ __ _ _(_)_ __  __ _ \ \ \ \
( ( )\___ | '_ | '_| | '_ \/ _` | \ \ \ \
 \\/  ___)| |_)| | | | | || (_| |  ) ) ) )
  '  |____| .__|_| |_|_| |_\__, | / / / /
 =========|_|==============|___/=/_/_/_/
 :: Spring Boot ::        (v1.3.3.RELEASE)

2017-04-10 19:13:12.821  INFO 8220 --- [           main] c.i.c.s.SimpleAuthenticationProviderTest : Starting SimpleAuthenticationProviderTest on PPL882039FC with PID 8220 (C:\Users\normsby\Documents\NetBeansProjects\ING_ATM_Locator\target\test-classes started by normsby in C:\Users\normsby\Documents\NetBeansProjects\ING_ATM_Locator)
2017-04-10 19:13:12.821  INFO 8220 --- [           main] c.i.c.s.SimpleAuthenticationProviderTest : No active profile set, falling back to default profiles: default
2017-04-10 19:13:12.831  INFO 8220 --- [           main] o.s.w.c.s.GenericWebApplicationContext   : Refreshing org.springframework.web.context.support.GenericWebApplicationContext@38b568f: startup date [Mon Apr 10 19:13:12 EDT 2017]; root of context hierarchy
2017-04-10 19:13:13.291  INFO 8220 --- [           main] trationDelegate$BeanPostProcessorChecker : Bean 'org.springframework.security.config.annotation.configuration.ObjectPostProcessorConfiguration' of type [class org.springframework.security.config.annotation.configuration.ObjectPostProcessorConfiguration$$EnhancerBySpringCGLIB$$da46e5e5] is not eligible for getting processed by all BeanPostProcessors (for example: not eligible for auto-proxying)
2017-04-10 19:13:13.301  INFO 8220 --- [           main] trationDelegate$BeanPostProcessorChecker : Bean 'objectPostProcessor' of type [class org.springframework.security.config.annotation.configuration.AutowireBeanFactoryObjectPostProcessor] is not eligible for getting processed by all BeanPostProcessors (for example: not eligible for auto-proxying)
2017-04-10 19:13:13.301  INFO 8220 --- [           main] trationDelegate$BeanPostProcessorChecker : Bean 'org.springframework.security.access.expression.method.DefaultMethodSecurityExpressionHandler@5c1318be' of type [class org.springframework.security.access.expression.method.DefaultMethodSecurityExpressionHandler] is not eligible for getting processed by all BeanPostProcessors (for example: not eligible for auto-proxying)
2017-04-10 19:13:13.301  INFO 8220 --- [           main] trationDelegate$BeanPostProcessorChecker : Bean 'org.springframework.security.config.annotation.method.configuration.GlobalMethodSecurityConfiguration' of type [class org.springframework.security.config.annotation.method.configuration.GlobalMethodSecurityConfiguration$$EnhancerBySpringCGLIB$$ff1b8897] is not eligible for getting processed by all BeanPostProcessors (for example: not eligible for auto-proxying)
2017-04-10 19:13:13.301  INFO 8220 --- [           main] trationDelegate$BeanPostProcessorChecker : Bean 'methodSecurityMetadataSource' of type [class org.springframework.security.access.method.DelegatingMethodSecurityMetadataSource] is not eligible for getting processed by all BeanPostProcessors (for example: not eligible for auto-proxying)
2017-04-10 19:13:13.311  INFO 8220 --- [           main] trationDelegate$BeanPostProcessorChecker : Bean 'org.apache.camel.spring.boot.CamelAutoConfiguration' of type [class org.apache.camel.spring.boot.CamelAutoConfiguration$$EnhancerBySpringCGLIB$$63c2e3ca] is not eligible for getting processed by all BeanPostProcessors (for example: not eligible for auto-proxying)
2017-04-10 19:13:13.781  INFO 8220 --- [           main] o.s.s.web.DefaultSecurityFilterChain     : Creating filter chain: org.springframework.security.web.util.matcher.AnyRequestMatcher@1, [org.springframework.security.web.context.request.async.WebAsyncManagerIntegrationFilter@53ebdeac, org.springframework.security.web.context.SecurityContextPersistenceFilter@1503d32, org.springframework.security.web.header.HeaderWriterFilter@320f3ae7, org.springframework.security.web.csrf.CsrfFilter@11252b76, org.springframework.security.web.authentication.logout.LogoutFilter@3588bba, org.springframework.security.web.authentication.UsernamePasswordAuthenticationFilter@46d514cd, org.springframework.security.web.savedrequest.RequestCacheAwareFilter@47ad16f7, org.springframework.security.web.servletapi.SecurityContextHolderAwareRequestFilter@c3ec4e7, org.springframework.security.web.authentication.AnonymousAuthenticationFilter@5cb33571, org.springframework.security.web.session.SessionManagementFilter@3916cffd, org.springframework.security.web.access.ExceptionTranslationFilter@25fc78ef, org.springframework.security.web.access.intercept.FilterSecurityInterceptor@7be3679b]
2017-04-10 19:13:13.901  INFO 8220 --- [           main] s.w.s.m.m.a.RequestMappingHandlerAdapter : Looking for @ControllerAdvice: org.springframework.web.context.support.GenericWebApplicationContext@38b568f: startup date [Mon Apr 10 19:13:12 EDT 2017]; root of context hierarchy
2017-04-10 19:13:13.921  INFO 8220 --- [           main] s.w.s.m.m.a.RequestMappingHandlerMapping : Mapped "{[/error]}" onto public java.lang.String com.ing.error.CustomErrorController.customError(org.springframework.ui.Model,javax.servlet.http.HttpServletRequest)
2017-04-10 19:13:13.921  INFO 8220 --- [           main] s.w.s.m.m.a.RequestMappingHandlerMapping : Mapped "{[/403]}" onto public java.lang.String com.ing.error.CustomErrorController.unauthorised(org.springframework.ui.Model,javax.servlet.http.HttpServletRequest)
2017-04-10 19:13:13.921  INFO 8220 --- [           main] s.w.s.m.m.a.RequestMappingHandlerMapping : Mapped "{[/index],methods=[GET]}" onto public java.lang.String com.ing.web.MainController.index()
2017-04-10 19:13:13.921  INFO 8220 --- [           main] s.w.s.m.m.a.RequestMappingHandlerMapping : Mapped "{[/],methods=[GET]}" onto public java.lang.String com.ing.web.MainController.root()
2017-04-10 19:13:13.921  INFO 8220 --- [           main] s.w.s.m.m.a.RequestMappingHandlerMapping : Mapped "{[/login-error],methods=[GET]}" onto public java.lang.String com.ing.web.MainController.loginError(org.springframework.ui.Model)
2017-04-10 19:13:13.921  INFO 8220 --- [           main] s.w.s.m.m.a.RequestMappingHandlerMapping : Mapped "{[/login],methods=[GET]}" onto public java.lang.String com.ing.web.MainController.login()
2017-04-10 19:13:13.921  INFO 8220 --- [           main] s.w.s.m.m.a.RequestMappingHandlerMapping : Mapped "{[/admin/index],methods=[GET]}" onto public java.lang.String com.ing.web.MainController.adminIndex()
2017-04-10 19:13:13.921  INFO 8220 --- [           main] s.w.s.m.m.a.RequestMappingHandlerMapping : Mapped "{[/user/index],methods=[GET]}" onto public java.lang.String com.ing.web.MainController.userIndex()
2017-04-10 19:13:13.921  INFO 8220 --- [           main] s.w.s.m.m.a.RequestMappingHandlerMapping : Mapped "{[/public/index],methods=[GET]}" onto public java.lang.String com.ing.web.MainController.publicIndex()
2017-04-10 19:13:13.921  INFO 8220 --- [           main] s.w.s.m.m.a.RequestMappingHandlerMapping : Mapped "{[/extra/index],methods=[GET]}" onto public java.lang.String com.ing.web.MainController.extraIndex()
2017-04-10 19:13:13.921  INFO 8220 --- [           main] s.w.s.m.m.a.RequestMappingHandlerMapping : Mapped "{[/tags/index],methods=[GET]}" onto public java.lang.String com.ing.web.SecurityTagController.index(org.springframework.security.core.userdetails.User)
2017-04-10 19:13:13.921  INFO 8220 --- [           main] s.w.s.m.m.a.RequestMappingHandlerMapping : Mapped "{[/tags/admin/index],methods=[GET]}" onto public java.lang.String com.ing.web.SecurityTagController.adminIndex(org.springframework.security.core.userdetails.User)
2017-04-10 19:13:13.921  INFO 8220 --- [           main] s.w.s.m.m.a.RequestMappingHandlerMapping : Mapped "{[/tags/extra/index],methods=[GET]}" onto public java.lang.String com.ing.web.SecurityTagController.extraUser(org.springframework.security.core.userdetails.User)
2017-04-10 19:13:13.921  INFO 8220 --- [           main] s.w.s.m.m.a.RequestMappingHandlerMapping : Mapped "{[/tags/user/index],methods=[GET]}" onto public java.lang.String com.ing.web.SecurityTagController.userIndex(org.springframework.security.core.userdetails.User)
2017-04-10 19:13:14.011  INFO 8220 --- [           main] o.s.w.s.handler.SimpleUrlHandlerMapping  : Mapped URL path [/webjars/**] onto handler of type [class org.springframework.web.servlet.resource.ResourceHttpRequestHandler]
2017-04-10 19:13:14.011  INFO 8220 --- [           main] o.s.w.s.handler.SimpleUrlHandlerMapping  : Mapped URL path [/**] onto handler of type [class org.springframework.web.servlet.resource.ResourceHttpRequestHandler]
2017-04-10 19:13:14.051  INFO 8220 --- [           main] o.s.w.s.handler.SimpleUrlHandlerMapping  : Mapped URL path [/**/favicon.ico] onto handler of type [class org.springframework.web.servlet.resource.ResourceHttpRequestHandler]
2017-04-10 19:13:14.131  INFO 8220 --- [           main] o.a.c.i.converter.DefaultTypeConverter   : Loaded 191 type converters
2017-04-10 19:13:14.241  INFO 8220 --- [           main] o.a.camel.spring.boot.RoutesCollector    : Loading additional Camel XML routes from: classpath:camel/*.xml
2017-04-10 19:13:14.241  INFO 8220 --- [           main] o.a.camel.spring.boot.RoutesCollector    : Loading additional Camel XML rests from: classpath:camel-rest/*.xml
2017-04-10 19:13:14.241  INFO 8220 --- [           main] o.a.camel.spring.SpringCamelContext      : Apache Camel 2.17.2 (CamelContext: camel-9) is starting
2017-04-10 19:13:14.241  INFO 8220 --- [           main] o.a.c.m.ManagedManagementStrategy        : JMX is enabled
2017-04-10 19:13:14.251  INFO 8220 --- [           main] o.a.c.i.DefaultRuntimeEndpointRegistry   : Runtime endpoint registry is in extended mode gathering usage statistics of all incoming and outgoing endpoints (cache limit: 1000)
2017-04-10 19:13:14.291  INFO 8220 --- [           main] o.a.camel.spring.SpringCamelContext      : Apache Camel 2.17.2 (CamelContext: camel-9) is shutting down
2017-04-10 19:13:14.291  INFO 8220 --- [           main] o.a.camel.spring.SpringCamelContext      : Apache Camel 2.17.2 (CamelContext: camel-9) uptime 0.050 seconds
2017-04-10 19:13:14.291  INFO 8220 --- [           main] o.a.camel.spring.SpringCamelContext      : Apache Camel 2.17.2 (CamelContext: camel-9) is shutdown in 0.000 seconds
2017-04-10 19:13:14.291 ERROR 8220 --- [           main] o.s.boot.SpringApplication               : Application startup failed

org.apache.camel.spring.boot.CamelSpringBootInitializationException: org.apache.camel.FailedToCreateRouteException: Failed to create route route27 at: >>> Choice[[When[{header{action} == all} -> [To[GetAllATMs]]], When[{header{action} == inCity} -> [To[GetAllATMsInCity]]]]] <<< in route: Route(route27)[[From[direct:call]] -> [SetBody[{null}], Choi... because of No endpoint could be found for: GetAllATMs, please check your classpath contains the needed Camel component jar.
	at org.apache.camel.spring.boot.RoutesCollector.onApplicationEvent(RoutesCollector.java:126) ~[camel-spring-boot-2.17.0.jar:2.17.0]
	at org.apache.camel.spring.boot.RoutesCollector.onApplicationEvent(RoutesCollector.java:41) ~[camel-spring-boot-2.17.0.jar:2.17.0]
	at org.springframework.context.event.SimpleApplicationEventMulticaster.invokeListener(SimpleApplicationEventMulticaster.java:166) ~[spring-context-4.3.4.RELEASE.jar:4.3.4.RELEASE]
	at org.springframework.context.event.SimpleApplicationEventMulticaster.multicastEvent(SimpleApplicationEventMulticaster.java:138) ~[spring-context-4.3.4.RELEASE.jar:4.3.4.RELEASE]
	at org.springframework.context.support.AbstractApplicationContext.publishEvent(AbstractApplicationContext.java:383) ~[spring-context-4.3.4.RELEASE.jar:4.3.4.RELEASE]
	at org.springframework.context.support.AbstractApplicationContext.publishEvent(AbstractApplicationContext.java:337) ~[spring-context-4.3.4.RELEASE.jar:4.3.4.RELEASE]
	at org.springframework.context.support.AbstractApplicationContext.finishRefresh(AbstractApplicationContext.java:882) ~[spring-context-4.3.4.RELEASE.jar:4.3.4.RELEASE]
	at org.springframework.context.support.AbstractApplicationContext.refresh(AbstractApplicationContext.java:545) ~[spring-context-4.3.4.RELEASE.jar:4.3.4.RELEASE]
	at org.springframework.boot.SpringApplication.refresh(SpringApplication.java:766) ~[spring-boot-1.3.3.RELEASE.jar:1.3.3.RELEASE]
	at org.springframework.boot.SpringApplication.createAndRefreshContext(SpringApplication.java:361) ~[spring-boot-1.3.3.RELEASE.jar:1.3.3.RELEASE]
	at org.springframework.boot.SpringApplication.run(SpringApplication.java:307) ~[spring-boot-1.3.3.RELEASE.jar:1.3.3.RELEASE]
	at org.springframework.boot.test.SpringApplicationContextLoader.loadContext(SpringApplicationContextLoader.java:98) [spring-boot-1.3.3.RELEASE.jar:1.3.3.RELEASE]
	at org.springframework.test.context.cache.DefaultCacheAwareContextLoaderDelegate.loadContextInternal(DefaultCacheAwareContextLoaderDelegate.java:98) [spring-test-4.3.4.RELEASE.jar:4.3.4.RELEASE]
	at org.springframework.test.context.cache.DefaultCacheAwareContextLoaderDelegate.loadContext(DefaultCacheAwareContextLoaderDelegate.java:116) [spring-test-4.3.4.RELEASE.jar:4.3.4.RELEASE]
	at org.springframework.test.context.support.DefaultTestContext.getApplicationContext(DefaultTestContext.java:83) [spring-test-4.3.4.RELEASE.jar:4.3.4.RELEASE]
	at org.springframework.test.context.web.ServletTestExecutionListener.setUpRequestContextIfNecessary(ServletTestExecutionListener.java:189) [spring-test-4.3.4.RELEASE.jar:4.3.4.RELEASE]
	at org.springframework.test.context.web.ServletTestExecutionListener.prepareTestInstance(ServletTestExecutionListener.java:131) [spring-test-4.3.4.RELEASE.jar:4.3.4.RELEASE]
	at org.springframework.test.context.TestContextManager.prepareTestInstance(TestContextManager.java:230) [spring-test-4.3.4.RELEASE.jar:4.3.4.RELEASE]
	at org.springframework.test.context.junit4.SpringJUnit4ClassRunner.createTest(SpringJUnit4ClassRunner.java:228) [spring-test-4.3.4.RELEASE.jar:4.3.4.RELEASE]
	at org.springframework.test.context.junit4.SpringJUnit4ClassRunner$1.runReflectiveCall(SpringJUnit4ClassRunner.java:287) [spring-test-4.3.4.RELEASE.jar:4.3.4.RELEASE]
	at org.junit.internal.runners.model.ReflectiveCallable.run(ReflectiveCallable.java:12) [junit-4.12.jar:4.12]
	at org.springframework.test.context.junit4.SpringJUnit4ClassRunner.methodBlock(SpringJUnit4ClassRunner.java:289) [spring-test-4.3.4.RELEASE.jar:4.3.4.RELEASE]
	at org.springframework.test.context.junit4.SpringJUnit4ClassRunner.runChild(SpringJUnit4ClassRunner.java:247) [spring-test-4.3.4.RELEASE.jar:4.3.4.RELEASE]
	at org.springframework.test.context.junit4.SpringJUnit4ClassRunner.runChild(SpringJUnit4ClassRunner.java:94) [spring-test-4.3.4.RELEASE.jar:4.3.4.RELEASE]
	at org.junit.runners.ParentRunner$3.run(ParentRunner.java:290) [junit-4.12.jar:4.12]
	at org.junit.runners.ParentRunner$1.schedule(ParentRunner.java:71) [junit-4.12.jar:4.12]
	at org.junit.runners.ParentRunner.runChildren(ParentRunner.java:288) [junit-4.12.jar:4.12]
	at org.junit.runners.ParentRunner.access$000(ParentRunner.java:58) [junit-4.12.jar:4.12]
	at org.junit.runners.ParentRunner$2.evaluate(ParentRunner.java:268) [junit-4.12.jar:4.12]
	at org.springframework.test.context.junit4.statements.RunBeforeTestClassCallbacks.evaluate(RunBeforeTestClassCallbacks.java:61) [spring-test-4.3.4.RELEASE.jar:4.3.4.RELEASE]
	at org.springframework.test.context.junit4.statements.RunAfterTestClassCallbacks.evaluate(RunAfterTestClassCallbacks.java:70) [spring-test-4.3.4.RELEASE.jar:4.3.4.RELEASE]
	at org.junit.runners.ParentRunner.run(ParentRunner.java:363) [junit-4.12.jar:4.12]
	at org.springframework.test.context.junit4.SpringJUnit4ClassRunner.run(SpringJUnit4ClassRunner.java:191) [spring-test-4.3.4.RELEASE.jar:4.3.4.RELEASE]
	at org.apache.maven.surefire.junit4.JUnit4Provider.execute(JUnit4Provider.java:264) [surefire-junit4-2.14.1.jar:2.14.1]
	at org.apache.maven.surefire.junit4.JUnit4Provider.executeTestSet(JUnit4Provider.java:153) [surefire-junit4-2.14.1.jar:2.14.1]
	at org.apache.maven.surefire.junit4.JUnit4Provider.invoke(JUnit4Provider.java:124) [surefire-junit4-2.14.1.jar:2.14.1]
	at sun.reflect.NativeMethodAccessorImpl.invoke0(Native Method) ~[na:1.8.0_121]
	at sun.reflect.NativeMethodAccessorImpl.invoke(NativeMethodAccessorImpl.java:62) ~[na:1.8.0_121]
	at sun.reflect.DelegatingMethodAccessorImpl.invoke(DelegatingMethodAccessorImpl.java:43) ~[na:1.8.0_121]
	at java.lang.reflect.Method.invoke(Method.java:498) ~[na:1.8.0_121]
	at org.apache.maven.surefire.util.ReflectionUtils.invokeMethodWithArray2(ReflectionUtils.java:208) [surefire-api-2.14.1.jar:2.14.1]
	at org.apache.maven.surefire.booter.ProviderFactory$ProviderProxy.invoke(ProviderFactory.java:159) [surefire-booter-2.14.1.jar:2.14.1]
	at org.apache.maven.surefire.booter.ProviderFactory.invokeProvider(ProviderFactory.java:87) [surefire-booter-2.14.1.jar:2.14.1]
	at org.apache.maven.surefire.booter.ForkedBooter.runSuitesInProcess(ForkedBooter.java:153) [surefire-booter-2.14.1.jar:2.14.1]
	at org.apache.maven.surefire.booter.ForkedBooter.main(ForkedBooter.java:95) [surefire-booter-2.14.1.jar:2.14.1]
Caused by: org.apache.camel.FailedToCreateRouteException: Failed to create route route27 at: >>> Choice[[When[{header{action} == all} -> [To[GetAllATMs]]], When[{header{action} == inCity} -> [To[GetAllATMsInCity]]]]] <<< in route: Route(route27)[[From[direct:call]] -> [SetBody[{null}], Choi... because of No endpoint could be found for: GetAllATMs, please check your classpath contains the needed Camel component jar.
	at org.apache.camel.model.RouteDefinition.addRoutes(RouteDefinition.java:1072) ~[camel-core-2.17.2.jar:2.17.2]
	at org.apache.camel.model.RouteDefinition.addRoutes(RouteDefinition.java:196) ~[camel-core-2.17.2.jar:2.17.2]
	at org.apache.camel.impl.DefaultCamelContext.startRoute(DefaultCamelContext.java:974) ~[camel-core-2.17.2.jar:2.17.2]
	at org.apache.camel.impl.DefaultCamelContext.startRouteDefinitions(DefaultCamelContext.java:3301) ~[camel-core-2.17.2.jar:2.17.2]
	at org.apache.camel.impl.DefaultCamelContext.doStartCamel(DefaultCamelContext.java:3024) ~[camel-core-2.17.2.jar:2.17.2]
	at org.apache.camel.impl.DefaultCamelContext.access$000(DefaultCamelContext.java:175) ~[camel-core-2.17.2.jar:2.17.2]
	at org.apache.camel.impl.DefaultCamelContext$2.call(DefaultCamelContext.java:2854) ~[camel-core-2.17.2.jar:2.17.2]
	at org.apache.camel.impl.DefaultCamelContext$2.call(DefaultCamelContext.java:2850) ~[camel-core-2.17.2.jar:2.17.2]
	at org.apache.camel.impl.DefaultCamelContext.doWithDefinedClassLoader(DefaultCamelContext.java:2873) ~[camel-core-2.17.2.jar:2.17.2]
	at org.apache.camel.impl.DefaultCamelContext.doStart(DefaultCamelContext.java:2850) ~[camel-core-2.17.2.jar:2.17.2]
	at org.apache.camel.support.ServiceSupport.start(ServiceSupport.java:61) ~[camel-core-2.17.2.jar:2.17.2]
	at org.apache.camel.impl.DefaultCamelContext.start(DefaultCamelContext.java:2819) ~[camel-core-2.17.2.jar:2.17.2]
	at org.apache.camel.spring.boot.RoutesCollector.onApplicationEvent(RoutesCollector.java:116) ~[camel-spring-boot-2.17.0.jar:2.17.0]
	... 44 common frames omitted
Caused by: org.apache.camel.NoSuchEndpointException: No endpoint could be found for: GetAllATMs, please check your classpath contains the needed Camel component jar.
	at org.apache.camel.util.CamelContextHelper.getMandatoryEndpoint(CamelContextHelper.java:81) ~[camel-core-2.17.2.jar:2.17.2]
	at org.apache.camel.model.RouteDefinition.resolveEndpoint(RouteDefinition.java:211) ~[camel-core-2.17.2.jar:2.17.2]
	at org.apache.camel.impl.DefaultRouteContext.resolveEndpoint(DefaultRouteContext.java:107) ~[camel-core-2.17.2.jar:2.17.2]
	at org.apache.camel.impl.DefaultRouteContext.resolveEndpoint(DefaultRouteContext.java:113) ~[camel-core-2.17.2.jar:2.17.2]
	at org.apache.camel.model.SendDefinition.resolveEndpoint(SendDefinition.java:62) ~[camel-core-2.17.2.jar:2.17.2]
	at org.apache.camel.model.SendDefinition.createProcessor(SendDefinition.java:56) ~[camel-core-2.17.2.jar:2.17.2]
	at org.apache.camel.model.ProcessorDefinition.createProcessor(ProcessorDefinition.java:483) ~[camel-core-2.17.2.jar:2.17.2]
	at org.apache.camel.model.ProcessorDefinition.createOutputsProcessorImpl(ProcessorDefinition.java:446) ~[camel-core-2.17.2.jar:2.17.2]
	at org.apache.camel.model.ProcessorDefinition.createOutputsProcessor(ProcessorDefinition.java:413) ~[camel-core-2.17.2.jar:2.17.2]
	at org.apache.camel.model.ProcessorDefinition.createOutputsProcessor(ProcessorDefinition.java:165) ~[camel-core-2.17.2.jar:2.17.2]
	at org.apache.camel.model.ExpressionNode.createFilterProcessor(ExpressionNode.java:109) ~[camel-core-2.17.2.jar:2.17.2]
	at org.apache.camel.model.WhenDefinition.createProcessor(WhenDefinition.java:74) ~[camel-core-2.17.2.jar:2.17.2]
	at org.apache.camel.model.WhenDefinition.createProcessor(WhenDefinition.java:32) ~[camel-core-2.17.2.jar:2.17.2]
	at org.apache.camel.model.ProcessorDefinition.createProcessor(ProcessorDefinition.java:483) ~[camel-core-2.17.2.jar:2.17.2]
	at org.apache.camel.model.ChoiceDefinition.createProcessor(ChoiceDefinition.java:135) ~[camel-core-2.17.2.jar:2.17.2]
	at org.apache.camel.model.ProcessorDefinition.makeProcessorImpl(ProcessorDefinition.java:534) ~[camel-core-2.17.2.jar:2.17.2]
	at org.apache.camel.model.ProcessorDefinition.makeProcessor(ProcessorDefinition.java:495) ~[camel-core-2.17.2.jar:2.17.2]
	at org.apache.camel.model.ProcessorDefinition.addRoutes(ProcessorDefinition.java:219) ~[camel-core-2.17.2.jar:2.17.2]
	at org.apache.camel.model.RouteDefinition.addRoutes(RouteDefinition.java:1069) ~[camel-core-2.17.2.jar:2.17.2]
	... 56 common frames omitted

2017-04-10 19:13:14.291  INFO 8220 --- [           main] .b.l.ClasspathLoggingApplicationListener : Application failed to start with classpath: [file:/C:/Users/normsby/Documents/NetBeansProjects/ING_ATM_Locator/target/surefire/surefirebooter5636998128895282040.jar, file:/C:/Users/normsby/.m2/repository/org/jacoco/org.jacoco.agent/0.7.5.201505241946/org.jacoco.agent-0.7.5.201505241946-runtime.jar]
2017-04-10 19:13:14.301 ERROR 8220 --- [           main] o.s.test.context.TestContextManager      : Caught exception while allowing TestExecutionListener [org.springframework.test.context.web.ServletTestExecutionListener@45cee004] to prepare test instance [com.ing.custom.simple.SimpleAuthenticationProviderTest@6c9ad5ce]

java.lang.IllegalStateException: Failed to load ApplicationContext
	at org.springframework.test.context.cache.DefaultCacheAwareContextLoaderDelegate.loadContext(DefaultCacheAwareContextLoaderDelegate.java:124) ~[spring-test-4.3.4.RELEASE.jar:4.3.4.RELEASE]
	at org.springframework.test.context.support.DefaultTestContext.getApplicationContext(DefaultTestContext.java:83) ~[spring-test-4.3.4.RELEASE.jar:4.3.4.RELEASE]
	at org.springframework.test.context.web.ServletTestExecutionListener.setUpRequestContextIfNecessary(ServletTestExecutionListener.java:189) ~[spring-test-4.3.4.RELEASE.jar:4.3.4.RELEASE]
	at org.springframework.test.context.web.ServletTestExecutionListener.prepareTestInstance(ServletTestExecutionListener.java:131) ~[spring-test-4.3.4.RELEASE.jar:4.3.4.RELEASE]
	at org.springframework.test.context.TestContextManager.prepareTestInstance(TestContextManager.java:230) ~[spring-test-4.3.4.RELEASE.jar:4.3.4.RELEASE]
	at org.springframework.test.context.junit4.SpringJUnit4ClassRunner.createTest(SpringJUnit4ClassRunner.java:228) [spring-test-4.3.4.RELEASE.jar:4.3.4.RELEASE]
	at org.springframework.test.context.junit4.SpringJUnit4ClassRunner$1.runReflectiveCall(SpringJUnit4ClassRunner.java:287) [spring-test-4.3.4.RELEASE.jar:4.3.4.RELEASE]
	at org.junit.internal.runners.model.ReflectiveCallable.run(ReflectiveCallable.java:12) [junit-4.12.jar:4.12]
	at org.springframework.test.context.junit4.SpringJUnit4ClassRunner.methodBlock(SpringJUnit4ClassRunner.java:289) [spring-test-4.3.4.RELEASE.jar:4.3.4.RELEASE]
	at org.springframework.test.context.junit4.SpringJUnit4ClassRunner.runChild(SpringJUnit4ClassRunner.java:247) [spring-test-4.3.4.RELEASE.jar:4.3.4.RELEASE]
	at org.springframework.test.context.junit4.SpringJUnit4ClassRunner.runChild(SpringJUnit4ClassRunner.java:94) [spring-test-4.3.4.RELEASE.jar:4.3.4.RELEASE]
	at org.junit.runners.ParentRunner$3.run(ParentRunner.java:290) [junit-4.12.jar:4.12]
	at org.junit.runners.ParentRunner$1.schedule(ParentRunner.java:71) [junit-4.12.jar:4.12]
	at org.junit.runners.ParentRunner.runChildren(ParentRunner.java:288) [junit-4.12.jar:4.12]
	at org.junit.runners.ParentRunner.access$000(ParentRunner.java:58) [junit-4.12.jar:4.12]
	at org.junit.runners.ParentRunner$2.evaluate(ParentRunner.java:268) [junit-4.12.jar:4.12]
	at org.springframework.test.context.junit4.statements.RunBeforeTestClassCallbacks.evaluate(RunBeforeTestClassCallbacks.java:61) [spring-test-4.3.4.RELEASE.jar:4.3.4.RELEASE]
	at org.springframework.test.context.junit4.statements.RunAfterTestClassCallbacks.evaluate(RunAfterTestClassCallbacks.java:70) [spring-test-4.3.4.RELEASE.jar:4.3.4.RELEASE]
	at org.junit.runners.ParentRunner.run(ParentRunner.java:363) [junit-4.12.jar:4.12]
	at org.springframework.test.context.junit4.SpringJUnit4ClassRunner.run(SpringJUnit4ClassRunner.java:191) [spring-test-4.3.4.RELEASE.jar:4.3.4.RELEASE]
	at org.apache.maven.surefire.junit4.JUnit4Provider.execute(JUnit4Provider.java:264) [surefire-junit4-2.14.1.jar:2.14.1]
	at org.apache.maven.surefire.junit4.JUnit4Provider.executeTestSet(JUnit4Provider.java:153) [surefire-junit4-2.14.1.jar:2.14.1]
	at org.apache.maven.surefire.junit4.JUnit4Provider.invoke(JUnit4Provider.java:124) [surefire-junit4-2.14.1.jar:2.14.1]
	at sun.reflect.NativeMethodAccessorImpl.invoke0(Native Method) ~[na:1.8.0_121]
	at sun.reflect.NativeMethodAccessorImpl.invoke(NativeMethodAccessorImpl.java:62) ~[na:1.8.0_121]
	at sun.reflect.DelegatingMethodAccessorImpl.invoke(DelegatingMethodAccessorImpl.java:43) ~[na:1.8.0_121]
	at java.lang.reflect.Method.invoke(Method.java:498) ~[na:1.8.0_121]
	at org.apache.maven.surefire.util.ReflectionUtils.invokeMethodWithArray2(ReflectionUtils.java:208) [surefire-api-2.14.1.jar:2.14.1]
	at org.apache.maven.surefire.booter.ProviderFactory$ProviderProxy.invoke(ProviderFactory.java:159) [surefire-booter-2.14.1.jar:2.14.1]
	at org.apache.maven.surefire.booter.ProviderFactory.invokeProvider(ProviderFactory.java:87) [surefire-booter-2.14.1.jar:2.14.1]
	at org.apache.maven.surefire.booter.ForkedBooter.runSuitesInProcess(ForkedBooter.java:153) [surefire-booter-2.14.1.jar:2.14.1]
	at org.apache.maven.surefire.booter.ForkedBooter.main(ForkedBooter.java:95) [surefire-booter-2.14.1.jar:2.14.1]
Caused by: org.apache.camel.spring.boot.CamelSpringBootInitializationException: org.apache.camel.FailedToCreateRouteException: Failed to create route route27 at: >>> Choice[[When[{header{action} == all} -> [To[GetAllATMs]]], When[{header{action} == inCity} -> [To[GetAllATMsInCity]]]]] <<< in route: Route(route27)[[From[direct:call]] -> [SetBody[{null}], Choi... because of No endpoint could be found for: GetAllATMs, please check your classpath contains the needed Camel component jar.
	at org.apache.camel.spring.boot.RoutesCollector.onApplicationEvent(RoutesCollector.java:126) ~[camel-spring-boot-2.17.0.jar:2.17.0]
	at org.apache.camel.spring.boot.RoutesCollector.onApplicationEvent(RoutesCollector.java:41) ~[camel-spring-boot-2.17.0.jar:2.17.0]
	at org.springframework.context.event.SimpleApplicationEventMulticaster.invokeListener(SimpleApplicationEventMulticaster.java:166) ~[spring-context-4.3.4.RELEASE.jar:4.3.4.RELEASE]
	at org.springframework.context.event.SimpleApplicationEventMulticaster.multicastEvent(SimpleApplicationEventMulticaster.java:138) ~[spring-context-4.3.4.RELEASE.jar:4.3.4.RELEASE]
	at org.springframework.context.support.AbstractApplicationContext.publishEvent(AbstractApplicationContext.java:383) ~[spring-context-4.3.4.RELEASE.jar:4.3.4.RELEASE]
	at org.springframework.context.support.AbstractApplicationContext.publishEvent(AbstractApplicationContext.java:337) ~[spring-context-4.3.4.RELEASE.jar:4.3.4.RELEASE]
	at org.springframework.context.support.AbstractApplicationContext.finishRefresh(AbstractApplicationContext.java:882) ~[spring-context-4.3.4.RELEASE.jar:4.3.4.RELEASE]
	at org.springframework.context.support.AbstractApplicationContext.refresh(AbstractApplicationContext.java:545) ~[spring-context-4.3.4.RELEASE.jar:4.3.4.RELEASE]
	at org.springframework.boot.SpringApplication.refresh(SpringApplication.java:766) ~[spring-boot-1.3.3.RELEASE.jar:1.3.3.RELEASE]
	at org.springframework.boot.SpringApplication.createAndRefreshContext(SpringApplication.java:361) ~[spring-boot-1.3.3.RELEASE.jar:1.3.3.RELEASE]
	at org.springframework.boot.SpringApplication.run(SpringApplication.java:307) ~[spring-boot-1.3.3.RELEASE.jar:1.3.3.RELEASE]
	at org.springframework.boot.test.SpringApplicationContextLoader.loadContext(SpringApplicationContextLoader.java:98) ~[spring-boot-1.3.3.RELEASE.jar:1.3.3.RELEASE]
	at org.springframework.test.context.cache.DefaultCacheAwareContextLoaderDelegate.loadContextInternal(DefaultCacheAwareContextLoaderDelegate.java:98) ~[spring-test-4.3.4.RELEASE.jar:4.3.4.RELEASE]
	at org.springframework.test.context.cache.DefaultCacheAwareContextLoaderDelegate.loadContext(DefaultCacheAwareContextLoaderDelegate.java:116) ~[spring-test-4.3.4.RELEASE.jar:4.3.4.RELEASE]
	... 31 common frames omitted
Caused by: org.apache.camel.FailedToCreateRouteException: Failed to create route route27 at: >>> Choice[[When[{header{action} == all} -> [To[GetAllATMs]]], When[{header{action} == inCity} -> [To[GetAllATMsInCity]]]]] <<< in route: Route(route27)[[From[direct:call]] -> [SetBody[{null}], Choi... because of No endpoint could be found for: GetAllATMs, please check your classpath contains the needed Camel component jar.
	at org.apache.camel.model.RouteDefinition.addRoutes(RouteDefinition.java:1072) ~[camel-core-2.17.2.jar:2.17.2]
	at org.apache.camel.model.RouteDefinition.addRoutes(RouteDefinition.java:196) ~[camel-core-2.17.2.jar:2.17.2]
	at org.apache.camel.impl.DefaultCamelContext.startRoute(DefaultCamelContext.java:974) ~[camel-core-2.17.2.jar:2.17.2]
	at org.apache.camel.impl.DefaultCamelContext.startRouteDefinitions(DefaultCamelContext.java:3301) ~[camel-core-2.17.2.jar:2.17.2]
	at org.apache.camel.impl.DefaultCamelContext.doStartCamel(DefaultCamelContext.java:3024) ~[camel-core-2.17.2.jar:2.17.2]
	at org.apache.camel.impl.DefaultCamelContext.access$000(DefaultCamelContext.java:175) ~[camel-core-2.17.2.jar:2.17.2]
	at org.apache.camel.impl.DefaultCamelContext$2.call(DefaultCamelContext.java:2854) ~[camel-core-2.17.2.jar:2.17.2]
	at org.apache.camel.impl.DefaultCamelContext$2.call(DefaultCamelContext.java:2850) ~[camel-core-2.17.2.jar:2.17.2]
	at org.apache.camel.impl.DefaultCamelContext.doWithDefinedClassLoader(DefaultCamelContext.java:2873) ~[camel-core-2.17.2.jar:2.17.2]
	at org.apache.camel.impl.DefaultCamelContext.doStart(DefaultCamelContext.java:2850) ~[camel-core-2.17.2.jar:2.17.2]
	at org.apache.camel.support.ServiceSupport.start(ServiceSupport.java:61) ~[camel-core-2.17.2.jar:2.17.2]
	at org.apache.camel.impl.DefaultCamelContext.start(DefaultCamelContext.java:2819) ~[camel-core-2.17.2.jar:2.17.2]
	at org.apache.camel.spring.boot.RoutesCollector.onApplicationEvent(RoutesCollector.java:116) ~[camel-spring-boot-2.17.0.jar:2.17.0]
	... 44 common frames omitted
Caused by: org.apache.camel.NoSuchEndpointException: No endpoint could be found for: GetAllATMs, please check your classpath contains the needed Camel component jar.
	at org.apache.camel.util.CamelContextHelper.getMandatoryEndpoint(CamelContextHelper.java:81) ~[camel-core-2.17.2.jar:2.17.2]
	at org.apache.camel.model.RouteDefinition.resolveEndpoint(RouteDefinition.java:211) ~[camel-core-2.17.2.jar:2.17.2]
	at org.apache.camel.impl.DefaultRouteContext.resolveEndpoint(DefaultRouteContext.java:107) ~[camel-core-2.17.2.jar:2.17.2]
	at org.apache.camel.impl.DefaultRouteContext.resolveEndpoint(DefaultRouteContext.java:113) ~[camel-core-2.17.2.jar:2.17.2]
	at org.apache.camel.model.SendDefinition.resolveEndpoint(SendDefinition.java:62) ~[camel-core-2.17.2.jar:2.17.2]
	at org.apache.camel.model.SendDefinition.createProcessor(SendDefinition.java:56) ~[camel-core-2.17.2.jar:2.17.2]
	at org.apache.camel.model.ProcessorDefinition.createProcessor(ProcessorDefinition.java:483) ~[camel-core-2.17.2.jar:2.17.2]
	at org.apache.camel.model.ProcessorDefinition.createOutputsProcessorImpl(ProcessorDefinition.java:446) ~[camel-core-2.17.2.jar:2.17.2]
	at org.apache.camel.model.ProcessorDefinition.createOutputsProcessor(ProcessorDefinition.java:413) ~[camel-core-2.17.2.jar:2.17.2]
	at org.apache.camel.model.ProcessorDefinition.createOutputsProcessor(ProcessorDefinition.java:165) ~[camel-core-2.17.2.jar:2.17.2]
	at org.apache.camel.model.ExpressionNode.createFilterProcessor(ExpressionNode.java:109) ~[camel-core-2.17.2.jar:2.17.2]
	at org.apache.camel.model.WhenDefinition.createProcessor(WhenDefinition.java:74) ~[camel-core-2.17.2.jar:2.17.2]
	at org.apache.camel.model.WhenDefinition.createProcessor(WhenDefinition.java:32) ~[camel-core-2.17.2.jar:2.17.2]
	at org.apache.camel.model.ProcessorDefinition.createProcessor(ProcessorDefinition.java:483) ~[camel-core-2.17.2.jar:2.17.2]
	at org.apache.camel.model.ChoiceDefinition.createProcessor(ChoiceDefinition.java:135) ~[camel-core-2.17.2.jar:2.17.2]
	at org.apache.camel.model.ProcessorDefinition.makeProcessorImpl(ProcessorDefinition.java:534) ~[camel-core-2.17.2.jar:2.17.2]
	at org.apache.camel.model.ProcessorDefinition.makeProcessor(ProcessorDefinition.java:495) ~[camel-core-2.17.2.jar:2.17.2]
	at org.apache.camel.model.ProcessorDefinition.addRoutes(ProcessorDefinition.java:219) ~[camel-core-2.17.2.jar:2.17.2]
	at org.apache.camel.model.RouteDefinition.addRoutes(RouteDefinition.java:1069) ~[camel-core-2.17.2.jar:2.17.2]
	... 56 common frames omitted

]]></system-out>
  </testcase>
  <testcase name="whenSupportsWithIncorrectClassThenFalse" classname="com.ing.custom.simple.SimpleAuthenticationProviderTest" time="0">
    <error message="Failed to load ApplicationContext" type="java.lang.IllegalStateException">java.lang.IllegalStateException: Failed to load ApplicationContext
	at org.apache.camel.util.CamelContextHelper.getMandatoryEndpoint(CamelContextHelper.java:81)
	at org.apache.camel.model.RouteDefinition.resolveEndpoint(RouteDefinition.java:211)
	at org.apache.camel.impl.DefaultRouteContext.resolveEndpoint(DefaultRouteContext.java:107)
	at org.apache.camel.impl.DefaultRouteContext.resolveEndpoint(DefaultRouteContext.java:113)
	at org.apache.camel.model.SendDefinition.resolveEndpoint(SendDefinition.java:62)
	at org.apache.camel.model.SendDefinition.createProcessor(SendDefinition.java:56)
	at org.apache.camel.model.ProcessorDefinition.createProcessor(ProcessorDefinition.java:483)
	at org.apache.camel.model.ProcessorDefinition.createOutputsProcessorImpl(ProcessorDefinition.java:446)
	at org.apache.camel.model.ProcessorDefinition.createOutputsProcessor(ProcessorDefinition.java:413)
	at org.apache.camel.model.ProcessorDefinition.createOutputsProcessor(ProcessorDefinition.java:165)
	at org.apache.camel.model.ExpressionNode.createFilterProcessor(ExpressionNode.java:109)
	at org.apache.camel.model.WhenDefinition.createProcessor(WhenDefinition.java:74)
	at org.apache.camel.model.WhenDefinition.createProcessor(WhenDefinition.java:32)
	at org.apache.camel.model.ProcessorDefinition.createProcessor(ProcessorDefinition.java:483)
	at org.apache.camel.model.ChoiceDefinition.createProcessor(ChoiceDefinition.java:135)
	at org.apache.camel.model.ProcessorDefinition.makeProcessorImpl(ProcessorDefinition.java:534)
	at org.apache.camel.model.ProcessorDefinition.makeProcessor(ProcessorDefinition.java:495)
	at org.apache.camel.model.ProcessorDefinition.addRoutes(ProcessorDefinition.java:219)
	at org.apache.camel.model.RouteDefinition.addRoutes(RouteDefinition.java:1069)
	at org.apache.camel.model.RouteDefinition.addRoutes(RouteDefinition.java:196)
	at org.apache.camel.impl.DefaultCamelContext.startRoute(DefaultCamelContext.java:974)
	at org.apache.camel.impl.DefaultCamelContext.startRouteDefinitions(DefaultCamelContext.java:3301)
	at org.apache.camel.impl.DefaultCamelContext.doStartCamel(DefaultCamelContext.java:3024)
	at org.apache.camel.impl.DefaultCamelContext.access$000(DefaultCamelContext.java:175)
	at org.apache.camel.impl.DefaultCamelContext$2.call(DefaultCamelContext.java:2854)
	at org.apache.camel.impl.DefaultCamelContext$2.call(DefaultCamelContext.java:2850)
	at org.apache.camel.impl.DefaultCamelContext.doWithDefinedClassLoader(DefaultCamelContext.java:2873)
	at org.apache.camel.impl.DefaultCamelContext.doStart(DefaultCamelContext.java:2850)
	at org.apache.camel.support.ServiceSupport.start(ServiceSupport.java:61)
	at org.apache.camel.impl.DefaultCamelContext.start(DefaultCamelContext.java:2819)
	at org.apache.camel.spring.boot.RoutesCollector.onApplicationEvent(RoutesCollector.java:116)
	at org.apache.camel.spring.boot.RoutesCollector.onApplicationEvent(RoutesCollector.java:41)
	at org.springframework.context.event.SimpleApplicationEventMulticaster.invokeListener(SimpleApplicationEventMulticaster.java:166)
	at org.springframework.context.event.SimpleApplicationEventMulticaster.multicastEvent(SimpleApplicationEventMulticaster.java:138)
	at org.springframework.context.support.AbstractApplicationContext.publishEvent(AbstractApplicationContext.java:383)
	at org.springframework.context.support.AbstractApplicationContext.publishEvent(AbstractApplicationContext.java:337)
	at org.springframework.context.support.AbstractApplicationContext.finishRefresh(AbstractApplicationContext.java:882)
	at org.springframework.context.support.AbstractApplicationContext.refresh(AbstractApplicationContext.java:545)
	at org.springframework.boot.SpringApplication.refresh(SpringApplication.java:766)
	at org.springframework.boot.SpringApplication.createAndRefreshContext(SpringApplication.java:361)
	at org.springframework.boot.SpringApplication.run(SpringApplication.java:307)
	at org.springframework.boot.test.SpringApplicationContextLoader.loadContext(SpringApplicationContextLoader.java:98)
	at org.springframework.test.context.cache.DefaultCacheAwareContextLoaderDelegate.loadContextInternal(DefaultCacheAwareContextLoaderDelegate.java:98)
	at org.springframework.test.context.cache.DefaultCacheAwareContextLoaderDelegate.loadContext(DefaultCacheAwareContextLoaderDelegate.java:116)
	at org.springframework.test.context.support.DefaultTestContext.getApplicationContext(DefaultTestContext.java:83)
	at org.springframework.test.context.web.ServletTestExecutionListener.setUpRequestContextIfNecessary(ServletTestExecutionListener.java:189)
	at org.springframework.test.context.web.ServletTestExecutionListener.prepareTestInstance(ServletTestExecutionListener.java:131)
	at org.springframework.test.context.TestContextManager.prepareTestInstance(TestContextManager.java:230)
	at org.springframework.test.context.junit4.SpringJUnit4ClassRunner.createTest(SpringJUnit4ClassRunner.java:228)
	at org.springframework.test.context.junit4.SpringJUnit4ClassRunner$1.runReflectiveCall(SpringJUnit4ClassRunner.java:287)
	at org.junit.internal.runners.model.ReflectiveCallable.run(ReflectiveCallable.java:12)
	at org.springframework.test.context.junit4.SpringJUnit4ClassRunner.methodBlock(SpringJUnit4ClassRunner.java:289)
	at org.springframework.test.context.junit4.SpringJUnit4ClassRunner.runChild(SpringJUnit4ClassRunner.java:247)
	at org.springframework.test.context.junit4.SpringJUnit4ClassRunner.runChild(SpringJUnit4ClassRunner.java:94)
	at org.junit.runners.ParentRunner$3.run(ParentRunner.java:290)
	at org.junit.runners.ParentRunner$1.schedule(ParentRunner.java:71)
	at org.junit.runners.ParentRunner.runChildren(ParentRunner.java:288)
	at org.junit.runners.ParentRunner.access$000(ParentRunner.java:58)
	at org.junit.runners.ParentRunner$2.evaluate(ParentRunner.java:268)
	at org.springframework.test.context.junit4.statements.RunBeforeTestClassCallbacks.evaluate(RunBeforeTestClassCallbacks.java:61)
	at org.springframework.test.context.junit4.statements.RunAfterTestClassCallbacks.evaluate(RunAfterTestClassCallbacks.java:70)
	at org.junit.runners.ParentRunner.run(ParentRunner.java:363)
	at org.springframework.test.context.junit4.SpringJUnit4ClassRunner.run(SpringJUnit4ClassRunner.java:191)
	at org.apache.maven.surefire.junit4.JUnit4Provider.execute(JUnit4Provider.java:264)
	at org.apache.maven.surefire.junit4.JUnit4Provider.executeTestSet(JUnit4Provider.java:153)
	at org.apache.maven.surefire.junit4.JUnit4Provider.invoke(JUnit4Provider.java:124)
	at sun.reflect.NativeMethodAccessorImpl.invoke0(Native Method)
	at sun.reflect.NativeMethodAccessorImpl.invoke(NativeMethodAccessorImpl.java:62)
	at sun.reflect.DelegatingMethodAccessorImpl.invoke(DelegatingMethodAccessorImpl.java:43)
	at java.lang.reflect.Method.invoke(Method.java:498)
	at org.apache.maven.surefire.util.ReflectionUtils.invokeMethodWithArray2(ReflectionUtils.java:208)
	at org.apache.maven.surefire.booter.ProviderFactory$ProviderProxy.invoke(ProviderFactory.java:159)
	at org.apache.maven.surefire.booter.ProviderFactory.invokeProvider(ProviderFactory.java:87)
	at org.apache.maven.surefire.booter.ForkedBooter.runSuitesInProcess(ForkedBooter.java:153)
	at org.apache.maven.surefire.booter.ForkedBooter.main(ForkedBooter.java:95)
</error>
    <system-out><![CDATA[
  .   ____          _            __ _ _
 /\\ / ___'_ __ _ _(_)_ __  __ _ \ \ \ \
( ( )\___ | '_ | '_| | '_ \/ _` | \ \ \ \
 \\/  ___)| |_)| | | | | || (_| |  ) ) ) )
  '  |____| .__|_| |_|_| |_\__, | / / / /
 =========|_|==============|___/=/_/_/_/
 :: Spring Boot ::        (v1.3.3.RELEASE)

2017-04-10 19:13:14.351  INFO 8220 --- [           main] c.i.c.s.SimpleAuthenticationProviderTest : Starting SimpleAuthenticationProviderTest on PPL882039FC with PID 8220 (C:\Users\normsby\Documents\NetBeansProjects\ING_ATM_Locator\target\test-classes started by normsby in C:\Users\normsby\Documents\NetBeansProjects\ING_ATM_Locator)
2017-04-10 19:13:14.351  INFO 8220 --- [           main] c.i.c.s.SimpleAuthenticationProviderTest : No active profile set, falling back to default profiles: default
2017-04-10 19:13:14.361  INFO 8220 --- [           main] o.s.w.c.s.GenericWebApplicationContext   : Refreshing org.springframework.web.context.support.GenericWebApplicationContext@31e483d4: startup date [Mon Apr 10 19:13:14 EDT 2017]; root of context hierarchy
2017-04-10 19:13:14.761  INFO 8220 --- [           main] trationDelegate$BeanPostProcessorChecker : Bean 'org.springframework.security.config.annotation.configuration.ObjectPostProcessorConfiguration' of type [class org.springframework.security.config.annotation.configuration.ObjectPostProcessorConfiguration$$EnhancerBySpringCGLIB$$da46e5e5] is not eligible for getting processed by all BeanPostProcessors (for example: not eligible for auto-proxying)
2017-04-10 19:13:14.761  INFO 8220 --- [           main] trationDelegate$BeanPostProcessorChecker : Bean 'objectPostProcessor' of type [class org.springframework.security.config.annotation.configuration.AutowireBeanFactoryObjectPostProcessor] is not eligible for getting processed by all BeanPostProcessors (for example: not eligible for auto-proxying)
2017-04-10 19:13:14.761  INFO 8220 --- [           main] trationDelegate$BeanPostProcessorChecker : Bean 'org.springframework.security.access.expression.method.DefaultMethodSecurityExpressionHandler@3afae00f' of type [class org.springframework.security.access.expression.method.DefaultMethodSecurityExpressionHandler] is not eligible for getting processed by all BeanPostProcessors (for example: not eligible for auto-proxying)
2017-04-10 19:13:14.771  INFO 8220 --- [           main] trationDelegate$BeanPostProcessorChecker : Bean 'org.springframework.security.config.annotation.method.configuration.GlobalMethodSecurityConfiguration' of type [class org.springframework.security.config.annotation.method.configuration.GlobalMethodSecurityConfiguration$$EnhancerBySpringCGLIB$$ff1b8897] is not eligible for getting processed by all BeanPostProcessors (for example: not eligible for auto-proxying)
2017-04-10 19:13:14.771  INFO 8220 --- [           main] trationDelegate$BeanPostProcessorChecker : Bean 'methodSecurityMetadataSource' of type [class org.springframework.security.access.method.DelegatingMethodSecurityMetadataSource] is not eligible for getting processed by all BeanPostProcessors (for example: not eligible for auto-proxying)
2017-04-10 19:13:14.771  INFO 8220 --- [           main] trationDelegate$BeanPostProcessorChecker : Bean 'org.apache.camel.spring.boot.CamelAutoConfiguration' of type [class org.apache.camel.spring.boot.CamelAutoConfiguration$$EnhancerBySpringCGLIB$$63c2e3ca] is not eligible for getting processed by all BeanPostProcessors (for example: not eligible for auto-proxying)
2017-04-10 19:13:15.202  INFO 8220 --- [           main] o.s.s.web.DefaultSecurityFilterChain     : Creating filter chain: org.springframework.security.web.util.matcher.AnyRequestMatcher@1, [org.springframework.security.web.context.request.async.WebAsyncManagerIntegrationFilter@5b85731b, org.springframework.security.web.context.SecurityContextPersistenceFilter@8ccb59e, org.springframework.security.web.header.HeaderWriterFilter@1ad39897, org.springframework.security.web.csrf.CsrfFilter@615cd808, org.springframework.security.web.authentication.logout.LogoutFilter@1d90ca85, org.springframework.security.web.authentication.UsernamePasswordAuthenticationFilter@4e8e025a, org.springframework.security.web.savedrequest.RequestCacheAwareFilter@2963bd14, org.springframework.security.web.servletapi.SecurityContextHolderAwareRequestFilter@2f729f8f, org.springframework.security.web.authentication.AnonymousAuthenticationFilter@b6f424a, org.springframework.security.web.session.SessionManagementFilter@fd7b0f4, org.springframework.security.web.access.ExceptionTranslationFilter@1436b704, org.springframework.security.web.access.intercept.FilterSecurityInterceptor@6b877761]
2017-04-10 19:13:15.304  INFO 8220 --- [           main] s.w.s.m.m.a.RequestMappingHandlerAdapter : Looking for @ControllerAdvice: org.springframework.web.context.support.GenericWebApplicationContext@31e483d4: startup date [Mon Apr 10 19:13:14 EDT 2017]; root of context hierarchy
2017-04-10 19:13:15.334  INFO 8220 --- [           main] s.w.s.m.m.a.RequestMappingHandlerMapping : Mapped "{[/error]}" onto public java.lang.String com.ing.error.CustomErrorController.customError(org.springframework.ui.Model,javax.servlet.http.HttpServletRequest)
2017-04-10 19:13:15.334  INFO 8220 --- [           main] s.w.s.m.m.a.RequestMappingHandlerMapping : Mapped "{[/403]}" onto public java.lang.String com.ing.error.CustomErrorController.unauthorised(org.springframework.ui.Model,javax.servlet.http.HttpServletRequest)
2017-04-10 19:13:15.334  INFO 8220 --- [           main] s.w.s.m.m.a.RequestMappingHandlerMapping : Mapped "{[/index],methods=[GET]}" onto public java.lang.String com.ing.web.MainController.index()
2017-04-10 19:13:15.334  INFO 8220 --- [           main] s.w.s.m.m.a.RequestMappingHandlerMapping : Mapped "{[/],methods=[GET]}" onto public java.lang.String com.ing.web.MainController.root()
2017-04-10 19:13:15.334  INFO 8220 --- [           main] s.w.s.m.m.a.RequestMappingHandlerMapping : Mapped "{[/login-error],methods=[GET]}" onto public java.lang.String com.ing.web.MainController.loginError(org.springframework.ui.Model)
2017-04-10 19:13:15.334  INFO 8220 --- [           main] s.w.s.m.m.a.RequestMappingHandlerMapping : Mapped "{[/login],methods=[GET]}" onto public java.lang.String com.ing.web.MainController.login()
2017-04-10 19:13:15.334  INFO 8220 --- [           main] s.w.s.m.m.a.RequestMappingHandlerMapping : Mapped "{[/admin/index],methods=[GET]}" onto public java.lang.String com.ing.web.MainController.adminIndex()
2017-04-10 19:13:15.334  INFO 8220 --- [           main] s.w.s.m.m.a.RequestMappingHandlerMapping : Mapped "{[/user/index],methods=[GET]}" onto public java.lang.String com.ing.web.MainController.userIndex()
2017-04-10 19:13:15.334  INFO 8220 --- [           main] s.w.s.m.m.a.RequestMappingHandlerMapping : Mapped "{[/public/index],methods=[GET]}" onto public java.lang.String com.ing.web.MainController.publicIndex()
2017-04-10 19:13:15.334  INFO 8220 --- [           main] s.w.s.m.m.a.RequestMappingHandlerMapping : Mapped "{[/extra/index],methods=[GET]}" onto public java.lang.String com.ing.web.MainController.extraIndex()
2017-04-10 19:13:15.334  INFO 8220 --- [           main] s.w.s.m.m.a.RequestMappingHandlerMapping : Mapped "{[/tags/index],methods=[GET]}" onto public java.lang.String com.ing.web.SecurityTagController.index(org.springframework.security.core.userdetails.User)
2017-04-10 19:13:15.334  INFO 8220 --- [           main] s.w.s.m.m.a.RequestMappingHandlerMapping : Mapped "{[/tags/admin/index],methods=[GET]}" onto public java.lang.String com.ing.web.SecurityTagController.adminIndex(org.springframework.security.core.userdetails.User)
2017-04-10 19:13:15.334  INFO 8220 --- [           main] s.w.s.m.m.a.RequestMappingHandlerMapping : Mapped "{[/tags/extra/index],methods=[GET]}" onto public java.lang.String com.ing.web.SecurityTagController.extraUser(org.springframework.security.core.userdetails.User)
2017-04-10 19:13:15.334  INFO 8220 --- [           main] s.w.s.m.m.a.RequestMappingHandlerMapping : Mapped "{[/tags/user/index],methods=[GET]}" onto public java.lang.String com.ing.web.SecurityTagController.userIndex(org.springframework.security.core.userdetails.User)
2017-04-10 19:13:15.424  INFO 8220 --- [           main] o.s.w.s.handler.SimpleUrlHandlerMapping  : Mapped URL path [/webjars/**] onto handler of type [class org.springframework.web.servlet.resource.ResourceHttpRequestHandler]
2017-04-10 19:13:15.424  INFO 8220 --- [           main] o.s.w.s.handler.SimpleUrlHandlerMapping  : Mapped URL path [/**] onto handler of type [class org.springframework.web.servlet.resource.ResourceHttpRequestHandler]
2017-04-10 19:13:15.454  INFO 8220 --- [           main] o.s.w.s.handler.SimpleUrlHandlerMapping  : Mapped URL path [/**/favicon.ico] onto handler of type [class org.springframework.web.servlet.resource.ResourceHttpRequestHandler]
2017-04-10 19:13:15.554  INFO 8220 --- [           main] o.a.c.i.converter.DefaultTypeConverter   : Loaded 191 type converters
2017-04-10 19:13:15.674  INFO 8220 --- [           main] o.a.camel.spring.boot.RoutesCollector    : Loading additional Camel XML routes from: classpath:camel/*.xml
2017-04-10 19:13:15.674  INFO 8220 --- [           main] o.a.camel.spring.boot.RoutesCollector    : Loading additional Camel XML rests from: classpath:camel-rest/*.xml
2017-04-10 19:13:15.674  INFO 8220 --- [           main] o.a.camel.spring.SpringCamelContext      : Apache Camel 2.17.2 (CamelContext: camel-10) is starting
2017-04-10 19:13:15.674  INFO 8220 --- [           main] o.a.c.m.ManagedManagementStrategy        : JMX is enabled
2017-04-10 19:13:15.684  INFO 8220 --- [           main] o.a.c.i.DefaultRuntimeEndpointRegistry   : Runtime endpoint registry is in extended mode gathering usage statistics of all incoming and outgoing endpoints (cache limit: 1000)
2017-04-10 19:13:15.714  INFO 8220 --- [           main] o.a.camel.spring.SpringCamelContext      : Apache Camel 2.17.2 (CamelContext: camel-10) is shutting down
2017-04-10 19:13:15.714  INFO 8220 --- [           main] o.a.camel.spring.SpringCamelContext      : Apache Camel 2.17.2 (CamelContext: camel-10) uptime 0.040 seconds
2017-04-10 19:13:15.714  INFO 8220 --- [           main] o.a.camel.spring.SpringCamelContext      : Apache Camel 2.17.2 (CamelContext: camel-10) is shutdown in 0.000 seconds
2017-04-10 19:13:15.714 ERROR 8220 --- [           main] o.s.boot.SpringApplication               : Application startup failed

org.apache.camel.spring.boot.CamelSpringBootInitializationException: org.apache.camel.FailedToCreateRouteException: Failed to create route route30 at: >>> Choice[[When[{header{action} == all} -> [To[GetAllATMs]]], When[{header{action} == inCity} -> [To[GetAllATMsInCity]]]]] <<< in route: Route(route30)[[From[direct:call]] -> [SetBody[{null}], Choi... because of No endpoint could be found for: GetAllATMs, please check your classpath contains the needed Camel component jar.
	at org.apache.camel.spring.boot.RoutesCollector.onApplicationEvent(RoutesCollector.java:126) ~[camel-spring-boot-2.17.0.jar:2.17.0]
	at org.apache.camel.spring.boot.RoutesCollector.onApplicationEvent(RoutesCollector.java:41) ~[camel-spring-boot-2.17.0.jar:2.17.0]
	at org.springframework.context.event.SimpleApplicationEventMulticaster.invokeListener(SimpleApplicationEventMulticaster.java:166) ~[spring-context-4.3.4.RELEASE.jar:4.3.4.RELEASE]
	at org.springframework.context.event.SimpleApplicationEventMulticaster.multicastEvent(SimpleApplicationEventMulticaster.java:138) ~[spring-context-4.3.4.RELEASE.jar:4.3.4.RELEASE]
	at org.springframework.context.support.AbstractApplicationContext.publishEvent(AbstractApplicationContext.java:383) ~[spring-context-4.3.4.RELEASE.jar:4.3.4.RELEASE]
	at org.springframework.context.support.AbstractApplicationContext.publishEvent(AbstractApplicationContext.java:337) ~[spring-context-4.3.4.RELEASE.jar:4.3.4.RELEASE]
	at org.springframework.context.support.AbstractApplicationContext.finishRefresh(AbstractApplicationContext.java:882) ~[spring-context-4.3.4.RELEASE.jar:4.3.4.RELEASE]
	at org.springframework.context.support.AbstractApplicationContext.refresh(AbstractApplicationContext.java:545) ~[spring-context-4.3.4.RELEASE.jar:4.3.4.RELEASE]
	at org.springframework.boot.SpringApplication.refresh(SpringApplication.java:766) ~[spring-boot-1.3.3.RELEASE.jar:1.3.3.RELEASE]
	at org.springframework.boot.SpringApplication.createAndRefreshContext(SpringApplication.java:361) ~[spring-boot-1.3.3.RELEASE.jar:1.3.3.RELEASE]
	at org.springframework.boot.SpringApplication.run(SpringApplication.java:307) ~[spring-boot-1.3.3.RELEASE.jar:1.3.3.RELEASE]
	at org.springframework.boot.test.SpringApplicationContextLoader.loadContext(SpringApplicationContextLoader.java:98) [spring-boot-1.3.3.RELEASE.jar:1.3.3.RELEASE]
	at org.springframework.test.context.cache.DefaultCacheAwareContextLoaderDelegate.loadContextInternal(DefaultCacheAwareContextLoaderDelegate.java:98) [spring-test-4.3.4.RELEASE.jar:4.3.4.RELEASE]
	at org.springframework.test.context.cache.DefaultCacheAwareContextLoaderDelegate.loadContext(DefaultCacheAwareContextLoaderDelegate.java:116) [spring-test-4.3.4.RELEASE.jar:4.3.4.RELEASE]
	at org.springframework.test.context.support.DefaultTestContext.getApplicationContext(DefaultTestContext.java:83) [spring-test-4.3.4.RELEASE.jar:4.3.4.RELEASE]
	at org.springframework.test.context.web.ServletTestExecutionListener.setUpRequestContextIfNecessary(ServletTestExecutionListener.java:189) [spring-test-4.3.4.RELEASE.jar:4.3.4.RELEASE]
	at org.springframework.test.context.web.ServletTestExecutionListener.prepareTestInstance(ServletTestExecutionListener.java:131) [spring-test-4.3.4.RELEASE.jar:4.3.4.RELEASE]
	at org.springframework.test.context.TestContextManager.prepareTestInstance(TestContextManager.java:230) [spring-test-4.3.4.RELEASE.jar:4.3.4.RELEASE]
	at org.springframework.test.context.junit4.SpringJUnit4ClassRunner.createTest(SpringJUnit4ClassRunner.java:228) [spring-test-4.3.4.RELEASE.jar:4.3.4.RELEASE]
	at org.springframework.test.context.junit4.SpringJUnit4ClassRunner$1.runReflectiveCall(SpringJUnit4ClassRunner.java:287) [spring-test-4.3.4.RELEASE.jar:4.3.4.RELEASE]
	at org.junit.internal.runners.model.ReflectiveCallable.run(ReflectiveCallable.java:12) [junit-4.12.jar:4.12]
	at org.springframework.test.context.junit4.SpringJUnit4ClassRunner.methodBlock(SpringJUnit4ClassRunner.java:289) [spring-test-4.3.4.RELEASE.jar:4.3.4.RELEASE]
	at org.springframework.test.context.junit4.SpringJUnit4ClassRunner.runChild(SpringJUnit4ClassRunner.java:247) [spring-test-4.3.4.RELEASE.jar:4.3.4.RELEASE]
	at org.springframework.test.context.junit4.SpringJUnit4ClassRunner.runChild(SpringJUnit4ClassRunner.java:94) [spring-test-4.3.4.RELEASE.jar:4.3.4.RELEASE]
	at org.junit.runners.ParentRunner$3.run(ParentRunner.java:290) [junit-4.12.jar:4.12]
	at org.junit.runners.ParentRunner$1.schedule(ParentRunner.java:71) [junit-4.12.jar:4.12]
	at org.junit.runners.ParentRunner.runChildren(ParentRunner.java:288) [junit-4.12.jar:4.12]
	at org.junit.runners.ParentRunner.access$000(ParentRunner.java:58) [junit-4.12.jar:4.12]
	at org.junit.runners.ParentRunner$2.evaluate(ParentRunner.java:268) [junit-4.12.jar:4.12]
	at org.springframework.test.context.junit4.statements.RunBeforeTestClassCallbacks.evaluate(RunBeforeTestClassCallbacks.java:61) [spring-test-4.3.4.RELEASE.jar:4.3.4.RELEASE]
	at org.springframework.test.context.junit4.statements.RunAfterTestClassCallbacks.evaluate(RunAfterTestClassCallbacks.java:70) [spring-test-4.3.4.RELEASE.jar:4.3.4.RELEASE]
	at org.junit.runners.ParentRunner.run(ParentRunner.java:363) [junit-4.12.jar:4.12]
	at org.springframework.test.context.junit4.SpringJUnit4ClassRunner.run(SpringJUnit4ClassRunner.java:191) [spring-test-4.3.4.RELEASE.jar:4.3.4.RELEASE]
	at org.apache.maven.surefire.junit4.JUnit4Provider.execute(JUnit4Provider.java:264) [surefire-junit4-2.14.1.jar:2.14.1]
	at org.apache.maven.surefire.junit4.JUnit4Provider.executeTestSet(JUnit4Provider.java:153) [surefire-junit4-2.14.1.jar:2.14.1]
	at org.apache.maven.surefire.junit4.JUnit4Provider.invoke(JUnit4Provider.java:124) [surefire-junit4-2.14.1.jar:2.14.1]
	at sun.reflect.NativeMethodAccessorImpl.invoke0(Native Method) ~[na:1.8.0_121]
	at sun.reflect.NativeMethodAccessorImpl.invoke(NativeMethodAccessorImpl.java:62) ~[na:1.8.0_121]
	at sun.reflect.DelegatingMethodAccessorImpl.invoke(DelegatingMethodAccessorImpl.java:43) ~[na:1.8.0_121]
	at java.lang.reflect.Method.invoke(Method.java:498) ~[na:1.8.0_121]
	at org.apache.maven.surefire.util.ReflectionUtils.invokeMethodWithArray2(ReflectionUtils.java:208) [surefire-api-2.14.1.jar:2.14.1]
	at org.apache.maven.surefire.booter.ProviderFactory$ProviderProxy.invoke(ProviderFactory.java:159) [surefire-booter-2.14.1.jar:2.14.1]
	at org.apache.maven.surefire.booter.ProviderFactory.invokeProvider(ProviderFactory.java:87) [surefire-booter-2.14.1.jar:2.14.1]
	at org.apache.maven.surefire.booter.ForkedBooter.runSuitesInProcess(ForkedBooter.java:153) [surefire-booter-2.14.1.jar:2.14.1]
	at org.apache.maven.surefire.booter.ForkedBooter.main(ForkedBooter.java:95) [surefire-booter-2.14.1.jar:2.14.1]
Caused by: org.apache.camel.FailedToCreateRouteException: Failed to create route route30 at: >>> Choice[[When[{header{action} == all} -> [To[GetAllATMs]]], When[{header{action} == inCity} -> [To[GetAllATMsInCity]]]]] <<< in route: Route(route30)[[From[direct:call]] -> [SetBody[{null}], Choi... because of No endpoint could be found for: GetAllATMs, please check your classpath contains the needed Camel component jar.
	at org.apache.camel.model.RouteDefinition.addRoutes(RouteDefinition.java:1072) ~[camel-core-2.17.2.jar:2.17.2]
	at org.apache.camel.model.RouteDefinition.addRoutes(RouteDefinition.java:196) ~[camel-core-2.17.2.jar:2.17.2]
	at org.apache.camel.impl.DefaultCamelContext.startRoute(DefaultCamelContext.java:974) ~[camel-core-2.17.2.jar:2.17.2]
	at org.apache.camel.impl.DefaultCamelContext.startRouteDefinitions(DefaultCamelContext.java:3301) ~[camel-core-2.17.2.jar:2.17.2]
	at org.apache.camel.impl.DefaultCamelContext.doStartCamel(DefaultCamelContext.java:3024) ~[camel-core-2.17.2.jar:2.17.2]
	at org.apache.camel.impl.DefaultCamelContext.access$000(DefaultCamelContext.java:175) ~[camel-core-2.17.2.jar:2.17.2]
	at org.apache.camel.impl.DefaultCamelContext$2.call(DefaultCamelContext.java:2854) ~[camel-core-2.17.2.jar:2.17.2]
	at org.apache.camel.impl.DefaultCamelContext$2.call(DefaultCamelContext.java:2850) ~[camel-core-2.17.2.jar:2.17.2]
	at org.apache.camel.impl.DefaultCamelContext.doWithDefinedClassLoader(DefaultCamelContext.java:2873) ~[camel-core-2.17.2.jar:2.17.2]
	at org.apache.camel.impl.DefaultCamelContext.doStart(DefaultCamelContext.java:2850) ~[camel-core-2.17.2.jar:2.17.2]
	at org.apache.camel.support.ServiceSupport.start(ServiceSupport.java:61) ~[camel-core-2.17.2.jar:2.17.2]
	at org.apache.camel.impl.DefaultCamelContext.start(DefaultCamelContext.java:2819) ~[camel-core-2.17.2.jar:2.17.2]
	at org.apache.camel.spring.boot.RoutesCollector.onApplicationEvent(RoutesCollector.java:116) ~[camel-spring-boot-2.17.0.jar:2.17.0]
	... 44 common frames omitted
Caused by: org.apache.camel.NoSuchEndpointException: No endpoint could be found for: GetAllATMs, please check your classpath contains the needed Camel component jar.
	at org.apache.camel.util.CamelContextHelper.getMandatoryEndpoint(CamelContextHelper.java:81) ~[camel-core-2.17.2.jar:2.17.2]
	at org.apache.camel.model.RouteDefinition.resolveEndpoint(RouteDefinition.java:211) ~[camel-core-2.17.2.jar:2.17.2]
	at org.apache.camel.impl.DefaultRouteContext.resolveEndpoint(DefaultRouteContext.java:107) ~[camel-core-2.17.2.jar:2.17.2]
	at org.apache.camel.impl.DefaultRouteContext.resolveEndpoint(DefaultRouteContext.java:113) ~[camel-core-2.17.2.jar:2.17.2]
	at org.apache.camel.model.SendDefinition.resolveEndpoint(SendDefinition.java:62) ~[camel-core-2.17.2.jar:2.17.2]
	at org.apache.camel.model.SendDefinition.createProcessor(SendDefinition.java:56) ~[camel-core-2.17.2.jar:2.17.2]
	at org.apache.camel.model.ProcessorDefinition.createProcessor(ProcessorDefinition.java:483) ~[camel-core-2.17.2.jar:2.17.2]
	at org.apache.camel.model.ProcessorDefinition.createOutputsProcessorImpl(ProcessorDefinition.java:446) ~[camel-core-2.17.2.jar:2.17.2]
	at org.apache.camel.model.ProcessorDefinition.createOutputsProcessor(ProcessorDefinition.java:413) ~[camel-core-2.17.2.jar:2.17.2]
	at org.apache.camel.model.ProcessorDefinition.createOutputsProcessor(ProcessorDefinition.java:165) ~[camel-core-2.17.2.jar:2.17.2]
	at org.apache.camel.model.ExpressionNode.createFilterProcessor(ExpressionNode.java:109) ~[camel-core-2.17.2.jar:2.17.2]
	at org.apache.camel.model.WhenDefinition.createProcessor(WhenDefinition.java:74) ~[camel-core-2.17.2.jar:2.17.2]
	at org.apache.camel.model.WhenDefinition.createProcessor(WhenDefinition.java:32) ~[camel-core-2.17.2.jar:2.17.2]
	at org.apache.camel.model.ProcessorDefinition.createProcessor(ProcessorDefinition.java:483) ~[camel-core-2.17.2.jar:2.17.2]
	at org.apache.camel.model.ChoiceDefinition.createProcessor(ChoiceDefinition.java:135) ~[camel-core-2.17.2.jar:2.17.2]
	at org.apache.camel.model.ProcessorDefinition.makeProcessorImpl(ProcessorDefinition.java:534) ~[camel-core-2.17.2.jar:2.17.2]
	at org.apache.camel.model.ProcessorDefinition.makeProcessor(ProcessorDefinition.java:495) ~[camel-core-2.17.2.jar:2.17.2]
	at org.apache.camel.model.ProcessorDefinition.addRoutes(ProcessorDefinition.java:219) ~[camel-core-2.17.2.jar:2.17.2]
	at org.apache.camel.model.RouteDefinition.addRoutes(RouteDefinition.java:1069) ~[camel-core-2.17.2.jar:2.17.2]
	... 56 common frames omitted

2017-04-10 19:13:15.714  INFO 8220 --- [           main] .b.l.ClasspathLoggingApplicationListener : Application failed to start with classpath: [file:/C:/Users/normsby/Documents/NetBeansProjects/ING_ATM_Locator/target/surefire/surefirebooter5636998128895282040.jar, file:/C:/Users/normsby/.m2/repository/org/jacoco/org.jacoco.agent/0.7.5.201505241946/org.jacoco.agent-0.7.5.201505241946-runtime.jar]
2017-04-10 19:13:15.714 ERROR 8220 --- [           main] o.s.test.context.TestContextManager      : Caught exception while allowing TestExecutionListener [org.springframework.test.context.web.ServletTestExecutionListener@45cee004] to prepare test instance [com.ing.custom.simple.SimpleAuthenticationProviderTest@fcbd98c]

java.lang.IllegalStateException: Failed to load ApplicationContext
	at org.springframework.test.context.cache.DefaultCacheAwareContextLoaderDelegate.loadContext(DefaultCacheAwareContextLoaderDelegate.java:124) ~[spring-test-4.3.4.RELEASE.jar:4.3.4.RELEASE]
	at org.springframework.test.context.support.DefaultTestContext.getApplicationContext(DefaultTestContext.java:83) ~[spring-test-4.3.4.RELEASE.jar:4.3.4.RELEASE]
	at org.springframework.test.context.web.ServletTestExecutionListener.setUpRequestContextIfNecessary(ServletTestExecutionListener.java:189) ~[spring-test-4.3.4.RELEASE.jar:4.3.4.RELEASE]
	at org.springframework.test.context.web.ServletTestExecutionListener.prepareTestInstance(ServletTestExecutionListener.java:131) ~[spring-test-4.3.4.RELEASE.jar:4.3.4.RELEASE]
	at org.springframework.test.context.TestContextManager.prepareTestInstance(TestContextManager.java:230) ~[spring-test-4.3.4.RELEASE.jar:4.3.4.RELEASE]
	at org.springframework.test.context.junit4.SpringJUnit4ClassRunner.createTest(SpringJUnit4ClassRunner.java:228) [spring-test-4.3.4.RELEASE.jar:4.3.4.RELEASE]
	at org.springframework.test.context.junit4.SpringJUnit4ClassRunner$1.runReflectiveCall(SpringJUnit4ClassRunner.java:287) [spring-test-4.3.4.RELEASE.jar:4.3.4.RELEASE]
	at org.junit.internal.runners.model.ReflectiveCallable.run(ReflectiveCallable.java:12) [junit-4.12.jar:4.12]
	at org.springframework.test.context.junit4.SpringJUnit4ClassRunner.methodBlock(SpringJUnit4ClassRunner.java:289) [spring-test-4.3.4.RELEASE.jar:4.3.4.RELEASE]
	at org.springframework.test.context.junit4.SpringJUnit4ClassRunner.runChild(SpringJUnit4ClassRunner.java:247) [spring-test-4.3.4.RELEASE.jar:4.3.4.RELEASE]
	at org.springframework.test.context.junit4.SpringJUnit4ClassRunner.runChild(SpringJUnit4ClassRunner.java:94) [spring-test-4.3.4.RELEASE.jar:4.3.4.RELEASE]
	at org.junit.runners.ParentRunner$3.run(ParentRunner.java:290) [junit-4.12.jar:4.12]
	at org.junit.runners.ParentRunner$1.schedule(ParentRunner.java:71) [junit-4.12.jar:4.12]
	at org.junit.runners.ParentRunner.runChildren(ParentRunner.java:288) [junit-4.12.jar:4.12]
	at org.junit.runners.ParentRunner.access$000(ParentRunner.java:58) [junit-4.12.jar:4.12]
	at org.junit.runners.ParentRunner$2.evaluate(ParentRunner.java:268) [junit-4.12.jar:4.12]
	at org.springframework.test.context.junit4.statements.RunBeforeTestClassCallbacks.evaluate(RunBeforeTestClassCallbacks.java:61) [spring-test-4.3.4.RELEASE.jar:4.3.4.RELEASE]
	at org.springframework.test.context.junit4.statements.RunAfterTestClassCallbacks.evaluate(RunAfterTestClassCallbacks.java:70) [spring-test-4.3.4.RELEASE.jar:4.3.4.RELEASE]
	at org.junit.runners.ParentRunner.run(ParentRunner.java:363) [junit-4.12.jar:4.12]
	at org.springframework.test.context.junit4.SpringJUnit4ClassRunner.run(SpringJUnit4ClassRunner.java:191) [spring-test-4.3.4.RELEASE.jar:4.3.4.RELEASE]
	at org.apache.maven.surefire.junit4.JUnit4Provider.execute(JUnit4Provider.java:264) [surefire-junit4-2.14.1.jar:2.14.1]
	at org.apache.maven.surefire.junit4.JUnit4Provider.executeTestSet(JUnit4Provider.java:153) [surefire-junit4-2.14.1.jar:2.14.1]
	at org.apache.maven.surefire.junit4.JUnit4Provider.invoke(JUnit4Provider.java:124) [surefire-junit4-2.14.1.jar:2.14.1]
	at sun.reflect.NativeMethodAccessorImpl.invoke0(Native Method) ~[na:1.8.0_121]
	at sun.reflect.NativeMethodAccessorImpl.invoke(NativeMethodAccessorImpl.java:62) ~[na:1.8.0_121]
	at sun.reflect.DelegatingMethodAccessorImpl.invoke(DelegatingMethodAccessorImpl.java:43) ~[na:1.8.0_121]
	at java.lang.reflect.Method.invoke(Method.java:498) ~[na:1.8.0_121]
	at org.apache.maven.surefire.util.ReflectionUtils.invokeMethodWithArray2(ReflectionUtils.java:208) [surefire-api-2.14.1.jar:2.14.1]
	at org.apache.maven.surefire.booter.ProviderFactory$ProviderProxy.invoke(ProviderFactory.java:159) [surefire-booter-2.14.1.jar:2.14.1]
	at org.apache.maven.surefire.booter.ProviderFactory.invokeProvider(ProviderFactory.java:87) [surefire-booter-2.14.1.jar:2.14.1]
	at org.apache.maven.surefire.booter.ForkedBooter.runSuitesInProcess(ForkedBooter.java:153) [surefire-booter-2.14.1.jar:2.14.1]
	at org.apache.maven.surefire.booter.ForkedBooter.main(ForkedBooter.java:95) [surefire-booter-2.14.1.jar:2.14.1]
Caused by: org.apache.camel.spring.boot.CamelSpringBootInitializationException: org.apache.camel.FailedToCreateRouteException: Failed to create route route30 at: >>> Choice[[When[{header{action} == all} -> [To[GetAllATMs]]], When[{header{action} == inCity} -> [To[GetAllATMsInCity]]]]] <<< in route: Route(route30)[[From[direct:call]] -> [SetBody[{null}], Choi... because of No endpoint could be found for: GetAllATMs, please check your classpath contains the needed Camel component jar.
	at org.apache.camel.spring.boot.RoutesCollector.onApplicationEvent(RoutesCollector.java:126) ~[camel-spring-boot-2.17.0.jar:2.17.0]
	at org.apache.camel.spring.boot.RoutesCollector.onApplicationEvent(RoutesCollector.java:41) ~[camel-spring-boot-2.17.0.jar:2.17.0]
	at org.springframework.context.event.SimpleApplicationEventMulticaster.invokeListener(SimpleApplicationEventMulticaster.java:166) ~[spring-context-4.3.4.RELEASE.jar:4.3.4.RELEASE]
	at org.springframework.context.event.SimpleApplicationEventMulticaster.multicastEvent(SimpleApplicationEventMulticaster.java:138) ~[spring-context-4.3.4.RELEASE.jar:4.3.4.RELEASE]
	at org.springframework.context.support.AbstractApplicationContext.publishEvent(AbstractApplicationContext.java:383) ~[spring-context-4.3.4.RELEASE.jar:4.3.4.RELEASE]
	at org.springframework.context.support.AbstractApplicationContext.publishEvent(AbstractApplicationContext.java:337) ~[spring-context-4.3.4.RELEASE.jar:4.3.4.RELEASE]
	at org.springframework.context.support.AbstractApplicationContext.finishRefresh(AbstractApplicationContext.java:882) ~[spring-context-4.3.4.RELEASE.jar:4.3.4.RELEASE]
	at org.springframework.context.support.AbstractApplicationContext.refresh(AbstractApplicationContext.java:545) ~[spring-context-4.3.4.RELEASE.jar:4.3.4.RELEASE]
	at org.springframework.boot.SpringApplication.refresh(SpringApplication.java:766) ~[spring-boot-1.3.3.RELEASE.jar:1.3.3.RELEASE]
	at org.springframework.boot.SpringApplication.createAndRefreshContext(SpringApplication.java:361) ~[spring-boot-1.3.3.RELEASE.jar:1.3.3.RELEASE]
	at org.springframework.boot.SpringApplication.run(SpringApplication.java:307) ~[spring-boot-1.3.3.RELEASE.jar:1.3.3.RELEASE]
	at org.springframework.boot.test.SpringApplicationContextLoader.loadContext(SpringApplicationContextLoader.java:98) ~[spring-boot-1.3.3.RELEASE.jar:1.3.3.RELEASE]
	at org.springframework.test.context.cache.DefaultCacheAwareContextLoaderDelegate.loadContextInternal(DefaultCacheAwareContextLoaderDelegate.java:98) ~[spring-test-4.3.4.RELEASE.jar:4.3.4.RELEASE]
	at org.springframework.test.context.cache.DefaultCacheAwareContextLoaderDelegate.loadContext(DefaultCacheAwareContextLoaderDelegate.java:116) ~[spring-test-4.3.4.RELEASE.jar:4.3.4.RELEASE]
	... 31 common frames omitted
Caused by: org.apache.camel.FailedToCreateRouteException: Failed to create route route30 at: >>> Choice[[When[{header{action} == all} -> [To[GetAllATMs]]], When[{header{action} == inCity} -> [To[GetAllATMsInCity]]]]] <<< in route: Route(route30)[[From[direct:call]] -> [SetBody[{null}], Choi... because of No endpoint could be found for: GetAllATMs, please check your classpath contains the needed Camel component jar.
	at org.apache.camel.model.RouteDefinition.addRoutes(RouteDefinition.java:1072) ~[camel-core-2.17.2.jar:2.17.2]
	at org.apache.camel.model.RouteDefinition.addRoutes(RouteDefinition.java:196) ~[camel-core-2.17.2.jar:2.17.2]
	at org.apache.camel.impl.DefaultCamelContext.startRoute(DefaultCamelContext.java:974) ~[camel-core-2.17.2.jar:2.17.2]
	at org.apache.camel.impl.DefaultCamelContext.startRouteDefinitions(DefaultCamelContext.java:3301) ~[camel-core-2.17.2.jar:2.17.2]
	at org.apache.camel.impl.DefaultCamelContext.doStartCamel(DefaultCamelContext.java:3024) ~[camel-core-2.17.2.jar:2.17.2]
	at org.apache.camel.impl.DefaultCamelContext.access$000(DefaultCamelContext.java:175) ~[camel-core-2.17.2.jar:2.17.2]
	at org.apache.camel.impl.DefaultCamelContext$2.call(DefaultCamelContext.java:2854) ~[camel-core-2.17.2.jar:2.17.2]
	at org.apache.camel.impl.DefaultCamelContext$2.call(DefaultCamelContext.java:2850) ~[camel-core-2.17.2.jar:2.17.2]
	at org.apache.camel.impl.DefaultCamelContext.doWithDefinedClassLoader(DefaultCamelContext.java:2873) ~[camel-core-2.17.2.jar:2.17.2]
	at org.apache.camel.impl.DefaultCamelContext.doStart(DefaultCamelContext.java:2850) ~[camel-core-2.17.2.jar:2.17.2]
	at org.apache.camel.support.ServiceSupport.start(ServiceSupport.java:61) ~[camel-core-2.17.2.jar:2.17.2]
	at org.apache.camel.impl.DefaultCamelContext.start(DefaultCamelContext.java:2819) ~[camel-core-2.17.2.jar:2.17.2]
	at org.apache.camel.spring.boot.RoutesCollector.onApplicationEvent(RoutesCollector.java:116) ~[camel-spring-boot-2.17.0.jar:2.17.0]
	... 44 common frames omitted
Caused by: org.apache.camel.NoSuchEndpointException: No endpoint could be found for: GetAllATMs, please check your classpath contains the needed Camel component jar.
	at org.apache.camel.util.CamelContextHelper.getMandatoryEndpoint(CamelContextHelper.java:81) ~[camel-core-2.17.2.jar:2.17.2]
	at org.apache.camel.model.RouteDefinition.resolveEndpoint(RouteDefinition.java:211) ~[camel-core-2.17.2.jar:2.17.2]
	at org.apache.camel.impl.DefaultRouteContext.resolveEndpoint(DefaultRouteContext.java:107) ~[camel-core-2.17.2.jar:2.17.2]
	at org.apache.camel.impl.DefaultRouteContext.resolveEndpoint(DefaultRouteContext.java:113) ~[camel-core-2.17.2.jar:2.17.2]
	at org.apache.camel.model.SendDefinition.resolveEndpoint(SendDefinition.java:62) ~[camel-core-2.17.2.jar:2.17.2]
	at org.apache.camel.model.SendDefinition.createProcessor(SendDefinition.java:56) ~[camel-core-2.17.2.jar:2.17.2]
	at org.apache.camel.model.ProcessorDefinition.createProcessor(ProcessorDefinition.java:483) ~[camel-core-2.17.2.jar:2.17.2]
	at org.apache.camel.model.ProcessorDefinition.createOutputsProcessorImpl(ProcessorDefinition.java:446) ~[camel-core-2.17.2.jar:2.17.2]
	at org.apache.camel.model.ProcessorDefinition.createOutputsProcessor(ProcessorDefinition.java:413) ~[camel-core-2.17.2.jar:2.17.2]
	at org.apache.camel.model.ProcessorDefinition.createOutputsProcessor(ProcessorDefinition.java:165) ~[camel-core-2.17.2.jar:2.17.2]
	at org.apache.camel.model.ExpressionNode.createFilterProcessor(ExpressionNode.java:109) ~[camel-core-2.17.2.jar:2.17.2]
	at org.apache.camel.model.WhenDefinition.createProcessor(WhenDefinition.java:74) ~[camel-core-2.17.2.jar:2.17.2]
	at org.apache.camel.model.WhenDefinition.createProcessor(WhenDefinition.java:32) ~[camel-core-2.17.2.jar:2.17.2]
	at org.apache.camel.model.ProcessorDefinition.createProcessor(ProcessorDefinition.java:483) ~[camel-core-2.17.2.jar:2.17.2]
	at org.apache.camel.model.ChoiceDefinition.createProcessor(ChoiceDefinition.java:135) ~[camel-core-2.17.2.jar:2.17.2]
	at org.apache.camel.model.ProcessorDefinition.makeProcessorImpl(ProcessorDefinition.java:534) ~[camel-core-2.17.2.jar:2.17.2]
	at org.apache.camel.model.ProcessorDefinition.makeProcessor(ProcessorDefinition.java:495) ~[camel-core-2.17.2.jar:2.17.2]
	at org.apache.camel.model.ProcessorDefinition.addRoutes(ProcessorDefinition.java:219) ~[camel-core-2.17.2.jar:2.17.2]
	at org.apache.camel.model.RouteDefinition.addRoutes(RouteDefinition.java:1069) ~[camel-core-2.17.2.jar:2.17.2]
	... 56 common frames omitted

]]></system-out>
  </testcase>
  <testcase name="whenSupportsWithCorrectClassThenTrue" classname="com.ing.custom.simple.SimpleAuthenticationProviderTest" time="0">
    <error message="Failed to load ApplicationContext" type="java.lang.IllegalStateException">java.lang.IllegalStateException: Failed to load ApplicationContext
	at org.apache.camel.util.CamelContextHelper.getMandatoryEndpoint(CamelContextHelper.java:81)
	at org.apache.camel.model.RouteDefinition.resolveEndpoint(RouteDefinition.java:211)
	at org.apache.camel.impl.DefaultRouteContext.resolveEndpoint(DefaultRouteContext.java:107)
	at org.apache.camel.impl.DefaultRouteContext.resolveEndpoint(DefaultRouteContext.java:113)
	at org.apache.camel.model.SendDefinition.resolveEndpoint(SendDefinition.java:62)
	at org.apache.camel.model.SendDefinition.createProcessor(SendDefinition.java:56)
	at org.apache.camel.model.ProcessorDefinition.createProcessor(ProcessorDefinition.java:483)
	at org.apache.camel.model.ProcessorDefinition.createOutputsProcessorImpl(ProcessorDefinition.java:446)
	at org.apache.camel.model.ProcessorDefinition.createOutputsProcessor(ProcessorDefinition.java:413)
	at org.apache.camel.model.ProcessorDefinition.createOutputsProcessor(ProcessorDefinition.java:165)
	at org.apache.camel.model.ExpressionNode.createFilterProcessor(ExpressionNode.java:109)
	at org.apache.camel.model.WhenDefinition.createProcessor(WhenDefinition.java:74)
	at org.apache.camel.model.WhenDefinition.createProcessor(WhenDefinition.java:32)
	at org.apache.camel.model.ProcessorDefinition.createProcessor(ProcessorDefinition.java:483)
	at org.apache.camel.model.ChoiceDefinition.createProcessor(ChoiceDefinition.java:135)
	at org.apache.camel.model.ProcessorDefinition.makeProcessorImpl(ProcessorDefinition.java:534)
	at org.apache.camel.model.ProcessorDefinition.makeProcessor(ProcessorDefinition.java:495)
	at org.apache.camel.model.ProcessorDefinition.addRoutes(ProcessorDefinition.java:219)
	at org.apache.camel.model.RouteDefinition.addRoutes(RouteDefinition.java:1069)
	at org.apache.camel.model.RouteDefinition.addRoutes(RouteDefinition.java:196)
	at org.apache.camel.impl.DefaultCamelContext.startRoute(DefaultCamelContext.java:974)
	at org.apache.camel.impl.DefaultCamelContext.startRouteDefinitions(DefaultCamelContext.java:3301)
	at org.apache.camel.impl.DefaultCamelContext.doStartCamel(DefaultCamelContext.java:3024)
	at org.apache.camel.impl.DefaultCamelContext.access$000(DefaultCamelContext.java:175)
	at org.apache.camel.impl.DefaultCamelContext$2.call(DefaultCamelContext.java:2854)
	at org.apache.camel.impl.DefaultCamelContext$2.call(DefaultCamelContext.java:2850)
	at org.apache.camel.impl.DefaultCamelContext.doWithDefinedClassLoader(DefaultCamelContext.java:2873)
	at org.apache.camel.impl.DefaultCamelContext.doStart(DefaultCamelContext.java:2850)
	at org.apache.camel.support.ServiceSupport.start(ServiceSupport.java:61)
	at org.apache.camel.impl.DefaultCamelContext.start(DefaultCamelContext.java:2819)
	at org.apache.camel.spring.boot.RoutesCollector.onApplicationEvent(RoutesCollector.java:116)
	at org.apache.camel.spring.boot.RoutesCollector.onApplicationEvent(RoutesCollector.java:41)
	at org.springframework.context.event.SimpleApplicationEventMulticaster.invokeListener(SimpleApplicationEventMulticaster.java:166)
	at org.springframework.context.event.SimpleApplicationEventMulticaster.multicastEvent(SimpleApplicationEventMulticaster.java:138)
	at org.springframework.context.support.AbstractApplicationContext.publishEvent(AbstractApplicationContext.java:383)
	at org.springframework.context.support.AbstractApplicationContext.publishEvent(AbstractApplicationContext.java:337)
	at org.springframework.context.support.AbstractApplicationContext.finishRefresh(AbstractApplicationContext.java:882)
	at org.springframework.context.support.AbstractApplicationContext.refresh(AbstractApplicationContext.java:545)
	at org.springframework.boot.SpringApplication.refresh(SpringApplication.java:766)
	at org.springframework.boot.SpringApplication.createAndRefreshContext(SpringApplication.java:361)
	at org.springframework.boot.SpringApplication.run(SpringApplication.java:307)
	at org.springframework.boot.test.SpringApplicationContextLoader.loadContext(SpringApplicationContextLoader.java:98)
	at org.springframework.test.context.cache.DefaultCacheAwareContextLoaderDelegate.loadContextInternal(DefaultCacheAwareContextLoaderDelegate.java:98)
	at org.springframework.test.context.cache.DefaultCacheAwareContextLoaderDelegate.loadContext(DefaultCacheAwareContextLoaderDelegate.java:116)
	at org.springframework.test.context.support.DefaultTestContext.getApplicationContext(DefaultTestContext.java:83)
	at org.springframework.test.context.web.ServletTestExecutionListener.setUpRequestContextIfNecessary(ServletTestExecutionListener.java:189)
	at org.springframework.test.context.web.ServletTestExecutionListener.prepareTestInstance(ServletTestExecutionListener.java:131)
	at org.springframework.test.context.TestContextManager.prepareTestInstance(TestContextManager.java:230)
	at org.springframework.test.context.junit4.SpringJUnit4ClassRunner.createTest(SpringJUnit4ClassRunner.java:228)
	at org.springframework.test.context.junit4.SpringJUnit4ClassRunner$1.runReflectiveCall(SpringJUnit4ClassRunner.java:287)
	at org.junit.internal.runners.model.ReflectiveCallable.run(ReflectiveCallable.java:12)
	at org.springframework.test.context.junit4.SpringJUnit4ClassRunner.methodBlock(SpringJUnit4ClassRunner.java:289)
	at org.springframework.test.context.junit4.SpringJUnit4ClassRunner.runChild(SpringJUnit4ClassRunner.java:247)
	at org.springframework.test.context.junit4.SpringJUnit4ClassRunner.runChild(SpringJUnit4ClassRunner.java:94)
	at org.junit.runners.ParentRunner$3.run(ParentRunner.java:290)
	at org.junit.runners.ParentRunner$1.schedule(ParentRunner.java:71)
	at org.junit.runners.ParentRunner.runChildren(ParentRunner.java:288)
	at org.junit.runners.ParentRunner.access$000(ParentRunner.java:58)
	at org.junit.runners.ParentRunner$2.evaluate(ParentRunner.java:268)
	at org.springframework.test.context.junit4.statements.RunBeforeTestClassCallbacks.evaluate(RunBeforeTestClassCallbacks.java:61)
	at org.springframework.test.context.junit4.statements.RunAfterTestClassCallbacks.evaluate(RunAfterTestClassCallbacks.java:70)
	at org.junit.runners.ParentRunner.run(ParentRunner.java:363)
	at org.springframework.test.context.junit4.SpringJUnit4ClassRunner.run(SpringJUnit4ClassRunner.java:191)
	at org.apache.maven.surefire.junit4.JUnit4Provider.execute(JUnit4Provider.java:264)
	at org.apache.maven.surefire.junit4.JUnit4Provider.executeTestSet(JUnit4Provider.java:153)
	at org.apache.maven.surefire.junit4.JUnit4Provider.invoke(JUnit4Provider.java:124)
	at sun.reflect.NativeMethodAccessorImpl.invoke0(Native Method)
	at sun.reflect.NativeMethodAccessorImpl.invoke(NativeMethodAccessorImpl.java:62)
	at sun.reflect.DelegatingMethodAccessorImpl.invoke(DelegatingMethodAccessorImpl.java:43)
	at java.lang.reflect.Method.invoke(Method.java:498)
	at org.apache.maven.surefire.util.ReflectionUtils.invokeMethodWithArray2(ReflectionUtils.java:208)
	at org.apache.maven.surefire.booter.ProviderFactory$ProviderProxy.invoke(ProviderFactory.java:159)
	at org.apache.maven.surefire.booter.ProviderFactory.invokeProvider(ProviderFactory.java:87)
	at org.apache.maven.surefire.booter.ForkedBooter.runSuitesInProcess(ForkedBooter.java:153)
	at org.apache.maven.surefire.booter.ForkedBooter.main(ForkedBooter.java:95)
</error>
    <system-out><![CDATA[
  .   ____          _            __ _ _
 /\\ / ___'_ __ _ _(_)_ __  __ _ \ \ \ \
( ( )\___ | '_ | '_| | '_ \/ _` | \ \ \ \
 \\/  ___)| |_)| | | | | || (_| |  ) ) ) )
  '  |____| .__|_| |_|_| |_\__, | / / / /
 =========|_|==============|___/=/_/_/_/
 :: Spring Boot ::        (v1.3.3.RELEASE)

2017-04-10 19:13:15.754  INFO 8220 --- [           main] c.i.c.s.SimpleAuthenticationProviderTest : Starting SimpleAuthenticationProviderTest on PPL882039FC with PID 8220 (C:\Users\normsby\Documents\NetBeansProjects\ING_ATM_Locator\target\test-classes started by normsby in C:\Users\normsby\Documents\NetBeansProjects\ING_ATM_Locator)
2017-04-10 19:13:15.754  INFO 8220 --- [           main] c.i.c.s.SimpleAuthenticationProviderTest : No active profile set, falling back to default profiles: default
2017-04-10 19:13:15.754  INFO 8220 --- [           main] o.s.w.c.s.GenericWebApplicationContext   : Refreshing org.springframework.web.context.support.GenericWebApplicationContext@6e37e3ea: startup date [Mon Apr 10 19:13:15 EDT 2017]; root of context hierarchy
2017-04-10 19:13:16.094  INFO 8220 --- [           main] trationDelegate$BeanPostProcessorChecker : Bean 'org.springframework.security.config.annotation.configuration.ObjectPostProcessorConfiguration' of type [class org.springframework.security.config.annotation.configuration.ObjectPostProcessorConfiguration$$EnhancerBySpringCGLIB$$da46e5e5] is not eligible for getting processed by all BeanPostProcessors (for example: not eligible for auto-proxying)
2017-04-10 19:13:16.104  INFO 8220 --- [           main] trationDelegate$BeanPostProcessorChecker : Bean 'objectPostProcessor' of type [class org.springframework.security.config.annotation.configuration.AutowireBeanFactoryObjectPostProcessor] is not eligible for getting processed by all BeanPostProcessors (for example: not eligible for auto-proxying)
2017-04-10 19:13:16.104  INFO 8220 --- [           main] trationDelegate$BeanPostProcessorChecker : Bean 'org.springframework.security.access.expression.method.DefaultMethodSecurityExpressionHandler@1d8bc4' of type [class org.springframework.security.access.expression.method.DefaultMethodSecurityExpressionHandler] is not eligible for getting processed by all BeanPostProcessors (for example: not eligible for auto-proxying)
2017-04-10 19:13:16.104  INFO 8220 --- [           main] trationDelegate$BeanPostProcessorChecker : Bean 'org.springframework.security.config.annotation.method.configuration.GlobalMethodSecurityConfiguration' of type [class org.springframework.security.config.annotation.method.configuration.GlobalMethodSecurityConfiguration$$EnhancerBySpringCGLIB$$ff1b8897] is not eligible for getting processed by all BeanPostProcessors (for example: not eligible for auto-proxying)
2017-04-10 19:13:16.104  INFO 8220 --- [           main] trationDelegate$BeanPostProcessorChecker : Bean 'methodSecurityMetadataSource' of type [class org.springframework.security.access.method.DelegatingMethodSecurityMetadataSource] is not eligible for getting processed by all BeanPostProcessors (for example: not eligible for auto-proxying)
2017-04-10 19:13:16.114  INFO 8220 --- [           main] trationDelegate$BeanPostProcessorChecker : Bean 'org.apache.camel.spring.boot.CamelAutoConfiguration' of type [class org.apache.camel.spring.boot.CamelAutoConfiguration$$EnhancerBySpringCGLIB$$63c2e3ca] is not eligible for getting processed by all BeanPostProcessors (for example: not eligible for auto-proxying)
2017-04-10 19:13:16.534  INFO 8220 --- [           main] o.s.s.web.DefaultSecurityFilterChain     : Creating filter chain: org.springframework.security.web.util.matcher.AnyRequestMatcher@1, [org.springframework.security.web.context.request.async.WebAsyncManagerIntegrationFilter@7abbc7b8, org.springframework.security.web.context.SecurityContextPersistenceFilter@56dab3b2, org.springframework.security.web.header.HeaderWriterFilter@357a32ce, org.springframework.security.web.csrf.CsrfFilter@37d4914e, org.springframework.security.web.authentication.logout.LogoutFilter@65aad8c7, org.springframework.security.web.authentication.UsernamePasswordAuthenticationFilter@4b634fcb, org.springframework.security.web.savedrequest.RequestCacheAwareFilter@7c6db409, org.springframework.security.web.servletapi.SecurityContextHolderAwareRequestFilter@18e50508, org.springframework.security.web.authentication.AnonymousAuthenticationFilter@54e8d08e, org.springframework.security.web.session.SessionManagementFilter@459704af, org.springframework.security.web.access.ExceptionTranslationFilter@5e9e9070, org.springframework.security.web.access.intercept.FilterSecurityInterceptor@3b7e5a65]
2017-04-10 19:13:16.644  INFO 8220 --- [           main] s.w.s.m.m.a.RequestMappingHandlerAdapter : Looking for @ControllerAdvice: org.springframework.web.context.support.GenericWebApplicationContext@6e37e3ea: startup date [Mon Apr 10 19:13:15 EDT 2017]; root of context hierarchy
2017-04-10 19:13:16.664  INFO 8220 --- [           main] s.w.s.m.m.a.RequestMappingHandlerMapping : Mapped "{[/error]}" onto public java.lang.String com.ing.error.CustomErrorController.customError(org.springframework.ui.Model,javax.servlet.http.HttpServletRequest)
2017-04-10 19:13:16.664  INFO 8220 --- [           main] s.w.s.m.m.a.RequestMappingHandlerMapping : Mapped "{[/403]}" onto public java.lang.String com.ing.error.CustomErrorController.unauthorised(org.springframework.ui.Model,javax.servlet.http.HttpServletRequest)
2017-04-10 19:13:16.664  INFO 8220 --- [           main] s.w.s.m.m.a.RequestMappingHandlerMapping : Mapped "{[/index],methods=[GET]}" onto public java.lang.String com.ing.web.MainController.index()
2017-04-10 19:13:16.664  INFO 8220 --- [           main] s.w.s.m.m.a.RequestMappingHandlerMapping : Mapped "{[/],methods=[GET]}" onto public java.lang.String com.ing.web.MainController.root()
2017-04-10 19:13:16.664  INFO 8220 --- [           main] s.w.s.m.m.a.RequestMappingHandlerMapping : Mapped "{[/login-error],methods=[GET]}" onto public java.lang.String com.ing.web.MainController.loginError(org.springframework.ui.Model)
2017-04-10 19:13:16.664  INFO 8220 --- [           main] s.w.s.m.m.a.RequestMappingHandlerMapping : Mapped "{[/login],methods=[GET]}" onto public java.lang.String com.ing.web.MainController.login()
2017-04-10 19:13:16.664  INFO 8220 --- [           main] s.w.s.m.m.a.RequestMappingHandlerMapping : Mapped "{[/admin/index],methods=[GET]}" onto public java.lang.String com.ing.web.MainController.adminIndex()
2017-04-10 19:13:16.664  INFO 8220 --- [           main] s.w.s.m.m.a.RequestMappingHandlerMapping : Mapped "{[/user/index],methods=[GET]}" onto public java.lang.String com.ing.web.MainController.userIndex()
2017-04-10 19:13:16.664  INFO 8220 --- [           main] s.w.s.m.m.a.RequestMappingHandlerMapping : Mapped "{[/public/index],methods=[GET]}" onto public java.lang.String com.ing.web.MainController.publicIndex()
2017-04-10 19:13:16.664  INFO 8220 --- [           main] s.w.s.m.m.a.RequestMappingHandlerMapping : Mapped "{[/extra/index],methods=[GET]}" onto public java.lang.String com.ing.web.MainController.extraIndex()
2017-04-10 19:13:16.664  INFO 8220 --- [           main] s.w.s.m.m.a.RequestMappingHandlerMapping : Mapped "{[/tags/index],methods=[GET]}" onto public java.lang.String com.ing.web.SecurityTagController.index(org.springframework.security.core.userdetails.User)
2017-04-10 19:13:16.664  INFO 8220 --- [           main] s.w.s.m.m.a.RequestMappingHandlerMapping : Mapped "{[/tags/admin/index],methods=[GET]}" onto public java.lang.String com.ing.web.SecurityTagController.adminIndex(org.springframework.security.core.userdetails.User)
2017-04-10 19:13:16.674  INFO 8220 --- [           main] s.w.s.m.m.a.RequestMappingHandlerMapping : Mapped "{[/tags/extra/index],methods=[GET]}" onto public java.lang.String com.ing.web.SecurityTagController.extraUser(org.springframework.security.core.userdetails.User)
2017-04-10 19:13:16.674  INFO 8220 --- [           main] s.w.s.m.m.a.RequestMappingHandlerMapping : Mapped "{[/tags/user/index],methods=[GET]}" onto public java.lang.String com.ing.web.SecurityTagController.userIndex(org.springframework.security.core.userdetails.User)
2017-04-10 19:13:16.754  INFO 8220 --- [           main] o.s.w.s.handler.SimpleUrlHandlerMapping  : Mapped URL path [/webjars/**] onto handler of type [class org.springframework.web.servlet.resource.ResourceHttpRequestHandler]
2017-04-10 19:13:16.754  INFO 8220 --- [           main] o.s.w.s.handler.SimpleUrlHandlerMapping  : Mapped URL path [/**] onto handler of type [class org.springframework.web.servlet.resource.ResourceHttpRequestHandler]
2017-04-10 19:13:16.814  INFO 8220 --- [           main] o.s.w.s.handler.SimpleUrlHandlerMapping  : Mapped URL path [/**/favicon.ico] onto handler of type [class org.springframework.web.servlet.resource.ResourceHttpRequestHandler]
2017-04-10 19:13:16.904  INFO 8220 --- [           main] o.a.c.i.converter.DefaultTypeConverter   : Loaded 191 type converters
2017-04-10 19:13:17.014  INFO 8220 --- [           main] o.a.camel.spring.boot.RoutesCollector    : Loading additional Camel XML routes from: classpath:camel/*.xml
2017-04-10 19:13:17.014  INFO 8220 --- [           main] o.a.camel.spring.boot.RoutesCollector    : Loading additional Camel XML rests from: classpath:camel-rest/*.xml
2017-04-10 19:13:17.014  INFO 8220 --- [           main] o.a.camel.spring.SpringCamelContext      : Apache Camel 2.17.2 (CamelContext: camel-11) is starting
2017-04-10 19:13:17.014  INFO 8220 --- [           main] o.a.c.m.ManagedManagementStrategy        : JMX is enabled
2017-04-10 19:13:17.024  INFO 8220 --- [           main] o.a.c.i.DefaultRuntimeEndpointRegistry   : Runtime endpoint registry is in extended mode gathering usage statistics of all incoming and outgoing endpoints (cache limit: 1000)
2017-04-10 19:13:17.054  INFO 8220 --- [           main] o.a.camel.spring.SpringCamelContext      : Apache Camel 2.17.2 (CamelContext: camel-11) is shutting down
2017-04-10 19:13:17.054  INFO 8220 --- [           main] o.a.camel.spring.SpringCamelContext      : Apache Camel 2.17.2 (CamelContext: camel-11) uptime 0.040 seconds
2017-04-10 19:13:17.054  INFO 8220 --- [           main] o.a.camel.spring.SpringCamelContext      : Apache Camel 2.17.2 (CamelContext: camel-11) is shutdown in 0.000 seconds
2017-04-10 19:13:17.054 ERROR 8220 --- [           main] o.s.boot.SpringApplication               : Application startup failed

org.apache.camel.spring.boot.CamelSpringBootInitializationException: org.apache.camel.FailedToCreateRouteException: Failed to create route route33 at: >>> Choice[[When[{header{action} == all} -> [To[GetAllATMs]]], When[{header{action} == inCity} -> [To[GetAllATMsInCity]]]]] <<< in route: Route(route33)[[From[direct:call]] -> [SetBody[{null}], Choi... because of No endpoint could be found for: GetAllATMs, please check your classpath contains the needed Camel component jar.
	at org.apache.camel.spring.boot.RoutesCollector.onApplicationEvent(RoutesCollector.java:126) ~[camel-spring-boot-2.17.0.jar:2.17.0]
	at org.apache.camel.spring.boot.RoutesCollector.onApplicationEvent(RoutesCollector.java:41) ~[camel-spring-boot-2.17.0.jar:2.17.0]
	at org.springframework.context.event.SimpleApplicationEventMulticaster.invokeListener(SimpleApplicationEventMulticaster.java:166) ~[spring-context-4.3.4.RELEASE.jar:4.3.4.RELEASE]
	at org.springframework.context.event.SimpleApplicationEventMulticaster.multicastEvent(SimpleApplicationEventMulticaster.java:138) ~[spring-context-4.3.4.RELEASE.jar:4.3.4.RELEASE]
	at org.springframework.context.support.AbstractApplicationContext.publishEvent(AbstractApplicationContext.java:383) ~[spring-context-4.3.4.RELEASE.jar:4.3.4.RELEASE]
	at org.springframework.context.support.AbstractApplicationContext.publishEvent(AbstractApplicationContext.java:337) ~[spring-context-4.3.4.RELEASE.jar:4.3.4.RELEASE]
	at org.springframework.context.support.AbstractApplicationContext.finishRefresh(AbstractApplicationContext.java:882) ~[spring-context-4.3.4.RELEASE.jar:4.3.4.RELEASE]
	at org.springframework.context.support.AbstractApplicationContext.refresh(AbstractApplicationContext.java:545) ~[spring-context-4.3.4.RELEASE.jar:4.3.4.RELEASE]
	at org.springframework.boot.SpringApplication.refresh(SpringApplication.java:766) ~[spring-boot-1.3.3.RELEASE.jar:1.3.3.RELEASE]
	at org.springframework.boot.SpringApplication.createAndRefreshContext(SpringApplication.java:361) ~[spring-boot-1.3.3.RELEASE.jar:1.3.3.RELEASE]
	at org.springframework.boot.SpringApplication.run(SpringApplication.java:307) ~[spring-boot-1.3.3.RELEASE.jar:1.3.3.RELEASE]
	at org.springframework.boot.test.SpringApplicationContextLoader.loadContext(SpringApplicationContextLoader.java:98) [spring-boot-1.3.3.RELEASE.jar:1.3.3.RELEASE]
	at org.springframework.test.context.cache.DefaultCacheAwareContextLoaderDelegate.loadContextInternal(DefaultCacheAwareContextLoaderDelegate.java:98) [spring-test-4.3.4.RELEASE.jar:4.3.4.RELEASE]
	at org.springframework.test.context.cache.DefaultCacheAwareContextLoaderDelegate.loadContext(DefaultCacheAwareContextLoaderDelegate.java:116) [spring-test-4.3.4.RELEASE.jar:4.3.4.RELEASE]
	at org.springframework.test.context.support.DefaultTestContext.getApplicationContext(DefaultTestContext.java:83) [spring-test-4.3.4.RELEASE.jar:4.3.4.RELEASE]
	at org.springframework.test.context.web.ServletTestExecutionListener.setUpRequestContextIfNecessary(ServletTestExecutionListener.java:189) [spring-test-4.3.4.RELEASE.jar:4.3.4.RELEASE]
	at org.springframework.test.context.web.ServletTestExecutionListener.prepareTestInstance(ServletTestExecutionListener.java:131) [spring-test-4.3.4.RELEASE.jar:4.3.4.RELEASE]
	at org.springframework.test.context.TestContextManager.prepareTestInstance(TestContextManager.java:230) [spring-test-4.3.4.RELEASE.jar:4.3.4.RELEASE]
	at org.springframework.test.context.junit4.SpringJUnit4ClassRunner.createTest(SpringJUnit4ClassRunner.java:228) [spring-test-4.3.4.RELEASE.jar:4.3.4.RELEASE]
	at org.springframework.test.context.junit4.SpringJUnit4ClassRunner$1.runReflectiveCall(SpringJUnit4ClassRunner.java:287) [spring-test-4.3.4.RELEASE.jar:4.3.4.RELEASE]
	at org.junit.internal.runners.model.ReflectiveCallable.run(ReflectiveCallable.java:12) [junit-4.12.jar:4.12]
	at org.springframework.test.context.junit4.SpringJUnit4ClassRunner.methodBlock(SpringJUnit4ClassRunner.java:289) [spring-test-4.3.4.RELEASE.jar:4.3.4.RELEASE]
	at org.springframework.test.context.junit4.SpringJUnit4ClassRunner.runChild(SpringJUnit4ClassRunner.java:247) [spring-test-4.3.4.RELEASE.jar:4.3.4.RELEASE]
	at org.springframework.test.context.junit4.SpringJUnit4ClassRunner.runChild(SpringJUnit4ClassRunner.java:94) [spring-test-4.3.4.RELEASE.jar:4.3.4.RELEASE]
	at org.junit.runners.ParentRunner$3.run(ParentRunner.java:290) [junit-4.12.jar:4.12]
	at org.junit.runners.ParentRunner$1.schedule(ParentRunner.java:71) [junit-4.12.jar:4.12]
	at org.junit.runners.ParentRunner.runChildren(ParentRunner.java:288) [junit-4.12.jar:4.12]
	at org.junit.runners.ParentRunner.access$000(ParentRunner.java:58) [junit-4.12.jar:4.12]
	at org.junit.runners.ParentRunner$2.evaluate(ParentRunner.java:268) [junit-4.12.jar:4.12]
	at org.springframework.test.context.junit4.statements.RunBeforeTestClassCallbacks.evaluate(RunBeforeTestClassCallbacks.java:61) [spring-test-4.3.4.RELEASE.jar:4.3.4.RELEASE]
	at org.springframework.test.context.junit4.statements.RunAfterTestClassCallbacks.evaluate(RunAfterTestClassCallbacks.java:70) [spring-test-4.3.4.RELEASE.jar:4.3.4.RELEASE]
	at org.junit.runners.ParentRunner.run(ParentRunner.java:363) [junit-4.12.jar:4.12]
	at org.springframework.test.context.junit4.SpringJUnit4ClassRunner.run(SpringJUnit4ClassRunner.java:191) [spring-test-4.3.4.RELEASE.jar:4.3.4.RELEASE]
	at org.apache.maven.surefire.junit4.JUnit4Provider.execute(JUnit4Provider.java:264) [surefire-junit4-2.14.1.jar:2.14.1]
	at org.apache.maven.surefire.junit4.JUnit4Provider.executeTestSet(JUnit4Provider.java:153) [surefire-junit4-2.14.1.jar:2.14.1]
	at org.apache.maven.surefire.junit4.JUnit4Provider.invoke(JUnit4Provider.java:124) [surefire-junit4-2.14.1.jar:2.14.1]
	at sun.reflect.NativeMethodAccessorImpl.invoke0(Native Method) ~[na:1.8.0_121]
	at sun.reflect.NativeMethodAccessorImpl.invoke(NativeMethodAccessorImpl.java:62) ~[na:1.8.0_121]
	at sun.reflect.DelegatingMethodAccessorImpl.invoke(DelegatingMethodAccessorImpl.java:43) ~[na:1.8.0_121]
	at java.lang.reflect.Method.invoke(Method.java:498) ~[na:1.8.0_121]
	at org.apache.maven.surefire.util.ReflectionUtils.invokeMethodWithArray2(ReflectionUtils.java:208) [surefire-api-2.14.1.jar:2.14.1]
	at org.apache.maven.surefire.booter.ProviderFactory$ProviderProxy.invoke(ProviderFactory.java:159) [surefire-booter-2.14.1.jar:2.14.1]
	at org.apache.maven.surefire.booter.ProviderFactory.invokeProvider(ProviderFactory.java:87) [surefire-booter-2.14.1.jar:2.14.1]
	at org.apache.maven.surefire.booter.ForkedBooter.runSuitesInProcess(ForkedBooter.java:153) [surefire-booter-2.14.1.jar:2.14.1]
	at org.apache.maven.surefire.booter.ForkedBooter.main(ForkedBooter.java:95) [surefire-booter-2.14.1.jar:2.14.1]
Caused by: org.apache.camel.FailedToCreateRouteException: Failed to create route route33 at: >>> Choice[[When[{header{action} == all} -> [To[GetAllATMs]]], When[{header{action} == inCity} -> [To[GetAllATMsInCity]]]]] <<< in route: Route(route33)[[From[direct:call]] -> [SetBody[{null}], Choi... because of No endpoint could be found for: GetAllATMs, please check your classpath contains the needed Camel component jar.
	at org.apache.camel.model.RouteDefinition.addRoutes(RouteDefinition.java:1072) ~[camel-core-2.17.2.jar:2.17.2]
	at org.apache.camel.model.RouteDefinition.addRoutes(RouteDefinition.java:196) ~[camel-core-2.17.2.jar:2.17.2]
	at org.apache.camel.impl.DefaultCamelContext.startRoute(DefaultCamelContext.java:974) ~[camel-core-2.17.2.jar:2.17.2]
	at org.apache.camel.impl.DefaultCamelContext.startRouteDefinitions(DefaultCamelContext.java:3301) ~[camel-core-2.17.2.jar:2.17.2]
	at org.apache.camel.impl.DefaultCamelContext.doStartCamel(DefaultCamelContext.java:3024) ~[camel-core-2.17.2.jar:2.17.2]
	at org.apache.camel.impl.DefaultCamelContext.access$000(DefaultCamelContext.java:175) ~[camel-core-2.17.2.jar:2.17.2]
	at org.apache.camel.impl.DefaultCamelContext$2.call(DefaultCamelContext.java:2854) ~[camel-core-2.17.2.jar:2.17.2]
	at org.apache.camel.impl.DefaultCamelContext$2.call(DefaultCamelContext.java:2850) ~[camel-core-2.17.2.jar:2.17.2]
	at org.apache.camel.impl.DefaultCamelContext.doWithDefinedClassLoader(DefaultCamelContext.java:2873) ~[camel-core-2.17.2.jar:2.17.2]
	at org.apache.camel.impl.DefaultCamelContext.doStart(DefaultCamelContext.java:2850) ~[camel-core-2.17.2.jar:2.17.2]
	at org.apache.camel.support.ServiceSupport.start(ServiceSupport.java:61) ~[camel-core-2.17.2.jar:2.17.2]
	at org.apache.camel.impl.DefaultCamelContext.start(DefaultCamelContext.java:2819) ~[camel-core-2.17.2.jar:2.17.2]
	at org.apache.camel.spring.boot.RoutesCollector.onApplicationEvent(RoutesCollector.java:116) ~[camel-spring-boot-2.17.0.jar:2.17.0]
	... 44 common frames omitted
Caused by: org.apache.camel.NoSuchEndpointException: No endpoint could be found for: GetAllATMs, please check your classpath contains the needed Camel component jar.
	at org.apache.camel.util.CamelContextHelper.getMandatoryEndpoint(CamelContextHelper.java:81) ~[camel-core-2.17.2.jar:2.17.2]
	at org.apache.camel.model.RouteDefinition.resolveEndpoint(RouteDefinition.java:211) ~[camel-core-2.17.2.jar:2.17.2]
	at org.apache.camel.impl.DefaultRouteContext.resolveEndpoint(DefaultRouteContext.java:107) ~[camel-core-2.17.2.jar:2.17.2]
	at org.apache.camel.impl.DefaultRouteContext.resolveEndpoint(DefaultRouteContext.java:113) ~[camel-core-2.17.2.jar:2.17.2]
	at org.apache.camel.model.SendDefinition.resolveEndpoint(SendDefinition.java:62) ~[camel-core-2.17.2.jar:2.17.2]
	at org.apache.camel.model.SendDefinition.createProcessor(SendDefinition.java:56) ~[camel-core-2.17.2.jar:2.17.2]
	at org.apache.camel.model.ProcessorDefinition.createProcessor(ProcessorDefinition.java:483) ~[camel-core-2.17.2.jar:2.17.2]
	at org.apache.camel.model.ProcessorDefinition.createOutputsProcessorImpl(ProcessorDefinition.java:446) ~[camel-core-2.17.2.jar:2.17.2]
	at org.apache.camel.model.ProcessorDefinition.createOutputsProcessor(ProcessorDefinition.java:413) ~[camel-core-2.17.2.jar:2.17.2]
	at org.apache.camel.model.ProcessorDefinition.createOutputsProcessor(ProcessorDefinition.java:165) ~[camel-core-2.17.2.jar:2.17.2]
	at org.apache.camel.model.ExpressionNode.createFilterProcessor(ExpressionNode.java:109) ~[camel-core-2.17.2.jar:2.17.2]
	at org.apache.camel.model.WhenDefinition.createProcessor(WhenDefinition.java:74) ~[camel-core-2.17.2.jar:2.17.2]
	at org.apache.camel.model.WhenDefinition.createProcessor(WhenDefinition.java:32) ~[camel-core-2.17.2.jar:2.17.2]
	at org.apache.camel.model.ProcessorDefinition.createProcessor(ProcessorDefinition.java:483) ~[camel-core-2.17.2.jar:2.17.2]
	at org.apache.camel.model.ChoiceDefinition.createProcessor(ChoiceDefinition.java:135) ~[camel-core-2.17.2.jar:2.17.2]
	at org.apache.camel.model.ProcessorDefinition.makeProcessorImpl(ProcessorDefinition.java:534) ~[camel-core-2.17.2.jar:2.17.2]
	at org.apache.camel.model.ProcessorDefinition.makeProcessor(ProcessorDefinition.java:495) ~[camel-core-2.17.2.jar:2.17.2]
	at org.apache.camel.model.ProcessorDefinition.addRoutes(ProcessorDefinition.java:219) ~[camel-core-2.17.2.jar:2.17.2]
	at org.apache.camel.model.RouteDefinition.addRoutes(RouteDefinition.java:1069) ~[camel-core-2.17.2.jar:2.17.2]
	... 56 common frames omitted

2017-04-10 19:13:17.054  INFO 8220 --- [           main] .b.l.ClasspathLoggingApplicationListener : Application failed to start with classpath: [file:/C:/Users/normsby/Documents/NetBeansProjects/ING_ATM_Locator/target/surefire/surefirebooter5636998128895282040.jar, file:/C:/Users/normsby/.m2/repository/org/jacoco/org.jacoco.agent/0.7.5.201505241946/org.jacoco.agent-0.7.5.201505241946-runtime.jar]
2017-04-10 19:13:17.054 ERROR 8220 --- [           main] o.s.test.context.TestContextManager      : Caught exception while allowing TestExecutionListener [org.springframework.test.context.web.ServletTestExecutionListener@45cee004] to prepare test instance [com.ing.custom.simple.SimpleAuthenticationProviderTest@4b345920]

java.lang.IllegalStateException: Failed to load ApplicationContext
	at org.springframework.test.context.cache.DefaultCacheAwareContextLoaderDelegate.loadContext(DefaultCacheAwareContextLoaderDelegate.java:124) ~[spring-test-4.3.4.RELEASE.jar:4.3.4.RELEASE]
	at org.springframework.test.context.support.DefaultTestContext.getApplicationContext(DefaultTestContext.java:83) ~[spring-test-4.3.4.RELEASE.jar:4.3.4.RELEASE]
	at org.springframework.test.context.web.ServletTestExecutionListener.setUpRequestContextIfNecessary(ServletTestExecutionListener.java:189) ~[spring-test-4.3.4.RELEASE.jar:4.3.4.RELEASE]
	at org.springframework.test.context.web.ServletTestExecutionListener.prepareTestInstance(ServletTestExecutionListener.java:131) ~[spring-test-4.3.4.RELEASE.jar:4.3.4.RELEASE]
	at org.springframework.test.context.TestContextManager.prepareTestInstance(TestContextManager.java:230) ~[spring-test-4.3.4.RELEASE.jar:4.3.4.RELEASE]
	at org.springframework.test.context.junit4.SpringJUnit4ClassRunner.createTest(SpringJUnit4ClassRunner.java:228) [spring-test-4.3.4.RELEASE.jar:4.3.4.RELEASE]
	at org.springframework.test.context.junit4.SpringJUnit4ClassRunner$1.runReflectiveCall(SpringJUnit4ClassRunner.java:287) [spring-test-4.3.4.RELEASE.jar:4.3.4.RELEASE]
	at org.junit.internal.runners.model.ReflectiveCallable.run(ReflectiveCallable.java:12) [junit-4.12.jar:4.12]
	at org.springframework.test.context.junit4.SpringJUnit4ClassRunner.methodBlock(SpringJUnit4ClassRunner.java:289) [spring-test-4.3.4.RELEASE.jar:4.3.4.RELEASE]
	at org.springframework.test.context.junit4.SpringJUnit4ClassRunner.runChild(SpringJUnit4ClassRunner.java:247) [spring-test-4.3.4.RELEASE.jar:4.3.4.RELEASE]
	at org.springframework.test.context.junit4.SpringJUnit4ClassRunner.runChild(SpringJUnit4ClassRunner.java:94) [spring-test-4.3.4.RELEASE.jar:4.3.4.RELEASE]
	at org.junit.runners.ParentRunner$3.run(ParentRunner.java:290) [junit-4.12.jar:4.12]
	at org.junit.runners.ParentRunner$1.schedule(ParentRunner.java:71) [junit-4.12.jar:4.12]
	at org.junit.runners.ParentRunner.runChildren(ParentRunner.java:288) [junit-4.12.jar:4.12]
	at org.junit.runners.ParentRunner.access$000(ParentRunner.java:58) [junit-4.12.jar:4.12]
	at org.junit.runners.ParentRunner$2.evaluate(ParentRunner.java:268) [junit-4.12.jar:4.12]
	at org.springframework.test.context.junit4.statements.RunBeforeTestClassCallbacks.evaluate(RunBeforeTestClassCallbacks.java:61) [spring-test-4.3.4.RELEASE.jar:4.3.4.RELEASE]
	at org.springframework.test.context.junit4.statements.RunAfterTestClassCallbacks.evaluate(RunAfterTestClassCallbacks.java:70) [spring-test-4.3.4.RELEASE.jar:4.3.4.RELEASE]
	at org.junit.runners.ParentRunner.run(ParentRunner.java:363) [junit-4.12.jar:4.12]
	at org.springframework.test.context.junit4.SpringJUnit4ClassRunner.run(SpringJUnit4ClassRunner.java:191) [spring-test-4.3.4.RELEASE.jar:4.3.4.RELEASE]
	at org.apache.maven.surefire.junit4.JUnit4Provider.execute(JUnit4Provider.java:264) [surefire-junit4-2.14.1.jar:2.14.1]
	at org.apache.maven.surefire.junit4.JUnit4Provider.executeTestSet(JUnit4Provider.java:153) [surefire-junit4-2.14.1.jar:2.14.1]
	at org.apache.maven.surefire.junit4.JUnit4Provider.invoke(JUnit4Provider.java:124) [surefire-junit4-2.14.1.jar:2.14.1]
	at sun.reflect.NativeMethodAccessorImpl.invoke0(Native Method) ~[na:1.8.0_121]
	at sun.reflect.NativeMethodAccessorImpl.invoke(NativeMethodAccessorImpl.java:62) ~[na:1.8.0_121]
	at sun.reflect.DelegatingMethodAccessorImpl.invoke(DelegatingMethodAccessorImpl.java:43) ~[na:1.8.0_121]
	at java.lang.reflect.Method.invoke(Method.java:498) ~[na:1.8.0_121]
	at org.apache.maven.surefire.util.ReflectionUtils.invokeMethodWithArray2(ReflectionUtils.java:208) [surefire-api-2.14.1.jar:2.14.1]
	at org.apache.maven.surefire.booter.ProviderFactory$ProviderProxy.invoke(ProviderFactory.java:159) [surefire-booter-2.14.1.jar:2.14.1]
	at org.apache.maven.surefire.booter.ProviderFactory.invokeProvider(ProviderFactory.java:87) [surefire-booter-2.14.1.jar:2.14.1]
	at org.apache.maven.surefire.booter.ForkedBooter.runSuitesInProcess(ForkedBooter.java:153) [surefire-booter-2.14.1.jar:2.14.1]
	at org.apache.maven.surefire.booter.ForkedBooter.main(ForkedBooter.java:95) [surefire-booter-2.14.1.jar:2.14.1]
Caused by: org.apache.camel.spring.boot.CamelSpringBootInitializationException: org.apache.camel.FailedToCreateRouteException: Failed to create route route33 at: >>> Choice[[When[{header{action} == all} -> [To[GetAllATMs]]], When[{header{action} == inCity} -> [To[GetAllATMsInCity]]]]] <<< in route: Route(route33)[[From[direct:call]] -> [SetBody[{null}], Choi... because of No endpoint could be found for: GetAllATMs, please check your classpath contains the needed Camel component jar.
	at org.apache.camel.spring.boot.RoutesCollector.onApplicationEvent(RoutesCollector.java:126) ~[camel-spring-boot-2.17.0.jar:2.17.0]
	at org.apache.camel.spring.boot.RoutesCollector.onApplicationEvent(RoutesCollector.java:41) ~[camel-spring-boot-2.17.0.jar:2.17.0]
	at org.springframework.context.event.SimpleApplicationEventMulticaster.invokeListener(SimpleApplicationEventMulticaster.java:166) ~[spring-context-4.3.4.RELEASE.jar:4.3.4.RELEASE]
	at org.springframework.context.event.SimpleApplicationEventMulticaster.multicastEvent(SimpleApplicationEventMulticaster.java:138) ~[spring-context-4.3.4.RELEASE.jar:4.3.4.RELEASE]
	at org.springframework.context.support.AbstractApplicationContext.publishEvent(AbstractApplicationContext.java:383) ~[spring-context-4.3.4.RELEASE.jar:4.3.4.RELEASE]
	at org.springframework.context.support.AbstractApplicationContext.publishEvent(AbstractApplicationContext.java:337) ~[spring-context-4.3.4.RELEASE.jar:4.3.4.RELEASE]
	at org.springframework.context.support.AbstractApplicationContext.finishRefresh(AbstractApplicationContext.java:882) ~[spring-context-4.3.4.RELEASE.jar:4.3.4.RELEASE]
	at org.springframework.context.support.AbstractApplicationContext.refresh(AbstractApplicationContext.java:545) ~[spring-context-4.3.4.RELEASE.jar:4.3.4.RELEASE]
	at org.springframework.boot.SpringApplication.refresh(SpringApplication.java:766) ~[spring-boot-1.3.3.RELEASE.jar:1.3.3.RELEASE]
	at org.springframework.boot.SpringApplication.createAndRefreshContext(SpringApplication.java:361) ~[spring-boot-1.3.3.RELEASE.jar:1.3.3.RELEASE]
	at org.springframework.boot.SpringApplication.run(SpringApplication.java:307) ~[spring-boot-1.3.3.RELEASE.jar:1.3.3.RELEASE]
	at org.springframework.boot.test.SpringApplicationContextLoader.loadContext(SpringApplicationContextLoader.java:98) ~[spring-boot-1.3.3.RELEASE.jar:1.3.3.RELEASE]
	at org.springframework.test.context.cache.DefaultCacheAwareContextLoaderDelegate.loadContextInternal(DefaultCacheAwareContextLoaderDelegate.java:98) ~[spring-test-4.3.4.RELEASE.jar:4.3.4.RELEASE]
	at org.springframework.test.context.cache.DefaultCacheAwareContextLoaderDelegate.loadContext(DefaultCacheAwareContextLoaderDelegate.java:116) ~[spring-test-4.3.4.RELEASE.jar:4.3.4.RELEASE]
	... 31 common frames omitted
Caused by: org.apache.camel.FailedToCreateRouteException: Failed to create route route33 at: >>> Choice[[When[{header{action} == all} -> [To[GetAllATMs]]], When[{header{action} == inCity} -> [To[GetAllATMsInCity]]]]] <<< in route: Route(route33)[[From[direct:call]] -> [SetBody[{null}], Choi... because of No endpoint could be found for: GetAllATMs, please check your classpath contains the needed Camel component jar.
	at org.apache.camel.model.RouteDefinition.addRoutes(RouteDefinition.java:1072) ~[camel-core-2.17.2.jar:2.17.2]
	at org.apache.camel.model.RouteDefinition.addRoutes(RouteDefinition.java:196) ~[camel-core-2.17.2.jar:2.17.2]
	at org.apache.camel.impl.DefaultCamelContext.startRoute(DefaultCamelContext.java:974) ~[camel-core-2.17.2.jar:2.17.2]
	at org.apache.camel.impl.DefaultCamelContext.startRouteDefinitions(DefaultCamelContext.java:3301) ~[camel-core-2.17.2.jar:2.17.2]
	at org.apache.camel.impl.DefaultCamelContext.doStartCamel(DefaultCamelContext.java:3024) ~[camel-core-2.17.2.jar:2.17.2]
	at org.apache.camel.impl.DefaultCamelContext.access$000(DefaultCamelContext.java:175) ~[camel-core-2.17.2.jar:2.17.2]
	at org.apache.camel.impl.DefaultCamelContext$2.call(DefaultCamelContext.java:2854) ~[camel-core-2.17.2.jar:2.17.2]
	at org.apache.camel.impl.DefaultCamelContext$2.call(DefaultCamelContext.java:2850) ~[camel-core-2.17.2.jar:2.17.2]
	at org.apache.camel.impl.DefaultCamelContext.doWithDefinedClassLoader(DefaultCamelContext.java:2873) ~[camel-core-2.17.2.jar:2.17.2]
	at org.apache.camel.impl.DefaultCamelContext.doStart(DefaultCamelContext.java:2850) ~[camel-core-2.17.2.jar:2.17.2]
	at org.apache.camel.support.ServiceSupport.start(ServiceSupport.java:61) ~[camel-core-2.17.2.jar:2.17.2]
	at org.apache.camel.impl.DefaultCamelContext.start(DefaultCamelContext.java:2819) ~[camel-core-2.17.2.jar:2.17.2]
	at org.apache.camel.spring.boot.RoutesCollector.onApplicationEvent(RoutesCollector.java:116) ~[camel-spring-boot-2.17.0.jar:2.17.0]
	... 44 common frames omitted
Caused by: org.apache.camel.NoSuchEndpointException: No endpoint could be found for: GetAllATMs, please check your classpath contains the needed Camel component jar.
	at org.apache.camel.util.CamelContextHelper.getMandatoryEndpoint(CamelContextHelper.java:81) ~[camel-core-2.17.2.jar:2.17.2]
	at org.apache.camel.model.RouteDefinition.resolveEndpoint(RouteDefinition.java:211) ~[camel-core-2.17.2.jar:2.17.2]
	at org.apache.camel.impl.DefaultRouteContext.resolveEndpoint(DefaultRouteContext.java:107) ~[camel-core-2.17.2.jar:2.17.2]
	at org.apache.camel.impl.DefaultRouteContext.resolveEndpoint(DefaultRouteContext.java:113) ~[camel-core-2.17.2.jar:2.17.2]
	at org.apache.camel.model.SendDefinition.resolveEndpoint(SendDefinition.java:62) ~[camel-core-2.17.2.jar:2.17.2]
	at org.apache.camel.model.SendDefinition.createProcessor(SendDefinition.java:56) ~[camel-core-2.17.2.jar:2.17.2]
	at org.apache.camel.model.ProcessorDefinition.createProcessor(ProcessorDefinition.java:483) ~[camel-core-2.17.2.jar:2.17.2]
	at org.apache.camel.model.ProcessorDefinition.createOutputsProcessorImpl(ProcessorDefinition.java:446) ~[camel-core-2.17.2.jar:2.17.2]
	at org.apache.camel.model.ProcessorDefinition.createOutputsProcessor(ProcessorDefinition.java:413) ~[camel-core-2.17.2.jar:2.17.2]
	at org.apache.camel.model.ProcessorDefinition.createOutputsProcessor(ProcessorDefinition.java:165) ~[camel-core-2.17.2.jar:2.17.2]
	at org.apache.camel.model.ExpressionNode.createFilterProcessor(ExpressionNode.java:109) ~[camel-core-2.17.2.jar:2.17.2]
	at org.apache.camel.model.WhenDefinition.createProcessor(WhenDefinition.java:74) ~[camel-core-2.17.2.jar:2.17.2]
	at org.apache.camel.model.WhenDefinition.createProcessor(WhenDefinition.java:32) ~[camel-core-2.17.2.jar:2.17.2]
	at org.apache.camel.model.ProcessorDefinition.createProcessor(ProcessorDefinition.java:483) ~[camel-core-2.17.2.jar:2.17.2]
	at org.apache.camel.model.ChoiceDefinition.createProcessor(ChoiceDefinition.java:135) ~[camel-core-2.17.2.jar:2.17.2]
	at org.apache.camel.model.ProcessorDefinition.makeProcessorImpl(ProcessorDefinition.java:534) ~[camel-core-2.17.2.jar:2.17.2]
	at org.apache.camel.model.ProcessorDefinition.makeProcessor(ProcessorDefinition.java:495) ~[camel-core-2.17.2.jar:2.17.2]
	at org.apache.camel.model.ProcessorDefinition.addRoutes(ProcessorDefinition.java:219) ~[camel-core-2.17.2.jar:2.17.2]
	at org.apache.camel.model.RouteDefinition.addRoutes(RouteDefinition.java:1069) ~[camel-core-2.17.2.jar:2.17.2]
	... 56 common frames omitted

]]></system-out>
  </testcase>
</testsuite>