<?xml version="1.0" encoding="UTF-8"?>
<testsuite name="com.ing.custom.CustomErrorControllerTest" time="0" tests="4" errors="4" skipped="0" failures="0">
  <properties>
    <property name="java.runtime.name" value="Java(TM) SE Runtime Environment"/>
    <property name="sun.boot.library.path" value="C:\Program Files\Java\jdk1.8.0_121\jre\bin"/>
    <property name="java.vm.version" value="25.121-b13"/>
    <property name="java.vm.vendor" value="Oracle Corporation"/>
    <property name="java.vendor.url" value="http://java.oracle.com/"/>
    <property name="path.separator" value=";"/>
    <property name="guice.disable.misplaced.annotation.check" value="true"/>
    <property name="java.vm.name" value="Java HotSpot(TM) 64-Bit Server VM"/>
    <property name="file.encoding.pkg" value="sun.io"/>
    <property name="user.script" value=""/>
    <property name="user.country" value="US"/>
    <property name="sun.java.launcher" value="SUN_STANDARD"/>
    <property name="sun.os.patch.level" value="Service Pack 1"/>
    <property name="java.vm.specification.name" value="Java Virtual Machine Specification"/>
    <property name="user.dir" value="C:\Users\normsby\Documents\NetBeansProjects\ING_ATM_Locator"/>
    <property name="java.runtime.version" value="1.8.0_121-b13"/>
    <property name="java.awt.graphicsenv" value="sun.awt.Win32GraphicsEnvironment"/>
    <property name="java.endorsed.dirs" value="C:\Program Files\Java\jdk1.8.0_121\jre\lib\endorsed"/>
    <property name="os.arch" value="amd64"/>
    <property name="java.io.tmpdir" value="C:\Users\normsby\AppData\Local\Temp\"/>
    <property name="line.separator" value="&#10;"/>
    <property name="java.vm.specification.vendor" value="Oracle Corporation"/>
    <property name="user.variant" value=""/>
    <property name="os.name" value="Windows 7"/>
    <property name="maven.ext.class.path" value="C:\Program Files\NetBeans 8.2\java\maven-nblib\netbeans-eventspy.jar"/>
    <property name="classworlds.conf" value="C:\Program Files\NetBeans 8.2\java\maven\bin\m2.conf"/>
    <property name="sun.jnu.encoding" value="Cp1252"/>
    <property name="java.library.path" value="C:\Program Files\Java\jdk1.8.0_121\bin;C:\Windows\Sun\Java\bin;C:\Windows\system32;C:\Windows;C:\Program Files (x86)\Google\Chrome\Application;C:\ProgramData\Oracle\Java\javapath;C:\Windows\system32;C:\Windows;C:\Windows\System32\Wbem;C:\Windows\System32\WindowsPowerShell\v1.0\;C:\Program Files\Intel\WiFi\bin\;C:\Program Files\Common Files\Intel\WirelessCommon\;C:\Program Files (x86)\Windows Kits\8.1\Windows Performance Toolkit\;C:\Program Files\Microsoft SQL Server\120\Tools\Binn\;C:\Program Files\Microsoft SQL Server\130\Tools\Binn\;C:\Program Files\Git\cmd;C:\Program Files\MongoDB\Server\3.2\bin;C:\Windows\System32\WindowsPowerShell\v1.0\;C:\phantomjs\bin;C:\Program Files\SQL Anywhere 16\bin64;C:\Program Files\SQL Anywhere 16\bin32;C:\Windows\Microsoft.NET\Framework\v4.0.30319;C:\Program Files\dotnet\;C:\Users\normsby\AppData\Local\Programs\Python\Python35-32\Scripts;C:\Android\platform-tools ;C:\Program Files\TortoiseGit\bin;C:\Program Files\nodejs\;C:\Program Files (x86)\Skype\Phone\;C:\Program Files\Apache\maven\bin;C:\Program Files (x86)\Microsoft VS Code\bin;C:\Users\normsby\AppData\Roaming\np;C:\adb;C:\Program Files (x86)\Microsoft VS Code\bin;C:\Users\normsby\AppData\Roaming\npm;."/>
    <property name="java.specification.name" value="Java Platform API Specification"/>
    <property name="java.class.version" value="52.0"/>
    <property name="sun.management.compiler" value="HotSpot 64-Bit Tiered Compilers"/>
    <property name="os.version" value="6.1"/>
    <property name="user.home" value="C:\Users\normsby"/>
    <property name="user.timezone" value="America/New_York"/>
    <property name="java.awt.printerjob" value="sun.awt.windows.WPrinterJob"/>
    <property name="java.specification.version" value="1.8"/>
    <property name="file.encoding" value="UTF-8"/>
    <property name="user.name" value="normsby"/>
    <property name="java.class.path" value="C:\Program Files\NetBeans 8.2\java\maven\boot\plexus-classworlds-2.4.jar"/>
    <property name="java.vm.specification.version" value="1.8"/>
    <property name="sun.arch.data.model" value="64"/>
    <property name="java.home" value="C:\Program Files\Java\jdk1.8.0_121\jre"/>
    <property name="sun.java.command" value="org.codehaus.plexus.classworlds.launcher.Launcher -Dmaven.ext.class.path=C:\Program Files\NetBeans 8.2\java\maven-nblib\netbeans-eventspy.jar -Dfile.encoding=UTF-8 clean install"/>
    <property name="java.specification.vendor" value="Oracle Corporation"/>
    <property name="user.language" value="en"/>
    <property name="awt.toolkit" value="sun.awt.windows.WToolkit"/>
    <property name="java.vm.info" value="mixed mode"/>
    <property name="java.version" value="1.8.0_121"/>
    <property name="java.ext.dirs" value="C:\Program Files\Java\jdk1.8.0_121\jre\lib\ext;C:\Windows\Sun\Java\lib\ext"/>
    <property name="sun.boot.class.path" value="C:\Program Files\Java\jdk1.8.0_121\jre\lib\resources.jar;C:\Program Files\Java\jdk1.8.0_121\jre\lib\rt.jar;C:\Program Files\Java\jdk1.8.0_121\jre\lib\sunrsasign.jar;C:\Program Files\Java\jdk1.8.0_121\jre\lib\jsse.jar;C:\Program Files\Java\jdk1.8.0_121\jre\lib\jce.jar;C:\Program Files\Java\jdk1.8.0_121\jre\lib\charsets.jar;C:\Program Files\Java\jdk1.8.0_121\jre\lib\jfr.jar;C:\Program Files\Java\jdk1.8.0_121\jre\classes"/>
    <property name="java.vendor" value="Oracle Corporation"/>
    <property name="maven.home" value="C:\Program Files\NetBeans 8.2\java\maven"/>
    <property name="file.separator" value="\"/>
    <property name="java.vendor.url.bug" value="http://bugreport.sun.com/bugreport/"/>
    <property name="sun.cpu.endian" value="little"/>
    <property name="sun.io.unicode.encoding" value="UnicodeLittle"/>
    <property name="sun.desktop" value="windows"/>
    <property name="sun.cpu.isalist" value="amd64"/>
  </properties>
  <testcase name="thatErrorPathIsNotNull" classname="com.ing.custom.CustomErrorControllerTest" time="0">
    <error message="Failed to load ApplicationContext" type="java.lang.IllegalStateException">java.lang.IllegalStateException: Failed to load ApplicationContext
	at org.apache.camel.util.CamelContextHelper.getMandatoryEndpoint(CamelContextHelper.java:81)
	at org.apache.camel.model.RouteDefinition.resolveEndpoint(RouteDefinition.java:211)
	at org.apache.camel.impl.DefaultRouteContext.resolveEndpoint(DefaultRouteContext.java:107)
	at org.apache.camel.impl.DefaultRouteContext.resolveEndpoint(DefaultRouteContext.java:113)
	at org.apache.camel.model.SendDefinition.resolveEndpoint(SendDefinition.java:62)
	at org.apache.camel.model.SendDefinition.createProcessor(SendDefinition.java:56)
	at org.apache.camel.model.ProcessorDefinition.createProcessor(ProcessorDefinition.java:483)
	at org.apache.camel.model.ProcessorDefinition.createOutputsProcessorImpl(ProcessorDefinition.java:446)
	at org.apache.camel.model.ProcessorDefinition.createOutputsProcessor(ProcessorDefinition.java:413)
	at org.apache.camel.model.ProcessorDefinition.createOutputsProcessor(ProcessorDefinition.java:165)
	at org.apache.camel.model.ExpressionNode.createFilterProcessor(ExpressionNode.java:109)
	at org.apache.camel.model.WhenDefinition.createProcessor(WhenDefinition.java:74)
	at org.apache.camel.model.WhenDefinition.createProcessor(WhenDefinition.java:32)
	at org.apache.camel.model.ProcessorDefinition.createProcessor(ProcessorDefinition.java:483)
	at org.apache.camel.model.ChoiceDefinition.createProcessor(ChoiceDefinition.java:135)
	at org.apache.camel.model.ProcessorDefinition.makeProcessorImpl(ProcessorDefinition.java:534)
	at org.apache.camel.model.ProcessorDefinition.makeProcessor(ProcessorDefinition.java:495)
	at org.apache.camel.model.ProcessorDefinition.addRoutes(ProcessorDefinition.java:219)
	at org.apache.camel.model.RouteDefinition.addRoutes(RouteDefinition.java:1069)
	at org.apache.camel.model.RouteDefinition.addRoutes(RouteDefinition.java:196)
	at org.apache.camel.impl.DefaultCamelContext.startRoute(DefaultCamelContext.java:974)
	at org.apache.camel.impl.DefaultCamelContext.startRouteDefinitions(DefaultCamelContext.java:3301)
	at org.apache.camel.impl.DefaultCamelContext.doStartCamel(DefaultCamelContext.java:3024)
	at org.apache.camel.impl.DefaultCamelContext.access$000(DefaultCamelContext.java:175)
	at org.apache.camel.impl.DefaultCamelContext$2.call(DefaultCamelContext.java:2854)
	at org.apache.camel.impl.DefaultCamelContext$2.call(DefaultCamelContext.java:2850)
	at org.apache.camel.impl.DefaultCamelContext.doWithDefinedClassLoader(DefaultCamelContext.java:2873)
	at org.apache.camel.impl.DefaultCamelContext.doStart(DefaultCamelContext.java:2850)
	at org.apache.camel.support.ServiceSupport.start(ServiceSupport.java:61)
	at org.apache.camel.impl.DefaultCamelContext.start(DefaultCamelContext.java:2819)
	at org.apache.camel.spring.boot.RoutesCollector.onApplicationEvent(RoutesCollector.java:116)
	at org.apache.camel.spring.boot.RoutesCollector.onApplicationEvent(RoutesCollector.java:41)
	at org.springframework.context.event.SimpleApplicationEventMulticaster.invokeListener(SimpleApplicationEventMulticaster.java:166)
	at org.springframework.context.event.SimpleApplicationEventMulticaster.multicastEvent(SimpleApplicationEventMulticaster.java:138)
	at org.springframework.context.support.AbstractApplicationContext.publishEvent(AbstractApplicationContext.java:383)
	at org.springframework.context.support.AbstractApplicationContext.publishEvent(AbstractApplicationContext.java:337)
	at org.springframework.context.support.AbstractApplicationContext.finishRefresh(AbstractApplicationContext.java:882)
	at org.springframework.context.support.AbstractApplicationContext.refresh(AbstractApplicationContext.java:545)
	at org.springframework.boot.SpringApplication.refresh(SpringApplication.java:766)
	at org.springframework.boot.SpringApplication.createAndRefreshContext(SpringApplication.java:361)
	at org.springframework.boot.SpringApplication.run(SpringApplication.java:307)
	at org.springframework.boot.test.SpringApplicationContextLoader.loadContext(SpringApplicationContextLoader.java:98)
	at org.springframework.test.context.cache.DefaultCacheAwareContextLoaderDelegate.loadContextInternal(DefaultCacheAwareContextLoaderDelegate.java:98)
	at org.springframework.test.context.cache.DefaultCacheAwareContextLoaderDelegate.loadContext(DefaultCacheAwareContextLoaderDelegate.java:116)
	at org.springframework.test.context.support.DefaultTestContext.getApplicationContext(DefaultTestContext.java:83)
	at org.springframework.test.context.web.ServletTestExecutionListener.setUpRequestContextIfNecessary(ServletTestExecutionListener.java:189)
	at org.springframework.test.context.web.ServletTestExecutionListener.prepareTestInstance(ServletTestExecutionListener.java:131)
	at org.springframework.test.context.TestContextManager.prepareTestInstance(TestContextManager.java:230)
	at org.springframework.test.context.junit4.SpringJUnit4ClassRunner.createTest(SpringJUnit4ClassRunner.java:228)
	at org.springframework.test.context.junit4.SpringJUnit4ClassRunner$1.runReflectiveCall(SpringJUnit4ClassRunner.java:287)
	at org.junit.internal.runners.model.ReflectiveCallable.run(ReflectiveCallable.java:12)
	at org.springframework.test.context.junit4.SpringJUnit4ClassRunner.methodBlock(SpringJUnit4ClassRunner.java:289)
	at org.springframework.test.context.junit4.SpringJUnit4ClassRunner.runChild(SpringJUnit4ClassRunner.java:247)
	at org.springframework.test.context.junit4.SpringJUnit4ClassRunner.runChild(SpringJUnit4ClassRunner.java:94)
	at org.junit.runners.ParentRunner$3.run(ParentRunner.java:290)
	at org.junit.runners.ParentRunner$1.schedule(ParentRunner.java:71)
	at org.junit.runners.ParentRunner.runChildren(ParentRunner.java:288)
	at org.junit.runners.ParentRunner.access$000(ParentRunner.java:58)
	at org.junit.runners.ParentRunner$2.evaluate(ParentRunner.java:268)
	at org.springframework.test.context.junit4.statements.RunBeforeTestClassCallbacks.evaluate(RunBeforeTestClassCallbacks.java:61)
	at org.springframework.test.context.junit4.statements.RunAfterTestClassCallbacks.evaluate(RunAfterTestClassCallbacks.java:70)
	at org.junit.runners.ParentRunner.run(ParentRunner.java:363)
	at org.springframework.test.context.junit4.SpringJUnit4ClassRunner.run(SpringJUnit4ClassRunner.java:191)
	at org.apache.maven.surefire.junit4.JUnit4Provider.execute(JUnit4Provider.java:264)
	at org.apache.maven.surefire.junit4.JUnit4Provider.executeTestSet(JUnit4Provider.java:153)
	at org.apache.maven.surefire.junit4.JUnit4Provider.invoke(JUnit4Provider.java:124)
	at sun.reflect.NativeMethodAccessorImpl.invoke0(Native Method)
	at sun.reflect.NativeMethodAccessorImpl.invoke(NativeMethodAccessorImpl.java:62)
	at sun.reflect.DelegatingMethodAccessorImpl.invoke(DelegatingMethodAccessorImpl.java:43)
	at java.lang.reflect.Method.invoke(Method.java:498)
	at org.apache.maven.surefire.util.ReflectionUtils.invokeMethodWithArray2(ReflectionUtils.java:208)
	at org.apache.maven.surefire.booter.ProviderFactory$ProviderProxy.invoke(ProviderFactory.java:159)
	at org.apache.maven.surefire.booter.ProviderFactory.invokeProvider(ProviderFactory.java:87)
	at org.apache.maven.surefire.booter.ForkedBooter.runSuitesInProcess(ForkedBooter.java:153)
	at org.apache.maven.surefire.booter.ForkedBooter.main(ForkedBooter.java:95)
</error>
    <system-out><![CDATA[2017-04-10 19:13:00.639  INFO 8220 --- [           main] o.s.t.c.support.AbstractContextLoader    : Could not detect default resource locations for test class [com.ing.custom.CustomErrorControllerTest]: no resource found for suffixes {-context.xml, Context.groovy}.
2017-04-10 19:13:00.649  INFO 8220 --- [           main] o.s.t.c.web.WebTestContextBootstrapper   : Loaded default TestExecutionListener class names from location [META-INF/spring.factories]: [org.springframework.test.context.web.ServletTestExecutionListener, org.springframework.test.context.support.DirtiesContextBeforeModesTestExecutionListener, org.springframework.test.context.support.DependencyInjectionTestExecutionListener, org.springframework.test.context.support.DirtiesContextTestExecutionListener, org.springframework.test.context.transaction.TransactionalTestExecutionListener, org.springframework.test.context.jdbc.SqlScriptsTestExecutionListener, org.springframework.security.test.context.support.WithSecurityContextTestExecutionListener]
2017-04-10 19:13:00.649  INFO 8220 --- [           main] o.s.t.c.web.WebTestContextBootstrapper   : Using TestExecutionListeners: [org.springframework.test.context.web.ServletTestExecutionListener@6c81dde5, org.springframework.test.context.support.DirtiesContextBeforeModesTestExecutionListener@c617585, org.springframework.test.context.support.DependencyInjectionTestExecutionListener@1a246aa7, org.springframework.test.context.support.DirtiesContextTestExecutionListener@4991c0f7, org.springframework.test.context.transaction.TransactionalTestExecutionListener@2b9d52d5, org.springframework.test.context.jdbc.SqlScriptsTestExecutionListener@2cd7c77e, org.springframework.security.test.context.support.WithSecurityContextTestExecutionListener@159ff111]

  .   ____          _            __ _ _
 /\\ / ___'_ __ _ _(_)_ __  __ _ \ \ \ \
( ( )\___ | '_ | '_| | '_ \/ _` | \ \ \ \
 \\/  ___)| |_)| | | | | || (_| |  ) ) ) )
  '  |____| .__|_| |_|_| |_\__, | / / / /
 =========|_|==============|___/=/_/_/_/
 :: Spring Boot ::        (v1.3.3.RELEASE)

2017-04-10 19:13:00.757  INFO 8220 --- [           main] c.ing.custom.CustomErrorControllerTest   : Starting CustomErrorControllerTest on PPL882039FC with PID 8220 (C:\Users\normsby\Documents\NetBeansProjects\ING_ATM_Locator\target\test-classes started by normsby in C:\Users\normsby\Documents\NetBeansProjects\ING_ATM_Locator)
2017-04-10 19:13:00.758  INFO 8220 --- [           main] c.ing.custom.CustomErrorControllerTest   : No active profile set, falling back to default profiles: default
2017-04-10 19:13:00.761  INFO 8220 --- [           main] o.s.w.c.s.GenericWebApplicationContext   : Refreshing org.springframework.web.context.support.GenericWebApplicationContext@7f4fb4a3: startup date [Mon Apr 10 19:13:00 EDT 2017]; root of context hierarchy
2017-04-10 19:13:01.351  INFO 8220 --- [           main] trationDelegate$BeanPostProcessorChecker : Bean 'org.springframework.security.config.annotation.configuration.ObjectPostProcessorConfiguration' of type [class org.springframework.security.config.annotation.configuration.ObjectPostProcessorConfiguration$$EnhancerBySpringCGLIB$$da46e5e5] is not eligible for getting processed by all BeanPostProcessors (for example: not eligible for auto-proxying)
2017-04-10 19:13:01.351  INFO 8220 --- [           main] trationDelegate$BeanPostProcessorChecker : Bean 'objectPostProcessor' of type [class org.springframework.security.config.annotation.configuration.AutowireBeanFactoryObjectPostProcessor] is not eligible for getting processed by all BeanPostProcessors (for example: not eligible for auto-proxying)
2017-04-10 19:13:01.351  INFO 8220 --- [           main] trationDelegate$BeanPostProcessorChecker : Bean 'org.springframework.security.access.expression.method.DefaultMethodSecurityExpressionHandler@2d6694d9' of type [class org.springframework.security.access.expression.method.DefaultMethodSecurityExpressionHandler] is not eligible for getting processed by all BeanPostProcessors (for example: not eligible for auto-proxying)
2017-04-10 19:13:01.361  INFO 8220 --- [           main] trationDelegate$BeanPostProcessorChecker : Bean 'org.springframework.security.config.annotation.method.configuration.GlobalMethodSecurityConfiguration' of type [class org.springframework.security.config.annotation.method.configuration.GlobalMethodSecurityConfiguration$$EnhancerBySpringCGLIB$$ff1b8897] is not eligible for getting processed by all BeanPostProcessors (for example: not eligible for auto-proxying)
2017-04-10 19:13:01.361  INFO 8220 --- [           main] trationDelegate$BeanPostProcessorChecker : Bean 'methodSecurityMetadataSource' of type [class org.springframework.security.access.method.DelegatingMethodSecurityMetadataSource] is not eligible for getting processed by all BeanPostProcessors (for example: not eligible for auto-proxying)
2017-04-10 19:13:01.391  INFO 8220 --- [           main] trationDelegate$BeanPostProcessorChecker : Bean 'org.apache.camel.spring.boot.CamelAutoConfiguration' of type [class org.apache.camel.spring.boot.CamelAutoConfiguration$$EnhancerBySpringCGLIB$$63c2e3ca] is not eligible for getting processed by all BeanPostProcessors (for example: not eligible for auto-proxying)
2017-04-10 19:13:02.175  INFO 8220 --- [           main] o.s.s.web.DefaultSecurityFilterChain     : Creating filter chain: org.springframework.security.web.util.matcher.AnyRequestMatcher@1, [org.springframework.security.web.context.request.async.WebAsyncManagerIntegrationFilter@6a00352b, org.springframework.security.web.context.SecurityContextPersistenceFilter@687acd6c, org.springframework.security.web.header.HeaderWriterFilter@3d22554e, org.springframework.security.web.csrf.CsrfFilter@5ec5b0f5, org.springframework.security.web.authentication.logout.LogoutFilter@35e2f8e6, org.springframework.security.web.authentication.UsernamePasswordAuthenticationFilter@3f77ca7b, org.springframework.security.web.savedrequest.RequestCacheAwareFilter@5d6e68d5, org.springframework.security.web.servletapi.SecurityContextHolderAwareRequestFilter@72c9de13, org.springframework.security.web.authentication.AnonymousAuthenticationFilter@27e685a3, org.springframework.security.web.session.SessionManagementFilter@1bcb94f8, org.springframework.security.web.access.ExceptionTranslationFilter@7228e12f, org.springframework.security.web.access.intercept.FilterSecurityInterceptor@4d3c340e]
2017-04-10 19:13:02.349  INFO 8220 --- [           main] s.w.s.m.m.a.RequestMappingHandlerAdapter : Looking for @ControllerAdvice: org.springframework.web.context.support.GenericWebApplicationContext@7f4fb4a3: startup date [Mon Apr 10 19:13:00 EDT 2017]; root of context hierarchy
2017-04-10 19:13:02.389  INFO 8220 --- [           main] s.w.s.m.m.a.RequestMappingHandlerMapping : Mapped "{[/error]}" onto public java.lang.String com.ing.error.CustomErrorController.customError(org.springframework.ui.Model,javax.servlet.http.HttpServletRequest)
2017-04-10 19:13:02.389  INFO 8220 --- [           main] s.w.s.m.m.a.RequestMappingHandlerMapping : Mapped "{[/403]}" onto public java.lang.String com.ing.error.CustomErrorController.unauthorised(org.springframework.ui.Model,javax.servlet.http.HttpServletRequest)
2017-04-10 19:13:02.389  INFO 8220 --- [           main] s.w.s.m.m.a.RequestMappingHandlerMapping : Mapped "{[/index],methods=[GET]}" onto public java.lang.String com.ing.web.MainController.index()
2017-04-10 19:13:02.399  INFO 8220 --- [           main] s.w.s.m.m.a.RequestMappingHandlerMapping : Mapped "{[/],methods=[GET]}" onto public java.lang.String com.ing.web.MainController.root()
2017-04-10 19:13:02.399  INFO 8220 --- [           main] s.w.s.m.m.a.RequestMappingHandlerMapping : Mapped "{[/login-error],methods=[GET]}" onto public java.lang.String com.ing.web.MainController.loginError(org.springframework.ui.Model)
2017-04-10 19:13:02.399  INFO 8220 --- [           main] s.w.s.m.m.a.RequestMappingHandlerMapping : Mapped "{[/login],methods=[GET]}" onto public java.lang.String com.ing.web.MainController.login()
2017-04-10 19:13:02.399  INFO 8220 --- [           main] s.w.s.m.m.a.RequestMappingHandlerMapping : Mapped "{[/admin/index],methods=[GET]}" onto public java.lang.String com.ing.web.MainController.adminIndex()
2017-04-10 19:13:02.399  INFO 8220 --- [           main] s.w.s.m.m.a.RequestMappingHandlerMapping : Mapped "{[/user/index],methods=[GET]}" onto public java.lang.String com.ing.web.MainController.userIndex()
2017-04-10 19:13:02.399  INFO 8220 --- [           main] s.w.s.m.m.a.RequestMappingHandlerMapping : Mapped "{[/public/index],methods=[GET]}" onto public java.lang.String com.ing.web.MainController.publicIndex()
2017-04-10 19:13:02.399  INFO 8220 --- [           main] s.w.s.m.m.a.RequestMappingHandlerMapping : Mapped "{[/extra/index],methods=[GET]}" onto public java.lang.String com.ing.web.MainController.extraIndex()
2017-04-10 19:13:02.399  INFO 8220 --- [           main] s.w.s.m.m.a.RequestMappingHandlerMapping : Mapped "{[/tags/index],methods=[GET]}" onto public java.lang.String com.ing.web.SecurityTagController.index(org.springframework.security.core.userdetails.User)
2017-04-10 19:13:02.399  INFO 8220 --- [           main] s.w.s.m.m.a.RequestMappingHandlerMapping : Mapped "{[/tags/admin/index],methods=[GET]}" onto public java.lang.String com.ing.web.SecurityTagController.adminIndex(org.springframework.security.core.userdetails.User)
2017-04-10 19:13:02.399  INFO 8220 --- [           main] s.w.s.m.m.a.RequestMappingHandlerMapping : Mapped "{[/tags/extra/index],methods=[GET]}" onto public java.lang.String com.ing.web.SecurityTagController.extraUser(org.springframework.security.core.userdetails.User)
2017-04-10 19:13:02.399  INFO 8220 --- [           main] s.w.s.m.m.a.RequestMappingHandlerMapping : Mapped "{[/tags/user/index],methods=[GET]}" onto public java.lang.String com.ing.web.SecurityTagController.userIndex(org.springframework.security.core.userdetails.User)
2017-04-10 19:13:02.577  INFO 8220 --- [           main] o.s.w.s.handler.SimpleUrlHandlerMapping  : Mapped URL path [/webjars/**] onto handler of type [class org.springframework.web.servlet.resource.ResourceHttpRequestHandler]
2017-04-10 19:13:02.577  INFO 8220 --- [           main] o.s.w.s.handler.SimpleUrlHandlerMapping  : Mapped URL path [/**] onto handler of type [class org.springframework.web.servlet.resource.ResourceHttpRequestHandler]
2017-04-10 19:13:02.631  INFO 8220 --- [           main] o.s.w.s.handler.SimpleUrlHandlerMapping  : Mapped URL path [/**/favicon.ico] onto handler of type [class org.springframework.web.servlet.resource.ResourceHttpRequestHandler]
2017-04-10 19:13:02.801  INFO 8220 --- [           main] o.a.c.i.converter.DefaultTypeConverter   : Loaded 191 type converters
2017-04-10 19:13:03.021  INFO 8220 --- [           main] o.a.camel.spring.boot.RoutesCollector    : Loading additional Camel XML routes from: classpath:camel/*.xml
2017-04-10 19:13:03.021  INFO 8220 --- [           main] o.a.camel.spring.boot.RoutesCollector    : Loading additional Camel XML rests from: classpath:camel-rest/*.xml
2017-04-10 19:13:03.021  INFO 8220 --- [           main] o.a.camel.spring.SpringCamelContext      : Apache Camel 2.17.2 (CamelContext: camel-3) is starting
2017-04-10 19:13:03.021  INFO 8220 --- [           main] o.a.c.m.ManagedManagementStrategy        : JMX is enabled
2017-04-10 19:13:03.041  INFO 8220 --- [           main] o.a.c.i.DefaultRuntimeEndpointRegistry   : Runtime endpoint registry is in extended mode gathering usage statistics of all incoming and outgoing endpoints (cache limit: 1000)
2017-04-10 19:13:03.091  INFO 8220 --- [           main] o.a.camel.spring.SpringCamelContext      : Apache Camel 2.17.2 (CamelContext: camel-3) is shutting down
2017-04-10 19:13:03.091  INFO 8220 --- [           main] o.a.camel.spring.SpringCamelContext      : Apache Camel 2.17.2 (CamelContext: camel-3) uptime 0.070 seconds
2017-04-10 19:13:03.091  INFO 8220 --- [           main] o.a.camel.spring.SpringCamelContext      : Apache Camel 2.17.2 (CamelContext: camel-3) is shutdown in 0.000 seconds
2017-04-10 19:13:03.091 ERROR 8220 --- [           main] o.s.boot.SpringApplication               : Application startup failed

org.apache.camel.spring.boot.CamelSpringBootInitializationException: org.apache.camel.FailedToCreateRouteException: Failed to create route route9 at: >>> Choice[[When[{header{action} == all} -> [To[GetAllATMs]]], When[{header{action} == inCity} -> [To[GetAllATMsInCity]]]]] <<< in route: Route(route9)[[From[direct:call]] -> [SetBody[{null}], Choic... because of No endpoint could be found for: GetAllATMs, please check your classpath contains the needed Camel component jar.
	at org.apache.camel.spring.boot.RoutesCollector.onApplicationEvent(RoutesCollector.java:126) ~[camel-spring-boot-2.17.0.jar:2.17.0]
	at org.apache.camel.spring.boot.RoutesCollector.onApplicationEvent(RoutesCollector.java:41) ~[camel-spring-boot-2.17.0.jar:2.17.0]
	at org.springframework.context.event.SimpleApplicationEventMulticaster.invokeListener(SimpleApplicationEventMulticaster.java:166) ~[spring-context-4.3.4.RELEASE.jar:4.3.4.RELEASE]
	at org.springframework.context.event.SimpleApplicationEventMulticaster.multicastEvent(SimpleApplicationEventMulticaster.java:138) ~[spring-context-4.3.4.RELEASE.jar:4.3.4.RELEASE]
	at org.springframework.context.support.AbstractApplicationContext.publishEvent(AbstractApplicationContext.java:383) ~[spring-context-4.3.4.RELEASE.jar:4.3.4.RELEASE]
	at org.springframework.context.support.AbstractApplicationContext.publishEvent(AbstractApplicationContext.java:337) ~[spring-context-4.3.4.RELEASE.jar:4.3.4.RELEASE]
	at org.springframework.context.support.AbstractApplicationContext.finishRefresh(AbstractApplicationContext.java:882) ~[spring-context-4.3.4.RELEASE.jar:4.3.4.RELEASE]
	at org.springframework.context.support.AbstractApplicationContext.refresh(AbstractApplicationContext.java:545) ~[spring-context-4.3.4.RELEASE.jar:4.3.4.RELEASE]
	at org.springframework.boot.SpringApplication.refresh(SpringApplication.java:766) ~[spring-boot-1.3.3.RELEASE.jar:1.3.3.RELEASE]
	at org.springframework.boot.SpringApplication.createAndRefreshContext(SpringApplication.java:361) ~[spring-boot-1.3.3.RELEASE.jar:1.3.3.RELEASE]
	at org.springframework.boot.SpringApplication.run(SpringApplication.java:307) ~[spring-boot-1.3.3.RELEASE.jar:1.3.3.RELEASE]
	at org.springframework.boot.test.SpringApplicationContextLoader.loadContext(SpringApplicationContextLoader.java:98) [spring-boot-1.3.3.RELEASE.jar:1.3.3.RELEASE]
	at org.springframework.test.context.cache.DefaultCacheAwareContextLoaderDelegate.loadContextInternal(DefaultCacheAwareContextLoaderDelegate.java:98) [spring-test-4.3.4.RELEASE.jar:4.3.4.RELEASE]
	at org.springframework.test.context.cache.DefaultCacheAwareContextLoaderDelegate.loadContext(DefaultCacheAwareContextLoaderDelegate.java:116) [spring-test-4.3.4.RELEASE.jar:4.3.4.RELEASE]
	at org.springframework.test.context.support.DefaultTestContext.getApplicationContext(DefaultTestContext.java:83) [spring-test-4.3.4.RELEASE.jar:4.3.4.RELEASE]
	at org.springframework.test.context.web.ServletTestExecutionListener.setUpRequestContextIfNecessary(ServletTestExecutionListener.java:189) [spring-test-4.3.4.RELEASE.jar:4.3.4.RELEASE]
	at org.springframework.test.context.web.ServletTestExecutionListener.prepareTestInstance(ServletTestExecutionListener.java:131) [spring-test-4.3.4.RELEASE.jar:4.3.4.RELEASE]
	at org.springframework.test.context.TestContextManager.prepareTestInstance(TestContextManager.java:230) [spring-test-4.3.4.RELEASE.jar:4.3.4.RELEASE]
	at org.springframework.test.context.junit4.SpringJUnit4ClassRunner.createTest(SpringJUnit4ClassRunner.java:228) [spring-test-4.3.4.RELEASE.jar:4.3.4.RELEASE]
	at org.springframework.test.context.junit4.SpringJUnit4ClassRunner$1.runReflectiveCall(SpringJUnit4ClassRunner.java:287) [spring-test-4.3.4.RELEASE.jar:4.3.4.RELEASE]
	at org.junit.internal.runners.model.ReflectiveCallable.run(ReflectiveCallable.java:12) [junit-4.12.jar:4.12]
	at org.springframework.test.context.junit4.SpringJUnit4ClassRunner.methodBlock(SpringJUnit4ClassRunner.java:289) [spring-test-4.3.4.RELEASE.jar:4.3.4.RELEASE]
	at org.springframework.test.context.junit4.SpringJUnit4ClassRunner.runChild(SpringJUnit4ClassRunner.java:247) [spring-test-4.3.4.RELEASE.jar:4.3.4.RELEASE]
	at org.springframework.test.context.junit4.SpringJUnit4ClassRunner.runChild(SpringJUnit4ClassRunner.java:94) [spring-test-4.3.4.RELEASE.jar:4.3.4.RELEASE]
	at org.junit.runners.ParentRunner$3.run(ParentRunner.java:290) [junit-4.12.jar:4.12]
	at org.junit.runners.ParentRunner$1.schedule(ParentRunner.java:71) [junit-4.12.jar:4.12]
	at org.junit.runners.ParentRunner.runChildren(ParentRunner.java:288) [junit-4.12.jar:4.12]
	at org.junit.runners.ParentRunner.access$000(ParentRunner.java:58) [junit-4.12.jar:4.12]
	at org.junit.runners.ParentRunner$2.evaluate(ParentRunner.java:268) [junit-4.12.jar:4.12]
	at org.springframework.test.context.junit4.statements.RunBeforeTestClassCallbacks.evaluate(RunBeforeTestClassCallbacks.java:61) [spring-test-4.3.4.RELEASE.jar:4.3.4.RELEASE]
	at org.springframework.test.context.junit4.statements.RunAfterTestClassCallbacks.evaluate(RunAfterTestClassCallbacks.java:70) [spring-test-4.3.4.RELEASE.jar:4.3.4.RELEASE]
	at org.junit.runners.ParentRunner.run(ParentRunner.java:363) [junit-4.12.jar:4.12]
	at org.springframework.test.context.junit4.SpringJUnit4ClassRunner.run(SpringJUnit4ClassRunner.java:191) [spring-test-4.3.4.RELEASE.jar:4.3.4.RELEASE]
	at org.apache.maven.surefire.junit4.JUnit4Provider.execute(JUnit4Provider.java:264) [surefire-junit4-2.14.1.jar:2.14.1]
	at org.apache.maven.surefire.junit4.JUnit4Provider.executeTestSet(JUnit4Provider.java:153) [surefire-junit4-2.14.1.jar:2.14.1]
	at org.apache.maven.surefire.junit4.JUnit4Provider.invoke(JUnit4Provider.java:124) [surefire-junit4-2.14.1.jar:2.14.1]
	at sun.reflect.NativeMethodAccessorImpl.invoke0(Native Method) ~[na:1.8.0_121]
	at sun.reflect.NativeMethodAccessorImpl.invoke(NativeMethodAccessorImpl.java:62) ~[na:1.8.0_121]
	at sun.reflect.DelegatingMethodAccessorImpl.invoke(DelegatingMethodAccessorImpl.java:43) ~[na:1.8.0_121]
	at java.lang.reflect.Method.invoke(Method.java:498) ~[na:1.8.0_121]
	at org.apache.maven.surefire.util.ReflectionUtils.invokeMethodWithArray2(ReflectionUtils.java:208) [surefire-api-2.14.1.jar:2.14.1]
	at org.apache.maven.surefire.booter.ProviderFactory$ProviderProxy.invoke(ProviderFactory.java:159) [surefire-booter-2.14.1.jar:2.14.1]
	at org.apache.maven.surefire.booter.ProviderFactory.invokeProvider(ProviderFactory.java:87) [surefire-booter-2.14.1.jar:2.14.1]
	at org.apache.maven.surefire.booter.ForkedBooter.runSuitesInProcess(ForkedBooter.java:153) [surefire-booter-2.14.1.jar:2.14.1]
	at org.apache.maven.surefire.booter.ForkedBooter.main(ForkedBooter.java:95) [surefire-booter-2.14.1.jar:2.14.1]
Caused by: org.apache.camel.FailedToCreateRouteException: Failed to create route route9 at: >>> Choice[[When[{header{action} == all} -> [To[GetAllATMs]]], When[{header{action} == inCity} -> [To[GetAllATMsInCity]]]]] <<< in route: Route(route9)[[From[direct:call]] -> [SetBody[{null}], Choic... because of No endpoint could be found for: GetAllATMs, please check your classpath contains the needed Camel component jar.
	at org.apache.camel.model.RouteDefinition.addRoutes(RouteDefinition.java:1072) ~[camel-core-2.17.2.jar:2.17.2]
	at org.apache.camel.model.RouteDefinition.addRoutes(RouteDefinition.java:196) ~[camel-core-2.17.2.jar:2.17.2]
	at org.apache.camel.impl.DefaultCamelContext.startRoute(DefaultCamelContext.java:974) ~[camel-core-2.17.2.jar:2.17.2]
	at org.apache.camel.impl.DefaultCamelContext.startRouteDefinitions(DefaultCamelContext.java:3301) ~[camel-core-2.17.2.jar:2.17.2]
	at org.apache.camel.impl.DefaultCamelContext.doStartCamel(DefaultCamelContext.java:3024) ~[camel-core-2.17.2.jar:2.17.2]
	at org.apache.camel.impl.DefaultCamelContext.access$000(DefaultCamelContext.java:175) ~[camel-core-2.17.2.jar:2.17.2]
	at org.apache.camel.impl.DefaultCamelContext$2.call(DefaultCamelContext.java:2854) ~[camel-core-2.17.2.jar:2.17.2]
	at org.apache.camel.impl.DefaultCamelContext$2.call(DefaultCamelContext.java:2850) ~[camel-core-2.17.2.jar:2.17.2]
	at org.apache.camel.impl.DefaultCamelContext.doWithDefinedClassLoader(DefaultCamelContext.java:2873) ~[camel-core-2.17.2.jar:2.17.2]
	at org.apache.camel.impl.DefaultCamelContext.doStart(DefaultCamelContext.java:2850) ~[camel-core-2.17.2.jar:2.17.2]
	at org.apache.camel.support.ServiceSupport.start(ServiceSupport.java:61) ~[camel-core-2.17.2.jar:2.17.2]
	at org.apache.camel.impl.DefaultCamelContext.start(DefaultCamelContext.java:2819) ~[camel-core-2.17.2.jar:2.17.2]
	at org.apache.camel.spring.boot.RoutesCollector.onApplicationEvent(RoutesCollector.java:116) ~[camel-spring-boot-2.17.0.jar:2.17.0]
	... 44 common frames omitted
Caused by: org.apache.camel.NoSuchEndpointException: No endpoint could be found for: GetAllATMs, please check your classpath contains the needed Camel component jar.
	at org.apache.camel.util.CamelContextHelper.getMandatoryEndpoint(CamelContextHelper.java:81) ~[camel-core-2.17.2.jar:2.17.2]
	at org.apache.camel.model.RouteDefinition.resolveEndpoint(RouteDefinition.java:211) ~[camel-core-2.17.2.jar:2.17.2]
	at org.apache.camel.impl.DefaultRouteContext.resolveEndpoint(DefaultRouteContext.java:107) ~[camel-core-2.17.2.jar:2.17.2]
	at org.apache.camel.impl.DefaultRouteContext.resolveEndpoint(DefaultRouteContext.java:113) ~[camel-core-2.17.2.jar:2.17.2]
	at org.apache.camel.model.SendDefinition.resolveEndpoint(SendDefinition.java:62) ~[camel-core-2.17.2.jar:2.17.2]
	at org.apache.camel.model.SendDefinition.createProcessor(SendDefinition.java:56) ~[camel-core-2.17.2.jar:2.17.2]
	at org.apache.camel.model.ProcessorDefinition.createProcessor(ProcessorDefinition.java:483) ~[camel-core-2.17.2.jar:2.17.2]
	at org.apache.camel.model.ProcessorDefinition.createOutputsProcessorImpl(ProcessorDefinition.java:446) ~[camel-core-2.17.2.jar:2.17.2]
	at org.apache.camel.model.ProcessorDefinition.createOutputsProcessor(ProcessorDefinition.java:413) ~[camel-core-2.17.2.jar:2.17.2]
	at org.apache.camel.model.ProcessorDefinition.createOutputsProcessor(ProcessorDefinition.java:165) ~[camel-core-2.17.2.jar:2.17.2]
	at org.apache.camel.model.ExpressionNode.createFilterProcessor(ExpressionNode.java:109) ~[camel-core-2.17.2.jar:2.17.2]
	at org.apache.camel.model.WhenDefinition.createProcessor(WhenDefinition.java:74) ~[camel-core-2.17.2.jar:2.17.2]
	at org.apache.camel.model.WhenDefinition.createProcessor(WhenDefinition.java:32) ~[camel-core-2.17.2.jar:2.17.2]
	at org.apache.camel.model.ProcessorDefinition.createProcessor(ProcessorDefinition.java:483) ~[camel-core-2.17.2.jar:2.17.2]
	at org.apache.camel.model.ChoiceDefinition.createProcessor(ChoiceDefinition.java:135) ~[camel-core-2.17.2.jar:2.17.2]
	at org.apache.camel.model.ProcessorDefinition.makeProcessorImpl(ProcessorDefinition.java:534) ~[camel-core-2.17.2.jar:2.17.2]
	at org.apache.camel.model.ProcessorDefinition.makeProcessor(ProcessorDefinition.java:495) ~[camel-core-2.17.2.jar:2.17.2]
	at org.apache.camel.model.ProcessorDefinition.addRoutes(ProcessorDefinition.java:219) ~[camel-core-2.17.2.jar:2.17.2]
	at org.apache.camel.model.RouteDefinition.addRoutes(RouteDefinition.java:1069) ~[camel-core-2.17.2.jar:2.17.2]
	... 56 common frames omitted

2017-04-10 19:13:03.101  INFO 8220 --- [           main] .b.l.ClasspathLoggingApplicationListener : Application failed to start with classpath: [file:/C:/Users/normsby/Documents/NetBeansProjects/ING_ATM_Locator/target/surefire/surefirebooter5636998128895282040.jar, file:/C:/Users/normsby/.m2/repository/org/jacoco/org.jacoco.agent/0.7.5.201505241946/org.jacoco.agent-0.7.5.201505241946-runtime.jar]
2017-04-10 19:13:03.111 ERROR 8220 --- [           main] o.s.test.context.TestContextManager      : Caught exception while allowing TestExecutionListener [org.springframework.test.context.web.ServletTestExecutionListener@6c81dde5] to prepare test instance [com.ing.custom.CustomErrorControllerTest@4429d672]

java.lang.IllegalStateException: Failed to load ApplicationContext
	at org.springframework.test.context.cache.DefaultCacheAwareContextLoaderDelegate.loadContext(DefaultCacheAwareContextLoaderDelegate.java:124) ~[spring-test-4.3.4.RELEASE.jar:4.3.4.RELEASE]
	at org.springframework.test.context.support.DefaultTestContext.getApplicationContext(DefaultTestContext.java:83) ~[spring-test-4.3.4.RELEASE.jar:4.3.4.RELEASE]
	at org.springframework.test.context.web.ServletTestExecutionListener.setUpRequestContextIfNecessary(ServletTestExecutionListener.java:189) ~[spring-test-4.3.4.RELEASE.jar:4.3.4.RELEASE]
	at org.springframework.test.context.web.ServletTestExecutionListener.prepareTestInstance(ServletTestExecutionListener.java:131) ~[spring-test-4.3.4.RELEASE.jar:4.3.4.RELEASE]
	at org.springframework.test.context.TestContextManager.prepareTestInstance(TestContextManager.java:230) ~[spring-test-4.3.4.RELEASE.jar:4.3.4.RELEASE]
	at org.springframework.test.context.junit4.SpringJUnit4ClassRunner.createTest(SpringJUnit4ClassRunner.java:228) [spring-test-4.3.4.RELEASE.jar:4.3.4.RELEASE]
	at org.springframework.test.context.junit4.SpringJUnit4ClassRunner$1.runReflectiveCall(SpringJUnit4ClassRunner.java:287) [spring-test-4.3.4.RELEASE.jar:4.3.4.RELEASE]
	at org.junit.internal.runners.model.ReflectiveCallable.run(ReflectiveCallable.java:12) [junit-4.12.jar:4.12]
	at org.springframework.test.context.junit4.SpringJUnit4ClassRunner.methodBlock(SpringJUnit4ClassRunner.java:289) [spring-test-4.3.4.RELEASE.jar:4.3.4.RELEASE]
	at org.springframework.test.context.junit4.SpringJUnit4ClassRunner.runChild(SpringJUnit4ClassRunner.java:247) [spring-test-4.3.4.RELEASE.jar:4.3.4.RELEASE]
	at org.springframework.test.context.junit4.SpringJUnit4ClassRunner.runChild(SpringJUnit4ClassRunner.java:94) [spring-test-4.3.4.RELEASE.jar:4.3.4.RELEASE]
	at org.junit.runners.ParentRunner$3.run(ParentRunner.java:290) [junit-4.12.jar:4.12]
	at org.junit.runners.ParentRunner$1.schedule(ParentRunner.java:71) [junit-4.12.jar:4.12]
	at org.junit.runners.ParentRunner.runChildren(ParentRunner.java:288) [junit-4.12.jar:4.12]
	at org.junit.runners.ParentRunner.access$000(ParentRunner.java:58) [junit-4.12.jar:4.12]
	at org.junit.runners.ParentRunner$2.evaluate(ParentRunner.java:268) [junit-4.12.jar:4.12]
	at org.springframework.test.context.junit4.statements.RunBeforeTestClassCallbacks.evaluate(RunBeforeTestClassCallbacks.java:61) [spring-test-4.3.4.RELEASE.jar:4.3.4.RELEASE]
	at org.springframework.test.context.junit4.statements.RunAfterTestClassCallbacks.evaluate(RunAfterTestClassCallbacks.java:70) [spring-test-4.3.4.RELEASE.jar:4.3.4.RELEASE]
	at org.junit.runners.ParentRunner.run(ParentRunner.java:363) [junit-4.12.jar:4.12]
	at org.springframework.test.context.junit4.SpringJUnit4ClassRunner.run(SpringJUnit4ClassRunner.java:191) [spring-test-4.3.4.RELEASE.jar:4.3.4.RELEASE]
	at org.apache.maven.surefire.junit4.JUnit4Provider.execute(JUnit4Provider.java:264) [surefire-junit4-2.14.1.jar:2.14.1]
	at org.apache.maven.surefire.junit4.JUnit4Provider.executeTestSet(JUnit4Provider.java:153) [surefire-junit4-2.14.1.jar:2.14.1]
	at org.apache.maven.surefire.junit4.JUnit4Provider.invoke(JUnit4Provider.java:124) [surefire-junit4-2.14.1.jar:2.14.1]
	at sun.reflect.NativeMethodAccessorImpl.invoke0(Native Method) ~[na:1.8.0_121]
	at sun.reflect.NativeMethodAccessorImpl.invoke(NativeMethodAccessorImpl.java:62) ~[na:1.8.0_121]
	at sun.reflect.DelegatingMethodAccessorImpl.invoke(DelegatingMethodAccessorImpl.java:43) ~[na:1.8.0_121]
	at java.lang.reflect.Method.invoke(Method.java:498) ~[na:1.8.0_121]
	at org.apache.maven.surefire.util.ReflectionUtils.invokeMethodWithArray2(ReflectionUtils.java:208) [surefire-api-2.14.1.jar:2.14.1]
	at org.apache.maven.surefire.booter.ProviderFactory$ProviderProxy.invoke(ProviderFactory.java:159) [surefire-booter-2.14.1.jar:2.14.1]
	at org.apache.maven.surefire.booter.ProviderFactory.invokeProvider(ProviderFactory.java:87) [surefire-booter-2.14.1.jar:2.14.1]
	at org.apache.maven.surefire.booter.ForkedBooter.runSuitesInProcess(ForkedBooter.java:153) [surefire-booter-2.14.1.jar:2.14.1]
	at org.apache.maven.surefire.booter.ForkedBooter.main(ForkedBooter.java:95) [surefire-booter-2.14.1.jar:2.14.1]
Caused by: org.apache.camel.spring.boot.CamelSpringBootInitializationException: org.apache.camel.FailedToCreateRouteException: Failed to create route route9 at: >>> Choice[[When[{header{action} == all} -> [To[GetAllATMs]]], When[{header{action} == inCity} -> [To[GetAllATMsInCity]]]]] <<< in route: Route(route9)[[From[direct:call]] -> [SetBody[{null}], Choic... because of No endpoint could be found for: GetAllATMs, please check your classpath contains the needed Camel component jar.
	at org.apache.camel.spring.boot.RoutesCollector.onApplicationEvent(RoutesCollector.java:126) ~[camel-spring-boot-2.17.0.jar:2.17.0]
	at org.apache.camel.spring.boot.RoutesCollector.onApplicationEvent(RoutesCollector.java:41) ~[camel-spring-boot-2.17.0.jar:2.17.0]
	at org.springframework.context.event.SimpleApplicationEventMulticaster.invokeListener(SimpleApplicationEventMulticaster.java:166) ~[spring-context-4.3.4.RELEASE.jar:4.3.4.RELEASE]
	at org.springframework.context.event.SimpleApplicationEventMulticaster.multicastEvent(SimpleApplicationEventMulticaster.java:138) ~[spring-context-4.3.4.RELEASE.jar:4.3.4.RELEASE]
	at org.springframework.context.support.AbstractApplicationContext.publishEvent(AbstractApplicationContext.java:383) ~[spring-context-4.3.4.RELEASE.jar:4.3.4.RELEASE]
	at org.springframework.context.support.AbstractApplicationContext.publishEvent(AbstractApplicationContext.java:337) ~[spring-context-4.3.4.RELEASE.jar:4.3.4.RELEASE]
	at org.springframework.context.support.AbstractApplicationContext.finishRefresh(AbstractApplicationContext.java:882) ~[spring-context-4.3.4.RELEASE.jar:4.3.4.RELEASE]
	at org.springframework.context.support.AbstractApplicationContext.refresh(AbstractApplicationContext.java:545) ~[spring-context-4.3.4.RELEASE.jar:4.3.4.RELEASE]
	at org.springframework.boot.SpringApplication.refresh(SpringApplication.java:766) ~[spring-boot-1.3.3.RELEASE.jar:1.3.3.RELEASE]
	at org.springframework.boot.SpringApplication.createAndRefreshContext(SpringApplication.java:361) ~[spring-boot-1.3.3.RELEASE.jar:1.3.3.RELEASE]
	at org.springframework.boot.SpringApplication.run(SpringApplication.java:307) ~[spring-boot-1.3.3.RELEASE.jar:1.3.3.RELEASE]
	at org.springframework.boot.test.SpringApplicationContextLoader.loadContext(SpringApplicationContextLoader.java:98) ~[spring-boot-1.3.3.RELEASE.jar:1.3.3.RELEASE]
	at org.springframework.test.context.cache.DefaultCacheAwareContextLoaderDelegate.loadContextInternal(DefaultCacheAwareContextLoaderDelegate.java:98) ~[spring-test-4.3.4.RELEASE.jar:4.3.4.RELEASE]
	at org.springframework.test.context.cache.DefaultCacheAwareContextLoaderDelegate.loadContext(DefaultCacheAwareContextLoaderDelegate.java:116) ~[spring-test-4.3.4.RELEASE.jar:4.3.4.RELEASE]
	... 31 common frames omitted
Caused by: org.apache.camel.FailedToCreateRouteException: Failed to create route route9 at: >>> Choice[[When[{header{action} == all} -> [To[GetAllATMs]]], When[{header{action} == inCity} -> [To[GetAllATMsInCity]]]]] <<< in route: Route(route9)[[From[direct:call]] -> [SetBody[{null}], Choic... because of No endpoint could be found for: GetAllATMs, please check your classpath contains the needed Camel component jar.
	at org.apache.camel.model.RouteDefinition.addRoutes(RouteDefinition.java:1072) ~[camel-core-2.17.2.jar:2.17.2]
	at org.apache.camel.model.RouteDefinition.addRoutes(RouteDefinition.java:196) ~[camel-core-2.17.2.jar:2.17.2]
	at org.apache.camel.impl.DefaultCamelContext.startRoute(DefaultCamelContext.java:974) ~[camel-core-2.17.2.jar:2.17.2]
	at org.apache.camel.impl.DefaultCamelContext.startRouteDefinitions(DefaultCamelContext.java:3301) ~[camel-core-2.17.2.jar:2.17.2]
	at org.apache.camel.impl.DefaultCamelContext.doStartCamel(DefaultCamelContext.java:3024) ~[camel-core-2.17.2.jar:2.17.2]
	at org.apache.camel.impl.DefaultCamelContext.access$000(DefaultCamelContext.java:175) ~[camel-core-2.17.2.jar:2.17.2]
	at org.apache.camel.impl.DefaultCamelContext$2.call(DefaultCamelContext.java:2854) ~[camel-core-2.17.2.jar:2.17.2]
	at org.apache.camel.impl.DefaultCamelContext$2.call(DefaultCamelContext.java:2850) ~[camel-core-2.17.2.jar:2.17.2]
	at org.apache.camel.impl.DefaultCamelContext.doWithDefinedClassLoader(DefaultCamelContext.java:2873) ~[camel-core-2.17.2.jar:2.17.2]
	at org.apache.camel.impl.DefaultCamelContext.doStart(DefaultCamelContext.java:2850) ~[camel-core-2.17.2.jar:2.17.2]
	at org.apache.camel.support.ServiceSupport.start(ServiceSupport.java:61) ~[camel-core-2.17.2.jar:2.17.2]
	at org.apache.camel.impl.DefaultCamelContext.start(DefaultCamelContext.java:2819) ~[camel-core-2.17.2.jar:2.17.2]
	at org.apache.camel.spring.boot.RoutesCollector.onApplicationEvent(RoutesCollector.java:116) ~[camel-spring-boot-2.17.0.jar:2.17.0]
	... 44 common frames omitted
Caused by: org.apache.camel.NoSuchEndpointException: No endpoint could be found for: GetAllATMs, please check your classpath contains the needed Camel component jar.
	at org.apache.camel.util.CamelContextHelper.getMandatoryEndpoint(CamelContextHelper.java:81) ~[camel-core-2.17.2.jar:2.17.2]
	at org.apache.camel.model.RouteDefinition.resolveEndpoint(RouteDefinition.java:211) ~[camel-core-2.17.2.jar:2.17.2]
	at org.apache.camel.impl.DefaultRouteContext.resolveEndpoint(DefaultRouteContext.java:107) ~[camel-core-2.17.2.jar:2.17.2]
	at org.apache.camel.impl.DefaultRouteContext.resolveEndpoint(DefaultRouteContext.java:113) ~[camel-core-2.17.2.jar:2.17.2]
	at org.apache.camel.model.SendDefinition.resolveEndpoint(SendDefinition.java:62) ~[camel-core-2.17.2.jar:2.17.2]
	at org.apache.camel.model.SendDefinition.createProcessor(SendDefinition.java:56) ~[camel-core-2.17.2.jar:2.17.2]
	at org.apache.camel.model.ProcessorDefinition.createProcessor(ProcessorDefinition.java:483) ~[camel-core-2.17.2.jar:2.17.2]
	at org.apache.camel.model.ProcessorDefinition.createOutputsProcessorImpl(ProcessorDefinition.java:446) ~[camel-core-2.17.2.jar:2.17.2]
	at org.apache.camel.model.ProcessorDefinition.createOutputsProcessor(ProcessorDefinition.java:413) ~[camel-core-2.17.2.jar:2.17.2]
	at org.apache.camel.model.ProcessorDefinition.createOutputsProcessor(ProcessorDefinition.java:165) ~[camel-core-2.17.2.jar:2.17.2]
	at org.apache.camel.model.ExpressionNode.createFilterProcessor(ExpressionNode.java:109) ~[camel-core-2.17.2.jar:2.17.2]
	at org.apache.camel.model.WhenDefinition.createProcessor(WhenDefinition.java:74) ~[camel-core-2.17.2.jar:2.17.2]
	at org.apache.camel.model.WhenDefinition.createProcessor(WhenDefinition.java:32) ~[camel-core-2.17.2.jar:2.17.2]
	at org.apache.camel.model.ProcessorDefinition.createProcessor(ProcessorDefinition.java:483) ~[camel-core-2.17.2.jar:2.17.2]
	at org.apache.camel.model.ChoiceDefinition.createProcessor(ChoiceDefinition.java:135) ~[camel-core-2.17.2.jar:2.17.2]
	at org.apache.camel.model.ProcessorDefinition.makeProcessorImpl(ProcessorDefinition.java:534) ~[camel-core-2.17.2.jar:2.17.2]
	at org.apache.camel.model.ProcessorDefinition.makeProcessor(ProcessorDefinition.java:495) ~[camel-core-2.17.2.jar:2.17.2]
	at org.apache.camel.model.ProcessorDefinition.addRoutes(ProcessorDefinition.java:219) ~[camel-core-2.17.2.jar:2.17.2]
	at org.apache.camel.model.RouteDefinition.addRoutes(RouteDefinition.java:1069) ~[camel-core-2.17.2.jar:2.17.2]
	... 56 common frames omitted

]]></system-out>
  </testcase>
  <testcase name="pageNotFound" classname="com.ing.custom.CustomErrorControllerTest" time="0">
    <error message="Failed to load ApplicationContext" type="java.lang.IllegalStateException">java.lang.IllegalStateException: Failed to load ApplicationContext
	at org.apache.camel.util.CamelContextHelper.getMandatoryEndpoint(CamelContextHelper.java:81)
	at org.apache.camel.model.RouteDefinition.resolveEndpoint(RouteDefinition.java:211)
	at org.apache.camel.impl.DefaultRouteContext.resolveEndpoint(DefaultRouteContext.java:107)
	at org.apache.camel.impl.DefaultRouteContext.resolveEndpoint(DefaultRouteContext.java:113)
	at org.apache.camel.model.SendDefinition.resolveEndpoint(SendDefinition.java:62)
	at org.apache.camel.model.SendDefinition.createProcessor(SendDefinition.java:56)
	at org.apache.camel.model.ProcessorDefinition.createProcessor(ProcessorDefinition.java:483)
	at org.apache.camel.model.ProcessorDefinition.createOutputsProcessorImpl(ProcessorDefinition.java:446)
	at org.apache.camel.model.ProcessorDefinition.createOutputsProcessor(ProcessorDefinition.java:413)
	at org.apache.camel.model.ProcessorDefinition.createOutputsProcessor(ProcessorDefinition.java:165)
	at org.apache.camel.model.ExpressionNode.createFilterProcessor(ExpressionNode.java:109)
	at org.apache.camel.model.WhenDefinition.createProcessor(WhenDefinition.java:74)
	at org.apache.camel.model.WhenDefinition.createProcessor(WhenDefinition.java:32)
	at org.apache.camel.model.ProcessorDefinition.createProcessor(ProcessorDefinition.java:483)
	at org.apache.camel.model.ChoiceDefinition.createProcessor(ChoiceDefinition.java:135)
	at org.apache.camel.model.ProcessorDefinition.makeProcessorImpl(ProcessorDefinition.java:534)
	at org.apache.camel.model.ProcessorDefinition.makeProcessor(ProcessorDefinition.java:495)
	at org.apache.camel.model.ProcessorDefinition.addRoutes(ProcessorDefinition.java:219)
	at org.apache.camel.model.RouteDefinition.addRoutes(RouteDefinition.java:1069)
	at org.apache.camel.model.RouteDefinition.addRoutes(RouteDefinition.java:196)
	at org.apache.camel.impl.DefaultCamelContext.startRoute(DefaultCamelContext.java:974)
	at org.apache.camel.impl.DefaultCamelContext.startRouteDefinitions(DefaultCamelContext.java:3301)
	at org.apache.camel.impl.DefaultCamelContext.doStartCamel(DefaultCamelContext.java:3024)
	at org.apache.camel.impl.DefaultCamelContext.access$000(DefaultCamelContext.java:175)
	at org.apache.camel.impl.DefaultCamelContext$2.call(DefaultCamelContext.java:2854)
	at org.apache.camel.impl.DefaultCamelContext$2.call(DefaultCamelContext.java:2850)
	at org.apache.camel.impl.DefaultCamelContext.doWithDefinedClassLoader(DefaultCamelContext.java:2873)
	at org.apache.camel.impl.DefaultCamelContext.doStart(DefaultCamelContext.java:2850)
	at org.apache.camel.support.ServiceSupport.start(ServiceSupport.java:61)
	at org.apache.camel.impl.DefaultCamelContext.start(DefaultCamelContext.java:2819)
	at org.apache.camel.spring.boot.RoutesCollector.onApplicationEvent(RoutesCollector.java:116)
	at org.apache.camel.spring.boot.RoutesCollector.onApplicationEvent(RoutesCollector.java:41)
	at org.springframework.context.event.SimpleApplicationEventMulticaster.invokeListener(SimpleApplicationEventMulticaster.java:166)
	at org.springframework.context.event.SimpleApplicationEventMulticaster.multicastEvent(SimpleApplicationEventMulticaster.java:138)
	at org.springframework.context.support.AbstractApplicationContext.publishEvent(AbstractApplicationContext.java:383)
	at org.springframework.context.support.AbstractApplicationContext.publishEvent(AbstractApplicationContext.java:337)
	at org.springframework.context.support.AbstractApplicationContext.finishRefresh(AbstractApplicationContext.java:882)
	at org.springframework.context.support.AbstractApplicationContext.refresh(AbstractApplicationContext.java:545)
	at org.springframework.boot.SpringApplication.refresh(SpringApplication.java:766)
	at org.springframework.boot.SpringApplication.createAndRefreshContext(SpringApplication.java:361)
	at org.springframework.boot.SpringApplication.run(SpringApplication.java:307)
	at org.springframework.boot.test.SpringApplicationContextLoader.loadContext(SpringApplicationContextLoader.java:98)
	at org.springframework.test.context.cache.DefaultCacheAwareContextLoaderDelegate.loadContextInternal(DefaultCacheAwareContextLoaderDelegate.java:98)
	at org.springframework.test.context.cache.DefaultCacheAwareContextLoaderDelegate.loadContext(DefaultCacheAwareContextLoaderDelegate.java:116)
	at org.springframework.test.context.support.DefaultTestContext.getApplicationContext(DefaultTestContext.java:83)
	at org.springframework.test.context.web.ServletTestExecutionListener.setUpRequestContextIfNecessary(ServletTestExecutionListener.java:189)
	at org.springframework.test.context.web.ServletTestExecutionListener.prepareTestInstance(ServletTestExecutionListener.java:131)
	at org.springframework.test.context.TestContextManager.prepareTestInstance(TestContextManager.java:230)
	at org.springframework.test.context.junit4.SpringJUnit4ClassRunner.createTest(SpringJUnit4ClassRunner.java:228)
	at org.springframework.test.context.junit4.SpringJUnit4ClassRunner$1.runReflectiveCall(SpringJUnit4ClassRunner.java:287)
	at org.junit.internal.runners.model.ReflectiveCallable.run(ReflectiveCallable.java:12)
	at org.springframework.test.context.junit4.SpringJUnit4ClassRunner.methodBlock(SpringJUnit4ClassRunner.java:289)
	at org.springframework.test.context.junit4.SpringJUnit4ClassRunner.runChild(SpringJUnit4ClassRunner.java:247)
	at org.springframework.test.context.junit4.SpringJUnit4ClassRunner.runChild(SpringJUnit4ClassRunner.java:94)
	at org.junit.runners.ParentRunner$3.run(ParentRunner.java:290)
	at org.junit.runners.ParentRunner$1.schedule(ParentRunner.java:71)
	at org.junit.runners.ParentRunner.runChildren(ParentRunner.java:288)
	at org.junit.runners.ParentRunner.access$000(ParentRunner.java:58)
	at org.junit.runners.ParentRunner$2.evaluate(ParentRunner.java:268)
	at org.springframework.test.context.junit4.statements.RunBeforeTestClassCallbacks.evaluate(RunBeforeTestClassCallbacks.java:61)
	at org.springframework.test.context.junit4.statements.RunAfterTestClassCallbacks.evaluate(RunAfterTestClassCallbacks.java:70)
	at org.junit.runners.ParentRunner.run(ParentRunner.java:363)
	at org.springframework.test.context.junit4.SpringJUnit4ClassRunner.run(SpringJUnit4ClassRunner.java:191)
	at org.apache.maven.surefire.junit4.JUnit4Provider.execute(JUnit4Provider.java:264)
	at org.apache.maven.surefire.junit4.JUnit4Provider.executeTestSet(JUnit4Provider.java:153)
	at org.apache.maven.surefire.junit4.JUnit4Provider.invoke(JUnit4Provider.java:124)
	at sun.reflect.NativeMethodAccessorImpl.invoke0(Native Method)
	at sun.reflect.NativeMethodAccessorImpl.invoke(NativeMethodAccessorImpl.java:62)
	at sun.reflect.DelegatingMethodAccessorImpl.invoke(DelegatingMethodAccessorImpl.java:43)
	at java.lang.reflect.Method.invoke(Method.java:498)
	at org.apache.maven.surefire.util.ReflectionUtils.invokeMethodWithArray2(ReflectionUtils.java:208)
	at org.apache.maven.surefire.booter.ProviderFactory$ProviderProxy.invoke(ProviderFactory.java:159)
	at org.apache.maven.surefire.booter.ProviderFactory.invokeProvider(ProviderFactory.java:87)
	at org.apache.maven.surefire.booter.ForkedBooter.runSuitesInProcess(ForkedBooter.java:153)
	at org.apache.maven.surefire.booter.ForkedBooter.main(ForkedBooter.java:95)
</error>
    <system-out><![CDATA[
  .   ____          _            __ _ _
 /\\ / ___'_ __ _ _(_)_ __  __ _ \ \ \ \
( ( )\___ | '_ | '_| | '_ \/ _` | \ \ \ \
 \\/  ___)| |_)| | | | | || (_| |  ) ) ) )
  '  |____| .__|_| |_|_| |_\__, | / / / /
 =========|_|==============|___/=/_/_/_/
 :: Spring Boot ::        (v1.3.3.RELEASE)

2017-04-10 19:13:03.160  INFO 8220 --- [           main] c.ing.custom.CustomErrorControllerTest   : Starting CustomErrorControllerTest on PPL882039FC with PID 8220 (C:\Users\normsby\Documents\NetBeansProjects\ING_ATM_Locator\target\test-classes started by normsby in C:\Users\normsby\Documents\NetBeansProjects\ING_ATM_Locator)
2017-04-10 19:13:03.160  INFO 8220 --- [           main] c.ing.custom.CustomErrorControllerTest   : No active profile set, falling back to default profiles: default
2017-04-10 19:13:03.162  INFO 8220 --- [           main] o.s.w.c.s.GenericWebApplicationContext   : Refreshing org.springframework.web.context.support.GenericWebApplicationContext@b73e0b6: startup date [Mon Apr 10 19:13:03 EDT 2017]; root of context hierarchy
2017-04-10 19:13:03.693  INFO 8220 --- [           main] trationDelegate$BeanPostProcessorChecker : Bean 'org.springframework.security.config.annotation.configuration.ObjectPostProcessorConfiguration' of type [class org.springframework.security.config.annotation.configuration.ObjectPostProcessorConfiguration$$EnhancerBySpringCGLIB$$da46e5e5] is not eligible for getting processed by all BeanPostProcessors (for example: not eligible for auto-proxying)
2017-04-10 19:13:03.703  INFO 8220 --- [           main] trationDelegate$BeanPostProcessorChecker : Bean 'objectPostProcessor' of type [class org.springframework.security.config.annotation.configuration.AutowireBeanFactoryObjectPostProcessor] is not eligible for getting processed by all BeanPostProcessors (for example: not eligible for auto-proxying)
2017-04-10 19:13:03.703  INFO 8220 --- [           main] trationDelegate$BeanPostProcessorChecker : Bean 'org.springframework.security.access.expression.method.DefaultMethodSecurityExpressionHandler@7d91cbd5' of type [class org.springframework.security.access.expression.method.DefaultMethodSecurityExpressionHandler] is not eligible for getting processed by all BeanPostProcessors (for example: not eligible for auto-proxying)
2017-04-10 19:13:03.703  INFO 8220 --- [           main] trationDelegate$BeanPostProcessorChecker : Bean 'org.springframework.security.config.annotation.method.configuration.GlobalMethodSecurityConfiguration' of type [class org.springframework.security.config.annotation.method.configuration.GlobalMethodSecurityConfiguration$$EnhancerBySpringCGLIB$$ff1b8897] is not eligible for getting processed by all BeanPostProcessors (for example: not eligible for auto-proxying)
2017-04-10 19:13:03.713  INFO 8220 --- [           main] trationDelegate$BeanPostProcessorChecker : Bean 'methodSecurityMetadataSource' of type [class org.springframework.security.access.method.DelegatingMethodSecurityMetadataSource] is not eligible for getting processed by all BeanPostProcessors (for example: not eligible for auto-proxying)
2017-04-10 19:13:03.713  INFO 8220 --- [           main] trationDelegate$BeanPostProcessorChecker : Bean 'org.apache.camel.spring.boot.CamelAutoConfiguration' of type [class org.apache.camel.spring.boot.CamelAutoConfiguration$$EnhancerBySpringCGLIB$$63c2e3ca] is not eligible for getting processed by all BeanPostProcessors (for example: not eligible for auto-proxying)
2017-04-10 19:13:04.505  INFO 8220 --- [           main] o.s.s.web.DefaultSecurityFilterChain     : Creating filter chain: org.springframework.security.web.util.matcher.AnyRequestMatcher@1, [org.springframework.security.web.context.request.async.WebAsyncManagerIntegrationFilter@22b012bb, org.springframework.security.web.context.SecurityContextPersistenceFilter@152eed97, org.springframework.security.web.header.HeaderWriterFilter@6e4aacb4, org.springframework.security.web.csrf.CsrfFilter@2ce3115e, org.springframework.security.web.authentication.logout.LogoutFilter@7ee11d67, org.springframework.security.web.authentication.UsernamePasswordAuthenticationFilter@3b1769a7, org.springframework.security.web.savedrequest.RequestCacheAwareFilter@7f34036a, org.springframework.security.web.servletapi.SecurityContextHolderAwareRequestFilter@44a03f34, org.springframework.security.web.authentication.AnonymousAuthenticationFilter@981379d, org.springframework.security.web.session.SessionManagementFilter@21f36116, org.springframework.security.web.access.ExceptionTranslationFilter@5b162cd4, org.springframework.security.web.access.intercept.FilterSecurityInterceptor@47e67742]
2017-04-10 19:13:04.677  INFO 8220 --- [           main] s.w.s.m.m.a.RequestMappingHandlerAdapter : Looking for @ControllerAdvice: org.springframework.web.context.support.GenericWebApplicationContext@b73e0b6: startup date [Mon Apr 10 19:13:03 EDT 2017]; root of context hierarchy
2017-04-10 19:13:04.717  INFO 8220 --- [           main] s.w.s.m.m.a.RequestMappingHandlerMapping : Mapped "{[/error]}" onto public java.lang.String com.ing.error.CustomErrorController.customError(org.springframework.ui.Model,javax.servlet.http.HttpServletRequest)
2017-04-10 19:13:04.717  INFO 8220 --- [           main] s.w.s.m.m.a.RequestMappingHandlerMapping : Mapped "{[/403]}" onto public java.lang.String com.ing.error.CustomErrorController.unauthorised(org.springframework.ui.Model,javax.servlet.http.HttpServletRequest)
2017-04-10 19:13:04.717  INFO 8220 --- [           main] s.w.s.m.m.a.RequestMappingHandlerMapping : Mapped "{[/index],methods=[GET]}" onto public java.lang.String com.ing.web.MainController.index()
2017-04-10 19:13:04.717  INFO 8220 --- [           main] s.w.s.m.m.a.RequestMappingHandlerMapping : Mapped "{[/],methods=[GET]}" onto public java.lang.String com.ing.web.MainController.root()
2017-04-10 19:13:04.717  INFO 8220 --- [           main] s.w.s.m.m.a.RequestMappingHandlerMapping : Mapped "{[/login-error],methods=[GET]}" onto public java.lang.String com.ing.web.MainController.loginError(org.springframework.ui.Model)
2017-04-10 19:13:04.717  INFO 8220 --- [           main] s.w.s.m.m.a.RequestMappingHandlerMapping : Mapped "{[/login],methods=[GET]}" onto public java.lang.String com.ing.web.MainController.login()
2017-04-10 19:13:04.717  INFO 8220 --- [           main] s.w.s.m.m.a.RequestMappingHandlerMapping : Mapped "{[/admin/index],methods=[GET]}" onto public java.lang.String com.ing.web.MainController.adminIndex()
2017-04-10 19:13:04.717  INFO 8220 --- [           main] s.w.s.m.m.a.RequestMappingHandlerMapping : Mapped "{[/user/index],methods=[GET]}" onto public java.lang.String com.ing.web.MainController.userIndex()
2017-04-10 19:13:04.717  INFO 8220 --- [           main] s.w.s.m.m.a.RequestMappingHandlerMapping : Mapped "{[/public/index],methods=[GET]}" onto public java.lang.String com.ing.web.MainController.publicIndex()
2017-04-10 19:13:04.717  INFO 8220 --- [           main] s.w.s.m.m.a.RequestMappingHandlerMapping : Mapped "{[/extra/index],methods=[GET]}" onto public java.lang.String com.ing.web.MainController.extraIndex()
2017-04-10 19:13:04.717  INFO 8220 --- [           main] s.w.s.m.m.a.RequestMappingHandlerMapping : Mapped "{[/tags/index],methods=[GET]}" onto public java.lang.String com.ing.web.SecurityTagController.index(org.springframework.security.core.userdetails.User)
2017-04-10 19:13:04.717  INFO 8220 --- [           main] s.w.s.m.m.a.RequestMappingHandlerMapping : Mapped "{[/tags/admin/index],methods=[GET]}" onto public java.lang.String com.ing.web.SecurityTagController.adminIndex(org.springframework.security.core.userdetails.User)
2017-04-10 19:13:04.717  INFO 8220 --- [           main] s.w.s.m.m.a.RequestMappingHandlerMapping : Mapped "{[/tags/extra/index],methods=[GET]}" onto public java.lang.String com.ing.web.SecurityTagController.extraUser(org.springframework.security.core.userdetails.User)
2017-04-10 19:13:04.727  INFO 8220 --- [           main] s.w.s.m.m.a.RequestMappingHandlerMapping : Mapped "{[/tags/user/index],methods=[GET]}" onto public java.lang.String com.ing.web.SecurityTagController.userIndex(org.springframework.security.core.userdetails.User)
2017-04-10 19:13:04.877  INFO 8220 --- [           main] o.s.w.s.handler.SimpleUrlHandlerMapping  : Mapped URL path [/webjars/**] onto handler of type [class org.springframework.web.servlet.resource.ResourceHttpRequestHandler]
2017-04-10 19:13:04.877  INFO 8220 --- [           main] o.s.w.s.handler.SimpleUrlHandlerMapping  : Mapped URL path [/**] onto handler of type [class org.springframework.web.servlet.resource.ResourceHttpRequestHandler]
2017-04-10 19:13:04.927  INFO 8220 --- [           main] o.s.w.s.handler.SimpleUrlHandlerMapping  : Mapped URL path [/**/favicon.ico] onto handler of type [class org.springframework.web.servlet.resource.ResourceHttpRequestHandler]
2017-04-10 19:13:05.077  INFO 8220 --- [           main] o.a.c.i.converter.DefaultTypeConverter   : Loaded 191 type converters
2017-04-10 19:13:05.277  INFO 8220 --- [           main] o.a.camel.spring.boot.RoutesCollector    : Loading additional Camel XML routes from: classpath:camel/*.xml
2017-04-10 19:13:05.277  INFO 8220 --- [           main] o.a.camel.spring.boot.RoutesCollector    : Loading additional Camel XML rests from: classpath:camel-rest/*.xml
2017-04-10 19:13:05.277  INFO 8220 --- [           main] o.a.camel.spring.SpringCamelContext      : Apache Camel 2.17.2 (CamelContext: camel-4) is starting
2017-04-10 19:13:05.277  INFO 8220 --- [           main] o.a.c.m.ManagedManagementStrategy        : JMX is enabled
2017-04-10 19:13:05.297  INFO 8220 --- [           main] o.a.c.i.DefaultRuntimeEndpointRegistry   : Runtime endpoint registry is in extended mode gathering usage statistics of all incoming and outgoing endpoints (cache limit: 1000)
2017-04-10 19:13:05.347  INFO 8220 --- [           main] o.a.camel.spring.SpringCamelContext      : Apache Camel 2.17.2 (CamelContext: camel-4) is shutting down
2017-04-10 19:13:05.347  INFO 8220 --- [           main] o.a.camel.spring.SpringCamelContext      : Apache Camel 2.17.2 (CamelContext: camel-4) uptime 0.070 seconds
2017-04-10 19:13:05.347  INFO 8220 --- [           main] o.a.camel.spring.SpringCamelContext      : Apache Camel 2.17.2 (CamelContext: camel-4) is shutdown in 0.000 seconds
2017-04-10 19:13:05.357 ERROR 8220 --- [           main] o.s.boot.SpringApplication               : Application startup failed

org.apache.camel.spring.boot.CamelSpringBootInitializationException: org.apache.camel.FailedToCreateRouteException: Failed to create route route12 at: >>> Choice[[When[{header{action} == all} -> [To[GetAllATMs]]], When[{header{action} == inCity} -> [To[GetAllATMsInCity]]]]] <<< in route: Route(route12)[[From[direct:call]] -> [SetBody[{null}], Choi... because of No endpoint could be found for: GetAllATMs, please check your classpath contains the needed Camel component jar.
	at org.apache.camel.spring.boot.RoutesCollector.onApplicationEvent(RoutesCollector.java:126) ~[camel-spring-boot-2.17.0.jar:2.17.0]
	at org.apache.camel.spring.boot.RoutesCollector.onApplicationEvent(RoutesCollector.java:41) ~[camel-spring-boot-2.17.0.jar:2.17.0]
	at org.springframework.context.event.SimpleApplicationEventMulticaster.invokeListener(SimpleApplicationEventMulticaster.java:166) ~[spring-context-4.3.4.RELEASE.jar:4.3.4.RELEASE]
	at org.springframework.context.event.SimpleApplicationEventMulticaster.multicastEvent(SimpleApplicationEventMulticaster.java:138) ~[spring-context-4.3.4.RELEASE.jar:4.3.4.RELEASE]
	at org.springframework.context.support.AbstractApplicationContext.publishEvent(AbstractApplicationContext.java:383) ~[spring-context-4.3.4.RELEASE.jar:4.3.4.RELEASE]
	at org.springframework.context.support.AbstractApplicationContext.publishEvent(AbstractApplicationContext.java:337) ~[spring-context-4.3.4.RELEASE.jar:4.3.4.RELEASE]
	at org.springframework.context.support.AbstractApplicationContext.finishRefresh(AbstractApplicationContext.java:882) ~[spring-context-4.3.4.RELEASE.jar:4.3.4.RELEASE]
	at org.springframework.context.support.AbstractApplicationContext.refresh(AbstractApplicationContext.java:545) ~[spring-context-4.3.4.RELEASE.jar:4.3.4.RELEASE]
	at org.springframework.boot.SpringApplication.refresh(SpringApplication.java:766) ~[spring-boot-1.3.3.RELEASE.jar:1.3.3.RELEASE]
	at org.springframework.boot.SpringApplication.createAndRefreshContext(SpringApplication.java:361) ~[spring-boot-1.3.3.RELEASE.jar:1.3.3.RELEASE]
	at org.springframework.boot.SpringApplication.run(SpringApplication.java:307) ~[spring-boot-1.3.3.RELEASE.jar:1.3.3.RELEASE]
	at org.springframework.boot.test.SpringApplicationContextLoader.loadContext(SpringApplicationContextLoader.java:98) [spring-boot-1.3.3.RELEASE.jar:1.3.3.RELEASE]
	at org.springframework.test.context.cache.DefaultCacheAwareContextLoaderDelegate.loadContextInternal(DefaultCacheAwareContextLoaderDelegate.java:98) [spring-test-4.3.4.RELEASE.jar:4.3.4.RELEASE]
	at org.springframework.test.context.cache.DefaultCacheAwareContextLoaderDelegate.loadContext(DefaultCacheAwareContextLoaderDelegate.java:116) [spring-test-4.3.4.RELEASE.jar:4.3.4.RELEASE]
	at org.springframework.test.context.support.DefaultTestContext.getApplicationContext(DefaultTestContext.java:83) [spring-test-4.3.4.RELEASE.jar:4.3.4.RELEASE]
	at org.springframework.test.context.web.ServletTestExecutionListener.setUpRequestContextIfNecessary(ServletTestExecutionListener.java:189) [spring-test-4.3.4.RELEASE.jar:4.3.4.RELEASE]
	at org.springframework.test.context.web.ServletTestExecutionListener.prepareTestInstance(ServletTestExecutionListener.java:131) [spring-test-4.3.4.RELEASE.jar:4.3.4.RELEASE]
	at org.springframework.test.context.TestContextManager.prepareTestInstance(TestContextManager.java:230) [spring-test-4.3.4.RELEASE.jar:4.3.4.RELEASE]
	at org.springframework.test.context.junit4.SpringJUnit4ClassRunner.createTest(SpringJUnit4ClassRunner.java:228) [spring-test-4.3.4.RELEASE.jar:4.3.4.RELEASE]
	at org.springframework.test.context.junit4.SpringJUnit4ClassRunner$1.runReflectiveCall(SpringJUnit4ClassRunner.java:287) [spring-test-4.3.4.RELEASE.jar:4.3.4.RELEASE]
	at org.junit.internal.runners.model.ReflectiveCallable.run(ReflectiveCallable.java:12) [junit-4.12.jar:4.12]
	at org.springframework.test.context.junit4.SpringJUnit4ClassRunner.methodBlock(SpringJUnit4ClassRunner.java:289) [spring-test-4.3.4.RELEASE.jar:4.3.4.RELEASE]
	at org.springframework.test.context.junit4.SpringJUnit4ClassRunner.runChild(SpringJUnit4ClassRunner.java:247) [spring-test-4.3.4.RELEASE.jar:4.3.4.RELEASE]
	at org.springframework.test.context.junit4.SpringJUnit4ClassRunner.runChild(SpringJUnit4ClassRunner.java:94) [spring-test-4.3.4.RELEASE.jar:4.3.4.RELEASE]
	at org.junit.runners.ParentRunner$3.run(ParentRunner.java:290) [junit-4.12.jar:4.12]
	at org.junit.runners.ParentRunner$1.schedule(ParentRunner.java:71) [junit-4.12.jar:4.12]
	at org.junit.runners.ParentRunner.runChildren(ParentRunner.java:288) [junit-4.12.jar:4.12]
	at org.junit.runners.ParentRunner.access$000(ParentRunner.java:58) [junit-4.12.jar:4.12]
	at org.junit.runners.ParentRunner$2.evaluate(ParentRunner.java:268) [junit-4.12.jar:4.12]
	at org.springframework.test.context.junit4.statements.RunBeforeTestClassCallbacks.evaluate(RunBeforeTestClassCallbacks.java:61) [spring-test-4.3.4.RELEASE.jar:4.3.4.RELEASE]
	at org.springframework.test.context.junit4.statements.RunAfterTestClassCallbacks.evaluate(RunAfterTestClassCallbacks.java:70) [spring-test-4.3.4.RELEASE.jar:4.3.4.RELEASE]
	at org.junit.runners.ParentRunner.run(ParentRunner.java:363) [junit-4.12.jar:4.12]
	at org.springframework.test.context.junit4.SpringJUnit4ClassRunner.run(SpringJUnit4ClassRunner.java:191) [spring-test-4.3.4.RELEASE.jar:4.3.4.RELEASE]
	at org.apache.maven.surefire.junit4.JUnit4Provider.execute(JUnit4Provider.java:264) [surefire-junit4-2.14.1.jar:2.14.1]
	at org.apache.maven.surefire.junit4.JUnit4Provider.executeTestSet(JUnit4Provider.java:153) [surefire-junit4-2.14.1.jar:2.14.1]
	at org.apache.maven.surefire.junit4.JUnit4Provider.invoke(JUnit4Provider.java:124) [surefire-junit4-2.14.1.jar:2.14.1]
	at sun.reflect.NativeMethodAccessorImpl.invoke0(Native Method) ~[na:1.8.0_121]
	at sun.reflect.NativeMethodAccessorImpl.invoke(NativeMethodAccessorImpl.java:62) ~[na:1.8.0_121]
	at sun.reflect.DelegatingMethodAccessorImpl.invoke(DelegatingMethodAccessorImpl.java:43) ~[na:1.8.0_121]
	at java.lang.reflect.Method.invoke(Method.java:498) ~[na:1.8.0_121]
	at org.apache.maven.surefire.util.ReflectionUtils.invokeMethodWithArray2(ReflectionUtils.java:208) [surefire-api-2.14.1.jar:2.14.1]
	at org.apache.maven.surefire.booter.ProviderFactory$ProviderProxy.invoke(ProviderFactory.java:159) [surefire-booter-2.14.1.jar:2.14.1]
	at org.apache.maven.surefire.booter.ProviderFactory.invokeProvider(ProviderFactory.java:87) [surefire-booter-2.14.1.jar:2.14.1]
	at org.apache.maven.surefire.booter.ForkedBooter.runSuitesInProcess(ForkedBooter.java:153) [surefire-booter-2.14.1.jar:2.14.1]
	at org.apache.maven.surefire.booter.ForkedBooter.main(ForkedBooter.java:95) [surefire-booter-2.14.1.jar:2.14.1]
Caused by: org.apache.camel.FailedToCreateRouteException: Failed to create route route12 at: >>> Choice[[When[{header{action} == all} -> [To[GetAllATMs]]], When[{header{action} == inCity} -> [To[GetAllATMsInCity]]]]] <<< in route: Route(route12)[[From[direct:call]] -> [SetBody[{null}], Choi... because of No endpoint could be found for: GetAllATMs, please check your classpath contains the needed Camel component jar.
	at org.apache.camel.model.RouteDefinition.addRoutes(RouteDefinition.java:1072) ~[camel-core-2.17.2.jar:2.17.2]
	at org.apache.camel.model.RouteDefinition.addRoutes(RouteDefinition.java:196) ~[camel-core-2.17.2.jar:2.17.2]
	at org.apache.camel.impl.DefaultCamelContext.startRoute(DefaultCamelContext.java:974) ~[camel-core-2.17.2.jar:2.17.2]
	at org.apache.camel.impl.DefaultCamelContext.startRouteDefinitions(DefaultCamelContext.java:3301) ~[camel-core-2.17.2.jar:2.17.2]
	at org.apache.camel.impl.DefaultCamelContext.doStartCamel(DefaultCamelContext.java:3024) ~[camel-core-2.17.2.jar:2.17.2]
	at org.apache.camel.impl.DefaultCamelContext.access$000(DefaultCamelContext.java:175) ~[camel-core-2.17.2.jar:2.17.2]
	at org.apache.camel.impl.DefaultCamelContext$2.call(DefaultCamelContext.java:2854) ~[camel-core-2.17.2.jar:2.17.2]
	at org.apache.camel.impl.DefaultCamelContext$2.call(DefaultCamelContext.java:2850) ~[camel-core-2.17.2.jar:2.17.2]
	at org.apache.camel.impl.DefaultCamelContext.doWithDefinedClassLoader(DefaultCamelContext.java:2873) ~[camel-core-2.17.2.jar:2.17.2]
	at org.apache.camel.impl.DefaultCamelContext.doStart(DefaultCamelContext.java:2850) ~[camel-core-2.17.2.jar:2.17.2]
	at org.apache.camel.support.ServiceSupport.start(ServiceSupport.java:61) ~[camel-core-2.17.2.jar:2.17.2]
	at org.apache.camel.impl.DefaultCamelContext.start(DefaultCamelContext.java:2819) ~[camel-core-2.17.2.jar:2.17.2]
	at org.apache.camel.spring.boot.RoutesCollector.onApplicationEvent(RoutesCollector.java:116) ~[camel-spring-boot-2.17.0.jar:2.17.0]
	... 44 common frames omitted
Caused by: org.apache.camel.NoSuchEndpointException: No endpoint could be found for: GetAllATMs, please check your classpath contains the needed Camel component jar.
	at org.apache.camel.util.CamelContextHelper.getMandatoryEndpoint(CamelContextHelper.java:81) ~[camel-core-2.17.2.jar:2.17.2]
	at org.apache.camel.model.RouteDefinition.resolveEndpoint(RouteDefinition.java:211) ~[camel-core-2.17.2.jar:2.17.2]
	at org.apache.camel.impl.DefaultRouteContext.resolveEndpoint(DefaultRouteContext.java:107) ~[camel-core-2.17.2.jar:2.17.2]
	at org.apache.camel.impl.DefaultRouteContext.resolveEndpoint(DefaultRouteContext.java:113) ~[camel-core-2.17.2.jar:2.17.2]
	at org.apache.camel.model.SendDefinition.resolveEndpoint(SendDefinition.java:62) ~[camel-core-2.17.2.jar:2.17.2]
	at org.apache.camel.model.SendDefinition.createProcessor(SendDefinition.java:56) ~[camel-core-2.17.2.jar:2.17.2]
	at org.apache.camel.model.ProcessorDefinition.createProcessor(ProcessorDefinition.java:483) ~[camel-core-2.17.2.jar:2.17.2]
	at org.apache.camel.model.ProcessorDefinition.createOutputsProcessorImpl(ProcessorDefinition.java:446) ~[camel-core-2.17.2.jar:2.17.2]
	at org.apache.camel.model.ProcessorDefinition.createOutputsProcessor(ProcessorDefinition.java:413) ~[camel-core-2.17.2.jar:2.17.2]
	at org.apache.camel.model.ProcessorDefinition.createOutputsProcessor(ProcessorDefinition.java:165) ~[camel-core-2.17.2.jar:2.17.2]
	at org.apache.camel.model.ExpressionNode.createFilterProcessor(ExpressionNode.java:109) ~[camel-core-2.17.2.jar:2.17.2]
	at org.apache.camel.model.WhenDefinition.createProcessor(WhenDefinition.java:74) ~[camel-core-2.17.2.jar:2.17.2]
	at org.apache.camel.model.WhenDefinition.createProcessor(WhenDefinition.java:32) ~[camel-core-2.17.2.jar:2.17.2]
	at org.apache.camel.model.ProcessorDefinition.createProcessor(ProcessorDefinition.java:483) ~[camel-core-2.17.2.jar:2.17.2]
	at org.apache.camel.model.ChoiceDefinition.createProcessor(ChoiceDefinition.java:135) ~[camel-core-2.17.2.jar:2.17.2]
	at org.apache.camel.model.ProcessorDefinition.makeProcessorImpl(ProcessorDefinition.java:534) ~[camel-core-2.17.2.jar:2.17.2]
	at org.apache.camel.model.ProcessorDefinition.makeProcessor(ProcessorDefinition.java:495) ~[camel-core-2.17.2.jar:2.17.2]
	at org.apache.camel.model.ProcessorDefinition.addRoutes(ProcessorDefinition.java:219) ~[camel-core-2.17.2.jar:2.17.2]
	at org.apache.camel.model.RouteDefinition.addRoutes(RouteDefinition.java:1069) ~[camel-core-2.17.2.jar:2.17.2]
	... 56 common frames omitted

2017-04-10 19:13:05.357  INFO 8220 --- [           main] .b.l.ClasspathLoggingApplicationListener : Application failed to start with classpath: [file:/C:/Users/normsby/Documents/NetBeansProjects/ING_ATM_Locator/target/surefire/surefirebooter5636998128895282040.jar, file:/C:/Users/normsby/.m2/repository/org/jacoco/org.jacoco.agent/0.7.5.201505241946/org.jacoco.agent-0.7.5.201505241946-runtime.jar]
2017-04-10 19:13:05.357 ERROR 8220 --- [           main] o.s.test.context.TestContextManager      : Caught exception while allowing TestExecutionListener [org.springframework.test.context.web.ServletTestExecutionListener@6c81dde5] to prepare test instance [com.ing.custom.CustomErrorControllerTest@6f27db5d]

java.lang.IllegalStateException: Failed to load ApplicationContext
	at org.springframework.test.context.cache.DefaultCacheAwareContextLoaderDelegate.loadContext(DefaultCacheAwareContextLoaderDelegate.java:124) ~[spring-test-4.3.4.RELEASE.jar:4.3.4.RELEASE]
	at org.springframework.test.context.support.DefaultTestContext.getApplicationContext(DefaultTestContext.java:83) ~[spring-test-4.3.4.RELEASE.jar:4.3.4.RELEASE]
	at org.springframework.test.context.web.ServletTestExecutionListener.setUpRequestContextIfNecessary(ServletTestExecutionListener.java:189) ~[spring-test-4.3.4.RELEASE.jar:4.3.4.RELEASE]
	at org.springframework.test.context.web.ServletTestExecutionListener.prepareTestInstance(ServletTestExecutionListener.java:131) ~[spring-test-4.3.4.RELEASE.jar:4.3.4.RELEASE]
	at org.springframework.test.context.TestContextManager.prepareTestInstance(TestContextManager.java:230) ~[spring-test-4.3.4.RELEASE.jar:4.3.4.RELEASE]
	at org.springframework.test.context.junit4.SpringJUnit4ClassRunner.createTest(SpringJUnit4ClassRunner.java:228) [spring-test-4.3.4.RELEASE.jar:4.3.4.RELEASE]
	at org.springframework.test.context.junit4.SpringJUnit4ClassRunner$1.runReflectiveCall(SpringJUnit4ClassRunner.java:287) [spring-test-4.3.4.RELEASE.jar:4.3.4.RELEASE]
	at org.junit.internal.runners.model.ReflectiveCallable.run(ReflectiveCallable.java:12) [junit-4.12.jar:4.12]
	at org.springframework.test.context.junit4.SpringJUnit4ClassRunner.methodBlock(SpringJUnit4ClassRunner.java:289) [spring-test-4.3.4.RELEASE.jar:4.3.4.RELEASE]
	at org.springframework.test.context.junit4.SpringJUnit4ClassRunner.runChild(SpringJUnit4ClassRunner.java:247) [spring-test-4.3.4.RELEASE.jar:4.3.4.RELEASE]
	at org.springframework.test.context.junit4.SpringJUnit4ClassRunner.runChild(SpringJUnit4ClassRunner.java:94) [spring-test-4.3.4.RELEASE.jar:4.3.4.RELEASE]
	at org.junit.runners.ParentRunner$3.run(ParentRunner.java:290) [junit-4.12.jar:4.12]
	at org.junit.runners.ParentRunner$1.schedule(ParentRunner.java:71) [junit-4.12.jar:4.12]
	at org.junit.runners.ParentRunner.runChildren(ParentRunner.java:288) [junit-4.12.jar:4.12]
	at org.junit.runners.ParentRunner.access$000(ParentRunner.java:58) [junit-4.12.jar:4.12]
	at org.junit.runners.ParentRunner$2.evaluate(ParentRunner.java:268) [junit-4.12.jar:4.12]
	at org.springframework.test.context.junit4.statements.RunBeforeTestClassCallbacks.evaluate(RunBeforeTestClassCallbacks.java:61) [spring-test-4.3.4.RELEASE.jar:4.3.4.RELEASE]
	at org.springframework.test.context.junit4.statements.RunAfterTestClassCallbacks.evaluate(RunAfterTestClassCallbacks.java:70) [spring-test-4.3.4.RELEASE.jar:4.3.4.RELEASE]
	at org.junit.runners.ParentRunner.run(ParentRunner.java:363) [junit-4.12.jar:4.12]
	at org.springframework.test.context.junit4.SpringJUnit4ClassRunner.run(SpringJUnit4ClassRunner.java:191) [spring-test-4.3.4.RELEASE.jar:4.3.4.RELEASE]
	at org.apache.maven.surefire.junit4.JUnit4Provider.execute(JUnit4Provider.java:264) [surefire-junit4-2.14.1.jar:2.14.1]
	at org.apache.maven.surefire.junit4.JUnit4Provider.executeTestSet(JUnit4Provider.java:153) [surefire-junit4-2.14.1.jar:2.14.1]
	at org.apache.maven.surefire.junit4.JUnit4Provider.invoke(JUnit4Provider.java:124) [surefire-junit4-2.14.1.jar:2.14.1]
	at sun.reflect.NativeMethodAccessorImpl.invoke0(Native Method) ~[na:1.8.0_121]
	at sun.reflect.NativeMethodAccessorImpl.invoke(NativeMethodAccessorImpl.java:62) ~[na:1.8.0_121]
	at sun.reflect.DelegatingMethodAccessorImpl.invoke(DelegatingMethodAccessorImpl.java:43) ~[na:1.8.0_121]
	at java.lang.reflect.Method.invoke(Method.java:498) ~[na:1.8.0_121]
	at org.apache.maven.surefire.util.ReflectionUtils.invokeMethodWithArray2(ReflectionUtils.java:208) [surefire-api-2.14.1.jar:2.14.1]
	at org.apache.maven.surefire.booter.ProviderFactory$ProviderProxy.invoke(ProviderFactory.java:159) [surefire-booter-2.14.1.jar:2.14.1]
	at org.apache.maven.surefire.booter.ProviderFactory.invokeProvider(ProviderFactory.java:87) [surefire-booter-2.14.1.jar:2.14.1]
	at org.apache.maven.surefire.booter.ForkedBooter.runSuitesInProcess(ForkedBooter.java:153) [surefire-booter-2.14.1.jar:2.14.1]
	at org.apache.maven.surefire.booter.ForkedBooter.main(ForkedBooter.java:95) [surefire-booter-2.14.1.jar:2.14.1]
Caused by: org.apache.camel.spring.boot.CamelSpringBootInitializationException: org.apache.camel.FailedToCreateRouteException: Failed to create route route12 at: >>> Choice[[When[{header{action} == all} -> [To[GetAllATMs]]], When[{header{action} == inCity} -> [To[GetAllATMsInCity]]]]] <<< in route: Route(route12)[[From[direct:call]] -> [SetBody[{null}], Choi... because of No endpoint could be found for: GetAllATMs, please check your classpath contains the needed Camel component jar.
	at org.apache.camel.spring.boot.RoutesCollector.onApplicationEvent(RoutesCollector.java:126) ~[camel-spring-boot-2.17.0.jar:2.17.0]
	at org.apache.camel.spring.boot.RoutesCollector.onApplicationEvent(RoutesCollector.java:41) ~[camel-spring-boot-2.17.0.jar:2.17.0]
	at org.springframework.context.event.SimpleApplicationEventMulticaster.invokeListener(SimpleApplicationEventMulticaster.java:166) ~[spring-context-4.3.4.RELEASE.jar:4.3.4.RELEASE]
	at org.springframework.context.event.SimpleApplicationEventMulticaster.multicastEvent(SimpleApplicationEventMulticaster.java:138) ~[spring-context-4.3.4.RELEASE.jar:4.3.4.RELEASE]
	at org.springframework.context.support.AbstractApplicationContext.publishEvent(AbstractApplicationContext.java:383) ~[spring-context-4.3.4.RELEASE.jar:4.3.4.RELEASE]
	at org.springframework.context.support.AbstractApplicationContext.publishEvent(AbstractApplicationContext.java:337) ~[spring-context-4.3.4.RELEASE.jar:4.3.4.RELEASE]
	at org.springframework.context.support.AbstractApplicationContext.finishRefresh(AbstractApplicationContext.java:882) ~[spring-context-4.3.4.RELEASE.jar:4.3.4.RELEASE]
	at org.springframework.context.support.AbstractApplicationContext.refresh(AbstractApplicationContext.java:545) ~[spring-context-4.3.4.RELEASE.jar:4.3.4.RELEASE]
	at org.springframework.boot.SpringApplication.refresh(SpringApplication.java:766) ~[spring-boot-1.3.3.RELEASE.jar:1.3.3.RELEASE]
	at org.springframework.boot.SpringApplication.createAndRefreshContext(SpringApplication.java:361) ~[spring-boot-1.3.3.RELEASE.jar:1.3.3.RELEASE]
	at org.springframework.boot.SpringApplication.run(SpringApplication.java:307) ~[spring-boot-1.3.3.RELEASE.jar:1.3.3.RELEASE]
	at org.springframework.boot.test.SpringApplicationContextLoader.loadContext(SpringApplicationContextLoader.java:98) ~[spring-boot-1.3.3.RELEASE.jar:1.3.3.RELEASE]
	at org.springframework.test.context.cache.DefaultCacheAwareContextLoaderDelegate.loadContextInternal(DefaultCacheAwareContextLoaderDelegate.java:98) ~[spring-test-4.3.4.RELEASE.jar:4.3.4.RELEASE]
	at org.springframework.test.context.cache.DefaultCacheAwareContextLoaderDelegate.loadContext(DefaultCacheAwareContextLoaderDelegate.java:116) ~[spring-test-4.3.4.RELEASE.jar:4.3.4.RELEASE]
	... 31 common frames omitted
Caused by: org.apache.camel.FailedToCreateRouteException: Failed to create route route12 at: >>> Choice[[When[{header{action} == all} -> [To[GetAllATMs]]], When[{header{action} == inCity} -> [To[GetAllATMsInCity]]]]] <<< in route: Route(route12)[[From[direct:call]] -> [SetBody[{null}], Choi... because of No endpoint could be found for: GetAllATMs, please check your classpath contains the needed Camel component jar.
	at org.apache.camel.model.RouteDefinition.addRoutes(RouteDefinition.java:1072) ~[camel-core-2.17.2.jar:2.17.2]
	at org.apache.camel.model.RouteDefinition.addRoutes(RouteDefinition.java:196) ~[camel-core-2.17.2.jar:2.17.2]
	at org.apache.camel.impl.DefaultCamelContext.startRoute(DefaultCamelContext.java:974) ~[camel-core-2.17.2.jar:2.17.2]
	at org.apache.camel.impl.DefaultCamelContext.startRouteDefinitions(DefaultCamelContext.java:3301) ~[camel-core-2.17.2.jar:2.17.2]
	at org.apache.camel.impl.DefaultCamelContext.doStartCamel(DefaultCamelContext.java:3024) ~[camel-core-2.17.2.jar:2.17.2]
	at org.apache.camel.impl.DefaultCamelContext.access$000(DefaultCamelContext.java:175) ~[camel-core-2.17.2.jar:2.17.2]
	at org.apache.camel.impl.DefaultCamelContext$2.call(DefaultCamelContext.java:2854) ~[camel-core-2.17.2.jar:2.17.2]
	at org.apache.camel.impl.DefaultCamelContext$2.call(DefaultCamelContext.java:2850) ~[camel-core-2.17.2.jar:2.17.2]
	at org.apache.camel.impl.DefaultCamelContext.doWithDefinedClassLoader(DefaultCamelContext.java:2873) ~[camel-core-2.17.2.jar:2.17.2]
	at org.apache.camel.impl.DefaultCamelContext.doStart(DefaultCamelContext.java:2850) ~[camel-core-2.17.2.jar:2.17.2]
	at org.apache.camel.support.ServiceSupport.start(ServiceSupport.java:61) ~[camel-core-2.17.2.jar:2.17.2]
	at org.apache.camel.impl.DefaultCamelContext.start(DefaultCamelContext.java:2819) ~[camel-core-2.17.2.jar:2.17.2]
	at org.apache.camel.spring.boot.RoutesCollector.onApplicationEvent(RoutesCollector.java:116) ~[camel-spring-boot-2.17.0.jar:2.17.0]
	... 44 common frames omitted
Caused by: org.apache.camel.NoSuchEndpointException: No endpoint could be found for: GetAllATMs, please check your classpath contains the needed Camel component jar.
	at org.apache.camel.util.CamelContextHelper.getMandatoryEndpoint(CamelContextHelper.java:81) ~[camel-core-2.17.2.jar:2.17.2]
	at org.apache.camel.model.RouteDefinition.resolveEndpoint(RouteDefinition.java:211) ~[camel-core-2.17.2.jar:2.17.2]
	at org.apache.camel.impl.DefaultRouteContext.resolveEndpoint(DefaultRouteContext.java:107) ~[camel-core-2.17.2.jar:2.17.2]
	at org.apache.camel.impl.DefaultRouteContext.resolveEndpoint(DefaultRouteContext.java:113) ~[camel-core-2.17.2.jar:2.17.2]
	at org.apache.camel.model.SendDefinition.resolveEndpoint(SendDefinition.java:62) ~[camel-core-2.17.2.jar:2.17.2]
	at org.apache.camel.model.SendDefinition.createProcessor(SendDefinition.java:56) ~[camel-core-2.17.2.jar:2.17.2]
	at org.apache.camel.model.ProcessorDefinition.createProcessor(ProcessorDefinition.java:483) ~[camel-core-2.17.2.jar:2.17.2]
	at org.apache.camel.model.ProcessorDefinition.createOutputsProcessorImpl(ProcessorDefinition.java:446) ~[camel-core-2.17.2.jar:2.17.2]
	at org.apache.camel.model.ProcessorDefinition.createOutputsProcessor(ProcessorDefinition.java:413) ~[camel-core-2.17.2.jar:2.17.2]
	at org.apache.camel.model.ProcessorDefinition.createOutputsProcessor(ProcessorDefinition.java:165) ~[camel-core-2.17.2.jar:2.17.2]
	at org.apache.camel.model.ExpressionNode.createFilterProcessor(ExpressionNode.java:109) ~[camel-core-2.17.2.jar:2.17.2]
	at org.apache.camel.model.WhenDefinition.createProcessor(WhenDefinition.java:74) ~[camel-core-2.17.2.jar:2.17.2]
	at org.apache.camel.model.WhenDefinition.createProcessor(WhenDefinition.java:32) ~[camel-core-2.17.2.jar:2.17.2]
	at org.apache.camel.model.ProcessorDefinition.createProcessor(ProcessorDefinition.java:483) ~[camel-core-2.17.2.jar:2.17.2]
	at org.apache.camel.model.ChoiceDefinition.createProcessor(ChoiceDefinition.java:135) ~[camel-core-2.17.2.jar:2.17.2]
	at org.apache.camel.model.ProcessorDefinition.makeProcessorImpl(ProcessorDefinition.java:534) ~[camel-core-2.17.2.jar:2.17.2]
	at org.apache.camel.model.ProcessorDefinition.makeProcessor(ProcessorDefinition.java:495) ~[camel-core-2.17.2.jar:2.17.2]
	at org.apache.camel.model.ProcessorDefinition.addRoutes(ProcessorDefinition.java:219) ~[camel-core-2.17.2.jar:2.17.2]
	at org.apache.camel.model.RouteDefinition.addRoutes(RouteDefinition.java:1069) ~[camel-core-2.17.2.jar:2.17.2]
	... 56 common frames omitted

]]></system-out>
  </testcase>
  <testcase name="errorPage" classname="com.ing.custom.CustomErrorControllerTest" time="0">
    <error message="Failed to load ApplicationContext" type="java.lang.IllegalStateException">java.lang.IllegalStateException: Failed to load ApplicationContext
	at org.apache.camel.util.CamelContextHelper.getMandatoryEndpoint(CamelContextHelper.java:81)
	at org.apache.camel.model.RouteDefinition.resolveEndpoint(RouteDefinition.java:211)
	at org.apache.camel.impl.DefaultRouteContext.resolveEndpoint(DefaultRouteContext.java:107)
	at org.apache.camel.impl.DefaultRouteContext.resolveEndpoint(DefaultRouteContext.java:113)
	at org.apache.camel.model.SendDefinition.resolveEndpoint(SendDefinition.java:62)
	at org.apache.camel.model.SendDefinition.createProcessor(SendDefinition.java:56)
	at org.apache.camel.model.ProcessorDefinition.createProcessor(ProcessorDefinition.java:483)
	at org.apache.camel.model.ProcessorDefinition.createOutputsProcessorImpl(ProcessorDefinition.java:446)
	at org.apache.camel.model.ProcessorDefinition.createOutputsProcessor(ProcessorDefinition.java:413)
	at org.apache.camel.model.ProcessorDefinition.createOutputsProcessor(ProcessorDefinition.java:165)
	at org.apache.camel.model.ExpressionNode.createFilterProcessor(ExpressionNode.java:109)
	at org.apache.camel.model.WhenDefinition.createProcessor(WhenDefinition.java:74)
	at org.apache.camel.model.WhenDefinition.createProcessor(WhenDefinition.java:32)
	at org.apache.camel.model.ProcessorDefinition.createProcessor(ProcessorDefinition.java:483)
	at org.apache.camel.model.ChoiceDefinition.createProcessor(ChoiceDefinition.java:135)
	at org.apache.camel.model.ProcessorDefinition.makeProcessorImpl(ProcessorDefinition.java:534)
	at org.apache.camel.model.ProcessorDefinition.makeProcessor(ProcessorDefinition.java:495)
	at org.apache.camel.model.ProcessorDefinition.addRoutes(ProcessorDefinition.java:219)
	at org.apache.camel.model.RouteDefinition.addRoutes(RouteDefinition.java:1069)
	at org.apache.camel.model.RouteDefinition.addRoutes(RouteDefinition.java:196)
	at org.apache.camel.impl.DefaultCamelContext.startRoute(DefaultCamelContext.java:974)
	at org.apache.camel.impl.DefaultCamelContext.startRouteDefinitions(DefaultCamelContext.java:3301)
	at org.apache.camel.impl.DefaultCamelContext.doStartCamel(DefaultCamelContext.java:3024)
	at org.apache.camel.impl.DefaultCamelContext.access$000(DefaultCamelContext.java:175)
	at org.apache.camel.impl.DefaultCamelContext$2.call(DefaultCamelContext.java:2854)
	at org.apache.camel.impl.DefaultCamelContext$2.call(DefaultCamelContext.java:2850)
	at org.apache.camel.impl.DefaultCamelContext.doWithDefinedClassLoader(DefaultCamelContext.java:2873)
	at org.apache.camel.impl.DefaultCamelContext.doStart(DefaultCamelContext.java:2850)
	at org.apache.camel.support.ServiceSupport.start(ServiceSupport.java:61)
	at org.apache.camel.impl.DefaultCamelContext.start(DefaultCamelContext.java:2819)
	at org.apache.camel.spring.boot.RoutesCollector.onApplicationEvent(RoutesCollector.java:116)
	at org.apache.camel.spring.boot.RoutesCollector.onApplicationEvent(RoutesCollector.java:41)
	at org.springframework.context.event.SimpleApplicationEventMulticaster.invokeListener(SimpleApplicationEventMulticaster.java:166)
	at org.springframework.context.event.SimpleApplicationEventMulticaster.multicastEvent(SimpleApplicationEventMulticaster.java:138)
	at org.springframework.context.support.AbstractApplicationContext.publishEvent(AbstractApplicationContext.java:383)
	at org.springframework.context.support.AbstractApplicationContext.publishEvent(AbstractApplicationContext.java:337)
	at org.springframework.context.support.AbstractApplicationContext.finishRefresh(AbstractApplicationContext.java:882)
	at org.springframework.context.support.AbstractApplicationContext.refresh(AbstractApplicationContext.java:545)
	at org.springframework.boot.SpringApplication.refresh(SpringApplication.java:766)
	at org.springframework.boot.SpringApplication.createAndRefreshContext(SpringApplication.java:361)
	at org.springframework.boot.SpringApplication.run(SpringApplication.java:307)
	at org.springframework.boot.test.SpringApplicationContextLoader.loadContext(SpringApplicationContextLoader.java:98)
	at org.springframework.test.context.cache.DefaultCacheAwareContextLoaderDelegate.loadContextInternal(DefaultCacheAwareContextLoaderDelegate.java:98)
	at org.springframework.test.context.cache.DefaultCacheAwareContextLoaderDelegate.loadContext(DefaultCacheAwareContextLoaderDelegate.java:116)
	at org.springframework.test.context.support.DefaultTestContext.getApplicationContext(DefaultTestContext.java:83)
	at org.springframework.test.context.web.ServletTestExecutionListener.setUpRequestContextIfNecessary(ServletTestExecutionListener.java:189)
	at org.springframework.test.context.web.ServletTestExecutionListener.prepareTestInstance(ServletTestExecutionListener.java:131)
	at org.springframework.test.context.TestContextManager.prepareTestInstance(TestContextManager.java:230)
	at org.springframework.test.context.junit4.SpringJUnit4ClassRunner.createTest(SpringJUnit4ClassRunner.java:228)
	at org.springframework.test.context.junit4.SpringJUnit4ClassRunner$1.runReflectiveCall(SpringJUnit4ClassRunner.java:287)
	at org.junit.internal.runners.model.ReflectiveCallable.run(ReflectiveCallable.java:12)
	at org.springframework.test.context.junit4.SpringJUnit4ClassRunner.methodBlock(SpringJUnit4ClassRunner.java:289)
	at org.springframework.test.context.junit4.SpringJUnit4ClassRunner.runChild(SpringJUnit4ClassRunner.java:247)
	at org.springframework.test.context.junit4.SpringJUnit4ClassRunner.runChild(SpringJUnit4ClassRunner.java:94)
	at org.junit.runners.ParentRunner$3.run(ParentRunner.java:290)
	at org.junit.runners.ParentRunner$1.schedule(ParentRunner.java:71)
	at org.junit.runners.ParentRunner.runChildren(ParentRunner.java:288)
	at org.junit.runners.ParentRunner.access$000(ParentRunner.java:58)
	at org.junit.runners.ParentRunner$2.evaluate(ParentRunner.java:268)
	at org.springframework.test.context.junit4.statements.RunBeforeTestClassCallbacks.evaluate(RunBeforeTestClassCallbacks.java:61)
	at org.springframework.test.context.junit4.statements.RunAfterTestClassCallbacks.evaluate(RunAfterTestClassCallbacks.java:70)
	at org.junit.runners.ParentRunner.run(ParentRunner.java:363)
	at org.springframework.test.context.junit4.SpringJUnit4ClassRunner.run(SpringJUnit4ClassRunner.java:191)
	at org.apache.maven.surefire.junit4.JUnit4Provider.execute(JUnit4Provider.java:264)
	at org.apache.maven.surefire.junit4.JUnit4Provider.executeTestSet(JUnit4Provider.java:153)
	at org.apache.maven.surefire.junit4.JUnit4Provider.invoke(JUnit4Provider.java:124)
	at sun.reflect.NativeMethodAccessorImpl.invoke0(Native Method)
	at sun.reflect.NativeMethodAccessorImpl.invoke(NativeMethodAccessorImpl.java:62)
	at sun.reflect.DelegatingMethodAccessorImpl.invoke(DelegatingMethodAccessorImpl.java:43)
	at java.lang.reflect.Method.invoke(Method.java:498)
	at org.apache.maven.surefire.util.ReflectionUtils.invokeMethodWithArray2(ReflectionUtils.java:208)
	at org.apache.maven.surefire.booter.ProviderFactory$ProviderProxy.invoke(ProviderFactory.java:159)
	at org.apache.maven.surefire.booter.ProviderFactory.invokeProvider(ProviderFactory.java:87)
	at org.apache.maven.surefire.booter.ForkedBooter.runSuitesInProcess(ForkedBooter.java:153)
	at org.apache.maven.surefire.booter.ForkedBooter.main(ForkedBooter.java:95)
</error>
    <system-out><![CDATA[
  .   ____          _            __ _ _
 /\\ / ___'_ __ _ _(_)_ __  __ _ \ \ \ \
( ( )\___ | '_ | '_| | '_ \/ _` | \ \ \ \
 \\/  ___)| |_)| | | | | || (_| |  ) ) ) )
  '  |____| .__|_| |_|_| |_\__, | / / / /
 =========|_|==============|___/=/_/_/_/
 :: Spring Boot ::        (v1.3.3.RELEASE)

2017-04-10 19:13:05.412  INFO 8220 --- [           main] c.ing.custom.CustomErrorControllerTest   : Starting CustomErrorControllerTest on PPL882039FC with PID 8220 (C:\Users\normsby\Documents\NetBeansProjects\ING_ATM_Locator\target\test-classes started by normsby in C:\Users\normsby\Documents\NetBeansProjects\ING_ATM_Locator)
2017-04-10 19:13:05.413  INFO 8220 --- [           main] c.ing.custom.CustomErrorControllerTest   : No active profile set, falling back to default profiles: default
2017-04-10 19:13:05.415  INFO 8220 --- [           main] o.s.w.c.s.GenericWebApplicationContext   : Refreshing org.springframework.web.context.support.GenericWebApplicationContext@42817f01: startup date [Mon Apr 10 19:13:05 EDT 2017]; root of context hierarchy
2017-04-10 19:13:05.903  INFO 8220 --- [           main] trationDelegate$BeanPostProcessorChecker : Bean 'org.springframework.security.config.annotation.configuration.ObjectPostProcessorConfiguration' of type [class org.springframework.security.config.annotation.configuration.ObjectPostProcessorConfiguration$$EnhancerBySpringCGLIB$$da46e5e5] is not eligible for getting processed by all BeanPostProcessors (for example: not eligible for auto-proxying)
2017-04-10 19:13:05.913  INFO 8220 --- [           main] trationDelegate$BeanPostProcessorChecker : Bean 'objectPostProcessor' of type [class org.springframework.security.config.annotation.configuration.AutowireBeanFactoryObjectPostProcessor] is not eligible for getting processed by all BeanPostProcessors (for example: not eligible for auto-proxying)
2017-04-10 19:13:05.913  INFO 8220 --- [           main] trationDelegate$BeanPostProcessorChecker : Bean 'org.springframework.security.access.expression.method.DefaultMethodSecurityExpressionHandler@6f52b99f' of type [class org.springframework.security.access.expression.method.DefaultMethodSecurityExpressionHandler] is not eligible for getting processed by all BeanPostProcessors (for example: not eligible for auto-proxying)
2017-04-10 19:13:05.913  INFO 8220 --- [           main] trationDelegate$BeanPostProcessorChecker : Bean 'org.springframework.security.config.annotation.method.configuration.GlobalMethodSecurityConfiguration' of type [class org.springframework.security.config.annotation.method.configuration.GlobalMethodSecurityConfiguration$$EnhancerBySpringCGLIB$$ff1b8897] is not eligible for getting processed by all BeanPostProcessors (for example: not eligible for auto-proxying)
2017-04-10 19:13:05.923  INFO 8220 --- [           main] trationDelegate$BeanPostProcessorChecker : Bean 'methodSecurityMetadataSource' of type [class org.springframework.security.access.method.DelegatingMethodSecurityMetadataSource] is not eligible for getting processed by all BeanPostProcessors (for example: not eligible for auto-proxying)
2017-04-10 19:13:05.923  INFO 8220 --- [           main] trationDelegate$BeanPostProcessorChecker : Bean 'org.apache.camel.spring.boot.CamelAutoConfiguration' of type [class org.apache.camel.spring.boot.CamelAutoConfiguration$$EnhancerBySpringCGLIB$$63c2e3ca] is not eligible for getting processed by all BeanPostProcessors (for example: not eligible for auto-proxying)
2017-04-10 19:13:06.555  INFO 8220 --- [           main] o.s.s.web.DefaultSecurityFilterChain     : Creating filter chain: org.springframework.security.web.util.matcher.AnyRequestMatcher@1, [org.springframework.security.web.context.request.async.WebAsyncManagerIntegrationFilter@23942294, org.springframework.security.web.context.SecurityContextPersistenceFilter@50d26b6e, org.springframework.security.web.header.HeaderWriterFilter@40af787, org.springframework.security.web.csrf.CsrfFilter@7d3983e, org.springframework.security.web.authentication.logout.LogoutFilter@ec4b86f, org.springframework.security.web.authentication.UsernamePasswordAuthenticationFilter@3e914cc6, org.springframework.security.web.savedrequest.RequestCacheAwareFilter@4e2b5218, org.springframework.security.web.servletapi.SecurityContextHolderAwareRequestFilter@1d4e3295, org.springframework.security.web.authentication.AnonymousAuthenticationFilter@16d9063f, org.springframework.security.web.session.SessionManagementFilter@4bdb0843, org.springframework.security.web.access.ExceptionTranslationFilter@ac284a8, org.springframework.security.web.access.intercept.FilterSecurityInterceptor@7c668fec]
2017-04-10 19:13:06.715  INFO 8220 --- [           main] s.w.s.m.m.a.RequestMappingHandlerAdapter : Looking for @ControllerAdvice: org.springframework.web.context.support.GenericWebApplicationContext@42817f01: startup date [Mon Apr 10 19:13:05 EDT 2017]; root of context hierarchy
2017-04-10 19:13:06.745  INFO 8220 --- [           main] s.w.s.m.m.a.RequestMappingHandlerMapping : Mapped "{[/error]}" onto public java.lang.String com.ing.error.CustomErrorController.customError(org.springframework.ui.Model,javax.servlet.http.HttpServletRequest)
2017-04-10 19:13:06.745  INFO 8220 --- [           main] s.w.s.m.m.a.RequestMappingHandlerMapping : Mapped "{[/403]}" onto public java.lang.String com.ing.error.CustomErrorController.unauthorised(org.springframework.ui.Model,javax.servlet.http.HttpServletRequest)
2017-04-10 19:13:06.745  INFO 8220 --- [           main] s.w.s.m.m.a.RequestMappingHandlerMapping : Mapped "{[/index],methods=[GET]}" onto public java.lang.String com.ing.web.MainController.index()
2017-04-10 19:13:06.755  INFO 8220 --- [           main] s.w.s.m.m.a.RequestMappingHandlerMapping : Mapped "{[/],methods=[GET]}" onto public java.lang.String com.ing.web.MainController.root()
2017-04-10 19:13:06.755  INFO 8220 --- [           main] s.w.s.m.m.a.RequestMappingHandlerMapping : Mapped "{[/login-error],methods=[GET]}" onto public java.lang.String com.ing.web.MainController.loginError(org.springframework.ui.Model)
2017-04-10 19:13:06.755  INFO 8220 --- [           main] s.w.s.m.m.a.RequestMappingHandlerMapping : Mapped "{[/login],methods=[GET]}" onto public java.lang.String com.ing.web.MainController.login()
2017-04-10 19:13:06.755  INFO 8220 --- [           main] s.w.s.m.m.a.RequestMappingHandlerMapping : Mapped "{[/admin/index],methods=[GET]}" onto public java.lang.String com.ing.web.MainController.adminIndex()
2017-04-10 19:13:06.755  INFO 8220 --- [           main] s.w.s.m.m.a.RequestMappingHandlerMapping : Mapped "{[/user/index],methods=[GET]}" onto public java.lang.String com.ing.web.MainController.userIndex()
2017-04-10 19:13:06.755  INFO 8220 --- [           main] s.w.s.m.m.a.RequestMappingHandlerMapping : Mapped "{[/public/index],methods=[GET]}" onto public java.lang.String com.ing.web.MainController.publicIndex()
2017-04-10 19:13:06.755  INFO 8220 --- [           main] s.w.s.m.m.a.RequestMappingHandlerMapping : Mapped "{[/extra/index],methods=[GET]}" onto public java.lang.String com.ing.web.MainController.extraIndex()
2017-04-10 19:13:06.755  INFO 8220 --- [           main] s.w.s.m.m.a.RequestMappingHandlerMapping : Mapped "{[/tags/index],methods=[GET]}" onto public java.lang.String com.ing.web.SecurityTagController.index(org.springframework.security.core.userdetails.User)
2017-04-10 19:13:06.755  INFO 8220 --- [           main] s.w.s.m.m.a.RequestMappingHandlerMapping : Mapped "{[/tags/admin/index],methods=[GET]}" onto public java.lang.String com.ing.web.SecurityTagController.adminIndex(org.springframework.security.core.userdetails.User)
2017-04-10 19:13:06.755  INFO 8220 --- [           main] s.w.s.m.m.a.RequestMappingHandlerMapping : Mapped "{[/tags/extra/index],methods=[GET]}" onto public java.lang.String com.ing.web.SecurityTagController.extraUser(org.springframework.security.core.userdetails.User)
2017-04-10 19:13:06.755  INFO 8220 --- [           main] s.w.s.m.m.a.RequestMappingHandlerMapping : Mapped "{[/tags/user/index],methods=[GET]}" onto public java.lang.String com.ing.web.SecurityTagController.userIndex(org.springframework.security.core.userdetails.User)
2017-04-10 19:13:06.885  INFO 8220 --- [           main] o.s.w.s.handler.SimpleUrlHandlerMapping  : Mapped URL path [/webjars/**] onto handler of type [class org.springframework.web.servlet.resource.ResourceHttpRequestHandler]
2017-04-10 19:13:06.885  INFO 8220 --- [           main] o.s.w.s.handler.SimpleUrlHandlerMapping  : Mapped URL path [/**] onto handler of type [class org.springframework.web.servlet.resource.ResourceHttpRequestHandler]
2017-04-10 19:13:06.935  INFO 8220 --- [           main] o.s.w.s.handler.SimpleUrlHandlerMapping  : Mapped URL path [/**/favicon.ico] onto handler of type [class org.springframework.web.servlet.resource.ResourceHttpRequestHandler]
2017-04-10 19:13:07.055  INFO 8220 --- [           main] o.a.c.i.converter.DefaultTypeConverter   : Loaded 191 type converters
2017-04-10 19:13:07.247  INFO 8220 --- [           main] o.a.camel.spring.boot.RoutesCollector    : Loading additional Camel XML routes from: classpath:camel/*.xml
2017-04-10 19:13:07.247  INFO 8220 --- [           main] o.a.camel.spring.boot.RoutesCollector    : Loading additional Camel XML rests from: classpath:camel-rest/*.xml
2017-04-10 19:13:07.247  INFO 8220 --- [           main] o.a.camel.spring.SpringCamelContext      : Apache Camel 2.17.2 (CamelContext: camel-5) is starting
2017-04-10 19:13:07.247  INFO 8220 --- [           main] o.a.c.m.ManagedManagementStrategy        : JMX is enabled
2017-04-10 19:13:07.277  INFO 8220 --- [           main] o.a.c.i.DefaultRuntimeEndpointRegistry   : Runtime endpoint registry is in extended mode gathering usage statistics of all incoming and outgoing endpoints (cache limit: 1000)
2017-04-10 19:13:07.327  INFO 8220 --- [           main] o.a.camel.spring.SpringCamelContext      : Apache Camel 2.17.2 (CamelContext: camel-5) is shutting down
2017-04-10 19:13:07.327  INFO 8220 --- [           main] o.a.camel.spring.SpringCamelContext      : Apache Camel 2.17.2 (CamelContext: camel-5) uptime 0.080 seconds
2017-04-10 19:13:07.327  INFO 8220 --- [           main] o.a.camel.spring.SpringCamelContext      : Apache Camel 2.17.2 (CamelContext: camel-5) is shutdown in 0.000 seconds
2017-04-10 19:13:07.337 ERROR 8220 --- [           main] o.s.boot.SpringApplication               : Application startup failed

org.apache.camel.spring.boot.CamelSpringBootInitializationException: org.apache.camel.FailedToCreateRouteException: Failed to create route route15 at: >>> Choice[[When[{header{action} == all} -> [To[GetAllATMs]]], When[{header{action} == inCity} -> [To[GetAllATMsInCity]]]]] <<< in route: Route(route15)[[From[direct:call]] -> [SetBody[{null}], Choi... because of No endpoint could be found for: GetAllATMs, please check your classpath contains the needed Camel component jar.
	at org.apache.camel.spring.boot.RoutesCollector.onApplicationEvent(RoutesCollector.java:126) ~[camel-spring-boot-2.17.0.jar:2.17.0]
	at org.apache.camel.spring.boot.RoutesCollector.onApplicationEvent(RoutesCollector.java:41) ~[camel-spring-boot-2.17.0.jar:2.17.0]
	at org.springframework.context.event.SimpleApplicationEventMulticaster.invokeListener(SimpleApplicationEventMulticaster.java:166) ~[spring-context-4.3.4.RELEASE.jar:4.3.4.RELEASE]
	at org.springframework.context.event.SimpleApplicationEventMulticaster.multicastEvent(SimpleApplicationEventMulticaster.java:138) ~[spring-context-4.3.4.RELEASE.jar:4.3.4.RELEASE]
	at org.springframework.context.support.AbstractApplicationContext.publishEvent(AbstractApplicationContext.java:383) ~[spring-context-4.3.4.RELEASE.jar:4.3.4.RELEASE]
	at org.springframework.context.support.AbstractApplicationContext.publishEvent(AbstractApplicationContext.java:337) ~[spring-context-4.3.4.RELEASE.jar:4.3.4.RELEASE]
	at org.springframework.context.support.AbstractApplicationContext.finishRefresh(AbstractApplicationContext.java:882) ~[spring-context-4.3.4.RELEASE.jar:4.3.4.RELEASE]
	at org.springframework.context.support.AbstractApplicationContext.refresh(AbstractApplicationContext.java:545) ~[spring-context-4.3.4.RELEASE.jar:4.3.4.RELEASE]
	at org.springframework.boot.SpringApplication.refresh(SpringApplication.java:766) ~[spring-boot-1.3.3.RELEASE.jar:1.3.3.RELEASE]
	at org.springframework.boot.SpringApplication.createAndRefreshContext(SpringApplication.java:361) ~[spring-boot-1.3.3.RELEASE.jar:1.3.3.RELEASE]
	at org.springframework.boot.SpringApplication.run(SpringApplication.java:307) ~[spring-boot-1.3.3.RELEASE.jar:1.3.3.RELEASE]
	at org.springframework.boot.test.SpringApplicationContextLoader.loadContext(SpringApplicationContextLoader.java:98) [spring-boot-1.3.3.RELEASE.jar:1.3.3.RELEASE]
	at org.springframework.test.context.cache.DefaultCacheAwareContextLoaderDelegate.loadContextInternal(DefaultCacheAwareContextLoaderDelegate.java:98) [spring-test-4.3.4.RELEASE.jar:4.3.4.RELEASE]
	at org.springframework.test.context.cache.DefaultCacheAwareContextLoaderDelegate.loadContext(DefaultCacheAwareContextLoaderDelegate.java:116) [spring-test-4.3.4.RELEASE.jar:4.3.4.RELEASE]
	at org.springframework.test.context.support.DefaultTestContext.getApplicationContext(DefaultTestContext.java:83) [spring-test-4.3.4.RELEASE.jar:4.3.4.RELEASE]
	at org.springframework.test.context.web.ServletTestExecutionListener.setUpRequestContextIfNecessary(ServletTestExecutionListener.java:189) [spring-test-4.3.4.RELEASE.jar:4.3.4.RELEASE]
	at org.springframework.test.context.web.ServletTestExecutionListener.prepareTestInstance(ServletTestExecutionListener.java:131) [spring-test-4.3.4.RELEASE.jar:4.3.4.RELEASE]
	at org.springframework.test.context.TestContextManager.prepareTestInstance(TestContextManager.java:230) [spring-test-4.3.4.RELEASE.jar:4.3.4.RELEASE]
	at org.springframework.test.context.junit4.SpringJUnit4ClassRunner.createTest(SpringJUnit4ClassRunner.java:228) [spring-test-4.3.4.RELEASE.jar:4.3.4.RELEASE]
	at org.springframework.test.context.junit4.SpringJUnit4ClassRunner$1.runReflectiveCall(SpringJUnit4ClassRunner.java:287) [spring-test-4.3.4.RELEASE.jar:4.3.4.RELEASE]
	at org.junit.internal.runners.model.ReflectiveCallable.run(ReflectiveCallable.java:12) [junit-4.12.jar:4.12]
	at org.springframework.test.context.junit4.SpringJUnit4ClassRunner.methodBlock(SpringJUnit4ClassRunner.java:289) [spring-test-4.3.4.RELEASE.jar:4.3.4.RELEASE]
	at org.springframework.test.context.junit4.SpringJUnit4ClassRunner.runChild(SpringJUnit4ClassRunner.java:247) [spring-test-4.3.4.RELEASE.jar:4.3.4.RELEASE]
	at org.springframework.test.context.junit4.SpringJUnit4ClassRunner.runChild(SpringJUnit4ClassRunner.java:94) [spring-test-4.3.4.RELEASE.jar:4.3.4.RELEASE]
	at org.junit.runners.ParentRunner$3.run(ParentRunner.java:290) [junit-4.12.jar:4.12]
	at org.junit.runners.ParentRunner$1.schedule(ParentRunner.java:71) [junit-4.12.jar:4.12]
	at org.junit.runners.ParentRunner.runChildren(ParentRunner.java:288) [junit-4.12.jar:4.12]
	at org.junit.runners.ParentRunner.access$000(ParentRunner.java:58) [junit-4.12.jar:4.12]
	at org.junit.runners.ParentRunner$2.evaluate(ParentRunner.java:268) [junit-4.12.jar:4.12]
	at org.springframework.test.context.junit4.statements.RunBeforeTestClassCallbacks.evaluate(RunBeforeTestClassCallbacks.java:61) [spring-test-4.3.4.RELEASE.jar:4.3.4.RELEASE]
	at org.springframework.test.context.junit4.statements.RunAfterTestClassCallbacks.evaluate(RunAfterTestClassCallbacks.java:70) [spring-test-4.3.4.RELEASE.jar:4.3.4.RELEASE]
	at org.junit.runners.ParentRunner.run(ParentRunner.java:363) [junit-4.12.jar:4.12]
	at org.springframework.test.context.junit4.SpringJUnit4ClassRunner.run(SpringJUnit4ClassRunner.java:191) [spring-test-4.3.4.RELEASE.jar:4.3.4.RELEASE]
	at org.apache.maven.surefire.junit4.JUnit4Provider.execute(JUnit4Provider.java:264) [surefire-junit4-2.14.1.jar:2.14.1]
	at org.apache.maven.surefire.junit4.JUnit4Provider.executeTestSet(JUnit4Provider.java:153) [surefire-junit4-2.14.1.jar:2.14.1]
	at org.apache.maven.surefire.junit4.JUnit4Provider.invoke(JUnit4Provider.java:124) [surefire-junit4-2.14.1.jar:2.14.1]
	at sun.reflect.NativeMethodAccessorImpl.invoke0(Native Method) ~[na:1.8.0_121]
	at sun.reflect.NativeMethodAccessorImpl.invoke(NativeMethodAccessorImpl.java:62) ~[na:1.8.0_121]
	at sun.reflect.DelegatingMethodAccessorImpl.invoke(DelegatingMethodAccessorImpl.java:43) ~[na:1.8.0_121]
	at java.lang.reflect.Method.invoke(Method.java:498) ~[na:1.8.0_121]
	at org.apache.maven.surefire.util.ReflectionUtils.invokeMethodWithArray2(ReflectionUtils.java:208) [surefire-api-2.14.1.jar:2.14.1]
	at org.apache.maven.surefire.booter.ProviderFactory$ProviderProxy.invoke(ProviderFactory.java:159) [surefire-booter-2.14.1.jar:2.14.1]
	at org.apache.maven.surefire.booter.ProviderFactory.invokeProvider(ProviderFactory.java:87) [surefire-booter-2.14.1.jar:2.14.1]
	at org.apache.maven.surefire.booter.ForkedBooter.runSuitesInProcess(ForkedBooter.java:153) [surefire-booter-2.14.1.jar:2.14.1]
	at org.apache.maven.surefire.booter.ForkedBooter.main(ForkedBooter.java:95) [surefire-booter-2.14.1.jar:2.14.1]
Caused by: org.apache.camel.FailedToCreateRouteException: Failed to create route route15 at: >>> Choice[[When[{header{action} == all} -> [To[GetAllATMs]]], When[{header{action} == inCity} -> [To[GetAllATMsInCity]]]]] <<< in route: Route(route15)[[From[direct:call]] -> [SetBody[{null}], Choi... because of No endpoint could be found for: GetAllATMs, please check your classpath contains the needed Camel component jar.
	at org.apache.camel.model.RouteDefinition.addRoutes(RouteDefinition.java:1072) ~[camel-core-2.17.2.jar:2.17.2]
	at org.apache.camel.model.RouteDefinition.addRoutes(RouteDefinition.java:196) ~[camel-core-2.17.2.jar:2.17.2]
	at org.apache.camel.impl.DefaultCamelContext.startRoute(DefaultCamelContext.java:974) ~[camel-core-2.17.2.jar:2.17.2]
	at org.apache.camel.impl.DefaultCamelContext.startRouteDefinitions(DefaultCamelContext.java:3301) ~[camel-core-2.17.2.jar:2.17.2]
	at org.apache.camel.impl.DefaultCamelContext.doStartCamel(DefaultCamelContext.java:3024) ~[camel-core-2.17.2.jar:2.17.2]
	at org.apache.camel.impl.DefaultCamelContext.access$000(DefaultCamelContext.java:175) ~[camel-core-2.17.2.jar:2.17.2]
	at org.apache.camel.impl.DefaultCamelContext$2.call(DefaultCamelContext.java:2854) ~[camel-core-2.17.2.jar:2.17.2]
	at org.apache.camel.impl.DefaultCamelContext$2.call(DefaultCamelContext.java:2850) ~[camel-core-2.17.2.jar:2.17.2]
	at org.apache.camel.impl.DefaultCamelContext.doWithDefinedClassLoader(DefaultCamelContext.java:2873) ~[camel-core-2.17.2.jar:2.17.2]
	at org.apache.camel.impl.DefaultCamelContext.doStart(DefaultCamelContext.java:2850) ~[camel-core-2.17.2.jar:2.17.2]
	at org.apache.camel.support.ServiceSupport.start(ServiceSupport.java:61) ~[camel-core-2.17.2.jar:2.17.2]
	at org.apache.camel.impl.DefaultCamelContext.start(DefaultCamelContext.java:2819) ~[camel-core-2.17.2.jar:2.17.2]
	at org.apache.camel.spring.boot.RoutesCollector.onApplicationEvent(RoutesCollector.java:116) ~[camel-spring-boot-2.17.0.jar:2.17.0]
	... 44 common frames omitted
Caused by: org.apache.camel.NoSuchEndpointException: No endpoint could be found for: GetAllATMs, please check your classpath contains the needed Camel component jar.
	at org.apache.camel.util.CamelContextHelper.getMandatoryEndpoint(CamelContextHelper.java:81) ~[camel-core-2.17.2.jar:2.17.2]
	at org.apache.camel.model.RouteDefinition.resolveEndpoint(RouteDefinition.java:211) ~[camel-core-2.17.2.jar:2.17.2]
	at org.apache.camel.impl.DefaultRouteContext.resolveEndpoint(DefaultRouteContext.java:107) ~[camel-core-2.17.2.jar:2.17.2]
	at org.apache.camel.impl.DefaultRouteContext.resolveEndpoint(DefaultRouteContext.java:113) ~[camel-core-2.17.2.jar:2.17.2]
	at org.apache.camel.model.SendDefinition.resolveEndpoint(SendDefinition.java:62) ~[camel-core-2.17.2.jar:2.17.2]
	at org.apache.camel.model.SendDefinition.createProcessor(SendDefinition.java:56) ~[camel-core-2.17.2.jar:2.17.2]
	at org.apache.camel.model.ProcessorDefinition.createProcessor(ProcessorDefinition.java:483) ~[camel-core-2.17.2.jar:2.17.2]
	at org.apache.camel.model.ProcessorDefinition.createOutputsProcessorImpl(ProcessorDefinition.java:446) ~[camel-core-2.17.2.jar:2.17.2]
	at org.apache.camel.model.ProcessorDefinition.createOutputsProcessor(ProcessorDefinition.java:413) ~[camel-core-2.17.2.jar:2.17.2]
	at org.apache.camel.model.ProcessorDefinition.createOutputsProcessor(ProcessorDefinition.java:165) ~[camel-core-2.17.2.jar:2.17.2]
	at org.apache.camel.model.ExpressionNode.createFilterProcessor(ExpressionNode.java:109) ~[camel-core-2.17.2.jar:2.17.2]
	at org.apache.camel.model.WhenDefinition.createProcessor(WhenDefinition.java:74) ~[camel-core-2.17.2.jar:2.17.2]
	at org.apache.camel.model.WhenDefinition.createProcessor(WhenDefinition.java:32) ~[camel-core-2.17.2.jar:2.17.2]
	at org.apache.camel.model.ProcessorDefinition.createProcessor(ProcessorDefinition.java:483) ~[camel-core-2.17.2.jar:2.17.2]
	at org.apache.camel.model.ChoiceDefinition.createProcessor(ChoiceDefinition.java:135) ~[camel-core-2.17.2.jar:2.17.2]
	at org.apache.camel.model.ProcessorDefinition.makeProcessorImpl(ProcessorDefinition.java:534) ~[camel-core-2.17.2.jar:2.17.2]
	at org.apache.camel.model.ProcessorDefinition.makeProcessor(ProcessorDefinition.java:495) ~[camel-core-2.17.2.jar:2.17.2]
	at org.apache.camel.model.ProcessorDefinition.addRoutes(ProcessorDefinition.java:219) ~[camel-core-2.17.2.jar:2.17.2]
	at org.apache.camel.model.RouteDefinition.addRoutes(RouteDefinition.java:1069) ~[camel-core-2.17.2.jar:2.17.2]
	... 56 common frames omitted

2017-04-10 19:13:07.337  INFO 8220 --- [           main] .b.l.ClasspathLoggingApplicationListener : Application failed to start with classpath: [file:/C:/Users/normsby/Documents/NetBeansProjects/ING_ATM_Locator/target/surefire/surefirebooter5636998128895282040.jar, file:/C:/Users/normsby/.m2/repository/org/jacoco/org.jacoco.agent/0.7.5.201505241946/org.jacoco.agent-0.7.5.201505241946-runtime.jar]
2017-04-10 19:13:07.337 ERROR 8220 --- [           main] o.s.test.context.TestContextManager      : Caught exception while allowing TestExecutionListener [org.springframework.test.context.web.ServletTestExecutionListener@6c81dde5] to prepare test instance [com.ing.custom.CustomErrorControllerTest@45092f86]

java.lang.IllegalStateException: Failed to load ApplicationContext
	at org.springframework.test.context.cache.DefaultCacheAwareContextLoaderDelegate.loadContext(DefaultCacheAwareContextLoaderDelegate.java:124) ~[spring-test-4.3.4.RELEASE.jar:4.3.4.RELEASE]
	at org.springframework.test.context.support.DefaultTestContext.getApplicationContext(DefaultTestContext.java:83) ~[spring-test-4.3.4.RELEASE.jar:4.3.4.RELEASE]
	at org.springframework.test.context.web.ServletTestExecutionListener.setUpRequestContextIfNecessary(ServletTestExecutionListener.java:189) ~[spring-test-4.3.4.RELEASE.jar:4.3.4.RELEASE]
	at org.springframework.test.context.web.ServletTestExecutionListener.prepareTestInstance(ServletTestExecutionListener.java:131) ~[spring-test-4.3.4.RELEASE.jar:4.3.4.RELEASE]
	at org.springframework.test.context.TestContextManager.prepareTestInstance(TestContextManager.java:230) ~[spring-test-4.3.4.RELEASE.jar:4.3.4.RELEASE]
	at org.springframework.test.context.junit4.SpringJUnit4ClassRunner.createTest(SpringJUnit4ClassRunner.java:228) [spring-test-4.3.4.RELEASE.jar:4.3.4.RELEASE]
	at org.springframework.test.context.junit4.SpringJUnit4ClassRunner$1.runReflectiveCall(SpringJUnit4ClassRunner.java:287) [spring-test-4.3.4.RELEASE.jar:4.3.4.RELEASE]
	at org.junit.internal.runners.model.ReflectiveCallable.run(ReflectiveCallable.java:12) [junit-4.12.jar:4.12]
	at org.springframework.test.context.junit4.SpringJUnit4ClassRunner.methodBlock(SpringJUnit4ClassRunner.java:289) [spring-test-4.3.4.RELEASE.jar:4.3.4.RELEASE]
	at org.springframework.test.context.junit4.SpringJUnit4ClassRunner.runChild(SpringJUnit4ClassRunner.java:247) [spring-test-4.3.4.RELEASE.jar:4.3.4.RELEASE]
	at org.springframework.test.context.junit4.SpringJUnit4ClassRunner.runChild(SpringJUnit4ClassRunner.java:94) [spring-test-4.3.4.RELEASE.jar:4.3.4.RELEASE]
	at org.junit.runners.ParentRunner$3.run(ParentRunner.java:290) [junit-4.12.jar:4.12]
	at org.junit.runners.ParentRunner$1.schedule(ParentRunner.java:71) [junit-4.12.jar:4.12]
	at org.junit.runners.ParentRunner.runChildren(ParentRunner.java:288) [junit-4.12.jar:4.12]
	at org.junit.runners.ParentRunner.access$000(ParentRunner.java:58) [junit-4.12.jar:4.12]
	at org.junit.runners.ParentRunner$2.evaluate(ParentRunner.java:268) [junit-4.12.jar:4.12]
	at org.springframework.test.context.junit4.statements.RunBeforeTestClassCallbacks.evaluate(RunBeforeTestClassCallbacks.java:61) [spring-test-4.3.4.RELEASE.jar:4.3.4.RELEASE]
	at org.springframework.test.context.junit4.statements.RunAfterTestClassCallbacks.evaluate(RunAfterTestClassCallbacks.java:70) [spring-test-4.3.4.RELEASE.jar:4.3.4.RELEASE]
	at org.junit.runners.ParentRunner.run(ParentRunner.java:363) [junit-4.12.jar:4.12]
	at org.springframework.test.context.junit4.SpringJUnit4ClassRunner.run(SpringJUnit4ClassRunner.java:191) [spring-test-4.3.4.RELEASE.jar:4.3.4.RELEASE]
	at org.apache.maven.surefire.junit4.JUnit4Provider.execute(JUnit4Provider.java:264) [surefire-junit4-2.14.1.jar:2.14.1]
	at org.apache.maven.surefire.junit4.JUnit4Provider.executeTestSet(JUnit4Provider.java:153) [surefire-junit4-2.14.1.jar:2.14.1]
	at org.apache.maven.surefire.junit4.JUnit4Provider.invoke(JUnit4Provider.java:124) [surefire-junit4-2.14.1.jar:2.14.1]
	at sun.reflect.NativeMethodAccessorImpl.invoke0(Native Method) ~[na:1.8.0_121]
	at sun.reflect.NativeMethodAccessorImpl.invoke(NativeMethodAccessorImpl.java:62) ~[na:1.8.0_121]
	at sun.reflect.DelegatingMethodAccessorImpl.invoke(DelegatingMethodAccessorImpl.java:43) ~[na:1.8.0_121]
	at java.lang.reflect.Method.invoke(Method.java:498) ~[na:1.8.0_121]
	at org.apache.maven.surefire.util.ReflectionUtils.invokeMethodWithArray2(ReflectionUtils.java:208) [surefire-api-2.14.1.jar:2.14.1]
	at org.apache.maven.surefire.booter.ProviderFactory$ProviderProxy.invoke(ProviderFactory.java:159) [surefire-booter-2.14.1.jar:2.14.1]
	at org.apache.maven.surefire.booter.ProviderFactory.invokeProvider(ProviderFactory.java:87) [surefire-booter-2.14.1.jar:2.14.1]
	at org.apache.maven.surefire.booter.ForkedBooter.runSuitesInProcess(ForkedBooter.java:153) [surefire-booter-2.14.1.jar:2.14.1]
	at org.apache.maven.surefire.booter.ForkedBooter.main(ForkedBooter.java:95) [surefire-booter-2.14.1.jar:2.14.1]
Caused by: org.apache.camel.spring.boot.CamelSpringBootInitializationException: org.apache.camel.FailedToCreateRouteException: Failed to create route route15 at: >>> Choice[[When[{header{action} == all} -> [To[GetAllATMs]]], When[{header{action} == inCity} -> [To[GetAllATMsInCity]]]]] <<< in route: Route(route15)[[From[direct:call]] -> [SetBody[{null}], Choi... because of No endpoint could be found for: GetAllATMs, please check your classpath contains the needed Camel component jar.
	at org.apache.camel.spring.boot.RoutesCollector.onApplicationEvent(RoutesCollector.java:126) ~[camel-spring-boot-2.17.0.jar:2.17.0]
	at org.apache.camel.spring.boot.RoutesCollector.onApplicationEvent(RoutesCollector.java:41) ~[camel-spring-boot-2.17.0.jar:2.17.0]
	at org.springframework.context.event.SimpleApplicationEventMulticaster.invokeListener(SimpleApplicationEventMulticaster.java:166) ~[spring-context-4.3.4.RELEASE.jar:4.3.4.RELEASE]
	at org.springframework.context.event.SimpleApplicationEventMulticaster.multicastEvent(SimpleApplicationEventMulticaster.java:138) ~[spring-context-4.3.4.RELEASE.jar:4.3.4.RELEASE]
	at org.springframework.context.support.AbstractApplicationContext.publishEvent(AbstractApplicationContext.java:383) ~[spring-context-4.3.4.RELEASE.jar:4.3.4.RELEASE]
	at org.springframework.context.support.AbstractApplicationContext.publishEvent(AbstractApplicationContext.java:337) ~[spring-context-4.3.4.RELEASE.jar:4.3.4.RELEASE]
	at org.springframework.context.support.AbstractApplicationContext.finishRefresh(AbstractApplicationContext.java:882) ~[spring-context-4.3.4.RELEASE.jar:4.3.4.RELEASE]
	at org.springframework.context.support.AbstractApplicationContext.refresh(AbstractApplicationContext.java:545) ~[spring-context-4.3.4.RELEASE.jar:4.3.4.RELEASE]
	at org.springframework.boot.SpringApplication.refresh(SpringApplication.java:766) ~[spring-boot-1.3.3.RELEASE.jar:1.3.3.RELEASE]
	at org.springframework.boot.SpringApplication.createAndRefreshContext(SpringApplication.java:361) ~[spring-boot-1.3.3.RELEASE.jar:1.3.3.RELEASE]
	at org.springframework.boot.SpringApplication.run(SpringApplication.java:307) ~[spring-boot-1.3.3.RELEASE.jar:1.3.3.RELEASE]
	at org.springframework.boot.test.SpringApplicationContextLoader.loadContext(SpringApplicationContextLoader.java:98) ~[spring-boot-1.3.3.RELEASE.jar:1.3.3.RELEASE]
	at org.springframework.test.context.cache.DefaultCacheAwareContextLoaderDelegate.loadContextInternal(DefaultCacheAwareContextLoaderDelegate.java:98) ~[spring-test-4.3.4.RELEASE.jar:4.3.4.RELEASE]
	at org.springframework.test.context.cache.DefaultCacheAwareContextLoaderDelegate.loadContext(DefaultCacheAwareContextLoaderDelegate.java:116) ~[spring-test-4.3.4.RELEASE.jar:4.3.4.RELEASE]
	... 31 common frames omitted
Caused by: org.apache.camel.FailedToCreateRouteException: Failed to create route route15 at: >>> Choice[[When[{header{action} == all} -> [To[GetAllATMs]]], When[{header{action} == inCity} -> [To[GetAllATMsInCity]]]]] <<< in route: Route(route15)[[From[direct:call]] -> [SetBody[{null}], Choi... because of No endpoint could be found for: GetAllATMs, please check your classpath contains the needed Camel component jar.
	at org.apache.camel.model.RouteDefinition.addRoutes(RouteDefinition.java:1072) ~[camel-core-2.17.2.jar:2.17.2]
	at org.apache.camel.model.RouteDefinition.addRoutes(RouteDefinition.java:196) ~[camel-core-2.17.2.jar:2.17.2]
	at org.apache.camel.impl.DefaultCamelContext.startRoute(DefaultCamelContext.java:974) ~[camel-core-2.17.2.jar:2.17.2]
	at org.apache.camel.impl.DefaultCamelContext.startRouteDefinitions(DefaultCamelContext.java:3301) ~[camel-core-2.17.2.jar:2.17.2]
	at org.apache.camel.impl.DefaultCamelContext.doStartCamel(DefaultCamelContext.java:3024) ~[camel-core-2.17.2.jar:2.17.2]
	at org.apache.camel.impl.DefaultCamelContext.access$000(DefaultCamelContext.java:175) ~[camel-core-2.17.2.jar:2.17.2]
	at org.apache.camel.impl.DefaultCamelContext$2.call(DefaultCamelContext.java:2854) ~[camel-core-2.17.2.jar:2.17.2]
	at org.apache.camel.impl.DefaultCamelContext$2.call(DefaultCamelContext.java:2850) ~[camel-core-2.17.2.jar:2.17.2]
	at org.apache.camel.impl.DefaultCamelContext.doWithDefinedClassLoader(DefaultCamelContext.java:2873) ~[camel-core-2.17.2.jar:2.17.2]
	at org.apache.camel.impl.DefaultCamelContext.doStart(DefaultCamelContext.java:2850) ~[camel-core-2.17.2.jar:2.17.2]
	at org.apache.camel.support.ServiceSupport.start(ServiceSupport.java:61) ~[camel-core-2.17.2.jar:2.17.2]
	at org.apache.camel.impl.DefaultCamelContext.start(DefaultCamelContext.java:2819) ~[camel-core-2.17.2.jar:2.17.2]
	at org.apache.camel.spring.boot.RoutesCollector.onApplicationEvent(RoutesCollector.java:116) ~[camel-spring-boot-2.17.0.jar:2.17.0]
	... 44 common frames omitted
Caused by: org.apache.camel.NoSuchEndpointException: No endpoint could be found for: GetAllATMs, please check your classpath contains the needed Camel component jar.
	at org.apache.camel.util.CamelContextHelper.getMandatoryEndpoint(CamelContextHelper.java:81) ~[camel-core-2.17.2.jar:2.17.2]
	at org.apache.camel.model.RouteDefinition.resolveEndpoint(RouteDefinition.java:211) ~[camel-core-2.17.2.jar:2.17.2]
	at org.apache.camel.impl.DefaultRouteContext.resolveEndpoint(DefaultRouteContext.java:107) ~[camel-core-2.17.2.jar:2.17.2]
	at org.apache.camel.impl.DefaultRouteContext.resolveEndpoint(DefaultRouteContext.java:113) ~[camel-core-2.17.2.jar:2.17.2]
	at org.apache.camel.model.SendDefinition.resolveEndpoint(SendDefinition.java:62) ~[camel-core-2.17.2.jar:2.17.2]
	at org.apache.camel.model.SendDefinition.createProcessor(SendDefinition.java:56) ~[camel-core-2.17.2.jar:2.17.2]
	at org.apache.camel.model.ProcessorDefinition.createProcessor(ProcessorDefinition.java:483) ~[camel-core-2.17.2.jar:2.17.2]
	at org.apache.camel.model.ProcessorDefinition.createOutputsProcessorImpl(ProcessorDefinition.java:446) ~[camel-core-2.17.2.jar:2.17.2]
	at org.apache.camel.model.ProcessorDefinition.createOutputsProcessor(ProcessorDefinition.java:413) ~[camel-core-2.17.2.jar:2.17.2]
	at org.apache.camel.model.ProcessorDefinition.createOutputsProcessor(ProcessorDefinition.java:165) ~[camel-core-2.17.2.jar:2.17.2]
	at org.apache.camel.model.ExpressionNode.createFilterProcessor(ExpressionNode.java:109) ~[camel-core-2.17.2.jar:2.17.2]
	at org.apache.camel.model.WhenDefinition.createProcessor(WhenDefinition.java:74) ~[camel-core-2.17.2.jar:2.17.2]
	at org.apache.camel.model.WhenDefinition.createProcessor(WhenDefinition.java:32) ~[camel-core-2.17.2.jar:2.17.2]
	at org.apache.camel.model.ProcessorDefinition.createProcessor(ProcessorDefinition.java:483) ~[camel-core-2.17.2.jar:2.17.2]
	at org.apache.camel.model.ChoiceDefinition.createProcessor(ChoiceDefinition.java:135) ~[camel-core-2.17.2.jar:2.17.2]
	at org.apache.camel.model.ProcessorDefinition.makeProcessorImpl(ProcessorDefinition.java:534) ~[camel-core-2.17.2.jar:2.17.2]
	at org.apache.camel.model.ProcessorDefinition.makeProcessor(ProcessorDefinition.java:495) ~[camel-core-2.17.2.jar:2.17.2]
	at org.apache.camel.model.ProcessorDefinition.addRoutes(ProcessorDefinition.java:219) ~[camel-core-2.17.2.jar:2.17.2]
	at org.apache.camel.model.RouteDefinition.addRoutes(RouteDefinition.java:1069) ~[camel-core-2.17.2.jar:2.17.2]
	... 56 common frames omitted

]]></system-out>
  </testcase>
  <testcase name="unauthorisedPage" classname="com.ing.custom.CustomErrorControllerTest" time="0">
    <error message="Failed to load ApplicationContext" type="java.lang.IllegalStateException">java.lang.IllegalStateException: Failed to load ApplicationContext
	at org.apache.camel.util.CamelContextHelper.getMandatoryEndpoint(CamelContextHelper.java:81)
	at org.apache.camel.model.RouteDefinition.resolveEndpoint(RouteDefinition.java:211)
	at org.apache.camel.impl.DefaultRouteContext.resolveEndpoint(DefaultRouteContext.java:107)
	at org.apache.camel.impl.DefaultRouteContext.resolveEndpoint(DefaultRouteContext.java:113)
	at org.apache.camel.model.SendDefinition.resolveEndpoint(SendDefinition.java:62)
	at org.apache.camel.model.SendDefinition.createProcessor(SendDefinition.java:56)
	at org.apache.camel.model.ProcessorDefinition.createProcessor(ProcessorDefinition.java:483)
	at org.apache.camel.model.ProcessorDefinition.createOutputsProcessorImpl(ProcessorDefinition.java:446)
	at org.apache.camel.model.ProcessorDefinition.createOutputsProcessor(ProcessorDefinition.java:413)
	at org.apache.camel.model.ProcessorDefinition.createOutputsProcessor(ProcessorDefinition.java:165)
	at org.apache.camel.model.ExpressionNode.createFilterProcessor(ExpressionNode.java:109)
	at org.apache.camel.model.WhenDefinition.createProcessor(WhenDefinition.java:74)
	at org.apache.camel.model.WhenDefinition.createProcessor(WhenDefinition.java:32)
	at org.apache.camel.model.ProcessorDefinition.createProcessor(ProcessorDefinition.java:483)
	at org.apache.camel.model.ChoiceDefinition.createProcessor(ChoiceDefinition.java:135)
	at org.apache.camel.model.ProcessorDefinition.makeProcessorImpl(ProcessorDefinition.java:534)
	at org.apache.camel.model.ProcessorDefinition.makeProcessor(ProcessorDefinition.java:495)
	at org.apache.camel.model.ProcessorDefinition.addRoutes(ProcessorDefinition.java:219)
	at org.apache.camel.model.RouteDefinition.addRoutes(RouteDefinition.java:1069)
	at org.apache.camel.model.RouteDefinition.addRoutes(RouteDefinition.java:196)
	at org.apache.camel.impl.DefaultCamelContext.startRoute(DefaultCamelContext.java:974)
	at org.apache.camel.impl.DefaultCamelContext.startRouteDefinitions(DefaultCamelContext.java:3301)
	at org.apache.camel.impl.DefaultCamelContext.doStartCamel(DefaultCamelContext.java:3024)
	at org.apache.camel.impl.DefaultCamelContext.access$000(DefaultCamelContext.java:175)
	at org.apache.camel.impl.DefaultCamelContext$2.call(DefaultCamelContext.java:2854)
	at org.apache.camel.impl.DefaultCamelContext$2.call(DefaultCamelContext.java:2850)
	at org.apache.camel.impl.DefaultCamelContext.doWithDefinedClassLoader(DefaultCamelContext.java:2873)
	at org.apache.camel.impl.DefaultCamelContext.doStart(DefaultCamelContext.java:2850)
	at org.apache.camel.support.ServiceSupport.start(ServiceSupport.java:61)
	at org.apache.camel.impl.DefaultCamelContext.start(DefaultCamelContext.java:2819)
	at org.apache.camel.spring.boot.RoutesCollector.onApplicationEvent(RoutesCollector.java:116)
	at org.apache.camel.spring.boot.RoutesCollector.onApplicationEvent(RoutesCollector.java:41)
	at org.springframework.context.event.SimpleApplicationEventMulticaster.invokeListener(SimpleApplicationEventMulticaster.java:166)
	at org.springframework.context.event.SimpleApplicationEventMulticaster.multicastEvent(SimpleApplicationEventMulticaster.java:138)
	at org.springframework.context.support.AbstractApplicationContext.publishEvent(AbstractApplicationContext.java:383)
	at org.springframework.context.support.AbstractApplicationContext.publishEvent(AbstractApplicationContext.java:337)
	at org.springframework.context.support.AbstractApplicationContext.finishRefresh(AbstractApplicationContext.java:882)
	at org.springframework.context.support.AbstractApplicationContext.refresh(AbstractApplicationContext.java:545)
	at org.springframework.boot.SpringApplication.refresh(SpringApplication.java:766)
	at org.springframework.boot.SpringApplication.createAndRefreshContext(SpringApplication.java:361)
	at org.springframework.boot.SpringApplication.run(SpringApplication.java:307)
	at org.springframework.boot.test.SpringApplicationContextLoader.loadContext(SpringApplicationContextLoader.java:98)
	at org.springframework.test.context.cache.DefaultCacheAwareContextLoaderDelegate.loadContextInternal(DefaultCacheAwareContextLoaderDelegate.java:98)
	at org.springframework.test.context.cache.DefaultCacheAwareContextLoaderDelegate.loadContext(DefaultCacheAwareContextLoaderDelegate.java:116)
	at org.springframework.test.context.support.DefaultTestContext.getApplicationContext(DefaultTestContext.java:83)
	at org.springframework.test.context.web.ServletTestExecutionListener.setUpRequestContextIfNecessary(ServletTestExecutionListener.java:189)
	at org.springframework.test.context.web.ServletTestExecutionListener.prepareTestInstance(ServletTestExecutionListener.java:131)
	at org.springframework.test.context.TestContextManager.prepareTestInstance(TestContextManager.java:230)
	at org.springframework.test.context.junit4.SpringJUnit4ClassRunner.createTest(SpringJUnit4ClassRunner.java:228)
	at org.springframework.test.context.junit4.SpringJUnit4ClassRunner$1.runReflectiveCall(SpringJUnit4ClassRunner.java:287)
	at org.junit.internal.runners.model.ReflectiveCallable.run(ReflectiveCallable.java:12)
	at org.springframework.test.context.junit4.SpringJUnit4ClassRunner.methodBlock(SpringJUnit4ClassRunner.java:289)
	at org.springframework.test.context.junit4.SpringJUnit4ClassRunner.runChild(SpringJUnit4ClassRunner.java:247)
	at org.springframework.test.context.junit4.SpringJUnit4ClassRunner.runChild(SpringJUnit4ClassRunner.java:94)
	at org.junit.runners.ParentRunner$3.run(ParentRunner.java:290)
	at org.junit.runners.ParentRunner$1.schedule(ParentRunner.java:71)
	at org.junit.runners.ParentRunner.runChildren(ParentRunner.java:288)
	at org.junit.runners.ParentRunner.access$000(ParentRunner.java:58)
	at org.junit.runners.ParentRunner$2.evaluate(ParentRunner.java:268)
	at org.springframework.test.context.junit4.statements.RunBeforeTestClassCallbacks.evaluate(RunBeforeTestClassCallbacks.java:61)
	at org.springframework.test.context.junit4.statements.RunAfterTestClassCallbacks.evaluate(RunAfterTestClassCallbacks.java:70)
	at org.junit.runners.ParentRunner.run(ParentRunner.java:363)
	at org.springframework.test.context.junit4.SpringJUnit4ClassRunner.run(SpringJUnit4ClassRunner.java:191)
	at org.apache.maven.surefire.junit4.JUnit4Provider.execute(JUnit4Provider.java:264)
	at org.apache.maven.surefire.junit4.JUnit4Provider.executeTestSet(JUnit4Provider.java:153)
	at org.apache.maven.surefire.junit4.JUnit4Provider.invoke(JUnit4Provider.java:124)
	at sun.reflect.NativeMethodAccessorImpl.invoke0(Native Method)
	at sun.reflect.NativeMethodAccessorImpl.invoke(NativeMethodAccessorImpl.java:62)
	at sun.reflect.DelegatingMethodAccessorImpl.invoke(DelegatingMethodAccessorImpl.java:43)
	at java.lang.reflect.Method.invoke(Method.java:498)
	at org.apache.maven.surefire.util.ReflectionUtils.invokeMethodWithArray2(ReflectionUtils.java:208)
	at org.apache.maven.surefire.booter.ProviderFactory$ProviderProxy.invoke(ProviderFactory.java:159)
	at org.apache.maven.surefire.booter.ProviderFactory.invokeProvider(ProviderFactory.java:87)
	at org.apache.maven.surefire.booter.ForkedBooter.runSuitesInProcess(ForkedBooter.java:153)
	at org.apache.maven.surefire.booter.ForkedBooter.main(ForkedBooter.java:95)
</error>
    <system-out><![CDATA[
  .   ____          _            __ _ _
 /\\ / ___'_ __ _ _(_)_ __  __ _ \ \ \ \
( ( )\___ | '_ | '_| | '_ \/ _` | \ \ \ \
 \\/  ___)| |_)| | | | | || (_| |  ) ) ) )
  '  |____| .__|_| |_|_| |_\__, | / / / /
 =========|_|==============|___/=/_/_/_/
 :: Spring Boot ::        (v1.3.3.RELEASE)

2017-04-10 19:13:07.401  INFO 8220 --- [           main] c.ing.custom.CustomErrorControllerTest   : Starting CustomErrorControllerTest on PPL882039FC with PID 8220 (C:\Users\normsby\Documents\NetBeansProjects\ING_ATM_Locator\target\test-classes started by normsby in C:\Users\normsby\Documents\NetBeansProjects\ING_ATM_Locator)
2017-04-10 19:13:07.401  INFO 8220 --- [           main] c.ing.custom.CustomErrorControllerTest   : No active profile set, falling back to default profiles: default
2017-04-10 19:13:07.404  INFO 8220 --- [           main] o.s.w.c.s.GenericWebApplicationContext   : Refreshing org.springframework.web.context.support.GenericWebApplicationContext@56b6d87c: startup date [Mon Apr 10 19:13:07 EDT 2017]; root of context hierarchy
2017-04-10 19:13:07.971  INFO 8220 --- [           main] trationDelegate$BeanPostProcessorChecker : Bean 'org.springframework.security.config.annotation.configuration.ObjectPostProcessorConfiguration' of type [class org.springframework.security.config.annotation.configuration.ObjectPostProcessorConfiguration$$EnhancerBySpringCGLIB$$da46e5e5] is not eligible for getting processed by all BeanPostProcessors (for example: not eligible for auto-proxying)
2017-04-10 19:13:07.971  INFO 8220 --- [           main] trationDelegate$BeanPostProcessorChecker : Bean 'objectPostProcessor' of type [class org.springframework.security.config.annotation.configuration.AutowireBeanFactoryObjectPostProcessor] is not eligible for getting processed by all BeanPostProcessors (for example: not eligible for auto-proxying)
2017-04-10 19:13:07.971  INFO 8220 --- [           main] trationDelegate$BeanPostProcessorChecker : Bean 'org.springframework.security.access.expression.method.DefaultMethodSecurityExpressionHandler@5d3ba5ab' of type [class org.springframework.security.access.expression.method.DefaultMethodSecurityExpressionHandler] is not eligible for getting processed by all BeanPostProcessors (for example: not eligible for auto-proxying)
2017-04-10 19:13:07.981  INFO 8220 --- [           main] trationDelegate$BeanPostProcessorChecker : Bean 'org.springframework.security.config.annotation.method.configuration.GlobalMethodSecurityConfiguration' of type [class org.springframework.security.config.annotation.method.configuration.GlobalMethodSecurityConfiguration$$EnhancerBySpringCGLIB$$ff1b8897] is not eligible for getting processed by all BeanPostProcessors (for example: not eligible for auto-proxying)
2017-04-10 19:13:07.981  INFO 8220 --- [           main] trationDelegate$BeanPostProcessorChecker : Bean 'methodSecurityMetadataSource' of type [class org.springframework.security.access.method.DelegatingMethodSecurityMetadataSource] is not eligible for getting processed by all BeanPostProcessors (for example: not eligible for auto-proxying)
2017-04-10 19:13:07.991  INFO 8220 --- [           main] trationDelegate$BeanPostProcessorChecker : Bean 'org.apache.camel.spring.boot.CamelAutoConfiguration' of type [class org.apache.camel.spring.boot.CamelAutoConfiguration$$EnhancerBySpringCGLIB$$63c2e3ca] is not eligible for getting processed by all BeanPostProcessors (for example: not eligible for auto-proxying)
2017-04-10 19:13:08.541  INFO 8220 --- [           main] o.s.s.web.DefaultSecurityFilterChain     : Creating filter chain: org.springframework.security.web.util.matcher.AnyRequestMatcher@1, [org.springframework.security.web.context.request.async.WebAsyncManagerIntegrationFilter@177e44ee, org.springframework.security.web.context.SecurityContextPersistenceFilter@28b443b, org.springframework.security.web.header.HeaderWriterFilter@131e70fb, org.springframework.security.web.csrf.CsrfFilter@2eb59e0b, org.springframework.security.web.authentication.logout.LogoutFilter@361b7a69, org.springframework.security.web.authentication.UsernamePasswordAuthenticationFilter@44cc5ecf, org.springframework.security.web.savedrequest.RequestCacheAwareFilter@30770b75, org.springframework.security.web.servletapi.SecurityContextHolderAwareRequestFilter@508e2c28, org.springframework.security.web.authentication.AnonymousAuthenticationFilter@674b5cbc, org.springframework.security.web.session.SessionManagementFilter@ccc7ef, org.springframework.security.web.access.ExceptionTranslationFilter@5c6f11e, org.springframework.security.web.access.intercept.FilterSecurityInterceptor@5bdc7fa1]
2017-04-10 19:13:08.651  INFO 8220 --- [           main] s.w.s.m.m.a.RequestMappingHandlerAdapter : Looking for @ControllerAdvice: org.springframework.web.context.support.GenericWebApplicationContext@56b6d87c: startup date [Mon Apr 10 19:13:07 EDT 2017]; root of context hierarchy
2017-04-10 19:13:08.691  INFO 8220 --- [           main] s.w.s.m.m.a.RequestMappingHandlerMapping : Mapped "{[/error]}" onto public java.lang.String com.ing.error.CustomErrorController.customError(org.springframework.ui.Model,javax.servlet.http.HttpServletRequest)
2017-04-10 19:13:08.691  INFO 8220 --- [           main] s.w.s.m.m.a.RequestMappingHandlerMapping : Mapped "{[/403]}" onto public java.lang.String com.ing.error.CustomErrorController.unauthorised(org.springframework.ui.Model,javax.servlet.http.HttpServletRequest)
2017-04-10 19:13:08.691  INFO 8220 --- [           main] s.w.s.m.m.a.RequestMappingHandlerMapping : Mapped "{[/index],methods=[GET]}" onto public java.lang.String com.ing.web.MainController.index()
2017-04-10 19:13:08.691  INFO 8220 --- [           main] s.w.s.m.m.a.RequestMappingHandlerMapping : Mapped "{[/],methods=[GET]}" onto public java.lang.String com.ing.web.MainController.root()
2017-04-10 19:13:08.691  INFO 8220 --- [           main] s.w.s.m.m.a.RequestMappingHandlerMapping : Mapped "{[/login-error],methods=[GET]}" onto public java.lang.String com.ing.web.MainController.loginError(org.springframework.ui.Model)
2017-04-10 19:13:08.691  INFO 8220 --- [           main] s.w.s.m.m.a.RequestMappingHandlerMapping : Mapped "{[/login],methods=[GET]}" onto public java.lang.String com.ing.web.MainController.login()
2017-04-10 19:13:08.691  INFO 8220 --- [           main] s.w.s.m.m.a.RequestMappingHandlerMapping : Mapped "{[/admin/index],methods=[GET]}" onto public java.lang.String com.ing.web.MainController.adminIndex()
2017-04-10 19:13:08.691  INFO 8220 --- [           main] s.w.s.m.m.a.RequestMappingHandlerMapping : Mapped "{[/user/index],methods=[GET]}" onto public java.lang.String com.ing.web.MainController.userIndex()
2017-04-10 19:13:08.691  INFO 8220 --- [           main] s.w.s.m.m.a.RequestMappingHandlerMapping : Mapped "{[/public/index],methods=[GET]}" onto public java.lang.String com.ing.web.MainController.publicIndex()
2017-04-10 19:13:08.691  INFO 8220 --- [           main] s.w.s.m.m.a.RequestMappingHandlerMapping : Mapped "{[/extra/index],methods=[GET]}" onto public java.lang.String com.ing.web.MainController.extraIndex()
2017-04-10 19:13:08.691  INFO 8220 --- [           main] s.w.s.m.m.a.RequestMappingHandlerMapping : Mapped "{[/tags/index],methods=[GET]}" onto public java.lang.String com.ing.web.SecurityTagController.index(org.springframework.security.core.userdetails.User)
2017-04-10 19:13:08.691  INFO 8220 --- [           main] s.w.s.m.m.a.RequestMappingHandlerMapping : Mapped "{[/tags/admin/index],methods=[GET]}" onto public java.lang.String com.ing.web.SecurityTagController.adminIndex(org.springframework.security.core.userdetails.User)
2017-04-10 19:13:08.691  INFO 8220 --- [           main] s.w.s.m.m.a.RequestMappingHandlerMapping : Mapped "{[/tags/extra/index],methods=[GET]}" onto public java.lang.String com.ing.web.SecurityTagController.extraUser(org.springframework.security.core.userdetails.User)
2017-04-10 19:13:08.691  INFO 8220 --- [           main] s.w.s.m.m.a.RequestMappingHandlerMapping : Mapped "{[/tags/user/index],methods=[GET]}" onto public java.lang.String com.ing.web.SecurityTagController.userIndex(org.springframework.security.core.userdetails.User)
2017-04-10 19:13:08.811  INFO 8220 --- [           main] o.s.w.s.handler.SimpleUrlHandlerMapping  : Mapped URL path [/webjars/**] onto handler of type [class org.springframework.web.servlet.resource.ResourceHttpRequestHandler]
2017-04-10 19:13:08.811  INFO 8220 --- [           main] o.s.w.s.handler.SimpleUrlHandlerMapping  : Mapped URL path [/**] onto handler of type [class org.springframework.web.servlet.resource.ResourceHttpRequestHandler]
2017-04-10 19:13:08.865  INFO 8220 --- [           main] o.s.w.s.handler.SimpleUrlHandlerMapping  : Mapped URL path [/**/favicon.ico] onto handler of type [class org.springframework.web.servlet.resource.ResourceHttpRequestHandler]
2017-04-10 19:13:08.995  INFO 8220 --- [           main] o.a.c.i.converter.DefaultTypeConverter   : Loaded 191 type converters
2017-04-10 19:13:09.135  INFO 8220 --- [           main] o.a.camel.spring.boot.RoutesCollector    : Loading additional Camel XML routes from: classpath:camel/*.xml
2017-04-10 19:13:09.135  INFO 8220 --- [           main] o.a.camel.spring.boot.RoutesCollector    : Loading additional Camel XML rests from: classpath:camel-rest/*.xml
2017-04-10 19:13:09.135  INFO 8220 --- [           main] o.a.camel.spring.SpringCamelContext      : Apache Camel 2.17.2 (CamelContext: camel-6) is starting
2017-04-10 19:13:09.135  INFO 8220 --- [           main] o.a.c.m.ManagedManagementStrategy        : JMX is enabled
2017-04-10 19:13:09.145  INFO 8220 --- [           main] o.a.c.i.DefaultRuntimeEndpointRegistry   : Runtime endpoint registry is in extended mode gathering usage statistics of all incoming and outgoing endpoints (cache limit: 1000)
2017-04-10 19:13:09.185  INFO 8220 --- [           main] o.a.camel.spring.SpringCamelContext      : Apache Camel 2.17.2 (CamelContext: camel-6) is shutting down
2017-04-10 19:13:09.185  INFO 8220 --- [           main] o.a.camel.spring.SpringCamelContext      : Apache Camel 2.17.2 (CamelContext: camel-6) uptime 0.050 seconds
2017-04-10 19:13:09.185  INFO 8220 --- [           main] o.a.camel.spring.SpringCamelContext      : Apache Camel 2.17.2 (CamelContext: camel-6) is shutdown in 0.000 seconds
2017-04-10 19:13:09.185 ERROR 8220 --- [           main] o.s.boot.SpringApplication               : Application startup failed

org.apache.camel.spring.boot.CamelSpringBootInitializationException: org.apache.camel.FailedToCreateRouteException: Failed to create route route18 at: >>> Choice[[When[{header{action} == all} -> [To[GetAllATMs]]], When[{header{action} == inCity} -> [To[GetAllATMsInCity]]]]] <<< in route: Route(route18)[[From[direct:call]] -> [SetBody[{null}], Choi... because of No endpoint could be found for: GetAllATMs, please check your classpath contains the needed Camel component jar.
	at org.apache.camel.spring.boot.RoutesCollector.onApplicationEvent(RoutesCollector.java:126) ~[camel-spring-boot-2.17.0.jar:2.17.0]
	at org.apache.camel.spring.boot.RoutesCollector.onApplicationEvent(RoutesCollector.java:41) ~[camel-spring-boot-2.17.0.jar:2.17.0]
	at org.springframework.context.event.SimpleApplicationEventMulticaster.invokeListener(SimpleApplicationEventMulticaster.java:166) ~[spring-context-4.3.4.RELEASE.jar:4.3.4.RELEASE]
	at org.springframework.context.event.SimpleApplicationEventMulticaster.multicastEvent(SimpleApplicationEventMulticaster.java:138) ~[spring-context-4.3.4.RELEASE.jar:4.3.4.RELEASE]
	at org.springframework.context.support.AbstractApplicationContext.publishEvent(AbstractApplicationContext.java:383) ~[spring-context-4.3.4.RELEASE.jar:4.3.4.RELEASE]
	at org.springframework.context.support.AbstractApplicationContext.publishEvent(AbstractApplicationContext.java:337) ~[spring-context-4.3.4.RELEASE.jar:4.3.4.RELEASE]
	at org.springframework.context.support.AbstractApplicationContext.finishRefresh(AbstractApplicationContext.java:882) ~[spring-context-4.3.4.RELEASE.jar:4.3.4.RELEASE]
	at org.springframework.context.support.AbstractApplicationContext.refresh(AbstractApplicationContext.java:545) ~[spring-context-4.3.4.RELEASE.jar:4.3.4.RELEASE]
	at org.springframework.boot.SpringApplication.refresh(SpringApplication.java:766) ~[spring-boot-1.3.3.RELEASE.jar:1.3.3.RELEASE]
	at org.springframework.boot.SpringApplication.createAndRefreshContext(SpringApplication.java:361) ~[spring-boot-1.3.3.RELEASE.jar:1.3.3.RELEASE]
	at org.springframework.boot.SpringApplication.run(SpringApplication.java:307) ~[spring-boot-1.3.3.RELEASE.jar:1.3.3.RELEASE]
	at org.springframework.boot.test.SpringApplicationContextLoader.loadContext(SpringApplicationContextLoader.java:98) [spring-boot-1.3.3.RELEASE.jar:1.3.3.RELEASE]
	at org.springframework.test.context.cache.DefaultCacheAwareContextLoaderDelegate.loadContextInternal(DefaultCacheAwareContextLoaderDelegate.java:98) [spring-test-4.3.4.RELEASE.jar:4.3.4.RELEASE]
	at org.springframework.test.context.cache.DefaultCacheAwareContextLoaderDelegate.loadContext(DefaultCacheAwareContextLoaderDelegate.java:116) [spring-test-4.3.4.RELEASE.jar:4.3.4.RELEASE]
	at org.springframework.test.context.support.DefaultTestContext.getApplicationContext(DefaultTestContext.java:83) [spring-test-4.3.4.RELEASE.jar:4.3.4.RELEASE]
	at org.springframework.test.context.web.ServletTestExecutionListener.setUpRequestContextIfNecessary(ServletTestExecutionListener.java:189) [spring-test-4.3.4.RELEASE.jar:4.3.4.RELEASE]
	at org.springframework.test.context.web.ServletTestExecutionListener.prepareTestInstance(ServletTestExecutionListener.java:131) [spring-test-4.3.4.RELEASE.jar:4.3.4.RELEASE]
	at org.springframework.test.context.TestContextManager.prepareTestInstance(TestContextManager.java:230) [spring-test-4.3.4.RELEASE.jar:4.3.4.RELEASE]
	at org.springframework.test.context.junit4.SpringJUnit4ClassRunner.createTest(SpringJUnit4ClassRunner.java:228) [spring-test-4.3.4.RELEASE.jar:4.3.4.RELEASE]
	at org.springframework.test.context.junit4.SpringJUnit4ClassRunner$1.runReflectiveCall(SpringJUnit4ClassRunner.java:287) [spring-test-4.3.4.RELEASE.jar:4.3.4.RELEASE]
	at org.junit.internal.runners.model.ReflectiveCallable.run(ReflectiveCallable.java:12) [junit-4.12.jar:4.12]
	at org.springframework.test.context.junit4.SpringJUnit4ClassRunner.methodBlock(SpringJUnit4ClassRunner.java:289) [spring-test-4.3.4.RELEASE.jar:4.3.4.RELEASE]
	at org.springframework.test.context.junit4.SpringJUnit4ClassRunner.runChild(SpringJUnit4ClassRunner.java:247) [spring-test-4.3.4.RELEASE.jar:4.3.4.RELEASE]
	at org.springframework.test.context.junit4.SpringJUnit4ClassRunner.runChild(SpringJUnit4ClassRunner.java:94) [spring-test-4.3.4.RELEASE.jar:4.3.4.RELEASE]
	at org.junit.runners.ParentRunner$3.run(ParentRunner.java:290) [junit-4.12.jar:4.12]
	at org.junit.runners.ParentRunner$1.schedule(ParentRunner.java:71) [junit-4.12.jar:4.12]
	at org.junit.runners.ParentRunner.runChildren(ParentRunner.java:288) [junit-4.12.jar:4.12]
	at org.junit.runners.ParentRunner.access$000(ParentRunner.java:58) [junit-4.12.jar:4.12]
	at org.junit.runners.ParentRunner$2.evaluate(ParentRunner.java:268) [junit-4.12.jar:4.12]
	at org.springframework.test.context.junit4.statements.RunBeforeTestClassCallbacks.evaluate(RunBeforeTestClassCallbacks.java:61) [spring-test-4.3.4.RELEASE.jar:4.3.4.RELEASE]
	at org.springframework.test.context.junit4.statements.RunAfterTestClassCallbacks.evaluate(RunAfterTestClassCallbacks.java:70) [spring-test-4.3.4.RELEASE.jar:4.3.4.RELEASE]
	at org.junit.runners.ParentRunner.run(ParentRunner.java:363) [junit-4.12.jar:4.12]
	at org.springframework.test.context.junit4.SpringJUnit4ClassRunner.run(SpringJUnit4ClassRunner.java:191) [spring-test-4.3.4.RELEASE.jar:4.3.4.RELEASE]
	at org.apache.maven.surefire.junit4.JUnit4Provider.execute(JUnit4Provider.java:264) [surefire-junit4-2.14.1.jar:2.14.1]
	at org.apache.maven.surefire.junit4.JUnit4Provider.executeTestSet(JUnit4Provider.java:153) [surefire-junit4-2.14.1.jar:2.14.1]
	at org.apache.maven.surefire.junit4.JUnit4Provider.invoke(JUnit4Provider.java:124) [surefire-junit4-2.14.1.jar:2.14.1]
	at sun.reflect.NativeMethodAccessorImpl.invoke0(Native Method) ~[na:1.8.0_121]
	at sun.reflect.NativeMethodAccessorImpl.invoke(NativeMethodAccessorImpl.java:62) ~[na:1.8.0_121]
	at sun.reflect.DelegatingMethodAccessorImpl.invoke(DelegatingMethodAccessorImpl.java:43) ~[na:1.8.0_121]
	at java.lang.reflect.Method.invoke(Method.java:498) ~[na:1.8.0_121]
	at org.apache.maven.surefire.util.ReflectionUtils.invokeMethodWithArray2(ReflectionUtils.java:208) [surefire-api-2.14.1.jar:2.14.1]
	at org.apache.maven.surefire.booter.ProviderFactory$ProviderProxy.invoke(ProviderFactory.java:159) [surefire-booter-2.14.1.jar:2.14.1]
	at org.apache.maven.surefire.booter.ProviderFactory.invokeProvider(ProviderFactory.java:87) [surefire-booter-2.14.1.jar:2.14.1]
	at org.apache.maven.surefire.booter.ForkedBooter.runSuitesInProcess(ForkedBooter.java:153) [surefire-booter-2.14.1.jar:2.14.1]
	at org.apache.maven.surefire.booter.ForkedBooter.main(ForkedBooter.java:95) [surefire-booter-2.14.1.jar:2.14.1]
Caused by: org.apache.camel.FailedToCreateRouteException: Failed to create route route18 at: >>> Choice[[When[{header{action} == all} -> [To[GetAllATMs]]], When[{header{action} == inCity} -> [To[GetAllATMsInCity]]]]] <<< in route: Route(route18)[[From[direct:call]] -> [SetBody[{null}], Choi... because of No endpoint could be found for: GetAllATMs, please check your classpath contains the needed Camel component jar.
	at org.apache.camel.model.RouteDefinition.addRoutes(RouteDefinition.java:1072) ~[camel-core-2.17.2.jar:2.17.2]
	at org.apache.camel.model.RouteDefinition.addRoutes(RouteDefinition.java:196) ~[camel-core-2.17.2.jar:2.17.2]
	at org.apache.camel.impl.DefaultCamelContext.startRoute(DefaultCamelContext.java:974) ~[camel-core-2.17.2.jar:2.17.2]
	at org.apache.camel.impl.DefaultCamelContext.startRouteDefinitions(DefaultCamelContext.java:3301) ~[camel-core-2.17.2.jar:2.17.2]
	at org.apache.camel.impl.DefaultCamelContext.doStartCamel(DefaultCamelContext.java:3024) ~[camel-core-2.17.2.jar:2.17.2]
	at org.apache.camel.impl.DefaultCamelContext.access$000(DefaultCamelContext.java:175) ~[camel-core-2.17.2.jar:2.17.2]
	at org.apache.camel.impl.DefaultCamelContext$2.call(DefaultCamelContext.java:2854) ~[camel-core-2.17.2.jar:2.17.2]
	at org.apache.camel.impl.DefaultCamelContext$2.call(DefaultCamelContext.java:2850) ~[camel-core-2.17.2.jar:2.17.2]
	at org.apache.camel.impl.DefaultCamelContext.doWithDefinedClassLoader(DefaultCamelContext.java:2873) ~[camel-core-2.17.2.jar:2.17.2]
	at org.apache.camel.impl.DefaultCamelContext.doStart(DefaultCamelContext.java:2850) ~[camel-core-2.17.2.jar:2.17.2]
	at org.apache.camel.support.ServiceSupport.start(ServiceSupport.java:61) ~[camel-core-2.17.2.jar:2.17.2]
	at org.apache.camel.impl.DefaultCamelContext.start(DefaultCamelContext.java:2819) ~[camel-core-2.17.2.jar:2.17.2]
	at org.apache.camel.spring.boot.RoutesCollector.onApplicationEvent(RoutesCollector.java:116) ~[camel-spring-boot-2.17.0.jar:2.17.0]
	... 44 common frames omitted
Caused by: org.apache.camel.NoSuchEndpointException: No endpoint could be found for: GetAllATMs, please check your classpath contains the needed Camel component jar.
	at org.apache.camel.util.CamelContextHelper.getMandatoryEndpoint(CamelContextHelper.java:81) ~[camel-core-2.17.2.jar:2.17.2]
	at org.apache.camel.model.RouteDefinition.resolveEndpoint(RouteDefinition.java:211) ~[camel-core-2.17.2.jar:2.17.2]
	at org.apache.camel.impl.DefaultRouteContext.resolveEndpoint(DefaultRouteContext.java:107) ~[camel-core-2.17.2.jar:2.17.2]
	at org.apache.camel.impl.DefaultRouteContext.resolveEndpoint(DefaultRouteContext.java:113) ~[camel-core-2.17.2.jar:2.17.2]
	at org.apache.camel.model.SendDefinition.resolveEndpoint(SendDefinition.java:62) ~[camel-core-2.17.2.jar:2.17.2]
	at org.apache.camel.model.SendDefinition.createProcessor(SendDefinition.java:56) ~[camel-core-2.17.2.jar:2.17.2]
	at org.apache.camel.model.ProcessorDefinition.createProcessor(ProcessorDefinition.java:483) ~[camel-core-2.17.2.jar:2.17.2]
	at org.apache.camel.model.ProcessorDefinition.createOutputsProcessorImpl(ProcessorDefinition.java:446) ~[camel-core-2.17.2.jar:2.17.2]
	at org.apache.camel.model.ProcessorDefinition.createOutputsProcessor(ProcessorDefinition.java:413) ~[camel-core-2.17.2.jar:2.17.2]
	at org.apache.camel.model.ProcessorDefinition.createOutputsProcessor(ProcessorDefinition.java:165) ~[camel-core-2.17.2.jar:2.17.2]
	at org.apache.camel.model.ExpressionNode.createFilterProcessor(ExpressionNode.java:109) ~[camel-core-2.17.2.jar:2.17.2]
	at org.apache.camel.model.WhenDefinition.createProcessor(WhenDefinition.java:74) ~[camel-core-2.17.2.jar:2.17.2]
	at org.apache.camel.model.WhenDefinition.createProcessor(WhenDefinition.java:32) ~[camel-core-2.17.2.jar:2.17.2]
	at org.apache.camel.model.ProcessorDefinition.createProcessor(ProcessorDefinition.java:483) ~[camel-core-2.17.2.jar:2.17.2]
	at org.apache.camel.model.ChoiceDefinition.createProcessor(ChoiceDefinition.java:135) ~[camel-core-2.17.2.jar:2.17.2]
	at org.apache.camel.model.ProcessorDefinition.makeProcessorImpl(ProcessorDefinition.java:534) ~[camel-core-2.17.2.jar:2.17.2]
	at org.apache.camel.model.ProcessorDefinition.makeProcessor(ProcessorDefinition.java:495) ~[camel-core-2.17.2.jar:2.17.2]
	at org.apache.camel.model.ProcessorDefinition.addRoutes(ProcessorDefinition.java:219) ~[camel-core-2.17.2.jar:2.17.2]
	at org.apache.camel.model.RouteDefinition.addRoutes(RouteDefinition.java:1069) ~[camel-core-2.17.2.jar:2.17.2]
	... 56 common frames omitted

2017-04-10 19:13:09.185  INFO 8220 --- [           main] .b.l.ClasspathLoggingApplicationListener : Application failed to start with classpath: [file:/C:/Users/normsby/Documents/NetBeansProjects/ING_ATM_Locator/target/surefire/surefirebooter5636998128895282040.jar, file:/C:/Users/normsby/.m2/repository/org/jacoco/org.jacoco.agent/0.7.5.201505241946/org.jacoco.agent-0.7.5.201505241946-runtime.jar]
2017-04-10 19:13:09.195 ERROR 8220 --- [           main] o.s.test.context.TestContextManager      : Caught exception while allowing TestExecutionListener [org.springframework.test.context.web.ServletTestExecutionListener@6c81dde5] to prepare test instance [com.ing.custom.CustomErrorControllerTest@74739d27]

java.lang.IllegalStateException: Failed to load ApplicationContext
	at org.springframework.test.context.cache.DefaultCacheAwareContextLoaderDelegate.loadContext(DefaultCacheAwareContextLoaderDelegate.java:124) ~[spring-test-4.3.4.RELEASE.jar:4.3.4.RELEASE]
	at org.springframework.test.context.support.DefaultTestContext.getApplicationContext(DefaultTestContext.java:83) ~[spring-test-4.3.4.RELEASE.jar:4.3.4.RELEASE]
	at org.springframework.test.context.web.ServletTestExecutionListener.setUpRequestContextIfNecessary(ServletTestExecutionListener.java:189) ~[spring-test-4.3.4.RELEASE.jar:4.3.4.RELEASE]
	at org.springframework.test.context.web.ServletTestExecutionListener.prepareTestInstance(ServletTestExecutionListener.java:131) ~[spring-test-4.3.4.RELEASE.jar:4.3.4.RELEASE]
	at org.springframework.test.context.TestContextManager.prepareTestInstance(TestContextManager.java:230) ~[spring-test-4.3.4.RELEASE.jar:4.3.4.RELEASE]
	at org.springframework.test.context.junit4.SpringJUnit4ClassRunner.createTest(SpringJUnit4ClassRunner.java:228) [spring-test-4.3.4.RELEASE.jar:4.3.4.RELEASE]
	at org.springframework.test.context.junit4.SpringJUnit4ClassRunner$1.runReflectiveCall(SpringJUnit4ClassRunner.java:287) [spring-test-4.3.4.RELEASE.jar:4.3.4.RELEASE]
	at org.junit.internal.runners.model.ReflectiveCallable.run(ReflectiveCallable.java:12) [junit-4.12.jar:4.12]
	at org.springframework.test.context.junit4.SpringJUnit4ClassRunner.methodBlock(SpringJUnit4ClassRunner.java:289) [spring-test-4.3.4.RELEASE.jar:4.3.4.RELEASE]
	at org.springframework.test.context.junit4.SpringJUnit4ClassRunner.runChild(SpringJUnit4ClassRunner.java:247) [spring-test-4.3.4.RELEASE.jar:4.3.4.RELEASE]
	at org.springframework.test.context.junit4.SpringJUnit4ClassRunner.runChild(SpringJUnit4ClassRunner.java:94) [spring-test-4.3.4.RELEASE.jar:4.3.4.RELEASE]
	at org.junit.runners.ParentRunner$3.run(ParentRunner.java:290) [junit-4.12.jar:4.12]
	at org.junit.runners.ParentRunner$1.schedule(ParentRunner.java:71) [junit-4.12.jar:4.12]
	at org.junit.runners.ParentRunner.runChildren(ParentRunner.java:288) [junit-4.12.jar:4.12]
	at org.junit.runners.ParentRunner.access$000(ParentRunner.java:58) [junit-4.12.jar:4.12]
	at org.junit.runners.ParentRunner$2.evaluate(ParentRunner.java:268) [junit-4.12.jar:4.12]
	at org.springframework.test.context.junit4.statements.RunBeforeTestClassCallbacks.evaluate(RunBeforeTestClassCallbacks.java:61) [spring-test-4.3.4.RELEASE.jar:4.3.4.RELEASE]
	at org.springframework.test.context.junit4.statements.RunAfterTestClassCallbacks.evaluate(RunAfterTestClassCallbacks.java:70) [spring-test-4.3.4.RELEASE.jar:4.3.4.RELEASE]
	at org.junit.runners.ParentRunner.run(ParentRunner.java:363) [junit-4.12.jar:4.12]
	at org.springframework.test.context.junit4.SpringJUnit4ClassRunner.run(SpringJUnit4ClassRunner.java:191) [spring-test-4.3.4.RELEASE.jar:4.3.4.RELEASE]
	at org.apache.maven.surefire.junit4.JUnit4Provider.execute(JUnit4Provider.java:264) [surefire-junit4-2.14.1.jar:2.14.1]
	at org.apache.maven.surefire.junit4.JUnit4Provider.executeTestSet(JUnit4Provider.java:153) [surefire-junit4-2.14.1.jar:2.14.1]
	at org.apache.maven.surefire.junit4.JUnit4Provider.invoke(JUnit4Provider.java:124) [surefire-junit4-2.14.1.jar:2.14.1]
	at sun.reflect.NativeMethodAccessorImpl.invoke0(Native Method) ~[na:1.8.0_121]
	at sun.reflect.NativeMethodAccessorImpl.invoke(NativeMethodAccessorImpl.java:62) ~[na:1.8.0_121]
	at sun.reflect.DelegatingMethodAccessorImpl.invoke(DelegatingMethodAccessorImpl.java:43) ~[na:1.8.0_121]
	at java.lang.reflect.Method.invoke(Method.java:498) ~[na:1.8.0_121]
	at org.apache.maven.surefire.util.ReflectionUtils.invokeMethodWithArray2(ReflectionUtils.java:208) [surefire-api-2.14.1.jar:2.14.1]
	at org.apache.maven.surefire.booter.ProviderFactory$ProviderProxy.invoke(ProviderFactory.java:159) [surefire-booter-2.14.1.jar:2.14.1]
	at org.apache.maven.surefire.booter.ProviderFactory.invokeProvider(ProviderFactory.java:87) [surefire-booter-2.14.1.jar:2.14.1]
	at org.apache.maven.surefire.booter.ForkedBooter.runSuitesInProcess(ForkedBooter.java:153) [surefire-booter-2.14.1.jar:2.14.1]
	at org.apache.maven.surefire.booter.ForkedBooter.main(ForkedBooter.java:95) [surefire-booter-2.14.1.jar:2.14.1]
Caused by: org.apache.camel.spring.boot.CamelSpringBootInitializationException: org.apache.camel.FailedToCreateRouteException: Failed to create route route18 at: >>> Choice[[When[{header{action} == all} -> [To[GetAllATMs]]], When[{header{action} == inCity} -> [To[GetAllATMsInCity]]]]] <<< in route: Route(route18)[[From[direct:call]] -> [SetBody[{null}], Choi... because of No endpoint could be found for: GetAllATMs, please check your classpath contains the needed Camel component jar.
	at org.apache.camel.spring.boot.RoutesCollector.onApplicationEvent(RoutesCollector.java:126) ~[camel-spring-boot-2.17.0.jar:2.17.0]
	at org.apache.camel.spring.boot.RoutesCollector.onApplicationEvent(RoutesCollector.java:41) ~[camel-spring-boot-2.17.0.jar:2.17.0]
	at org.springframework.context.event.SimpleApplicationEventMulticaster.invokeListener(SimpleApplicationEventMulticaster.java:166) ~[spring-context-4.3.4.RELEASE.jar:4.3.4.RELEASE]
	at org.springframework.context.event.SimpleApplicationEventMulticaster.multicastEvent(SimpleApplicationEventMulticaster.java:138) ~[spring-context-4.3.4.RELEASE.jar:4.3.4.RELEASE]
	at org.springframework.context.support.AbstractApplicationContext.publishEvent(AbstractApplicationContext.java:383) ~[spring-context-4.3.4.RELEASE.jar:4.3.4.RELEASE]
	at org.springframework.context.support.AbstractApplicationContext.publishEvent(AbstractApplicationContext.java:337) ~[spring-context-4.3.4.RELEASE.jar:4.3.4.RELEASE]
	at org.springframework.context.support.AbstractApplicationContext.finishRefresh(AbstractApplicationContext.java:882) ~[spring-context-4.3.4.RELEASE.jar:4.3.4.RELEASE]
	at org.springframework.context.support.AbstractApplicationContext.refresh(AbstractApplicationContext.java:545) ~[spring-context-4.3.4.RELEASE.jar:4.3.4.RELEASE]
	at org.springframework.boot.SpringApplication.refresh(SpringApplication.java:766) ~[spring-boot-1.3.3.RELEASE.jar:1.3.3.RELEASE]
	at org.springframework.boot.SpringApplication.createAndRefreshContext(SpringApplication.java:361) ~[spring-boot-1.3.3.RELEASE.jar:1.3.3.RELEASE]
	at org.springframework.boot.SpringApplication.run(SpringApplication.java:307) ~[spring-boot-1.3.3.RELEASE.jar:1.3.3.RELEASE]
	at org.springframework.boot.test.SpringApplicationContextLoader.loadContext(SpringApplicationContextLoader.java:98) ~[spring-boot-1.3.3.RELEASE.jar:1.3.3.RELEASE]
	at org.springframework.test.context.cache.DefaultCacheAwareContextLoaderDelegate.loadContextInternal(DefaultCacheAwareContextLoaderDelegate.java:98) ~[spring-test-4.3.4.RELEASE.jar:4.3.4.RELEASE]
	at org.springframework.test.context.cache.DefaultCacheAwareContextLoaderDelegate.loadContext(DefaultCacheAwareContextLoaderDelegate.java:116) ~[spring-test-4.3.4.RELEASE.jar:4.3.4.RELEASE]
	... 31 common frames omitted
Caused by: org.apache.camel.FailedToCreateRouteException: Failed to create route route18 at: >>> Choice[[When[{header{action} == all} -> [To[GetAllATMs]]], When[{header{action} == inCity} -> [To[GetAllATMsInCity]]]]] <<< in route: Route(route18)[[From[direct:call]] -> [SetBody[{null}], Choi... because of No endpoint could be found for: GetAllATMs, please check your classpath contains the needed Camel component jar.
	at org.apache.camel.model.RouteDefinition.addRoutes(RouteDefinition.java:1072) ~[camel-core-2.17.2.jar:2.17.2]
	at org.apache.camel.model.RouteDefinition.addRoutes(RouteDefinition.java:196) ~[camel-core-2.17.2.jar:2.17.2]
	at org.apache.camel.impl.DefaultCamelContext.startRoute(DefaultCamelContext.java:974) ~[camel-core-2.17.2.jar:2.17.2]
	at org.apache.camel.impl.DefaultCamelContext.startRouteDefinitions(DefaultCamelContext.java:3301) ~[camel-core-2.17.2.jar:2.17.2]
	at org.apache.camel.impl.DefaultCamelContext.doStartCamel(DefaultCamelContext.java:3024) ~[camel-core-2.17.2.jar:2.17.2]
	at org.apache.camel.impl.DefaultCamelContext.access$000(DefaultCamelContext.java:175) ~[camel-core-2.17.2.jar:2.17.2]
	at org.apache.camel.impl.DefaultCamelContext$2.call(DefaultCamelContext.java:2854) ~[camel-core-2.17.2.jar:2.17.2]
	at org.apache.camel.impl.DefaultCamelContext$2.call(DefaultCamelContext.java:2850) ~[camel-core-2.17.2.jar:2.17.2]
	at org.apache.camel.impl.DefaultCamelContext.doWithDefinedClassLoader(DefaultCamelContext.java:2873) ~[camel-core-2.17.2.jar:2.17.2]
	at org.apache.camel.impl.DefaultCamelContext.doStart(DefaultCamelContext.java:2850) ~[camel-core-2.17.2.jar:2.17.2]
	at org.apache.camel.support.ServiceSupport.start(ServiceSupport.java:61) ~[camel-core-2.17.2.jar:2.17.2]
	at org.apache.camel.impl.DefaultCamelContext.start(DefaultCamelContext.java:2819) ~[camel-core-2.17.2.jar:2.17.2]
	at org.apache.camel.spring.boot.RoutesCollector.onApplicationEvent(RoutesCollector.java:116) ~[camel-spring-boot-2.17.0.jar:2.17.0]
	... 44 common frames omitted
Caused by: org.apache.camel.NoSuchEndpointException: No endpoint could be found for: GetAllATMs, please check your classpath contains the needed Camel component jar.
	at org.apache.camel.util.CamelContextHelper.getMandatoryEndpoint(CamelContextHelper.java:81) ~[camel-core-2.17.2.jar:2.17.2]
	at org.apache.camel.model.RouteDefinition.resolveEndpoint(RouteDefinition.java:211) ~[camel-core-2.17.2.jar:2.17.2]
	at org.apache.camel.impl.DefaultRouteContext.resolveEndpoint(DefaultRouteContext.java:107) ~[camel-core-2.17.2.jar:2.17.2]
	at org.apache.camel.impl.DefaultRouteContext.resolveEndpoint(DefaultRouteContext.java:113) ~[camel-core-2.17.2.jar:2.17.2]
	at org.apache.camel.model.SendDefinition.resolveEndpoint(SendDefinition.java:62) ~[camel-core-2.17.2.jar:2.17.2]
	at org.apache.camel.model.SendDefinition.createProcessor(SendDefinition.java:56) ~[camel-core-2.17.2.jar:2.17.2]
	at org.apache.camel.model.ProcessorDefinition.createProcessor(ProcessorDefinition.java:483) ~[camel-core-2.17.2.jar:2.17.2]
	at org.apache.camel.model.ProcessorDefinition.createOutputsProcessorImpl(ProcessorDefinition.java:446) ~[camel-core-2.17.2.jar:2.17.2]
	at org.apache.camel.model.ProcessorDefinition.createOutputsProcessor(ProcessorDefinition.java:413) ~[camel-core-2.17.2.jar:2.17.2]
	at org.apache.camel.model.ProcessorDefinition.createOutputsProcessor(ProcessorDefinition.java:165) ~[camel-core-2.17.2.jar:2.17.2]
	at org.apache.camel.model.ExpressionNode.createFilterProcessor(ExpressionNode.java:109) ~[camel-core-2.17.2.jar:2.17.2]
	at org.apache.camel.model.WhenDefinition.createProcessor(WhenDefinition.java:74) ~[camel-core-2.17.2.jar:2.17.2]
	at org.apache.camel.model.WhenDefinition.createProcessor(WhenDefinition.java:32) ~[camel-core-2.17.2.jar:2.17.2]
	at org.apache.camel.model.ProcessorDefinition.createProcessor(ProcessorDefinition.java:483) ~[camel-core-2.17.2.jar:2.17.2]
	at org.apache.camel.model.ChoiceDefinition.createProcessor(ChoiceDefinition.java:135) ~[camel-core-2.17.2.jar:2.17.2]
	at org.apache.camel.model.ProcessorDefinition.makeProcessorImpl(ProcessorDefinition.java:534) ~[camel-core-2.17.2.jar:2.17.2]
	at org.apache.camel.model.ProcessorDefinition.makeProcessor(ProcessorDefinition.java:495) ~[camel-core-2.17.2.jar:2.17.2]
	at org.apache.camel.model.ProcessorDefinition.addRoutes(ProcessorDefinition.java:219) ~[camel-core-2.17.2.jar:2.17.2]
	at org.apache.camel.model.RouteDefinition.addRoutes(RouteDefinition.java:1069) ~[camel-core-2.17.2.jar:2.17.2]
	... 56 common frames omitted

]]></system-out>
  </testcase>
</testsuite>