<?xml version="1.0" encoding="UTF-8"?>
<testsuite name="com.ing.custom.web.SecurityTagControllerTest" time="0.01" tests="9" errors="9" skipped="0" failures="0">
  <properties>
    <property name="java.runtime.name" value="Java(TM) SE Runtime Environment"/>
    <property name="sun.boot.library.path" value="C:\Program Files\Java\jdk1.8.0_121\jre\bin"/>
    <property name="java.vm.version" value="25.121-b13"/>
    <property name="java.vm.vendor" value="Oracle Corporation"/>
    <property name="java.vendor.url" value="http://java.oracle.com/"/>
    <property name="path.separator" value=";"/>
    <property name="guice.disable.misplaced.annotation.check" value="true"/>
    <property name="java.vm.name" value="Java HotSpot(TM) 64-Bit Server VM"/>
    <property name="file.encoding.pkg" value="sun.io"/>
    <property name="user.script" value=""/>
    <property name="user.country" value="US"/>
    <property name="sun.java.launcher" value="SUN_STANDARD"/>
    <property name="sun.os.patch.level" value="Service Pack 1"/>
    <property name="java.vm.specification.name" value="Java Virtual Machine Specification"/>
    <property name="user.dir" value="C:\Users\normsby\Documents\NetBeansProjects\ING_ATM_Locator"/>
    <property name="java.runtime.version" value="1.8.0_121-b13"/>
    <property name="java.awt.graphicsenv" value="sun.awt.Win32GraphicsEnvironment"/>
    <property name="java.endorsed.dirs" value="C:\Program Files\Java\jdk1.8.0_121\jre\lib\endorsed"/>
    <property name="os.arch" value="amd64"/>
    <property name="java.io.tmpdir" value="C:\Users\normsby\AppData\Local\Temp\"/>
    <property name="line.separator" value="&#10;"/>
    <property name="java.vm.specification.vendor" value="Oracle Corporation"/>
    <property name="user.variant" value=""/>
    <property name="os.name" value="Windows 7"/>
    <property name="maven.ext.class.path" value="C:\Program Files\NetBeans 8.2\java\maven-nblib\netbeans-eventspy.jar"/>
    <property name="classworlds.conf" value="C:\Program Files\NetBeans 8.2\java\maven\bin\m2.conf"/>
    <property name="sun.jnu.encoding" value="Cp1252"/>
    <property name="java.library.path" value="C:\Program Files\Java\jdk1.8.0_121\bin;C:\Windows\Sun\Java\bin;C:\Windows\system32;C:\Windows;C:\Program Files (x86)\Google\Chrome\Application;C:\ProgramData\Oracle\Java\javapath;C:\Windows\system32;C:\Windows;C:\Windows\System32\Wbem;C:\Windows\System32\WindowsPowerShell\v1.0\;C:\Program Files\Intel\WiFi\bin\;C:\Program Files\Common Files\Intel\WirelessCommon\;C:\Program Files (x86)\Windows Kits\8.1\Windows Performance Toolkit\;C:\Program Files\Microsoft SQL Server\120\Tools\Binn\;C:\Program Files\Microsoft SQL Server\130\Tools\Binn\;C:\Program Files\Git\cmd;C:\Program Files\MongoDB\Server\3.2\bin;C:\Windows\System32\WindowsPowerShell\v1.0\;C:\phantomjs\bin;C:\Program Files\SQL Anywhere 16\bin64;C:\Program Files\SQL Anywhere 16\bin32;C:\Windows\Microsoft.NET\Framework\v4.0.30319;C:\Program Files\dotnet\;C:\Users\normsby\AppData\Local\Programs\Python\Python35-32\Scripts;C:\Android\platform-tools ;C:\Program Files\TortoiseGit\bin;C:\Program Files\nodejs\;C:\Program Files (x86)\Skype\Phone\;C:\Program Files\Apache\maven\bin;C:\Program Files (x86)\Microsoft VS Code\bin;C:\Users\normsby\AppData\Roaming\np;C:\adb;C:\Program Files (x86)\Microsoft VS Code\bin;C:\Users\normsby\AppData\Roaming\npm;."/>
    <property name="java.specification.name" value="Java Platform API Specification"/>
    <property name="java.class.version" value="52.0"/>
    <property name="sun.management.compiler" value="HotSpot 64-Bit Tiered Compilers"/>
    <property name="os.version" value="6.1"/>
    <property name="user.home" value="C:\Users\normsby"/>
    <property name="user.timezone" value="America/New_York"/>
    <property name="java.awt.printerjob" value="sun.awt.windows.WPrinterJob"/>
    <property name="java.specification.version" value="1.8"/>
    <property name="file.encoding" value="UTF-8"/>
    <property name="user.name" value="normsby"/>
    <property name="java.class.path" value="C:\Program Files\NetBeans 8.2\java\maven\boot\plexus-classworlds-2.4.jar"/>
    <property name="java.vm.specification.version" value="1.8"/>
    <property name="sun.arch.data.model" value="64"/>
    <property name="java.home" value="C:\Program Files\Java\jdk1.8.0_121\jre"/>
    <property name="sun.java.command" value="org.codehaus.plexus.classworlds.launcher.Launcher -Dmaven.ext.class.path=C:\Program Files\NetBeans 8.2\java\maven-nblib\netbeans-eventspy.jar -Dfile.encoding=UTF-8 clean install"/>
    <property name="java.specification.vendor" value="Oracle Corporation"/>
    <property name="user.language" value="en"/>
    <property name="awt.toolkit" value="sun.awt.windows.WToolkit"/>
    <property name="java.vm.info" value="mixed mode"/>
    <property name="java.version" value="1.8.0_121"/>
    <property name="java.ext.dirs" value="C:\Program Files\Java\jdk1.8.0_121\jre\lib\ext;C:\Windows\Sun\Java\lib\ext"/>
    <property name="sun.boot.class.path" value="C:\Program Files\Java\jdk1.8.0_121\jre\lib\resources.jar;C:\Program Files\Java\jdk1.8.0_121\jre\lib\rt.jar;C:\Program Files\Java\jdk1.8.0_121\jre\lib\sunrsasign.jar;C:\Program Files\Java\jdk1.8.0_121\jre\lib\jsse.jar;C:\Program Files\Java\jdk1.8.0_121\jre\lib\jce.jar;C:\Program Files\Java\jdk1.8.0_121\jre\lib\charsets.jar;C:\Program Files\Java\jdk1.8.0_121\jre\lib\jfr.jar;C:\Program Files\Java\jdk1.8.0_121\jre\classes"/>
    <property name="java.vendor" value="Oracle Corporation"/>
    <property name="maven.home" value="C:\Program Files\NetBeans 8.2\java\maven"/>
    <property name="file.separator" value="\"/>
    <property name="java.vendor.url.bug" value="http://bugreport.sun.com/bugreport/"/>
    <property name="sun.cpu.endian" value="little"/>
    <property name="sun.io.unicode.encoding" value="UnicodeLittle"/>
    <property name="sun.desktop" value="windows"/>
    <property name="sun.cpu.isalist" value="amd64"/>
  </properties>
  <testcase name="whenUserPage_withNormalUser_thenSuccess" classname="com.ing.custom.web.SecurityTagControllerTest" time="0">
    <error message="Failed to load ApplicationContext" type="java.lang.IllegalStateException">java.lang.IllegalStateException: Failed to load ApplicationContext
	at org.apache.camel.util.CamelContextHelper.getMandatoryEndpoint(CamelContextHelper.java:81)
	at org.apache.camel.model.RouteDefinition.resolveEndpoint(RouteDefinition.java:211)
	at org.apache.camel.impl.DefaultRouteContext.resolveEndpoint(DefaultRouteContext.java:107)
	at org.apache.camel.impl.DefaultRouteContext.resolveEndpoint(DefaultRouteContext.java:113)
	at org.apache.camel.model.SendDefinition.resolveEndpoint(SendDefinition.java:62)
	at org.apache.camel.model.SendDefinition.createProcessor(SendDefinition.java:56)
	at org.apache.camel.model.ProcessorDefinition.createProcessor(ProcessorDefinition.java:483)
	at org.apache.camel.model.ProcessorDefinition.createOutputsProcessorImpl(ProcessorDefinition.java:446)
	at org.apache.camel.model.ProcessorDefinition.createOutputsProcessor(ProcessorDefinition.java:413)
	at org.apache.camel.model.ProcessorDefinition.createOutputsProcessor(ProcessorDefinition.java:165)
	at org.apache.camel.model.ExpressionNode.createFilterProcessor(ExpressionNode.java:109)
	at org.apache.camel.model.WhenDefinition.createProcessor(WhenDefinition.java:74)
	at org.apache.camel.model.WhenDefinition.createProcessor(WhenDefinition.java:32)
	at org.apache.camel.model.ProcessorDefinition.createProcessor(ProcessorDefinition.java:483)
	at org.apache.camel.model.ChoiceDefinition.createProcessor(ChoiceDefinition.java:135)
	at org.apache.camel.model.ProcessorDefinition.makeProcessorImpl(ProcessorDefinition.java:534)
	at org.apache.camel.model.ProcessorDefinition.makeProcessor(ProcessorDefinition.java:495)
	at org.apache.camel.model.ProcessorDefinition.addRoutes(ProcessorDefinition.java:219)
	at org.apache.camel.model.RouteDefinition.addRoutes(RouteDefinition.java:1069)
	at org.apache.camel.model.RouteDefinition.addRoutes(RouteDefinition.java:196)
	at org.apache.camel.impl.DefaultCamelContext.startRoute(DefaultCamelContext.java:974)
	at org.apache.camel.impl.DefaultCamelContext.startRouteDefinitions(DefaultCamelContext.java:3301)
	at org.apache.camel.impl.DefaultCamelContext.doStartCamel(DefaultCamelContext.java:3024)
	at org.apache.camel.impl.DefaultCamelContext.access$000(DefaultCamelContext.java:175)
	at org.apache.camel.impl.DefaultCamelContext$2.call(DefaultCamelContext.java:2854)
	at org.apache.camel.impl.DefaultCamelContext$2.call(DefaultCamelContext.java:2850)
	at org.apache.camel.impl.DefaultCamelContext.doWithDefinedClassLoader(DefaultCamelContext.java:2873)
	at org.apache.camel.impl.DefaultCamelContext.doStart(DefaultCamelContext.java:2850)
	at org.apache.camel.support.ServiceSupport.start(ServiceSupport.java:61)
	at org.apache.camel.impl.DefaultCamelContext.start(DefaultCamelContext.java:2819)
	at org.apache.camel.spring.boot.RoutesCollector.onApplicationEvent(RoutesCollector.java:116)
	at org.apache.camel.spring.boot.RoutesCollector.onApplicationEvent(RoutesCollector.java:41)
	at org.springframework.context.event.SimpleApplicationEventMulticaster.invokeListener(SimpleApplicationEventMulticaster.java:166)
	at org.springframework.context.event.SimpleApplicationEventMulticaster.multicastEvent(SimpleApplicationEventMulticaster.java:138)
	at org.springframework.context.support.AbstractApplicationContext.publishEvent(AbstractApplicationContext.java:383)
	at org.springframework.context.support.AbstractApplicationContext.publishEvent(AbstractApplicationContext.java:337)
	at org.springframework.context.support.AbstractApplicationContext.finishRefresh(AbstractApplicationContext.java:882)
	at org.springframework.context.support.AbstractApplicationContext.refresh(AbstractApplicationContext.java:545)
	at org.springframework.boot.SpringApplication.refresh(SpringApplication.java:766)
	at org.springframework.boot.SpringApplication.createAndRefreshContext(SpringApplication.java:361)
	at org.springframework.boot.SpringApplication.run(SpringApplication.java:307)
	at org.springframework.boot.test.SpringApplicationContextLoader.loadContext(SpringApplicationContextLoader.java:98)
	at org.springframework.test.context.cache.DefaultCacheAwareContextLoaderDelegate.loadContextInternal(DefaultCacheAwareContextLoaderDelegate.java:98)
	at org.springframework.test.context.cache.DefaultCacheAwareContextLoaderDelegate.loadContext(DefaultCacheAwareContextLoaderDelegate.java:116)
	at org.springframework.test.context.support.DefaultTestContext.getApplicationContext(DefaultTestContext.java:83)
	at org.springframework.test.context.web.ServletTestExecutionListener.setUpRequestContextIfNecessary(ServletTestExecutionListener.java:189)
	at org.springframework.test.context.web.ServletTestExecutionListener.prepareTestInstance(ServletTestExecutionListener.java:131)
	at org.springframework.test.context.TestContextManager.prepareTestInstance(TestContextManager.java:230)
	at org.springframework.test.context.junit4.SpringJUnit4ClassRunner.createTest(SpringJUnit4ClassRunner.java:228)
	at org.springframework.test.context.junit4.SpringJUnit4ClassRunner$1.runReflectiveCall(SpringJUnit4ClassRunner.java:287)
	at org.junit.internal.runners.model.ReflectiveCallable.run(ReflectiveCallable.java:12)
	at org.springframework.test.context.junit4.SpringJUnit4ClassRunner.methodBlock(SpringJUnit4ClassRunner.java:289)
	at org.springframework.test.context.junit4.SpringJUnit4ClassRunner.runChild(SpringJUnit4ClassRunner.java:247)
	at org.springframework.test.context.junit4.SpringJUnit4ClassRunner.runChild(SpringJUnit4ClassRunner.java:94)
	at org.junit.runners.ParentRunner$3.run(ParentRunner.java:290)
	at org.junit.runners.ParentRunner$1.schedule(ParentRunner.java:71)
	at org.junit.runners.ParentRunner.runChildren(ParentRunner.java:288)
	at org.junit.runners.ParentRunner.access$000(ParentRunner.java:58)
	at org.junit.runners.ParentRunner$2.evaluate(ParentRunner.java:268)
	at org.springframework.test.context.junit4.statements.RunBeforeTestClassCallbacks.evaluate(RunBeforeTestClassCallbacks.java:61)
	at org.springframework.test.context.junit4.statements.RunAfterTestClassCallbacks.evaluate(RunAfterTestClassCallbacks.java:70)
	at org.junit.runners.ParentRunner.run(ParentRunner.java:363)
	at org.springframework.test.context.junit4.SpringJUnit4ClassRunner.run(SpringJUnit4ClassRunner.java:191)
	at org.apache.maven.surefire.junit4.JUnit4Provider.execute(JUnit4Provider.java:264)
	at org.apache.maven.surefire.junit4.JUnit4Provider.executeTestSet(JUnit4Provider.java:153)
	at org.apache.maven.surefire.junit4.JUnit4Provider.invoke(JUnit4Provider.java:124)
	at sun.reflect.NativeMethodAccessorImpl.invoke0(Native Method)
	at sun.reflect.NativeMethodAccessorImpl.invoke(NativeMethodAccessorImpl.java:62)
	at sun.reflect.DelegatingMethodAccessorImpl.invoke(DelegatingMethodAccessorImpl.java:43)
	at java.lang.reflect.Method.invoke(Method.java:498)
	at org.apache.maven.surefire.util.ReflectionUtils.invokeMethodWithArray2(ReflectionUtils.java:208)
	at org.apache.maven.surefire.booter.ProviderFactory$ProviderProxy.invoke(ProviderFactory.java:159)
	at org.apache.maven.surefire.booter.ProviderFactory.invokeProvider(ProviderFactory.java:87)
	at org.apache.maven.surefire.booter.ForkedBooter.runSuitesInProcess(ForkedBooter.java:153)
	at org.apache.maven.surefire.booter.ForkedBooter.main(ForkedBooter.java:95)
</error>
    <system-out><![CDATA[2017-04-10 19:13:38.665  INFO 8220 --- [           main] o.s.t.c.support.AbstractContextLoader    : Could not detect default resource locations for test class [com.ing.custom.web.SecurityTagControllerTest]: no resource found for suffixes {-context.xml, Context.groovy}.
2017-04-10 19:13:38.675  INFO 8220 --- [           main] o.s.t.c.web.WebTestContextBootstrapper   : Loaded default TestExecutionListener class names from location [META-INF/spring.factories]: [org.springframework.test.context.web.ServletTestExecutionListener, org.springframework.test.context.support.DirtiesContextBeforeModesTestExecutionListener, org.springframework.test.context.support.DependencyInjectionTestExecutionListener, org.springframework.test.context.support.DirtiesContextTestExecutionListener, org.springframework.test.context.transaction.TransactionalTestExecutionListener, org.springframework.test.context.jdbc.SqlScriptsTestExecutionListener, org.springframework.security.test.context.support.WithSecurityContextTestExecutionListener]
2017-04-10 19:13:38.675  INFO 8220 --- [           main] o.s.t.c.web.WebTestContextBootstrapper   : Using TestExecutionListeners: [org.springframework.test.context.web.ServletTestExecutionListener@15f68bcc, org.springframework.test.context.support.DirtiesContextBeforeModesTestExecutionListener@c631be9, org.springframework.test.context.support.DependencyInjectionTestExecutionListener@66c740e3, org.springframework.test.context.support.DirtiesContextTestExecutionListener@2441adbe, org.springframework.test.context.transaction.TransactionalTestExecutionListener@548fa11, org.springframework.test.context.jdbc.SqlScriptsTestExecutionListener@11e01502, org.springframework.security.test.context.support.WithSecurityContextTestExecutionListener@4d7c8f85]

  .   ____          _            __ _ _
 /\\ / ___'_ __ _ _(_)_ __  __ _ \ \ \ \
( ( )\___ | '_ | '_| | '_ \/ _` | \ \ \ \
 \\/  ___)| |_)| | | | | || (_| |  ) ) ) )
  '  |____| .__|_| |_|_| |_\__, | / / / /
 =========|_|==============|___/=/_/_/_/
 :: Spring Boot ::        (v1.3.3.RELEASE)

2017-04-10 19:13:38.707  INFO 8220 --- [           main] c.i.c.web.SecurityTagControllerTest      : Starting SecurityTagControllerTest on PPL882039FC with PID 8220 (C:\Users\normsby\Documents\NetBeansProjects\ING_ATM_Locator\target\test-classes started by normsby in C:\Users\normsby\Documents\NetBeansProjects\ING_ATM_Locator)
2017-04-10 19:13:38.707  INFO 8220 --- [           main] c.i.c.web.SecurityTagControllerTest      : No active profile set, falling back to default profiles: default
2017-04-10 19:13:38.707  INFO 8220 --- [           main] o.s.w.c.s.GenericWebApplicationContext   : Refreshing org.springframework.web.context.support.GenericWebApplicationContext@1187f524: startup date [Mon Apr 10 19:13:38 EDT 2017]; root of context hierarchy
2017-04-10 19:13:38.991  INFO 8220 --- [           main] trationDelegate$BeanPostProcessorChecker : Bean 'org.springframework.security.config.annotation.configuration.ObjectPostProcessorConfiguration' of type [class org.springframework.security.config.annotation.configuration.ObjectPostProcessorConfiguration$$EnhancerBySpringCGLIB$$da46e5e5] is not eligible for getting processed by all BeanPostProcessors (for example: not eligible for auto-proxying)
2017-04-10 19:13:39.001  INFO 8220 --- [           main] trationDelegate$BeanPostProcessorChecker : Bean 'objectPostProcessor' of type [class org.springframework.security.config.annotation.configuration.AutowireBeanFactoryObjectPostProcessor] is not eligible for getting processed by all BeanPostProcessors (for example: not eligible for auto-proxying)
2017-04-10 19:13:39.001  INFO 8220 --- [           main] trationDelegate$BeanPostProcessorChecker : Bean 'org.springframework.security.access.expression.method.DefaultMethodSecurityExpressionHandler@7e01ac78' of type [class org.springframework.security.access.expression.method.DefaultMethodSecurityExpressionHandler] is not eligible for getting processed by all BeanPostProcessors (for example: not eligible for auto-proxying)
2017-04-10 19:13:39.001  INFO 8220 --- [           main] trationDelegate$BeanPostProcessorChecker : Bean 'org.springframework.security.config.annotation.method.configuration.GlobalMethodSecurityConfiguration' of type [class org.springframework.security.config.annotation.method.configuration.GlobalMethodSecurityConfiguration$$EnhancerBySpringCGLIB$$ff1b8897] is not eligible for getting processed by all BeanPostProcessors (for example: not eligible for auto-proxying)
2017-04-10 19:13:39.001  INFO 8220 --- [           main] trationDelegate$BeanPostProcessorChecker : Bean 'methodSecurityMetadataSource' of type [class org.springframework.security.access.method.DelegatingMethodSecurityMetadataSource] is not eligible for getting processed by all BeanPostProcessors (for example: not eligible for auto-proxying)
2017-04-10 19:13:39.011  INFO 8220 --- [           main] trationDelegate$BeanPostProcessorChecker : Bean 'org.apache.camel.spring.boot.CamelAutoConfiguration' of type [class org.apache.camel.spring.boot.CamelAutoConfiguration$$EnhancerBySpringCGLIB$$63c2e3ca] is not eligible for getting processed by all BeanPostProcessors (for example: not eligible for auto-proxying)
2017-04-10 19:13:39.523  INFO 8220 --- [           main] o.s.s.web.DefaultSecurityFilterChain     : Creating filter chain: org.springframework.security.web.util.matcher.AnyRequestMatcher@1, [org.springframework.security.web.context.request.async.WebAsyncManagerIntegrationFilter@370288fe, org.springframework.security.web.context.SecurityContextPersistenceFilter@382562e9, org.springframework.security.web.header.HeaderWriterFilter@6f1a0623, org.springframework.security.web.csrf.CsrfFilter@4a8c012f, org.springframework.security.web.authentication.logout.LogoutFilter@1939b78e, org.springframework.security.web.authentication.UsernamePasswordAuthenticationFilter@4f6a1cd3, org.springframework.security.web.savedrequest.RequestCacheAwareFilter@60868453, org.springframework.security.web.servletapi.SecurityContextHolderAwareRequestFilter@5f12bd7e, org.springframework.security.web.authentication.AnonymousAuthenticationFilter@3e7fb02d, org.springframework.security.web.session.SessionManagementFilter@128a8cee, org.springframework.security.web.access.ExceptionTranslationFilter@92a2a34, org.springframework.security.web.access.intercept.FilterSecurityInterceptor@582575a7]
2017-04-10 19:13:39.613  INFO 8220 --- [           main] s.w.s.m.m.a.RequestMappingHandlerAdapter : Looking for @ControllerAdvice: org.springframework.web.context.support.GenericWebApplicationContext@1187f524: startup date [Mon Apr 10 19:13:38 EDT 2017]; root of context hierarchy
2017-04-10 19:13:39.633  INFO 8220 --- [           main] s.w.s.m.m.a.RequestMappingHandlerMapping : Mapped "{[/error]}" onto public java.lang.String com.ing.error.CustomErrorController.customError(org.springframework.ui.Model,javax.servlet.http.HttpServletRequest)
2017-04-10 19:13:39.633  INFO 8220 --- [           main] s.w.s.m.m.a.RequestMappingHandlerMapping : Mapped "{[/403]}" onto public java.lang.String com.ing.error.CustomErrorController.unauthorised(org.springframework.ui.Model,javax.servlet.http.HttpServletRequest)
2017-04-10 19:13:39.633  INFO 8220 --- [           main] s.w.s.m.m.a.RequestMappingHandlerMapping : Mapped "{[/index],methods=[GET]}" onto public java.lang.String com.ing.web.MainController.index()
2017-04-10 19:13:39.633  INFO 8220 --- [           main] s.w.s.m.m.a.RequestMappingHandlerMapping : Mapped "{[/],methods=[GET]}" onto public java.lang.String com.ing.web.MainController.root()
2017-04-10 19:13:39.633  INFO 8220 --- [           main] s.w.s.m.m.a.RequestMappingHandlerMapping : Mapped "{[/login-error],methods=[GET]}" onto public java.lang.String com.ing.web.MainController.loginError(org.springframework.ui.Model)
2017-04-10 19:13:39.633  INFO 8220 --- [           main] s.w.s.m.m.a.RequestMappingHandlerMapping : Mapped "{[/login],methods=[GET]}" onto public java.lang.String com.ing.web.MainController.login()
2017-04-10 19:13:39.633  INFO 8220 --- [           main] s.w.s.m.m.a.RequestMappingHandlerMapping : Mapped "{[/admin/index],methods=[GET]}" onto public java.lang.String com.ing.web.MainController.adminIndex()
2017-04-10 19:13:39.633  INFO 8220 --- [           main] s.w.s.m.m.a.RequestMappingHandlerMapping : Mapped "{[/user/index],methods=[GET]}" onto public java.lang.String com.ing.web.MainController.userIndex()
2017-04-10 19:13:39.633  INFO 8220 --- [           main] s.w.s.m.m.a.RequestMappingHandlerMapping : Mapped "{[/public/index],methods=[GET]}" onto public java.lang.String com.ing.web.MainController.publicIndex()
2017-04-10 19:13:39.633  INFO 8220 --- [           main] s.w.s.m.m.a.RequestMappingHandlerMapping : Mapped "{[/extra/index],methods=[GET]}" onto public java.lang.String com.ing.web.MainController.extraIndex()
2017-04-10 19:13:39.633  INFO 8220 --- [           main] s.w.s.m.m.a.RequestMappingHandlerMapping : Mapped "{[/tags/index],methods=[GET]}" onto public java.lang.String com.ing.web.SecurityTagController.index(org.springframework.security.core.userdetails.User)
2017-04-10 19:13:39.633  INFO 8220 --- [           main] s.w.s.m.m.a.RequestMappingHandlerMapping : Mapped "{[/tags/admin/index],methods=[GET]}" onto public java.lang.String com.ing.web.SecurityTagController.adminIndex(org.springframework.security.core.userdetails.User)
2017-04-10 19:13:39.633  INFO 8220 --- [           main] s.w.s.m.m.a.RequestMappingHandlerMapping : Mapped "{[/tags/extra/index],methods=[GET]}" onto public java.lang.String com.ing.web.SecurityTagController.extraUser(org.springframework.security.core.userdetails.User)
2017-04-10 19:13:39.633  INFO 8220 --- [           main] s.w.s.m.m.a.RequestMappingHandlerMapping : Mapped "{[/tags/user/index],methods=[GET]}" onto public java.lang.String com.ing.web.SecurityTagController.userIndex(org.springframework.security.core.userdetails.User)
2017-04-10 19:13:39.723  INFO 8220 --- [           main] o.s.w.s.handler.SimpleUrlHandlerMapping  : Mapped URL path [/webjars/**] onto handler of type [class org.springframework.web.servlet.resource.ResourceHttpRequestHandler]
2017-04-10 19:13:39.723  INFO 8220 --- [           main] o.s.w.s.handler.SimpleUrlHandlerMapping  : Mapped URL path [/**] onto handler of type [class org.springframework.web.servlet.resource.ResourceHttpRequestHandler]
2017-04-10 19:13:39.763  INFO 8220 --- [           main] o.s.w.s.handler.SimpleUrlHandlerMapping  : Mapped URL path [/**/favicon.ico] onto handler of type [class org.springframework.web.servlet.resource.ResourceHttpRequestHandler]
2017-04-10 19:13:39.853  INFO 8220 --- [           main] o.a.c.i.converter.DefaultTypeConverter   : Loaded 191 type converters
2017-04-10 19:13:39.963  INFO 8220 --- [           main] o.a.camel.spring.boot.RoutesCollector    : Loading additional Camel XML routes from: classpath:camel/*.xml
2017-04-10 19:13:39.963  INFO 8220 --- [           main] o.a.camel.spring.boot.RoutesCollector    : Loading additional Camel XML rests from: classpath:camel-rest/*.xml
2017-04-10 19:13:39.963  INFO 8220 --- [           main] o.a.camel.spring.SpringCamelContext      : Apache Camel 2.17.2 (CamelContext: camel-29) is starting
2017-04-10 19:13:39.963  INFO 8220 --- [           main] o.a.c.m.ManagedManagementStrategy        : JMX is enabled
2017-04-10 19:13:39.963  INFO 8220 --- [           main] o.a.c.i.DefaultRuntimeEndpointRegistry   : Runtime endpoint registry is in extended mode gathering usage statistics of all incoming and outgoing endpoints (cache limit: 1000)
2017-04-10 19:13:39.993  INFO 8220 --- [           main] o.a.camel.spring.SpringCamelContext      : Apache Camel 2.17.2 (CamelContext: camel-29) is shutting down
2017-04-10 19:13:39.993  INFO 8220 --- [           main] o.a.camel.spring.SpringCamelContext      : Apache Camel 2.17.2 (CamelContext: camel-29) uptime 0.030 seconds
2017-04-10 19:13:39.993  INFO 8220 --- [           main] o.a.camel.spring.SpringCamelContext      : Apache Camel 2.17.2 (CamelContext: camel-29) is shutdown in 0.000 seconds
2017-04-10 19:13:39.993 ERROR 8220 --- [           main] o.s.boot.SpringApplication               : Application startup failed

org.apache.camel.spring.boot.CamelSpringBootInitializationException: org.apache.camel.FailedToCreateRouteException: Failed to create route route87 at: >>> Choice[[When[{header{action} == all} -> [To[GetAllATMs]]], When[{header{action} == inCity} -> [To[GetAllATMsInCity]]]]] <<< in route: Route(route87)[[From[direct:call]] -> [SetBody[{null}], Choi... because of No endpoint could be found for: GetAllATMs, please check your classpath contains the needed Camel component jar.
	at org.apache.camel.spring.boot.RoutesCollector.onApplicationEvent(RoutesCollector.java:126) ~[camel-spring-boot-2.17.0.jar:2.17.0]
	at org.apache.camel.spring.boot.RoutesCollector.onApplicationEvent(RoutesCollector.java:41) ~[camel-spring-boot-2.17.0.jar:2.17.0]
	at org.springframework.context.event.SimpleApplicationEventMulticaster.invokeListener(SimpleApplicationEventMulticaster.java:166) ~[spring-context-4.3.4.RELEASE.jar:4.3.4.RELEASE]
	at org.springframework.context.event.SimpleApplicationEventMulticaster.multicastEvent(SimpleApplicationEventMulticaster.java:138) ~[spring-context-4.3.4.RELEASE.jar:4.3.4.RELEASE]
	at org.springframework.context.support.AbstractApplicationContext.publishEvent(AbstractApplicationContext.java:383) ~[spring-context-4.3.4.RELEASE.jar:4.3.4.RELEASE]
	at org.springframework.context.support.AbstractApplicationContext.publishEvent(AbstractApplicationContext.java:337) ~[spring-context-4.3.4.RELEASE.jar:4.3.4.RELEASE]
	at org.springframework.context.support.AbstractApplicationContext.finishRefresh(AbstractApplicationContext.java:882) ~[spring-context-4.3.4.RELEASE.jar:4.3.4.RELEASE]
	at org.springframework.context.support.AbstractApplicationContext.refresh(AbstractApplicationContext.java:545) ~[spring-context-4.3.4.RELEASE.jar:4.3.4.RELEASE]
	at org.springframework.boot.SpringApplication.refresh(SpringApplication.java:766) ~[spring-boot-1.3.3.RELEASE.jar:1.3.3.RELEASE]
	at org.springframework.boot.SpringApplication.createAndRefreshContext(SpringApplication.java:361) ~[spring-boot-1.3.3.RELEASE.jar:1.3.3.RELEASE]
	at org.springframework.boot.SpringApplication.run(SpringApplication.java:307) ~[spring-boot-1.3.3.RELEASE.jar:1.3.3.RELEASE]
	at org.springframework.boot.test.SpringApplicationContextLoader.loadContext(SpringApplicationContextLoader.java:98) [spring-boot-1.3.3.RELEASE.jar:1.3.3.RELEASE]
	at org.springframework.test.context.cache.DefaultCacheAwareContextLoaderDelegate.loadContextInternal(DefaultCacheAwareContextLoaderDelegate.java:98) [spring-test-4.3.4.RELEASE.jar:4.3.4.RELEASE]
	at org.springframework.test.context.cache.DefaultCacheAwareContextLoaderDelegate.loadContext(DefaultCacheAwareContextLoaderDelegate.java:116) [spring-test-4.3.4.RELEASE.jar:4.3.4.RELEASE]
	at org.springframework.test.context.support.DefaultTestContext.getApplicationContext(DefaultTestContext.java:83) [spring-test-4.3.4.RELEASE.jar:4.3.4.RELEASE]
	at org.springframework.test.context.web.ServletTestExecutionListener.setUpRequestContextIfNecessary(ServletTestExecutionListener.java:189) [spring-test-4.3.4.RELEASE.jar:4.3.4.RELEASE]
	at org.springframework.test.context.web.ServletTestExecutionListener.prepareTestInstance(ServletTestExecutionListener.java:131) [spring-test-4.3.4.RELEASE.jar:4.3.4.RELEASE]
	at org.springframework.test.context.TestContextManager.prepareTestInstance(TestContextManager.java:230) [spring-test-4.3.4.RELEASE.jar:4.3.4.RELEASE]
	at org.springframework.test.context.junit4.SpringJUnit4ClassRunner.createTest(SpringJUnit4ClassRunner.java:228) [spring-test-4.3.4.RELEASE.jar:4.3.4.RELEASE]
	at org.springframework.test.context.junit4.SpringJUnit4ClassRunner$1.runReflectiveCall(SpringJUnit4ClassRunner.java:287) [spring-test-4.3.4.RELEASE.jar:4.3.4.RELEASE]
	at org.junit.internal.runners.model.ReflectiveCallable.run(ReflectiveCallable.java:12) [junit-4.12.jar:4.12]
	at org.springframework.test.context.junit4.SpringJUnit4ClassRunner.methodBlock(SpringJUnit4ClassRunner.java:289) [spring-test-4.3.4.RELEASE.jar:4.3.4.RELEASE]
	at org.springframework.test.context.junit4.SpringJUnit4ClassRunner.runChild(SpringJUnit4ClassRunner.java:247) [spring-test-4.3.4.RELEASE.jar:4.3.4.RELEASE]
	at org.springframework.test.context.junit4.SpringJUnit4ClassRunner.runChild(SpringJUnit4ClassRunner.java:94) [spring-test-4.3.4.RELEASE.jar:4.3.4.RELEASE]
	at org.junit.runners.ParentRunner$3.run(ParentRunner.java:290) [junit-4.12.jar:4.12]
	at org.junit.runners.ParentRunner$1.schedule(ParentRunner.java:71) [junit-4.12.jar:4.12]
	at org.junit.runners.ParentRunner.runChildren(ParentRunner.java:288) [junit-4.12.jar:4.12]
	at org.junit.runners.ParentRunner.access$000(ParentRunner.java:58) [junit-4.12.jar:4.12]
	at org.junit.runners.ParentRunner$2.evaluate(ParentRunner.java:268) [junit-4.12.jar:4.12]
	at org.springframework.test.context.junit4.statements.RunBeforeTestClassCallbacks.evaluate(RunBeforeTestClassCallbacks.java:61) [spring-test-4.3.4.RELEASE.jar:4.3.4.RELEASE]
	at org.springframework.test.context.junit4.statements.RunAfterTestClassCallbacks.evaluate(RunAfterTestClassCallbacks.java:70) [spring-test-4.3.4.RELEASE.jar:4.3.4.RELEASE]
	at org.junit.runners.ParentRunner.run(ParentRunner.java:363) [junit-4.12.jar:4.12]
	at org.springframework.test.context.junit4.SpringJUnit4ClassRunner.run(SpringJUnit4ClassRunner.java:191) [spring-test-4.3.4.RELEASE.jar:4.3.4.RELEASE]
	at org.apache.maven.surefire.junit4.JUnit4Provider.execute(JUnit4Provider.java:264) [surefire-junit4-2.14.1.jar:2.14.1]
	at org.apache.maven.surefire.junit4.JUnit4Provider.executeTestSet(JUnit4Provider.java:153) [surefire-junit4-2.14.1.jar:2.14.1]
	at org.apache.maven.surefire.junit4.JUnit4Provider.invoke(JUnit4Provider.java:124) [surefire-junit4-2.14.1.jar:2.14.1]
	at sun.reflect.NativeMethodAccessorImpl.invoke0(Native Method) ~[na:1.8.0_121]
	at sun.reflect.NativeMethodAccessorImpl.invoke(NativeMethodAccessorImpl.java:62) ~[na:1.8.0_121]
	at sun.reflect.DelegatingMethodAccessorImpl.invoke(DelegatingMethodAccessorImpl.java:43) ~[na:1.8.0_121]
	at java.lang.reflect.Method.invoke(Method.java:498) ~[na:1.8.0_121]
	at org.apache.maven.surefire.util.ReflectionUtils.invokeMethodWithArray2(ReflectionUtils.java:208) [surefire-api-2.14.1.jar:2.14.1]
	at org.apache.maven.surefire.booter.ProviderFactory$ProviderProxy.invoke(ProviderFactory.java:159) [surefire-booter-2.14.1.jar:2.14.1]
	at org.apache.maven.surefire.booter.ProviderFactory.invokeProvider(ProviderFactory.java:87) [surefire-booter-2.14.1.jar:2.14.1]
	at org.apache.maven.surefire.booter.ForkedBooter.runSuitesInProcess(ForkedBooter.java:153) [surefire-booter-2.14.1.jar:2.14.1]
	at org.apache.maven.surefire.booter.ForkedBooter.main(ForkedBooter.java:95) [surefire-booter-2.14.1.jar:2.14.1]
Caused by: org.apache.camel.FailedToCreateRouteException: Failed to create route route87 at: >>> Choice[[When[{header{action} == all} -> [To[GetAllATMs]]], When[{header{action} == inCity} -> [To[GetAllATMsInCity]]]]] <<< in route: Route(route87)[[From[direct:call]] -> [SetBody[{null}], Choi... because of No endpoint could be found for: GetAllATMs, please check your classpath contains the needed Camel component jar.
	at org.apache.camel.model.RouteDefinition.addRoutes(RouteDefinition.java:1072) ~[camel-core-2.17.2.jar:2.17.2]
	at org.apache.camel.model.RouteDefinition.addRoutes(RouteDefinition.java:196) ~[camel-core-2.17.2.jar:2.17.2]
	at org.apache.camel.impl.DefaultCamelContext.startRoute(DefaultCamelContext.java:974) ~[camel-core-2.17.2.jar:2.17.2]
	at org.apache.camel.impl.DefaultCamelContext.startRouteDefinitions(DefaultCamelContext.java:3301) ~[camel-core-2.17.2.jar:2.17.2]
	at org.apache.camel.impl.DefaultCamelContext.doStartCamel(DefaultCamelContext.java:3024) ~[camel-core-2.17.2.jar:2.17.2]
	at org.apache.camel.impl.DefaultCamelContext.access$000(DefaultCamelContext.java:175) ~[camel-core-2.17.2.jar:2.17.2]
	at org.apache.camel.impl.DefaultCamelContext$2.call(DefaultCamelContext.java:2854) ~[camel-core-2.17.2.jar:2.17.2]
	at org.apache.camel.impl.DefaultCamelContext$2.call(DefaultCamelContext.java:2850) ~[camel-core-2.17.2.jar:2.17.2]
	at org.apache.camel.impl.DefaultCamelContext.doWithDefinedClassLoader(DefaultCamelContext.java:2873) ~[camel-core-2.17.2.jar:2.17.2]
	at org.apache.camel.impl.DefaultCamelContext.doStart(DefaultCamelContext.java:2850) ~[camel-core-2.17.2.jar:2.17.2]
	at org.apache.camel.support.ServiceSupport.start(ServiceSupport.java:61) ~[camel-core-2.17.2.jar:2.17.2]
	at org.apache.camel.impl.DefaultCamelContext.start(DefaultCamelContext.java:2819) ~[camel-core-2.17.2.jar:2.17.2]
	at org.apache.camel.spring.boot.RoutesCollector.onApplicationEvent(RoutesCollector.java:116) ~[camel-spring-boot-2.17.0.jar:2.17.0]
	... 44 common frames omitted
Caused by: org.apache.camel.NoSuchEndpointException: No endpoint could be found for: GetAllATMs, please check your classpath contains the needed Camel component jar.
	at org.apache.camel.util.CamelContextHelper.getMandatoryEndpoint(CamelContextHelper.java:81) ~[camel-core-2.17.2.jar:2.17.2]
	at org.apache.camel.model.RouteDefinition.resolveEndpoint(RouteDefinition.java:211) ~[camel-core-2.17.2.jar:2.17.2]
	at org.apache.camel.impl.DefaultRouteContext.resolveEndpoint(DefaultRouteContext.java:107) ~[camel-core-2.17.2.jar:2.17.2]
	at org.apache.camel.impl.DefaultRouteContext.resolveEndpoint(DefaultRouteContext.java:113) ~[camel-core-2.17.2.jar:2.17.2]
	at org.apache.camel.model.SendDefinition.resolveEndpoint(SendDefinition.java:62) ~[camel-core-2.17.2.jar:2.17.2]
	at org.apache.camel.model.SendDefinition.createProcessor(SendDefinition.java:56) ~[camel-core-2.17.2.jar:2.17.2]
	at org.apache.camel.model.ProcessorDefinition.createProcessor(ProcessorDefinition.java:483) ~[camel-core-2.17.2.jar:2.17.2]
	at org.apache.camel.model.ProcessorDefinition.createOutputsProcessorImpl(ProcessorDefinition.java:446) ~[camel-core-2.17.2.jar:2.17.2]
	at org.apache.camel.model.ProcessorDefinition.createOutputsProcessor(ProcessorDefinition.java:413) ~[camel-core-2.17.2.jar:2.17.2]
	at org.apache.camel.model.ProcessorDefinition.createOutputsProcessor(ProcessorDefinition.java:165) ~[camel-core-2.17.2.jar:2.17.2]
	at org.apache.camel.model.ExpressionNode.createFilterProcessor(ExpressionNode.java:109) ~[camel-core-2.17.2.jar:2.17.2]
	at org.apache.camel.model.WhenDefinition.createProcessor(WhenDefinition.java:74) ~[camel-core-2.17.2.jar:2.17.2]
	at org.apache.camel.model.WhenDefinition.createProcessor(WhenDefinition.java:32) ~[camel-core-2.17.2.jar:2.17.2]
	at org.apache.camel.model.ProcessorDefinition.createProcessor(ProcessorDefinition.java:483) ~[camel-core-2.17.2.jar:2.17.2]
	at org.apache.camel.model.ChoiceDefinition.createProcessor(ChoiceDefinition.java:135) ~[camel-core-2.17.2.jar:2.17.2]
	at org.apache.camel.model.ProcessorDefinition.makeProcessorImpl(ProcessorDefinition.java:534) ~[camel-core-2.17.2.jar:2.17.2]
	at org.apache.camel.model.ProcessorDefinition.makeProcessor(ProcessorDefinition.java:495) ~[camel-core-2.17.2.jar:2.17.2]
	at org.apache.camel.model.ProcessorDefinition.addRoutes(ProcessorDefinition.java:219) ~[camel-core-2.17.2.jar:2.17.2]
	at org.apache.camel.model.RouteDefinition.addRoutes(RouteDefinition.java:1069) ~[camel-core-2.17.2.jar:2.17.2]
	... 56 common frames omitted

2017-04-10 19:13:40.003  INFO 8220 --- [           main] .b.l.ClasspathLoggingApplicationListener : Application failed to start with classpath: [file:/C:/Users/normsby/Documents/NetBeansProjects/ING_ATM_Locator/target/surefire/surefirebooter5636998128895282040.jar, file:/C:/Users/normsby/.m2/repository/org/jacoco/org.jacoco.agent/0.7.5.201505241946/org.jacoco.agent-0.7.5.201505241946-runtime.jar]
2017-04-10 19:13:40.003 ERROR 8220 --- [           main] o.s.test.context.TestContextManager      : Caught exception while allowing TestExecutionListener [org.springframework.test.context.web.ServletTestExecutionListener@15f68bcc] to prepare test instance [com.ing.custom.web.SecurityTagControllerTest@7fa95c16]

java.lang.IllegalStateException: Failed to load ApplicationContext
	at org.springframework.test.context.cache.DefaultCacheAwareContextLoaderDelegate.loadContext(DefaultCacheAwareContextLoaderDelegate.java:124) ~[spring-test-4.3.4.RELEASE.jar:4.3.4.RELEASE]
	at org.springframework.test.context.support.DefaultTestContext.getApplicationContext(DefaultTestContext.java:83) ~[spring-test-4.3.4.RELEASE.jar:4.3.4.RELEASE]
	at org.springframework.test.context.web.ServletTestExecutionListener.setUpRequestContextIfNecessary(ServletTestExecutionListener.java:189) ~[spring-test-4.3.4.RELEASE.jar:4.3.4.RELEASE]
	at org.springframework.test.context.web.ServletTestExecutionListener.prepareTestInstance(ServletTestExecutionListener.java:131) ~[spring-test-4.3.4.RELEASE.jar:4.3.4.RELEASE]
	at org.springframework.test.context.TestContextManager.prepareTestInstance(TestContextManager.java:230) ~[spring-test-4.3.4.RELEASE.jar:4.3.4.RELEASE]
	at org.springframework.test.context.junit4.SpringJUnit4ClassRunner.createTest(SpringJUnit4ClassRunner.java:228) [spring-test-4.3.4.RELEASE.jar:4.3.4.RELEASE]
	at org.springframework.test.context.junit4.SpringJUnit4ClassRunner$1.runReflectiveCall(SpringJUnit4ClassRunner.java:287) [spring-test-4.3.4.RELEASE.jar:4.3.4.RELEASE]
	at org.junit.internal.runners.model.ReflectiveCallable.run(ReflectiveCallable.java:12) [junit-4.12.jar:4.12]
	at org.springframework.test.context.junit4.SpringJUnit4ClassRunner.methodBlock(SpringJUnit4ClassRunner.java:289) [spring-test-4.3.4.RELEASE.jar:4.3.4.RELEASE]
	at org.springframework.test.context.junit4.SpringJUnit4ClassRunner.runChild(SpringJUnit4ClassRunner.java:247) [spring-test-4.3.4.RELEASE.jar:4.3.4.RELEASE]
	at org.springframework.test.context.junit4.SpringJUnit4ClassRunner.runChild(SpringJUnit4ClassRunner.java:94) [spring-test-4.3.4.RELEASE.jar:4.3.4.RELEASE]
	at org.junit.runners.ParentRunner$3.run(ParentRunner.java:290) [junit-4.12.jar:4.12]
	at org.junit.runners.ParentRunner$1.schedule(ParentRunner.java:71) [junit-4.12.jar:4.12]
	at org.junit.runners.ParentRunner.runChildren(ParentRunner.java:288) [junit-4.12.jar:4.12]
	at org.junit.runners.ParentRunner.access$000(ParentRunner.java:58) [junit-4.12.jar:4.12]
	at org.junit.runners.ParentRunner$2.evaluate(ParentRunner.java:268) [junit-4.12.jar:4.12]
	at org.springframework.test.context.junit4.statements.RunBeforeTestClassCallbacks.evaluate(RunBeforeTestClassCallbacks.java:61) [spring-test-4.3.4.RELEASE.jar:4.3.4.RELEASE]
	at org.springframework.test.context.junit4.statements.RunAfterTestClassCallbacks.evaluate(RunAfterTestClassCallbacks.java:70) [spring-test-4.3.4.RELEASE.jar:4.3.4.RELEASE]
	at org.junit.runners.ParentRunner.run(ParentRunner.java:363) [junit-4.12.jar:4.12]
	at org.springframework.test.context.junit4.SpringJUnit4ClassRunner.run(SpringJUnit4ClassRunner.java:191) [spring-test-4.3.4.RELEASE.jar:4.3.4.RELEASE]
	at org.apache.maven.surefire.junit4.JUnit4Provider.execute(JUnit4Provider.java:264) [surefire-junit4-2.14.1.jar:2.14.1]
	at org.apache.maven.surefire.junit4.JUnit4Provider.executeTestSet(JUnit4Provider.java:153) [surefire-junit4-2.14.1.jar:2.14.1]
	at org.apache.maven.surefire.junit4.JUnit4Provider.invoke(JUnit4Provider.java:124) [surefire-junit4-2.14.1.jar:2.14.1]
	at sun.reflect.NativeMethodAccessorImpl.invoke0(Native Method) ~[na:1.8.0_121]
	at sun.reflect.NativeMethodAccessorImpl.invoke(NativeMethodAccessorImpl.java:62) ~[na:1.8.0_121]
	at sun.reflect.DelegatingMethodAccessorImpl.invoke(DelegatingMethodAccessorImpl.java:43) ~[na:1.8.0_121]
	at java.lang.reflect.Method.invoke(Method.java:498) ~[na:1.8.0_121]
	at org.apache.maven.surefire.util.ReflectionUtils.invokeMethodWithArray2(ReflectionUtils.java:208) [surefire-api-2.14.1.jar:2.14.1]
	at org.apache.maven.surefire.booter.ProviderFactory$ProviderProxy.invoke(ProviderFactory.java:159) [surefire-booter-2.14.1.jar:2.14.1]
	at org.apache.maven.surefire.booter.ProviderFactory.invokeProvider(ProviderFactory.java:87) [surefire-booter-2.14.1.jar:2.14.1]
	at org.apache.maven.surefire.booter.ForkedBooter.runSuitesInProcess(ForkedBooter.java:153) [surefire-booter-2.14.1.jar:2.14.1]
	at org.apache.maven.surefire.booter.ForkedBooter.main(ForkedBooter.java:95) [surefire-booter-2.14.1.jar:2.14.1]
Caused by: org.apache.camel.spring.boot.CamelSpringBootInitializationException: org.apache.camel.FailedToCreateRouteException: Failed to create route route87 at: >>> Choice[[When[{header{action} == all} -> [To[GetAllATMs]]], When[{header{action} == inCity} -> [To[GetAllATMsInCity]]]]] <<< in route: Route(route87)[[From[direct:call]] -> [SetBody[{null}], Choi... because of No endpoint could be found for: GetAllATMs, please check your classpath contains the needed Camel component jar.
	at org.apache.camel.spring.boot.RoutesCollector.onApplicationEvent(RoutesCollector.java:126) ~[camel-spring-boot-2.17.0.jar:2.17.0]
	at org.apache.camel.spring.boot.RoutesCollector.onApplicationEvent(RoutesCollector.java:41) ~[camel-spring-boot-2.17.0.jar:2.17.0]
	at org.springframework.context.event.SimpleApplicationEventMulticaster.invokeListener(SimpleApplicationEventMulticaster.java:166) ~[spring-context-4.3.4.RELEASE.jar:4.3.4.RELEASE]
	at org.springframework.context.event.SimpleApplicationEventMulticaster.multicastEvent(SimpleApplicationEventMulticaster.java:138) ~[spring-context-4.3.4.RELEASE.jar:4.3.4.RELEASE]
	at org.springframework.context.support.AbstractApplicationContext.publishEvent(AbstractApplicationContext.java:383) ~[spring-context-4.3.4.RELEASE.jar:4.3.4.RELEASE]
	at org.springframework.context.support.AbstractApplicationContext.publishEvent(AbstractApplicationContext.java:337) ~[spring-context-4.3.4.RELEASE.jar:4.3.4.RELEASE]
	at org.springframework.context.support.AbstractApplicationContext.finishRefresh(AbstractApplicationContext.java:882) ~[spring-context-4.3.4.RELEASE.jar:4.3.4.RELEASE]
	at org.springframework.context.support.AbstractApplicationContext.refresh(AbstractApplicationContext.java:545) ~[spring-context-4.3.4.RELEASE.jar:4.3.4.RELEASE]
	at org.springframework.boot.SpringApplication.refresh(SpringApplication.java:766) ~[spring-boot-1.3.3.RELEASE.jar:1.3.3.RELEASE]
	at org.springframework.boot.SpringApplication.createAndRefreshContext(SpringApplication.java:361) ~[spring-boot-1.3.3.RELEASE.jar:1.3.3.RELEASE]
	at org.springframework.boot.SpringApplication.run(SpringApplication.java:307) ~[spring-boot-1.3.3.RELEASE.jar:1.3.3.RELEASE]
	at org.springframework.boot.test.SpringApplicationContextLoader.loadContext(SpringApplicationContextLoader.java:98) ~[spring-boot-1.3.3.RELEASE.jar:1.3.3.RELEASE]
	at org.springframework.test.context.cache.DefaultCacheAwareContextLoaderDelegate.loadContextInternal(DefaultCacheAwareContextLoaderDelegate.java:98) ~[spring-test-4.3.4.RELEASE.jar:4.3.4.RELEASE]
	at org.springframework.test.context.cache.DefaultCacheAwareContextLoaderDelegate.loadContext(DefaultCacheAwareContextLoaderDelegate.java:116) ~[spring-test-4.3.4.RELEASE.jar:4.3.4.RELEASE]
	... 31 common frames omitted
Caused by: org.apache.camel.FailedToCreateRouteException: Failed to create route route87 at: >>> Choice[[When[{header{action} == all} -> [To[GetAllATMs]]], When[{header{action} == inCity} -> [To[GetAllATMsInCity]]]]] <<< in route: Route(route87)[[From[direct:call]] -> [SetBody[{null}], Choi... because of No endpoint could be found for: GetAllATMs, please check your classpath contains the needed Camel component jar.
	at org.apache.camel.model.RouteDefinition.addRoutes(RouteDefinition.java:1072) ~[camel-core-2.17.2.jar:2.17.2]
	at org.apache.camel.model.RouteDefinition.addRoutes(RouteDefinition.java:196) ~[camel-core-2.17.2.jar:2.17.2]
	at org.apache.camel.impl.DefaultCamelContext.startRoute(DefaultCamelContext.java:974) ~[camel-core-2.17.2.jar:2.17.2]
	at org.apache.camel.impl.DefaultCamelContext.startRouteDefinitions(DefaultCamelContext.java:3301) ~[camel-core-2.17.2.jar:2.17.2]
	at org.apache.camel.impl.DefaultCamelContext.doStartCamel(DefaultCamelContext.java:3024) ~[camel-core-2.17.2.jar:2.17.2]
	at org.apache.camel.impl.DefaultCamelContext.access$000(DefaultCamelContext.java:175) ~[camel-core-2.17.2.jar:2.17.2]
	at org.apache.camel.impl.DefaultCamelContext$2.call(DefaultCamelContext.java:2854) ~[camel-core-2.17.2.jar:2.17.2]
	at org.apache.camel.impl.DefaultCamelContext$2.call(DefaultCamelContext.java:2850) ~[camel-core-2.17.2.jar:2.17.2]
	at org.apache.camel.impl.DefaultCamelContext.doWithDefinedClassLoader(DefaultCamelContext.java:2873) ~[camel-core-2.17.2.jar:2.17.2]
	at org.apache.camel.impl.DefaultCamelContext.doStart(DefaultCamelContext.java:2850) ~[camel-core-2.17.2.jar:2.17.2]
	at org.apache.camel.support.ServiceSupport.start(ServiceSupport.java:61) ~[camel-core-2.17.2.jar:2.17.2]
	at org.apache.camel.impl.DefaultCamelContext.start(DefaultCamelContext.java:2819) ~[camel-core-2.17.2.jar:2.17.2]
	at org.apache.camel.spring.boot.RoutesCollector.onApplicationEvent(RoutesCollector.java:116) ~[camel-spring-boot-2.17.0.jar:2.17.0]
	... 44 common frames omitted
Caused by: org.apache.camel.NoSuchEndpointException: No endpoint could be found for: GetAllATMs, please check your classpath contains the needed Camel component jar.
	at org.apache.camel.util.CamelContextHelper.getMandatoryEndpoint(CamelContextHelper.java:81) ~[camel-core-2.17.2.jar:2.17.2]
	at org.apache.camel.model.RouteDefinition.resolveEndpoint(RouteDefinition.java:211) ~[camel-core-2.17.2.jar:2.17.2]
	at org.apache.camel.impl.DefaultRouteContext.resolveEndpoint(DefaultRouteContext.java:107) ~[camel-core-2.17.2.jar:2.17.2]
	at org.apache.camel.impl.DefaultRouteContext.resolveEndpoint(DefaultRouteContext.java:113) ~[camel-core-2.17.2.jar:2.17.2]
	at org.apache.camel.model.SendDefinition.resolveEndpoint(SendDefinition.java:62) ~[camel-core-2.17.2.jar:2.17.2]
	at org.apache.camel.model.SendDefinition.createProcessor(SendDefinition.java:56) ~[camel-core-2.17.2.jar:2.17.2]
	at org.apache.camel.model.ProcessorDefinition.createProcessor(ProcessorDefinition.java:483) ~[camel-core-2.17.2.jar:2.17.2]
	at org.apache.camel.model.ProcessorDefinition.createOutputsProcessorImpl(ProcessorDefinition.java:446) ~[camel-core-2.17.2.jar:2.17.2]
	at org.apache.camel.model.ProcessorDefinition.createOutputsProcessor(ProcessorDefinition.java:413) ~[camel-core-2.17.2.jar:2.17.2]
	at org.apache.camel.model.ProcessorDefinition.createOutputsProcessor(ProcessorDefinition.java:165) ~[camel-core-2.17.2.jar:2.17.2]
	at org.apache.camel.model.ExpressionNode.createFilterProcessor(ExpressionNode.java:109) ~[camel-core-2.17.2.jar:2.17.2]
	at org.apache.camel.model.WhenDefinition.createProcessor(WhenDefinition.java:74) ~[camel-core-2.17.2.jar:2.17.2]
	at org.apache.camel.model.WhenDefinition.createProcessor(WhenDefinition.java:32) ~[camel-core-2.17.2.jar:2.17.2]
	at org.apache.camel.model.ProcessorDefinition.createProcessor(ProcessorDefinition.java:483) ~[camel-core-2.17.2.jar:2.17.2]
	at org.apache.camel.model.ChoiceDefinition.createProcessor(ChoiceDefinition.java:135) ~[camel-core-2.17.2.jar:2.17.2]
	at org.apache.camel.model.ProcessorDefinition.makeProcessorImpl(ProcessorDefinition.java:534) ~[camel-core-2.17.2.jar:2.17.2]
	at org.apache.camel.model.ProcessorDefinition.makeProcessor(ProcessorDefinition.java:495) ~[camel-core-2.17.2.jar:2.17.2]
	at org.apache.camel.model.ProcessorDefinition.addRoutes(ProcessorDefinition.java:219) ~[camel-core-2.17.2.jar:2.17.2]
	at org.apache.camel.model.RouteDefinition.addRoutes(RouteDefinition.java:1069) ~[camel-core-2.17.2.jar:2.17.2]
	... 56 common frames omitted

]]></system-out>
  </testcase>
  <testcase name="whenAdminPage_withoutRole_thenError" classname="com.ing.custom.web.SecurityTagControllerTest" time="0">
    <error message="Failed to load ApplicationContext" type="java.lang.IllegalStateException">java.lang.IllegalStateException: Failed to load ApplicationContext
	at org.apache.camel.util.CamelContextHelper.getMandatoryEndpoint(CamelContextHelper.java:81)
	at org.apache.camel.model.RouteDefinition.resolveEndpoint(RouteDefinition.java:211)
	at org.apache.camel.impl.DefaultRouteContext.resolveEndpoint(DefaultRouteContext.java:107)
	at org.apache.camel.impl.DefaultRouteContext.resolveEndpoint(DefaultRouteContext.java:113)
	at org.apache.camel.model.SendDefinition.resolveEndpoint(SendDefinition.java:62)
	at org.apache.camel.model.SendDefinition.createProcessor(SendDefinition.java:56)
	at org.apache.camel.model.ProcessorDefinition.createProcessor(ProcessorDefinition.java:483)
	at org.apache.camel.model.ProcessorDefinition.createOutputsProcessorImpl(ProcessorDefinition.java:446)
	at org.apache.camel.model.ProcessorDefinition.createOutputsProcessor(ProcessorDefinition.java:413)
	at org.apache.camel.model.ProcessorDefinition.createOutputsProcessor(ProcessorDefinition.java:165)
	at org.apache.camel.model.ExpressionNode.createFilterProcessor(ExpressionNode.java:109)
	at org.apache.camel.model.WhenDefinition.createProcessor(WhenDefinition.java:74)
	at org.apache.camel.model.WhenDefinition.createProcessor(WhenDefinition.java:32)
	at org.apache.camel.model.ProcessorDefinition.createProcessor(ProcessorDefinition.java:483)
	at org.apache.camel.model.ChoiceDefinition.createProcessor(ChoiceDefinition.java:135)
	at org.apache.camel.model.ProcessorDefinition.makeProcessorImpl(ProcessorDefinition.java:534)
	at org.apache.camel.model.ProcessorDefinition.makeProcessor(ProcessorDefinition.java:495)
	at org.apache.camel.model.ProcessorDefinition.addRoutes(ProcessorDefinition.java:219)
	at org.apache.camel.model.RouteDefinition.addRoutes(RouteDefinition.java:1069)
	at org.apache.camel.model.RouteDefinition.addRoutes(RouteDefinition.java:196)
	at org.apache.camel.impl.DefaultCamelContext.startRoute(DefaultCamelContext.java:974)
	at org.apache.camel.impl.DefaultCamelContext.startRouteDefinitions(DefaultCamelContext.java:3301)
	at org.apache.camel.impl.DefaultCamelContext.doStartCamel(DefaultCamelContext.java:3024)
	at org.apache.camel.impl.DefaultCamelContext.access$000(DefaultCamelContext.java:175)
	at org.apache.camel.impl.DefaultCamelContext$2.call(DefaultCamelContext.java:2854)
	at org.apache.camel.impl.DefaultCamelContext$2.call(DefaultCamelContext.java:2850)
	at org.apache.camel.impl.DefaultCamelContext.doWithDefinedClassLoader(DefaultCamelContext.java:2873)
	at org.apache.camel.impl.DefaultCamelContext.doStart(DefaultCamelContext.java:2850)
	at org.apache.camel.support.ServiceSupport.start(ServiceSupport.java:61)
	at org.apache.camel.impl.DefaultCamelContext.start(DefaultCamelContext.java:2819)
	at org.apache.camel.spring.boot.RoutesCollector.onApplicationEvent(RoutesCollector.java:116)
	at org.apache.camel.spring.boot.RoutesCollector.onApplicationEvent(RoutesCollector.java:41)
	at org.springframework.context.event.SimpleApplicationEventMulticaster.invokeListener(SimpleApplicationEventMulticaster.java:166)
	at org.springframework.context.event.SimpleApplicationEventMulticaster.multicastEvent(SimpleApplicationEventMulticaster.java:138)
	at org.springframework.context.support.AbstractApplicationContext.publishEvent(AbstractApplicationContext.java:383)
	at org.springframework.context.support.AbstractApplicationContext.publishEvent(AbstractApplicationContext.java:337)
	at org.springframework.context.support.AbstractApplicationContext.finishRefresh(AbstractApplicationContext.java:882)
	at org.springframework.context.support.AbstractApplicationContext.refresh(AbstractApplicationContext.java:545)
	at org.springframework.boot.SpringApplication.refresh(SpringApplication.java:766)
	at org.springframework.boot.SpringApplication.createAndRefreshContext(SpringApplication.java:361)
	at org.springframework.boot.SpringApplication.run(SpringApplication.java:307)
	at org.springframework.boot.test.SpringApplicationContextLoader.loadContext(SpringApplicationContextLoader.java:98)
	at org.springframework.test.context.cache.DefaultCacheAwareContextLoaderDelegate.loadContextInternal(DefaultCacheAwareContextLoaderDelegate.java:98)
	at org.springframework.test.context.cache.DefaultCacheAwareContextLoaderDelegate.loadContext(DefaultCacheAwareContextLoaderDelegate.java:116)
	at org.springframework.test.context.support.DefaultTestContext.getApplicationContext(DefaultTestContext.java:83)
	at org.springframework.test.context.web.ServletTestExecutionListener.setUpRequestContextIfNecessary(ServletTestExecutionListener.java:189)
	at org.springframework.test.context.web.ServletTestExecutionListener.prepareTestInstance(ServletTestExecutionListener.java:131)
	at org.springframework.test.context.TestContextManager.prepareTestInstance(TestContextManager.java:230)
	at org.springframework.test.context.junit4.SpringJUnit4ClassRunner.createTest(SpringJUnit4ClassRunner.java:228)
	at org.springframework.test.context.junit4.SpringJUnit4ClassRunner$1.runReflectiveCall(SpringJUnit4ClassRunner.java:287)
	at org.junit.internal.runners.model.ReflectiveCallable.run(ReflectiveCallable.java:12)
	at org.springframework.test.context.junit4.SpringJUnit4ClassRunner.methodBlock(SpringJUnit4ClassRunner.java:289)
	at org.springframework.test.context.junit4.SpringJUnit4ClassRunner.runChild(SpringJUnit4ClassRunner.java:247)
	at org.springframework.test.context.junit4.SpringJUnit4ClassRunner.runChild(SpringJUnit4ClassRunner.java:94)
	at org.junit.runners.ParentRunner$3.run(ParentRunner.java:290)
	at org.junit.runners.ParentRunner$1.schedule(ParentRunner.java:71)
	at org.junit.runners.ParentRunner.runChildren(ParentRunner.java:288)
	at org.junit.runners.ParentRunner.access$000(ParentRunner.java:58)
	at org.junit.runners.ParentRunner$2.evaluate(ParentRunner.java:268)
	at org.springframework.test.context.junit4.statements.RunBeforeTestClassCallbacks.evaluate(RunBeforeTestClassCallbacks.java:61)
	at org.springframework.test.context.junit4.statements.RunAfterTestClassCallbacks.evaluate(RunAfterTestClassCallbacks.java:70)
	at org.junit.runners.ParentRunner.run(ParentRunner.java:363)
	at org.springframework.test.context.junit4.SpringJUnit4ClassRunner.run(SpringJUnit4ClassRunner.java:191)
	at org.apache.maven.surefire.junit4.JUnit4Provider.execute(JUnit4Provider.java:264)
	at org.apache.maven.surefire.junit4.JUnit4Provider.executeTestSet(JUnit4Provider.java:153)
	at org.apache.maven.surefire.junit4.JUnit4Provider.invoke(JUnit4Provider.java:124)
	at sun.reflect.NativeMethodAccessorImpl.invoke0(Native Method)
	at sun.reflect.NativeMethodAccessorImpl.invoke(NativeMethodAccessorImpl.java:62)
	at sun.reflect.DelegatingMethodAccessorImpl.invoke(DelegatingMethodAccessorImpl.java:43)
	at java.lang.reflect.Method.invoke(Method.java:498)
	at org.apache.maven.surefire.util.ReflectionUtils.invokeMethodWithArray2(ReflectionUtils.java:208)
	at org.apache.maven.surefire.booter.ProviderFactory$ProviderProxy.invoke(ProviderFactory.java:159)
	at org.apache.maven.surefire.booter.ProviderFactory.invokeProvider(ProviderFactory.java:87)
	at org.apache.maven.surefire.booter.ForkedBooter.runSuitesInProcess(ForkedBooter.java:153)
	at org.apache.maven.surefire.booter.ForkedBooter.main(ForkedBooter.java:95)
</error>
    <system-out><![CDATA[
  .   ____          _            __ _ _
 /\\ / ___'_ __ _ _(_)_ __  __ _ \ \ \ \
( ( )\___ | '_ | '_| | '_ \/ _` | \ \ \ \
 \\/  ___)| |_)| | | | | || (_| |  ) ) ) )
  '  |____| .__|_| |_|_| |_\__, | / / / /
 =========|_|==============|___/=/_/_/_/
 :: Spring Boot ::        (v1.3.3.RELEASE)

2017-04-10 19:13:40.023  INFO 8220 --- [           main] c.i.c.web.SecurityTagControllerTest      : Starting SecurityTagControllerTest on PPL882039FC with PID 8220 (C:\Users\normsby\Documents\NetBeansProjects\ING_ATM_Locator\target\test-classes started by normsby in C:\Users\normsby\Documents\NetBeansProjects\ING_ATM_Locator)
2017-04-10 19:13:40.023  INFO 8220 --- [           main] c.i.c.web.SecurityTagControllerTest      : No active profile set, falling back to default profiles: default
2017-04-10 19:13:40.023  INFO 8220 --- [           main] o.s.w.c.s.GenericWebApplicationContext   : Refreshing org.springframework.web.context.support.GenericWebApplicationContext@111741cd: startup date [Mon Apr 10 19:13:40 EDT 2017]; root of context hierarchy
2017-04-10 19:13:40.323  INFO 8220 --- [           main] trationDelegate$BeanPostProcessorChecker : Bean 'org.springframework.security.config.annotation.configuration.ObjectPostProcessorConfiguration' of type [class org.springframework.security.config.annotation.configuration.ObjectPostProcessorConfiguration$$EnhancerBySpringCGLIB$$da46e5e5] is not eligible for getting processed by all BeanPostProcessors (for example: not eligible for auto-proxying)
2017-04-10 19:13:40.333  INFO 8220 --- [           main] trationDelegate$BeanPostProcessorChecker : Bean 'objectPostProcessor' of type [class org.springframework.security.config.annotation.configuration.AutowireBeanFactoryObjectPostProcessor] is not eligible for getting processed by all BeanPostProcessors (for example: not eligible for auto-proxying)
2017-04-10 19:13:40.333  INFO 8220 --- [           main] trationDelegate$BeanPostProcessorChecker : Bean 'org.springframework.security.access.expression.method.DefaultMethodSecurityExpressionHandler@560bcb57' of type [class org.springframework.security.access.expression.method.DefaultMethodSecurityExpressionHandler] is not eligible for getting processed by all BeanPostProcessors (for example: not eligible for auto-proxying)
2017-04-10 19:13:40.333  INFO 8220 --- [           main] trationDelegate$BeanPostProcessorChecker : Bean 'org.springframework.security.config.annotation.method.configuration.GlobalMethodSecurityConfiguration' of type [class org.springframework.security.config.annotation.method.configuration.GlobalMethodSecurityConfiguration$$EnhancerBySpringCGLIB$$ff1b8897] is not eligible for getting processed by all BeanPostProcessors (for example: not eligible for auto-proxying)
2017-04-10 19:13:40.333  INFO 8220 --- [           main] trationDelegate$BeanPostProcessorChecker : Bean 'methodSecurityMetadataSource' of type [class org.springframework.security.access.method.DelegatingMethodSecurityMetadataSource] is not eligible for getting processed by all BeanPostProcessors (for example: not eligible for auto-proxying)
2017-04-10 19:13:40.343  INFO 8220 --- [           main] trationDelegate$BeanPostProcessorChecker : Bean 'org.apache.camel.spring.boot.CamelAutoConfiguration' of type [class org.apache.camel.spring.boot.CamelAutoConfiguration$$EnhancerBySpringCGLIB$$63c2e3ca] is not eligible for getting processed by all BeanPostProcessors (for example: not eligible for auto-proxying)
2017-04-10 19:13:40.723  INFO 8220 --- [           main] o.s.s.web.DefaultSecurityFilterChain     : Creating filter chain: org.springframework.security.web.util.matcher.AnyRequestMatcher@1, [org.springframework.security.web.context.request.async.WebAsyncManagerIntegrationFilter@41cc5e46, org.springframework.security.web.context.SecurityContextPersistenceFilter@1d18e847, org.springframework.security.web.header.HeaderWriterFilter@33c9941b, org.springframework.security.web.csrf.CsrfFilter@7d5d2348, org.springframework.security.web.authentication.logout.LogoutFilter@4e15dd9d, org.springframework.security.web.authentication.UsernamePasswordAuthenticationFilter@6b2e8203, org.springframework.security.web.savedrequest.RequestCacheAwareFilter@6675b318, org.springframework.security.web.servletapi.SecurityContextHolderAwareRequestFilter@19e38a81, org.springframework.security.web.authentication.AnonymousAuthenticationFilter@35d4434c, org.springframework.security.web.session.SessionManagementFilter@9cbdd55, org.springframework.security.web.access.ExceptionTranslationFilter@41675e32, org.springframework.security.web.access.intercept.FilterSecurityInterceptor@10948a76]
2017-04-10 19:13:40.806  INFO 8220 --- [           main] s.w.s.m.m.a.RequestMappingHandlerAdapter : Looking for @ControllerAdvice: org.springframework.web.context.support.GenericWebApplicationContext@111741cd: startup date [Mon Apr 10 19:13:40 EDT 2017]; root of context hierarchy
2017-04-10 19:13:40.826  INFO 8220 --- [           main] s.w.s.m.m.a.RequestMappingHandlerMapping : Mapped "{[/error]}" onto public java.lang.String com.ing.error.CustomErrorController.customError(org.springframework.ui.Model,javax.servlet.http.HttpServletRequest)
2017-04-10 19:13:40.826  INFO 8220 --- [           main] s.w.s.m.m.a.RequestMappingHandlerMapping : Mapped "{[/403]}" onto public java.lang.String com.ing.error.CustomErrorController.unauthorised(org.springframework.ui.Model,javax.servlet.http.HttpServletRequest)
2017-04-10 19:13:40.826  INFO 8220 --- [           main] s.w.s.m.m.a.RequestMappingHandlerMapping : Mapped "{[/index],methods=[GET]}" onto public java.lang.String com.ing.web.MainController.index()
2017-04-10 19:13:40.826  INFO 8220 --- [           main] s.w.s.m.m.a.RequestMappingHandlerMapping : Mapped "{[/],methods=[GET]}" onto public java.lang.String com.ing.web.MainController.root()
2017-04-10 19:13:40.826  INFO 8220 --- [           main] s.w.s.m.m.a.RequestMappingHandlerMapping : Mapped "{[/login-error],methods=[GET]}" onto public java.lang.String com.ing.web.MainController.loginError(org.springframework.ui.Model)
2017-04-10 19:13:40.826  INFO 8220 --- [           main] s.w.s.m.m.a.RequestMappingHandlerMapping : Mapped "{[/login],methods=[GET]}" onto public java.lang.String com.ing.web.MainController.login()
2017-04-10 19:13:40.826  INFO 8220 --- [           main] s.w.s.m.m.a.RequestMappingHandlerMapping : Mapped "{[/admin/index],methods=[GET]}" onto public java.lang.String com.ing.web.MainController.adminIndex()
2017-04-10 19:13:40.826  INFO 8220 --- [           main] s.w.s.m.m.a.RequestMappingHandlerMapping : Mapped "{[/user/index],methods=[GET]}" onto public java.lang.String com.ing.web.MainController.userIndex()
2017-04-10 19:13:40.826  INFO 8220 --- [           main] s.w.s.m.m.a.RequestMappingHandlerMapping : Mapped "{[/public/index],methods=[GET]}" onto public java.lang.String com.ing.web.MainController.publicIndex()
2017-04-10 19:13:40.826  INFO 8220 --- [           main] s.w.s.m.m.a.RequestMappingHandlerMapping : Mapped "{[/extra/index],methods=[GET]}" onto public java.lang.String com.ing.web.MainController.extraIndex()
2017-04-10 19:13:40.836  INFO 8220 --- [           main] s.w.s.m.m.a.RequestMappingHandlerMapping : Mapped "{[/tags/index],methods=[GET]}" onto public java.lang.String com.ing.web.SecurityTagController.index(org.springframework.security.core.userdetails.User)
2017-04-10 19:13:40.836  INFO 8220 --- [           main] s.w.s.m.m.a.RequestMappingHandlerMapping : Mapped "{[/tags/admin/index],methods=[GET]}" onto public java.lang.String com.ing.web.SecurityTagController.adminIndex(org.springframework.security.core.userdetails.User)
2017-04-10 19:13:40.836  INFO 8220 --- [           main] s.w.s.m.m.a.RequestMappingHandlerMapping : Mapped "{[/tags/extra/index],methods=[GET]}" onto public java.lang.String com.ing.web.SecurityTagController.extraUser(org.springframework.security.core.userdetails.User)
2017-04-10 19:13:40.836  INFO 8220 --- [           main] s.w.s.m.m.a.RequestMappingHandlerMapping : Mapped "{[/tags/user/index],methods=[GET]}" onto public java.lang.String com.ing.web.SecurityTagController.userIndex(org.springframework.security.core.userdetails.User)
2017-04-10 19:13:40.916  INFO 8220 --- [           main] o.s.w.s.handler.SimpleUrlHandlerMapping  : Mapped URL path [/webjars/**] onto handler of type [class org.springframework.web.servlet.resource.ResourceHttpRequestHandler]
2017-04-10 19:13:40.916  INFO 8220 --- [           main] o.s.w.s.handler.SimpleUrlHandlerMapping  : Mapped URL path [/**] onto handler of type [class org.springframework.web.servlet.resource.ResourceHttpRequestHandler]
2017-04-10 19:13:40.956  INFO 8220 --- [           main] o.s.w.s.handler.SimpleUrlHandlerMapping  : Mapped URL path [/**/favicon.ico] onto handler of type [class org.springframework.web.servlet.resource.ResourceHttpRequestHandler]
2017-04-10 19:13:41.036  INFO 8220 --- [           main] o.a.c.i.converter.DefaultTypeConverter   : Loaded 191 type converters
2017-04-10 19:13:41.136  INFO 8220 --- [           main] o.a.camel.spring.boot.RoutesCollector    : Loading additional Camel XML routes from: classpath:camel/*.xml
2017-04-10 19:13:41.136  INFO 8220 --- [           main] o.a.camel.spring.boot.RoutesCollector    : Loading additional Camel XML rests from: classpath:camel-rest/*.xml
2017-04-10 19:13:41.136  INFO 8220 --- [           main] o.a.camel.spring.SpringCamelContext      : Apache Camel 2.17.2 (CamelContext: camel-30) is starting
2017-04-10 19:13:41.136  INFO 8220 --- [           main] o.a.c.m.ManagedManagementStrategy        : JMX is enabled
2017-04-10 19:13:41.146  INFO 8220 --- [           main] o.a.c.i.DefaultRuntimeEndpointRegistry   : Runtime endpoint registry is in extended mode gathering usage statistics of all incoming and outgoing endpoints (cache limit: 1000)
2017-04-10 19:13:41.166  INFO 8220 --- [           main] o.a.camel.spring.SpringCamelContext      : Apache Camel 2.17.2 (CamelContext: camel-30) is shutting down
2017-04-10 19:13:41.166  INFO 8220 --- [           main] o.a.camel.spring.SpringCamelContext      : Apache Camel 2.17.2 (CamelContext: camel-30) uptime 0.030 seconds
2017-04-10 19:13:41.166  INFO 8220 --- [           main] o.a.camel.spring.SpringCamelContext      : Apache Camel 2.17.2 (CamelContext: camel-30) is shutdown in 0.000 seconds
2017-04-10 19:13:41.176 ERROR 8220 --- [           main] o.s.boot.SpringApplication               : Application startup failed

org.apache.camel.spring.boot.CamelSpringBootInitializationException: org.apache.camel.FailedToCreateRouteException: Failed to create route route90 at: >>> Choice[[When[{header{action} == all} -> [To[GetAllATMs]]], When[{header{action} == inCity} -> [To[GetAllATMsInCity]]]]] <<< in route: Route(route90)[[From[direct:call]] -> [SetBody[{null}], Choi... because of No endpoint could be found for: GetAllATMs, please check your classpath contains the needed Camel component jar.
	at org.apache.camel.spring.boot.RoutesCollector.onApplicationEvent(RoutesCollector.java:126) ~[camel-spring-boot-2.17.0.jar:2.17.0]
	at org.apache.camel.spring.boot.RoutesCollector.onApplicationEvent(RoutesCollector.java:41) ~[camel-spring-boot-2.17.0.jar:2.17.0]
	at org.springframework.context.event.SimpleApplicationEventMulticaster.invokeListener(SimpleApplicationEventMulticaster.java:166) ~[spring-context-4.3.4.RELEASE.jar:4.3.4.RELEASE]
	at org.springframework.context.event.SimpleApplicationEventMulticaster.multicastEvent(SimpleApplicationEventMulticaster.java:138) ~[spring-context-4.3.4.RELEASE.jar:4.3.4.RELEASE]
	at org.springframework.context.support.AbstractApplicationContext.publishEvent(AbstractApplicationContext.java:383) ~[spring-context-4.3.4.RELEASE.jar:4.3.4.RELEASE]
	at org.springframework.context.support.AbstractApplicationContext.publishEvent(AbstractApplicationContext.java:337) ~[spring-context-4.3.4.RELEASE.jar:4.3.4.RELEASE]
	at org.springframework.context.support.AbstractApplicationContext.finishRefresh(AbstractApplicationContext.java:882) ~[spring-context-4.3.4.RELEASE.jar:4.3.4.RELEASE]
	at org.springframework.context.support.AbstractApplicationContext.refresh(AbstractApplicationContext.java:545) ~[spring-context-4.3.4.RELEASE.jar:4.3.4.RELEASE]
	at org.springframework.boot.SpringApplication.refresh(SpringApplication.java:766) ~[spring-boot-1.3.3.RELEASE.jar:1.3.3.RELEASE]
	at org.springframework.boot.SpringApplication.createAndRefreshContext(SpringApplication.java:361) ~[spring-boot-1.3.3.RELEASE.jar:1.3.3.RELEASE]
	at org.springframework.boot.SpringApplication.run(SpringApplication.java:307) ~[spring-boot-1.3.3.RELEASE.jar:1.3.3.RELEASE]
	at org.springframework.boot.test.SpringApplicationContextLoader.loadContext(SpringApplicationContextLoader.java:98) [spring-boot-1.3.3.RELEASE.jar:1.3.3.RELEASE]
	at org.springframework.test.context.cache.DefaultCacheAwareContextLoaderDelegate.loadContextInternal(DefaultCacheAwareContextLoaderDelegate.java:98) [spring-test-4.3.4.RELEASE.jar:4.3.4.RELEASE]
	at org.springframework.test.context.cache.DefaultCacheAwareContextLoaderDelegate.loadContext(DefaultCacheAwareContextLoaderDelegate.java:116) [spring-test-4.3.4.RELEASE.jar:4.3.4.RELEASE]
	at org.springframework.test.context.support.DefaultTestContext.getApplicationContext(DefaultTestContext.java:83) [spring-test-4.3.4.RELEASE.jar:4.3.4.RELEASE]
	at org.springframework.test.context.web.ServletTestExecutionListener.setUpRequestContextIfNecessary(ServletTestExecutionListener.java:189) [spring-test-4.3.4.RELEASE.jar:4.3.4.RELEASE]
	at org.springframework.test.context.web.ServletTestExecutionListener.prepareTestInstance(ServletTestExecutionListener.java:131) [spring-test-4.3.4.RELEASE.jar:4.3.4.RELEASE]
	at org.springframework.test.context.TestContextManager.prepareTestInstance(TestContextManager.java:230) [spring-test-4.3.4.RELEASE.jar:4.3.4.RELEASE]
	at org.springframework.test.context.junit4.SpringJUnit4ClassRunner.createTest(SpringJUnit4ClassRunner.java:228) [spring-test-4.3.4.RELEASE.jar:4.3.4.RELEASE]
	at org.springframework.test.context.junit4.SpringJUnit4ClassRunner$1.runReflectiveCall(SpringJUnit4ClassRunner.java:287) [spring-test-4.3.4.RELEASE.jar:4.3.4.RELEASE]
	at org.junit.internal.runners.model.ReflectiveCallable.run(ReflectiveCallable.java:12) [junit-4.12.jar:4.12]
	at org.springframework.test.context.junit4.SpringJUnit4ClassRunner.methodBlock(SpringJUnit4ClassRunner.java:289) [spring-test-4.3.4.RELEASE.jar:4.3.4.RELEASE]
	at org.springframework.test.context.junit4.SpringJUnit4ClassRunner.runChild(SpringJUnit4ClassRunner.java:247) [spring-test-4.3.4.RELEASE.jar:4.3.4.RELEASE]
	at org.springframework.test.context.junit4.SpringJUnit4ClassRunner.runChild(SpringJUnit4ClassRunner.java:94) [spring-test-4.3.4.RELEASE.jar:4.3.4.RELEASE]
	at org.junit.runners.ParentRunner$3.run(ParentRunner.java:290) [junit-4.12.jar:4.12]
	at org.junit.runners.ParentRunner$1.schedule(ParentRunner.java:71) [junit-4.12.jar:4.12]
	at org.junit.runners.ParentRunner.runChildren(ParentRunner.java:288) [junit-4.12.jar:4.12]
	at org.junit.runners.ParentRunner.access$000(ParentRunner.java:58) [junit-4.12.jar:4.12]
	at org.junit.runners.ParentRunner$2.evaluate(ParentRunner.java:268) [junit-4.12.jar:4.12]
	at org.springframework.test.context.junit4.statements.RunBeforeTestClassCallbacks.evaluate(RunBeforeTestClassCallbacks.java:61) [spring-test-4.3.4.RELEASE.jar:4.3.4.RELEASE]
	at org.springframework.test.context.junit4.statements.RunAfterTestClassCallbacks.evaluate(RunAfterTestClassCallbacks.java:70) [spring-test-4.3.4.RELEASE.jar:4.3.4.RELEASE]
	at org.junit.runners.ParentRunner.run(ParentRunner.java:363) [junit-4.12.jar:4.12]
	at org.springframework.test.context.junit4.SpringJUnit4ClassRunner.run(SpringJUnit4ClassRunner.java:191) [spring-test-4.3.4.RELEASE.jar:4.3.4.RELEASE]
	at org.apache.maven.surefire.junit4.JUnit4Provider.execute(JUnit4Provider.java:264) [surefire-junit4-2.14.1.jar:2.14.1]
	at org.apache.maven.surefire.junit4.JUnit4Provider.executeTestSet(JUnit4Provider.java:153) [surefire-junit4-2.14.1.jar:2.14.1]
	at org.apache.maven.surefire.junit4.JUnit4Provider.invoke(JUnit4Provider.java:124) [surefire-junit4-2.14.1.jar:2.14.1]
	at sun.reflect.NativeMethodAccessorImpl.invoke0(Native Method) ~[na:1.8.0_121]
	at sun.reflect.NativeMethodAccessorImpl.invoke(NativeMethodAccessorImpl.java:62) ~[na:1.8.0_121]
	at sun.reflect.DelegatingMethodAccessorImpl.invoke(DelegatingMethodAccessorImpl.java:43) ~[na:1.8.0_121]
	at java.lang.reflect.Method.invoke(Method.java:498) ~[na:1.8.0_121]
	at org.apache.maven.surefire.util.ReflectionUtils.invokeMethodWithArray2(ReflectionUtils.java:208) [surefire-api-2.14.1.jar:2.14.1]
	at org.apache.maven.surefire.booter.ProviderFactory$ProviderProxy.invoke(ProviderFactory.java:159) [surefire-booter-2.14.1.jar:2.14.1]
	at org.apache.maven.surefire.booter.ProviderFactory.invokeProvider(ProviderFactory.java:87) [surefire-booter-2.14.1.jar:2.14.1]
	at org.apache.maven.surefire.booter.ForkedBooter.runSuitesInProcess(ForkedBooter.java:153) [surefire-booter-2.14.1.jar:2.14.1]
	at org.apache.maven.surefire.booter.ForkedBooter.main(ForkedBooter.java:95) [surefire-booter-2.14.1.jar:2.14.1]
Caused by: org.apache.camel.FailedToCreateRouteException: Failed to create route route90 at: >>> Choice[[When[{header{action} == all} -> [To[GetAllATMs]]], When[{header{action} == inCity} -> [To[GetAllATMsInCity]]]]] <<< in route: Route(route90)[[From[direct:call]] -> [SetBody[{null}], Choi... because of No endpoint could be found for: GetAllATMs, please check your classpath contains the needed Camel component jar.
	at org.apache.camel.model.RouteDefinition.addRoutes(RouteDefinition.java:1072) ~[camel-core-2.17.2.jar:2.17.2]
	at org.apache.camel.model.RouteDefinition.addRoutes(RouteDefinition.java:196) ~[camel-core-2.17.2.jar:2.17.2]
	at org.apache.camel.impl.DefaultCamelContext.startRoute(DefaultCamelContext.java:974) ~[camel-core-2.17.2.jar:2.17.2]
	at org.apache.camel.impl.DefaultCamelContext.startRouteDefinitions(DefaultCamelContext.java:3301) ~[camel-core-2.17.2.jar:2.17.2]
	at org.apache.camel.impl.DefaultCamelContext.doStartCamel(DefaultCamelContext.java:3024) ~[camel-core-2.17.2.jar:2.17.2]
	at org.apache.camel.impl.DefaultCamelContext.access$000(DefaultCamelContext.java:175) ~[camel-core-2.17.2.jar:2.17.2]
	at org.apache.camel.impl.DefaultCamelContext$2.call(DefaultCamelContext.java:2854) ~[camel-core-2.17.2.jar:2.17.2]
	at org.apache.camel.impl.DefaultCamelContext$2.call(DefaultCamelContext.java:2850) ~[camel-core-2.17.2.jar:2.17.2]
	at org.apache.camel.impl.DefaultCamelContext.doWithDefinedClassLoader(DefaultCamelContext.java:2873) ~[camel-core-2.17.2.jar:2.17.2]
	at org.apache.camel.impl.DefaultCamelContext.doStart(DefaultCamelContext.java:2850) ~[camel-core-2.17.2.jar:2.17.2]
	at org.apache.camel.support.ServiceSupport.start(ServiceSupport.java:61) ~[camel-core-2.17.2.jar:2.17.2]
	at org.apache.camel.impl.DefaultCamelContext.start(DefaultCamelContext.java:2819) ~[camel-core-2.17.2.jar:2.17.2]
	at org.apache.camel.spring.boot.RoutesCollector.onApplicationEvent(RoutesCollector.java:116) ~[camel-spring-boot-2.17.0.jar:2.17.0]
	... 44 common frames omitted
Caused by: org.apache.camel.NoSuchEndpointException: No endpoint could be found for: GetAllATMs, please check your classpath contains the needed Camel component jar.
	at org.apache.camel.util.CamelContextHelper.getMandatoryEndpoint(CamelContextHelper.java:81) ~[camel-core-2.17.2.jar:2.17.2]
	at org.apache.camel.model.RouteDefinition.resolveEndpoint(RouteDefinition.java:211) ~[camel-core-2.17.2.jar:2.17.2]
	at org.apache.camel.impl.DefaultRouteContext.resolveEndpoint(DefaultRouteContext.java:107) ~[camel-core-2.17.2.jar:2.17.2]
	at org.apache.camel.impl.DefaultRouteContext.resolveEndpoint(DefaultRouteContext.java:113) ~[camel-core-2.17.2.jar:2.17.2]
	at org.apache.camel.model.SendDefinition.resolveEndpoint(SendDefinition.java:62) ~[camel-core-2.17.2.jar:2.17.2]
	at org.apache.camel.model.SendDefinition.createProcessor(SendDefinition.java:56) ~[camel-core-2.17.2.jar:2.17.2]
	at org.apache.camel.model.ProcessorDefinition.createProcessor(ProcessorDefinition.java:483) ~[camel-core-2.17.2.jar:2.17.2]
	at org.apache.camel.model.ProcessorDefinition.createOutputsProcessorImpl(ProcessorDefinition.java:446) ~[camel-core-2.17.2.jar:2.17.2]
	at org.apache.camel.model.ProcessorDefinition.createOutputsProcessor(ProcessorDefinition.java:413) ~[camel-core-2.17.2.jar:2.17.2]
	at org.apache.camel.model.ProcessorDefinition.createOutputsProcessor(ProcessorDefinition.java:165) ~[camel-core-2.17.2.jar:2.17.2]
	at org.apache.camel.model.ExpressionNode.createFilterProcessor(ExpressionNode.java:109) ~[camel-core-2.17.2.jar:2.17.2]
	at org.apache.camel.model.WhenDefinition.createProcessor(WhenDefinition.java:74) ~[camel-core-2.17.2.jar:2.17.2]
	at org.apache.camel.model.WhenDefinition.createProcessor(WhenDefinition.java:32) ~[camel-core-2.17.2.jar:2.17.2]
	at org.apache.camel.model.ProcessorDefinition.createProcessor(ProcessorDefinition.java:483) ~[camel-core-2.17.2.jar:2.17.2]
	at org.apache.camel.model.ChoiceDefinition.createProcessor(ChoiceDefinition.java:135) ~[camel-core-2.17.2.jar:2.17.2]
	at org.apache.camel.model.ProcessorDefinition.makeProcessorImpl(ProcessorDefinition.java:534) ~[camel-core-2.17.2.jar:2.17.2]
	at org.apache.camel.model.ProcessorDefinition.makeProcessor(ProcessorDefinition.java:495) ~[camel-core-2.17.2.jar:2.17.2]
	at org.apache.camel.model.ProcessorDefinition.addRoutes(ProcessorDefinition.java:219) ~[camel-core-2.17.2.jar:2.17.2]
	at org.apache.camel.model.RouteDefinition.addRoutes(RouteDefinition.java:1069) ~[camel-core-2.17.2.jar:2.17.2]
	... 56 common frames omitted

2017-04-10 19:13:41.176  INFO 8220 --- [           main] .b.l.ClasspathLoggingApplicationListener : Application failed to start with classpath: [file:/C:/Users/normsby/Documents/NetBeansProjects/ING_ATM_Locator/target/surefire/surefirebooter5636998128895282040.jar, file:/C:/Users/normsby/.m2/repository/org/jacoco/org.jacoco.agent/0.7.5.201505241946/org.jacoco.agent-0.7.5.201505241946-runtime.jar]
2017-04-10 19:13:41.176 ERROR 8220 --- [           main] o.s.test.context.TestContextManager      : Caught exception while allowing TestExecutionListener [org.springframework.test.context.web.ServletTestExecutionListener@15f68bcc] to prepare test instance [com.ing.custom.web.SecurityTagControllerTest@1969240]

java.lang.IllegalStateException: Failed to load ApplicationContext
	at org.springframework.test.context.cache.DefaultCacheAwareContextLoaderDelegate.loadContext(DefaultCacheAwareContextLoaderDelegate.java:124) ~[spring-test-4.3.4.RELEASE.jar:4.3.4.RELEASE]
	at org.springframework.test.context.support.DefaultTestContext.getApplicationContext(DefaultTestContext.java:83) ~[spring-test-4.3.4.RELEASE.jar:4.3.4.RELEASE]
	at org.springframework.test.context.web.ServletTestExecutionListener.setUpRequestContextIfNecessary(ServletTestExecutionListener.java:189) ~[spring-test-4.3.4.RELEASE.jar:4.3.4.RELEASE]
	at org.springframework.test.context.web.ServletTestExecutionListener.prepareTestInstance(ServletTestExecutionListener.java:131) ~[spring-test-4.3.4.RELEASE.jar:4.3.4.RELEASE]
	at org.springframework.test.context.TestContextManager.prepareTestInstance(TestContextManager.java:230) ~[spring-test-4.3.4.RELEASE.jar:4.3.4.RELEASE]
	at org.springframework.test.context.junit4.SpringJUnit4ClassRunner.createTest(SpringJUnit4ClassRunner.java:228) [spring-test-4.3.4.RELEASE.jar:4.3.4.RELEASE]
	at org.springframework.test.context.junit4.SpringJUnit4ClassRunner$1.runReflectiveCall(SpringJUnit4ClassRunner.java:287) [spring-test-4.3.4.RELEASE.jar:4.3.4.RELEASE]
	at org.junit.internal.runners.model.ReflectiveCallable.run(ReflectiveCallable.java:12) [junit-4.12.jar:4.12]
	at org.springframework.test.context.junit4.SpringJUnit4ClassRunner.methodBlock(SpringJUnit4ClassRunner.java:289) [spring-test-4.3.4.RELEASE.jar:4.3.4.RELEASE]
	at org.springframework.test.context.junit4.SpringJUnit4ClassRunner.runChild(SpringJUnit4ClassRunner.java:247) [spring-test-4.3.4.RELEASE.jar:4.3.4.RELEASE]
	at org.springframework.test.context.junit4.SpringJUnit4ClassRunner.runChild(SpringJUnit4ClassRunner.java:94) [spring-test-4.3.4.RELEASE.jar:4.3.4.RELEASE]
	at org.junit.runners.ParentRunner$3.run(ParentRunner.java:290) [junit-4.12.jar:4.12]
	at org.junit.runners.ParentRunner$1.schedule(ParentRunner.java:71) [junit-4.12.jar:4.12]
	at org.junit.runners.ParentRunner.runChildren(ParentRunner.java:288) [junit-4.12.jar:4.12]
	at org.junit.runners.ParentRunner.access$000(ParentRunner.java:58) [junit-4.12.jar:4.12]
	at org.junit.runners.ParentRunner$2.evaluate(ParentRunner.java:268) [junit-4.12.jar:4.12]
	at org.springframework.test.context.junit4.statements.RunBeforeTestClassCallbacks.evaluate(RunBeforeTestClassCallbacks.java:61) [spring-test-4.3.4.RELEASE.jar:4.3.4.RELEASE]
	at org.springframework.test.context.junit4.statements.RunAfterTestClassCallbacks.evaluate(RunAfterTestClassCallbacks.java:70) [spring-test-4.3.4.RELEASE.jar:4.3.4.RELEASE]
	at org.junit.runners.ParentRunner.run(ParentRunner.java:363) [junit-4.12.jar:4.12]
	at org.springframework.test.context.junit4.SpringJUnit4ClassRunner.run(SpringJUnit4ClassRunner.java:191) [spring-test-4.3.4.RELEASE.jar:4.3.4.RELEASE]
	at org.apache.maven.surefire.junit4.JUnit4Provider.execute(JUnit4Provider.java:264) [surefire-junit4-2.14.1.jar:2.14.1]
	at org.apache.maven.surefire.junit4.JUnit4Provider.executeTestSet(JUnit4Provider.java:153) [surefire-junit4-2.14.1.jar:2.14.1]
	at org.apache.maven.surefire.junit4.JUnit4Provider.invoke(JUnit4Provider.java:124) [surefire-junit4-2.14.1.jar:2.14.1]
	at sun.reflect.NativeMethodAccessorImpl.invoke0(Native Method) ~[na:1.8.0_121]
	at sun.reflect.NativeMethodAccessorImpl.invoke(NativeMethodAccessorImpl.java:62) ~[na:1.8.0_121]
	at sun.reflect.DelegatingMethodAccessorImpl.invoke(DelegatingMethodAccessorImpl.java:43) ~[na:1.8.0_121]
	at java.lang.reflect.Method.invoke(Method.java:498) ~[na:1.8.0_121]
	at org.apache.maven.surefire.util.ReflectionUtils.invokeMethodWithArray2(ReflectionUtils.java:208) [surefire-api-2.14.1.jar:2.14.1]
	at org.apache.maven.surefire.booter.ProviderFactory$ProviderProxy.invoke(ProviderFactory.java:159) [surefire-booter-2.14.1.jar:2.14.1]
	at org.apache.maven.surefire.booter.ProviderFactory.invokeProvider(ProviderFactory.java:87) [surefire-booter-2.14.1.jar:2.14.1]
	at org.apache.maven.surefire.booter.ForkedBooter.runSuitesInProcess(ForkedBooter.java:153) [surefire-booter-2.14.1.jar:2.14.1]
	at org.apache.maven.surefire.booter.ForkedBooter.main(ForkedBooter.java:95) [surefire-booter-2.14.1.jar:2.14.1]
Caused by: org.apache.camel.spring.boot.CamelSpringBootInitializationException: org.apache.camel.FailedToCreateRouteException: Failed to create route route90 at: >>> Choice[[When[{header{action} == all} -> [To[GetAllATMs]]], When[{header{action} == inCity} -> [To[GetAllATMsInCity]]]]] <<< in route: Route(route90)[[From[direct:call]] -> [SetBody[{null}], Choi... because of No endpoint could be found for: GetAllATMs, please check your classpath contains the needed Camel component jar.
	at org.apache.camel.spring.boot.RoutesCollector.onApplicationEvent(RoutesCollector.java:126) ~[camel-spring-boot-2.17.0.jar:2.17.0]
	at org.apache.camel.spring.boot.RoutesCollector.onApplicationEvent(RoutesCollector.java:41) ~[camel-spring-boot-2.17.0.jar:2.17.0]
	at org.springframework.context.event.SimpleApplicationEventMulticaster.invokeListener(SimpleApplicationEventMulticaster.java:166) ~[spring-context-4.3.4.RELEASE.jar:4.3.4.RELEASE]
	at org.springframework.context.event.SimpleApplicationEventMulticaster.multicastEvent(SimpleApplicationEventMulticaster.java:138) ~[spring-context-4.3.4.RELEASE.jar:4.3.4.RELEASE]
	at org.springframework.context.support.AbstractApplicationContext.publishEvent(AbstractApplicationContext.java:383) ~[spring-context-4.3.4.RELEASE.jar:4.3.4.RELEASE]
	at org.springframework.context.support.AbstractApplicationContext.publishEvent(AbstractApplicationContext.java:337) ~[spring-context-4.3.4.RELEASE.jar:4.3.4.RELEASE]
	at org.springframework.context.support.AbstractApplicationContext.finishRefresh(AbstractApplicationContext.java:882) ~[spring-context-4.3.4.RELEASE.jar:4.3.4.RELEASE]
	at org.springframework.context.support.AbstractApplicationContext.refresh(AbstractApplicationContext.java:545) ~[spring-context-4.3.4.RELEASE.jar:4.3.4.RELEASE]
	at org.springframework.boot.SpringApplication.refresh(SpringApplication.java:766) ~[spring-boot-1.3.3.RELEASE.jar:1.3.3.RELEASE]
	at org.springframework.boot.SpringApplication.createAndRefreshContext(SpringApplication.java:361) ~[spring-boot-1.3.3.RELEASE.jar:1.3.3.RELEASE]
	at org.springframework.boot.SpringApplication.run(SpringApplication.java:307) ~[spring-boot-1.3.3.RELEASE.jar:1.3.3.RELEASE]
	at org.springframework.boot.test.SpringApplicationContextLoader.loadContext(SpringApplicationContextLoader.java:98) ~[spring-boot-1.3.3.RELEASE.jar:1.3.3.RELEASE]
	at org.springframework.test.context.cache.DefaultCacheAwareContextLoaderDelegate.loadContextInternal(DefaultCacheAwareContextLoaderDelegate.java:98) ~[spring-test-4.3.4.RELEASE.jar:4.3.4.RELEASE]
	at org.springframework.test.context.cache.DefaultCacheAwareContextLoaderDelegate.loadContext(DefaultCacheAwareContextLoaderDelegate.java:116) ~[spring-test-4.3.4.RELEASE.jar:4.3.4.RELEASE]
	... 31 common frames omitted
Caused by: org.apache.camel.FailedToCreateRouteException: Failed to create route route90 at: >>> Choice[[When[{header{action} == all} -> [To[GetAllATMs]]], When[{header{action} == inCity} -> [To[GetAllATMsInCity]]]]] <<< in route: Route(route90)[[From[direct:call]] -> [SetBody[{null}], Choi... because of No endpoint could be found for: GetAllATMs, please check your classpath contains the needed Camel component jar.
	at org.apache.camel.model.RouteDefinition.addRoutes(RouteDefinition.java:1072) ~[camel-core-2.17.2.jar:2.17.2]
	at org.apache.camel.model.RouteDefinition.addRoutes(RouteDefinition.java:196) ~[camel-core-2.17.2.jar:2.17.2]
	at org.apache.camel.impl.DefaultCamelContext.startRoute(DefaultCamelContext.java:974) ~[camel-core-2.17.2.jar:2.17.2]
	at org.apache.camel.impl.DefaultCamelContext.startRouteDefinitions(DefaultCamelContext.java:3301) ~[camel-core-2.17.2.jar:2.17.2]
	at org.apache.camel.impl.DefaultCamelContext.doStartCamel(DefaultCamelContext.java:3024) ~[camel-core-2.17.2.jar:2.17.2]
	at org.apache.camel.impl.DefaultCamelContext.access$000(DefaultCamelContext.java:175) ~[camel-core-2.17.2.jar:2.17.2]
	at org.apache.camel.impl.DefaultCamelContext$2.call(DefaultCamelContext.java:2854) ~[camel-core-2.17.2.jar:2.17.2]
	at org.apache.camel.impl.DefaultCamelContext$2.call(DefaultCamelContext.java:2850) ~[camel-core-2.17.2.jar:2.17.2]
	at org.apache.camel.impl.DefaultCamelContext.doWithDefinedClassLoader(DefaultCamelContext.java:2873) ~[camel-core-2.17.2.jar:2.17.2]
	at org.apache.camel.impl.DefaultCamelContext.doStart(DefaultCamelContext.java:2850) ~[camel-core-2.17.2.jar:2.17.2]
	at org.apache.camel.support.ServiceSupport.start(ServiceSupport.java:61) ~[camel-core-2.17.2.jar:2.17.2]
	at org.apache.camel.impl.DefaultCamelContext.start(DefaultCamelContext.java:2819) ~[camel-core-2.17.2.jar:2.17.2]
	at org.apache.camel.spring.boot.RoutesCollector.onApplicationEvent(RoutesCollector.java:116) ~[camel-spring-boot-2.17.0.jar:2.17.0]
	... 44 common frames omitted
Caused by: org.apache.camel.NoSuchEndpointException: No endpoint could be found for: GetAllATMs, please check your classpath contains the needed Camel component jar.
	at org.apache.camel.util.CamelContextHelper.getMandatoryEndpoint(CamelContextHelper.java:81) ~[camel-core-2.17.2.jar:2.17.2]
	at org.apache.camel.model.RouteDefinition.resolveEndpoint(RouteDefinition.java:211) ~[camel-core-2.17.2.jar:2.17.2]
	at org.apache.camel.impl.DefaultRouteContext.resolveEndpoint(DefaultRouteContext.java:107) ~[camel-core-2.17.2.jar:2.17.2]
	at org.apache.camel.impl.DefaultRouteContext.resolveEndpoint(DefaultRouteContext.java:113) ~[camel-core-2.17.2.jar:2.17.2]
	at org.apache.camel.model.SendDefinition.resolveEndpoint(SendDefinition.java:62) ~[camel-core-2.17.2.jar:2.17.2]
	at org.apache.camel.model.SendDefinition.createProcessor(SendDefinition.java:56) ~[camel-core-2.17.2.jar:2.17.2]
	at org.apache.camel.model.ProcessorDefinition.createProcessor(ProcessorDefinition.java:483) ~[camel-core-2.17.2.jar:2.17.2]
	at org.apache.camel.model.ProcessorDefinition.createOutputsProcessorImpl(ProcessorDefinition.java:446) ~[camel-core-2.17.2.jar:2.17.2]
	at org.apache.camel.model.ProcessorDefinition.createOutputsProcessor(ProcessorDefinition.java:413) ~[camel-core-2.17.2.jar:2.17.2]
	at org.apache.camel.model.ProcessorDefinition.createOutputsProcessor(ProcessorDefinition.java:165) ~[camel-core-2.17.2.jar:2.17.2]
	at org.apache.camel.model.ExpressionNode.createFilterProcessor(ExpressionNode.java:109) ~[camel-core-2.17.2.jar:2.17.2]
	at org.apache.camel.model.WhenDefinition.createProcessor(WhenDefinition.java:74) ~[camel-core-2.17.2.jar:2.17.2]
	at org.apache.camel.model.WhenDefinition.createProcessor(WhenDefinition.java:32) ~[camel-core-2.17.2.jar:2.17.2]
	at org.apache.camel.model.ProcessorDefinition.createProcessor(ProcessorDefinition.java:483) ~[camel-core-2.17.2.jar:2.17.2]
	at org.apache.camel.model.ChoiceDefinition.createProcessor(ChoiceDefinition.java:135) ~[camel-core-2.17.2.jar:2.17.2]
	at org.apache.camel.model.ProcessorDefinition.makeProcessorImpl(ProcessorDefinition.java:534) ~[camel-core-2.17.2.jar:2.17.2]
	at org.apache.camel.model.ProcessorDefinition.makeProcessor(ProcessorDefinition.java:495) ~[camel-core-2.17.2.jar:2.17.2]
	at org.apache.camel.model.ProcessorDefinition.addRoutes(ProcessorDefinition.java:219) ~[camel-core-2.17.2.jar:2.17.2]
	at org.apache.camel.model.RouteDefinition.addRoutes(RouteDefinition.java:1069) ~[camel-core-2.17.2.jar:2.17.2]
	... 56 common frames omitted

]]></system-out>
  </testcase>
  <testcase name="whenNullUser_thenLogUser_isOK" classname="com.ing.custom.web.SecurityTagControllerTest" time="0">
    <error message="Failed to load ApplicationContext" type="java.lang.IllegalStateException">java.lang.IllegalStateException: Failed to load ApplicationContext
	at org.apache.camel.util.CamelContextHelper.getMandatoryEndpoint(CamelContextHelper.java:81)
	at org.apache.camel.model.RouteDefinition.resolveEndpoint(RouteDefinition.java:211)
	at org.apache.camel.impl.DefaultRouteContext.resolveEndpoint(DefaultRouteContext.java:107)
	at org.apache.camel.impl.DefaultRouteContext.resolveEndpoint(DefaultRouteContext.java:113)
	at org.apache.camel.model.SendDefinition.resolveEndpoint(SendDefinition.java:62)
	at org.apache.camel.model.SendDefinition.createProcessor(SendDefinition.java:56)
	at org.apache.camel.model.ProcessorDefinition.createProcessor(ProcessorDefinition.java:483)
	at org.apache.camel.model.ProcessorDefinition.createOutputsProcessorImpl(ProcessorDefinition.java:446)
	at org.apache.camel.model.ProcessorDefinition.createOutputsProcessor(ProcessorDefinition.java:413)
	at org.apache.camel.model.ProcessorDefinition.createOutputsProcessor(ProcessorDefinition.java:165)
	at org.apache.camel.model.ExpressionNode.createFilterProcessor(ExpressionNode.java:109)
	at org.apache.camel.model.WhenDefinition.createProcessor(WhenDefinition.java:74)
	at org.apache.camel.model.WhenDefinition.createProcessor(WhenDefinition.java:32)
	at org.apache.camel.model.ProcessorDefinition.createProcessor(ProcessorDefinition.java:483)
	at org.apache.camel.model.ChoiceDefinition.createProcessor(ChoiceDefinition.java:135)
	at org.apache.camel.model.ProcessorDefinition.makeProcessorImpl(ProcessorDefinition.java:534)
	at org.apache.camel.model.ProcessorDefinition.makeProcessor(ProcessorDefinition.java:495)
	at org.apache.camel.model.ProcessorDefinition.addRoutes(ProcessorDefinition.java:219)
	at org.apache.camel.model.RouteDefinition.addRoutes(RouteDefinition.java:1069)
	at org.apache.camel.model.RouteDefinition.addRoutes(RouteDefinition.java:196)
	at org.apache.camel.impl.DefaultCamelContext.startRoute(DefaultCamelContext.java:974)
	at org.apache.camel.impl.DefaultCamelContext.startRouteDefinitions(DefaultCamelContext.java:3301)
	at org.apache.camel.impl.DefaultCamelContext.doStartCamel(DefaultCamelContext.java:3024)
	at org.apache.camel.impl.DefaultCamelContext.access$000(DefaultCamelContext.java:175)
	at org.apache.camel.impl.DefaultCamelContext$2.call(DefaultCamelContext.java:2854)
	at org.apache.camel.impl.DefaultCamelContext$2.call(DefaultCamelContext.java:2850)
	at org.apache.camel.impl.DefaultCamelContext.doWithDefinedClassLoader(DefaultCamelContext.java:2873)
	at org.apache.camel.impl.DefaultCamelContext.doStart(DefaultCamelContext.java:2850)
	at org.apache.camel.support.ServiceSupport.start(ServiceSupport.java:61)
	at org.apache.camel.impl.DefaultCamelContext.start(DefaultCamelContext.java:2819)
	at org.apache.camel.spring.boot.RoutesCollector.onApplicationEvent(RoutesCollector.java:116)
	at org.apache.camel.spring.boot.RoutesCollector.onApplicationEvent(RoutesCollector.java:41)
	at org.springframework.context.event.SimpleApplicationEventMulticaster.invokeListener(SimpleApplicationEventMulticaster.java:166)
	at org.springframework.context.event.SimpleApplicationEventMulticaster.multicastEvent(SimpleApplicationEventMulticaster.java:138)
	at org.springframework.context.support.AbstractApplicationContext.publishEvent(AbstractApplicationContext.java:383)
	at org.springframework.context.support.AbstractApplicationContext.publishEvent(AbstractApplicationContext.java:337)
	at org.springframework.context.support.AbstractApplicationContext.finishRefresh(AbstractApplicationContext.java:882)
	at org.springframework.context.support.AbstractApplicationContext.refresh(AbstractApplicationContext.java:545)
	at org.springframework.boot.SpringApplication.refresh(SpringApplication.java:766)
	at org.springframework.boot.SpringApplication.createAndRefreshContext(SpringApplication.java:361)
	at org.springframework.boot.SpringApplication.run(SpringApplication.java:307)
	at org.springframework.boot.test.SpringApplicationContextLoader.loadContext(SpringApplicationContextLoader.java:98)
	at org.springframework.test.context.cache.DefaultCacheAwareContextLoaderDelegate.loadContextInternal(DefaultCacheAwareContextLoaderDelegate.java:98)
	at org.springframework.test.context.cache.DefaultCacheAwareContextLoaderDelegate.loadContext(DefaultCacheAwareContextLoaderDelegate.java:116)
	at org.springframework.test.context.support.DefaultTestContext.getApplicationContext(DefaultTestContext.java:83)
	at org.springframework.test.context.web.ServletTestExecutionListener.setUpRequestContextIfNecessary(ServletTestExecutionListener.java:189)
	at org.springframework.test.context.web.ServletTestExecutionListener.prepareTestInstance(ServletTestExecutionListener.java:131)
	at org.springframework.test.context.TestContextManager.prepareTestInstance(TestContextManager.java:230)
	at org.springframework.test.context.junit4.SpringJUnit4ClassRunner.createTest(SpringJUnit4ClassRunner.java:228)
	at org.springframework.test.context.junit4.SpringJUnit4ClassRunner$1.runReflectiveCall(SpringJUnit4ClassRunner.java:287)
	at org.junit.internal.runners.model.ReflectiveCallable.run(ReflectiveCallable.java:12)
	at org.springframework.test.context.junit4.SpringJUnit4ClassRunner.methodBlock(SpringJUnit4ClassRunner.java:289)
	at org.springframework.test.context.junit4.SpringJUnit4ClassRunner.runChild(SpringJUnit4ClassRunner.java:247)
	at org.springframework.test.context.junit4.SpringJUnit4ClassRunner.runChild(SpringJUnit4ClassRunner.java:94)
	at org.junit.runners.ParentRunner$3.run(ParentRunner.java:290)
	at org.junit.runners.ParentRunner$1.schedule(ParentRunner.java:71)
	at org.junit.runners.ParentRunner.runChildren(ParentRunner.java:288)
	at org.junit.runners.ParentRunner.access$000(ParentRunner.java:58)
	at org.junit.runners.ParentRunner$2.evaluate(ParentRunner.java:268)
	at org.springframework.test.context.junit4.statements.RunBeforeTestClassCallbacks.evaluate(RunBeforeTestClassCallbacks.java:61)
	at org.springframework.test.context.junit4.statements.RunAfterTestClassCallbacks.evaluate(RunAfterTestClassCallbacks.java:70)
	at org.junit.runners.ParentRunner.run(ParentRunner.java:363)
	at org.springframework.test.context.junit4.SpringJUnit4ClassRunner.run(SpringJUnit4ClassRunner.java:191)
	at org.apache.maven.surefire.junit4.JUnit4Provider.execute(JUnit4Provider.java:264)
	at org.apache.maven.surefire.junit4.JUnit4Provider.executeTestSet(JUnit4Provider.java:153)
	at org.apache.maven.surefire.junit4.JUnit4Provider.invoke(JUnit4Provider.java:124)
	at sun.reflect.NativeMethodAccessorImpl.invoke0(Native Method)
	at sun.reflect.NativeMethodAccessorImpl.invoke(NativeMethodAccessorImpl.java:62)
	at sun.reflect.DelegatingMethodAccessorImpl.invoke(DelegatingMethodAccessorImpl.java:43)
	at java.lang.reflect.Method.invoke(Method.java:498)
	at org.apache.maven.surefire.util.ReflectionUtils.invokeMethodWithArray2(ReflectionUtils.java:208)
	at org.apache.maven.surefire.booter.ProviderFactory$ProviderProxy.invoke(ProviderFactory.java:159)
	at org.apache.maven.surefire.booter.ProviderFactory.invokeProvider(ProviderFactory.java:87)
	at org.apache.maven.surefire.booter.ForkedBooter.runSuitesInProcess(ForkedBooter.java:153)
	at org.apache.maven.surefire.booter.ForkedBooter.main(ForkedBooter.java:95)
</error>
    <system-out><![CDATA[
  .   ____          _            __ _ _
 /\\ / ___'_ __ _ _(_)_ __  __ _ \ \ \ \
( ( )\___ | '_ | '_| | '_ \/ _` | \ \ \ \
 \\/  ___)| |_)| | | | | || (_| |  ) ) ) )
  '  |____| .__|_| |_|_| |_\__, | / / / /
 =========|_|==============|___/=/_/_/_/
 :: Spring Boot ::        (v1.3.3.RELEASE)

2017-04-10 19:13:41.196  INFO 8220 --- [           main] c.i.c.web.SecurityTagControllerTest      : Starting SecurityTagControllerTest on PPL882039FC with PID 8220 (C:\Users\normsby\Documents\NetBeansProjects\ING_ATM_Locator\target\test-classes started by normsby in C:\Users\normsby\Documents\NetBeansProjects\ING_ATM_Locator)
2017-04-10 19:13:41.196  INFO 8220 --- [           main] c.i.c.web.SecurityTagControllerTest      : No active profile set, falling back to default profiles: default
2017-04-10 19:13:41.206  INFO 8220 --- [           main] o.s.w.c.s.GenericWebApplicationContext   : Refreshing org.springframework.web.context.support.GenericWebApplicationContext@7d6eb577: startup date [Mon Apr 10 19:13:41 EDT 2017]; root of context hierarchy
2017-04-10 19:13:41.486  INFO 8220 --- [           main] trationDelegate$BeanPostProcessorChecker : Bean 'org.springframework.security.config.annotation.configuration.ObjectPostProcessorConfiguration' of type [class org.springframework.security.config.annotation.configuration.ObjectPostProcessorConfiguration$$EnhancerBySpringCGLIB$$da46e5e5] is not eligible for getting processed by all BeanPostProcessors (for example: not eligible for auto-proxying)
2017-04-10 19:13:41.486  INFO 8220 --- [           main] trationDelegate$BeanPostProcessorChecker : Bean 'objectPostProcessor' of type [class org.springframework.security.config.annotation.configuration.AutowireBeanFactoryObjectPostProcessor] is not eligible for getting processed by all BeanPostProcessors (for example: not eligible for auto-proxying)
2017-04-10 19:13:41.486  INFO 8220 --- [           main] trationDelegate$BeanPostProcessorChecker : Bean 'org.springframework.security.access.expression.method.DefaultMethodSecurityExpressionHandler@2a3b21bf' of type [class org.springframework.security.access.expression.method.DefaultMethodSecurityExpressionHandler] is not eligible for getting processed by all BeanPostProcessors (for example: not eligible for auto-proxying)
2017-04-10 19:13:41.486  INFO 8220 --- [           main] trationDelegate$BeanPostProcessorChecker : Bean 'org.springframework.security.config.annotation.method.configuration.GlobalMethodSecurityConfiguration' of type [class org.springframework.security.config.annotation.method.configuration.GlobalMethodSecurityConfiguration$$EnhancerBySpringCGLIB$$ff1b8897] is not eligible for getting processed by all BeanPostProcessors (for example: not eligible for auto-proxying)
2017-04-10 19:13:41.496  INFO 8220 --- [           main] trationDelegate$BeanPostProcessorChecker : Bean 'methodSecurityMetadataSource' of type [class org.springframework.security.access.method.DelegatingMethodSecurityMetadataSource] is not eligible for getting processed by all BeanPostProcessors (for example: not eligible for auto-proxying)
2017-04-10 19:13:41.496  INFO 8220 --- [           main] trationDelegate$BeanPostProcessorChecker : Bean 'org.apache.camel.spring.boot.CamelAutoConfiguration' of type [class org.apache.camel.spring.boot.CamelAutoConfiguration$$EnhancerBySpringCGLIB$$63c2e3ca] is not eligible for getting processed by all BeanPostProcessors (for example: not eligible for auto-proxying)
2017-04-10 19:13:41.855  INFO 8220 --- [           main] o.s.s.web.DefaultSecurityFilterChain     : Creating filter chain: org.springframework.security.web.util.matcher.AnyRequestMatcher@1, [org.springframework.security.web.context.request.async.WebAsyncManagerIntegrationFilter@495c5840, org.springframework.security.web.context.SecurityContextPersistenceFilter@11815bdd, org.springframework.security.web.header.HeaderWriterFilter@3ed74f02, org.springframework.security.web.csrf.CsrfFilter@5fa2d418, org.springframework.security.web.authentication.logout.LogoutFilter@5378e8a3, org.springframework.security.web.authentication.UsernamePasswordAuthenticationFilter@3c8c7514, org.springframework.security.web.savedrequest.RequestCacheAwareFilter@5da5f2b5, org.springframework.security.web.servletapi.SecurityContextHolderAwareRequestFilter@598e095c, org.springframework.security.web.authentication.AnonymousAuthenticationFilter@1c151e6e, org.springframework.security.web.session.SessionManagementFilter@58ca46c8, org.springframework.security.web.access.ExceptionTranslationFilter@6cb41b9b, org.springframework.security.web.access.intercept.FilterSecurityInterceptor@6fa106f1]
2017-04-10 19:13:41.935  INFO 8220 --- [           main] s.w.s.m.m.a.RequestMappingHandlerAdapter : Looking for @ControllerAdvice: org.springframework.web.context.support.GenericWebApplicationContext@7d6eb577: startup date [Mon Apr 10 19:13:41 EDT 2017]; root of context hierarchy
2017-04-10 19:13:41.955  INFO 8220 --- [           main] s.w.s.m.m.a.RequestMappingHandlerMapping : Mapped "{[/error]}" onto public java.lang.String com.ing.error.CustomErrorController.customError(org.springframework.ui.Model,javax.servlet.http.HttpServletRequest)
2017-04-10 19:13:41.955  INFO 8220 --- [           main] s.w.s.m.m.a.RequestMappingHandlerMapping : Mapped "{[/403]}" onto public java.lang.String com.ing.error.CustomErrorController.unauthorised(org.springframework.ui.Model,javax.servlet.http.HttpServletRequest)
2017-04-10 19:13:41.955  INFO 8220 --- [           main] s.w.s.m.m.a.RequestMappingHandlerMapping : Mapped "{[/index],methods=[GET]}" onto public java.lang.String com.ing.web.MainController.index()
2017-04-10 19:13:41.955  INFO 8220 --- [           main] s.w.s.m.m.a.RequestMappingHandlerMapping : Mapped "{[/],methods=[GET]}" onto public java.lang.String com.ing.web.MainController.root()
2017-04-10 19:13:41.955  INFO 8220 --- [           main] s.w.s.m.m.a.RequestMappingHandlerMapping : Mapped "{[/login-error],methods=[GET]}" onto public java.lang.String com.ing.web.MainController.loginError(org.springframework.ui.Model)
2017-04-10 19:13:41.955  INFO 8220 --- [           main] s.w.s.m.m.a.RequestMappingHandlerMapping : Mapped "{[/login],methods=[GET]}" onto public java.lang.String com.ing.web.MainController.login()
2017-04-10 19:13:41.955  INFO 8220 --- [           main] s.w.s.m.m.a.RequestMappingHandlerMapping : Mapped "{[/admin/index],methods=[GET]}" onto public java.lang.String com.ing.web.MainController.adminIndex()
2017-04-10 19:13:41.955  INFO 8220 --- [           main] s.w.s.m.m.a.RequestMappingHandlerMapping : Mapped "{[/user/index],methods=[GET]}" onto public java.lang.String com.ing.web.MainController.userIndex()
2017-04-10 19:13:41.955  INFO 8220 --- [           main] s.w.s.m.m.a.RequestMappingHandlerMapping : Mapped "{[/public/index],methods=[GET]}" onto public java.lang.String com.ing.web.MainController.publicIndex()
2017-04-10 19:13:41.955  INFO 8220 --- [           main] s.w.s.m.m.a.RequestMappingHandlerMapping : Mapped "{[/extra/index],methods=[GET]}" onto public java.lang.String com.ing.web.MainController.extraIndex()
2017-04-10 19:13:41.955  INFO 8220 --- [           main] s.w.s.m.m.a.RequestMappingHandlerMapping : Mapped "{[/tags/index],methods=[GET]}" onto public java.lang.String com.ing.web.SecurityTagController.index(org.springframework.security.core.userdetails.User)
2017-04-10 19:13:41.955  INFO 8220 --- [           main] s.w.s.m.m.a.RequestMappingHandlerMapping : Mapped "{[/tags/admin/index],methods=[GET]}" onto public java.lang.String com.ing.web.SecurityTagController.adminIndex(org.springframework.security.core.userdetails.User)
2017-04-10 19:13:41.955  INFO 8220 --- [           main] s.w.s.m.m.a.RequestMappingHandlerMapping : Mapped "{[/tags/extra/index],methods=[GET]}" onto public java.lang.String com.ing.web.SecurityTagController.extraUser(org.springframework.security.core.userdetails.User)
2017-04-10 19:13:41.955  INFO 8220 --- [           main] s.w.s.m.m.a.RequestMappingHandlerMapping : Mapped "{[/tags/user/index],methods=[GET]}" onto public java.lang.String com.ing.web.SecurityTagController.userIndex(org.springframework.security.core.userdetails.User)
2017-04-10 19:13:42.045  INFO 8220 --- [           main] o.s.w.s.handler.SimpleUrlHandlerMapping  : Mapped URL path [/webjars/**] onto handler of type [class org.springframework.web.servlet.resource.ResourceHttpRequestHandler]
2017-04-10 19:13:42.045  INFO 8220 --- [           main] o.s.w.s.handler.SimpleUrlHandlerMapping  : Mapped URL path [/**] onto handler of type [class org.springframework.web.servlet.resource.ResourceHttpRequestHandler]
2017-04-10 19:13:42.075  INFO 8220 --- [           main] o.s.w.s.handler.SimpleUrlHandlerMapping  : Mapped URL path [/**/favicon.ico] onto handler of type [class org.springframework.web.servlet.resource.ResourceHttpRequestHandler]
2017-04-10 19:13:42.155  INFO 8220 --- [           main] o.a.c.i.converter.DefaultTypeConverter   : Loaded 191 type converters
2017-04-10 19:13:42.255  INFO 8220 --- [           main] o.a.camel.spring.boot.RoutesCollector    : Loading additional Camel XML routes from: classpath:camel/*.xml
2017-04-10 19:13:42.255  INFO 8220 --- [           main] o.a.camel.spring.boot.RoutesCollector    : Loading additional Camel XML rests from: classpath:camel-rest/*.xml
2017-04-10 19:13:42.255  INFO 8220 --- [           main] o.a.camel.spring.SpringCamelContext      : Apache Camel 2.17.2 (CamelContext: camel-31) is starting
2017-04-10 19:13:42.265  INFO 8220 --- [           main] o.a.c.m.ManagedManagementStrategy        : JMX is enabled
2017-04-10 19:13:42.265  INFO 8220 --- [           main] o.a.c.i.DefaultRuntimeEndpointRegistry   : Runtime endpoint registry is in extended mode gathering usage statistics of all incoming and outgoing endpoints (cache limit: 1000)
2017-04-10 19:13:42.295  INFO 8220 --- [           main] o.a.camel.spring.SpringCamelContext      : Apache Camel 2.17.2 (CamelContext: camel-31) is shutting down
2017-04-10 19:13:42.295  INFO 8220 --- [           main] o.a.camel.spring.SpringCamelContext      : Apache Camel 2.17.2 (CamelContext: camel-31) uptime 0.040 seconds
2017-04-10 19:13:42.295  INFO 8220 --- [           main] o.a.camel.spring.SpringCamelContext      : Apache Camel 2.17.2 (CamelContext: camel-31) is shutdown in 0.000 seconds
2017-04-10 19:13:42.295 ERROR 8220 --- [           main] o.s.boot.SpringApplication               : Application startup failed

org.apache.camel.spring.boot.CamelSpringBootInitializationException: org.apache.camel.FailedToCreateRouteException: Failed to create route route93 at: >>> Choice[[When[{header{action} == all} -> [To[GetAllATMs]]], When[{header{action} == inCity} -> [To[GetAllATMsInCity]]]]] <<< in route: Route(route93)[[From[direct:call]] -> [SetBody[{null}], Choi... because of No endpoint could be found for: GetAllATMs, please check your classpath contains the needed Camel component jar.
	at org.apache.camel.spring.boot.RoutesCollector.onApplicationEvent(RoutesCollector.java:126) ~[camel-spring-boot-2.17.0.jar:2.17.0]
	at org.apache.camel.spring.boot.RoutesCollector.onApplicationEvent(RoutesCollector.java:41) ~[camel-spring-boot-2.17.0.jar:2.17.0]
	at org.springframework.context.event.SimpleApplicationEventMulticaster.invokeListener(SimpleApplicationEventMulticaster.java:166) ~[spring-context-4.3.4.RELEASE.jar:4.3.4.RELEASE]
	at org.springframework.context.event.SimpleApplicationEventMulticaster.multicastEvent(SimpleApplicationEventMulticaster.java:138) ~[spring-context-4.3.4.RELEASE.jar:4.3.4.RELEASE]
	at org.springframework.context.support.AbstractApplicationContext.publishEvent(AbstractApplicationContext.java:383) ~[spring-context-4.3.4.RELEASE.jar:4.3.4.RELEASE]
	at org.springframework.context.support.AbstractApplicationContext.publishEvent(AbstractApplicationContext.java:337) ~[spring-context-4.3.4.RELEASE.jar:4.3.4.RELEASE]
	at org.springframework.context.support.AbstractApplicationContext.finishRefresh(AbstractApplicationContext.java:882) ~[spring-context-4.3.4.RELEASE.jar:4.3.4.RELEASE]
	at org.springframework.context.support.AbstractApplicationContext.refresh(AbstractApplicationContext.java:545) ~[spring-context-4.3.4.RELEASE.jar:4.3.4.RELEASE]
	at org.springframework.boot.SpringApplication.refresh(SpringApplication.java:766) ~[spring-boot-1.3.3.RELEASE.jar:1.3.3.RELEASE]
	at org.springframework.boot.SpringApplication.createAndRefreshContext(SpringApplication.java:361) ~[spring-boot-1.3.3.RELEASE.jar:1.3.3.RELEASE]
	at org.springframework.boot.SpringApplication.run(SpringApplication.java:307) ~[spring-boot-1.3.3.RELEASE.jar:1.3.3.RELEASE]
	at org.springframework.boot.test.SpringApplicationContextLoader.loadContext(SpringApplicationContextLoader.java:98) [spring-boot-1.3.3.RELEASE.jar:1.3.3.RELEASE]
	at org.springframework.test.context.cache.DefaultCacheAwareContextLoaderDelegate.loadContextInternal(DefaultCacheAwareContextLoaderDelegate.java:98) [spring-test-4.3.4.RELEASE.jar:4.3.4.RELEASE]
	at org.springframework.test.context.cache.DefaultCacheAwareContextLoaderDelegate.loadContext(DefaultCacheAwareContextLoaderDelegate.java:116) [spring-test-4.3.4.RELEASE.jar:4.3.4.RELEASE]
	at org.springframework.test.context.support.DefaultTestContext.getApplicationContext(DefaultTestContext.java:83) [spring-test-4.3.4.RELEASE.jar:4.3.4.RELEASE]
	at org.springframework.test.context.web.ServletTestExecutionListener.setUpRequestContextIfNecessary(ServletTestExecutionListener.java:189) [spring-test-4.3.4.RELEASE.jar:4.3.4.RELEASE]
	at org.springframework.test.context.web.ServletTestExecutionListener.prepareTestInstance(ServletTestExecutionListener.java:131) [spring-test-4.3.4.RELEASE.jar:4.3.4.RELEASE]
	at org.springframework.test.context.TestContextManager.prepareTestInstance(TestContextManager.java:230) [spring-test-4.3.4.RELEASE.jar:4.3.4.RELEASE]
	at org.springframework.test.context.junit4.SpringJUnit4ClassRunner.createTest(SpringJUnit4ClassRunner.java:228) [spring-test-4.3.4.RELEASE.jar:4.3.4.RELEASE]
	at org.springframework.test.context.junit4.SpringJUnit4ClassRunner$1.runReflectiveCall(SpringJUnit4ClassRunner.java:287) [spring-test-4.3.4.RELEASE.jar:4.3.4.RELEASE]
	at org.junit.internal.runners.model.ReflectiveCallable.run(ReflectiveCallable.java:12) [junit-4.12.jar:4.12]
	at org.springframework.test.context.junit4.SpringJUnit4ClassRunner.methodBlock(SpringJUnit4ClassRunner.java:289) [spring-test-4.3.4.RELEASE.jar:4.3.4.RELEASE]
	at org.springframework.test.context.junit4.SpringJUnit4ClassRunner.runChild(SpringJUnit4ClassRunner.java:247) [spring-test-4.3.4.RELEASE.jar:4.3.4.RELEASE]
	at org.springframework.test.context.junit4.SpringJUnit4ClassRunner.runChild(SpringJUnit4ClassRunner.java:94) [spring-test-4.3.4.RELEASE.jar:4.3.4.RELEASE]
	at org.junit.runners.ParentRunner$3.run(ParentRunner.java:290) [junit-4.12.jar:4.12]
	at org.junit.runners.ParentRunner$1.schedule(ParentRunner.java:71) [junit-4.12.jar:4.12]
	at org.junit.runners.ParentRunner.runChildren(ParentRunner.java:288) [junit-4.12.jar:4.12]
	at org.junit.runners.ParentRunner.access$000(ParentRunner.java:58) [junit-4.12.jar:4.12]
	at org.junit.runners.ParentRunner$2.evaluate(ParentRunner.java:268) [junit-4.12.jar:4.12]
	at org.springframework.test.context.junit4.statements.RunBeforeTestClassCallbacks.evaluate(RunBeforeTestClassCallbacks.java:61) [spring-test-4.3.4.RELEASE.jar:4.3.4.RELEASE]
	at org.springframework.test.context.junit4.statements.RunAfterTestClassCallbacks.evaluate(RunAfterTestClassCallbacks.java:70) [spring-test-4.3.4.RELEASE.jar:4.3.4.RELEASE]
	at org.junit.runners.ParentRunner.run(ParentRunner.java:363) [junit-4.12.jar:4.12]
	at org.springframework.test.context.junit4.SpringJUnit4ClassRunner.run(SpringJUnit4ClassRunner.java:191) [spring-test-4.3.4.RELEASE.jar:4.3.4.RELEASE]
	at org.apache.maven.surefire.junit4.JUnit4Provider.execute(JUnit4Provider.java:264) [surefire-junit4-2.14.1.jar:2.14.1]
	at org.apache.maven.surefire.junit4.JUnit4Provider.executeTestSet(JUnit4Provider.java:153) [surefire-junit4-2.14.1.jar:2.14.1]
	at org.apache.maven.surefire.junit4.JUnit4Provider.invoke(JUnit4Provider.java:124) [surefire-junit4-2.14.1.jar:2.14.1]
	at sun.reflect.NativeMethodAccessorImpl.invoke0(Native Method) ~[na:1.8.0_121]
	at sun.reflect.NativeMethodAccessorImpl.invoke(NativeMethodAccessorImpl.java:62) ~[na:1.8.0_121]
	at sun.reflect.DelegatingMethodAccessorImpl.invoke(DelegatingMethodAccessorImpl.java:43) ~[na:1.8.0_121]
	at java.lang.reflect.Method.invoke(Method.java:498) ~[na:1.8.0_121]
	at org.apache.maven.surefire.util.ReflectionUtils.invokeMethodWithArray2(ReflectionUtils.java:208) [surefire-api-2.14.1.jar:2.14.1]
	at org.apache.maven.surefire.booter.ProviderFactory$ProviderProxy.invoke(ProviderFactory.java:159) [surefire-booter-2.14.1.jar:2.14.1]
	at org.apache.maven.surefire.booter.ProviderFactory.invokeProvider(ProviderFactory.java:87) [surefire-booter-2.14.1.jar:2.14.1]
	at org.apache.maven.surefire.booter.ForkedBooter.runSuitesInProcess(ForkedBooter.java:153) [surefire-booter-2.14.1.jar:2.14.1]
	at org.apache.maven.surefire.booter.ForkedBooter.main(ForkedBooter.java:95) [surefire-booter-2.14.1.jar:2.14.1]
Caused by: org.apache.camel.FailedToCreateRouteException: Failed to create route route93 at: >>> Choice[[When[{header{action} == all} -> [To[GetAllATMs]]], When[{header{action} == inCity} -> [To[GetAllATMsInCity]]]]] <<< in route: Route(route93)[[From[direct:call]] -> [SetBody[{null}], Choi... because of No endpoint could be found for: GetAllATMs, please check your classpath contains the needed Camel component jar.
	at org.apache.camel.model.RouteDefinition.addRoutes(RouteDefinition.java:1072) ~[camel-core-2.17.2.jar:2.17.2]
	at org.apache.camel.model.RouteDefinition.addRoutes(RouteDefinition.java:196) ~[camel-core-2.17.2.jar:2.17.2]
	at org.apache.camel.impl.DefaultCamelContext.startRoute(DefaultCamelContext.java:974) ~[camel-core-2.17.2.jar:2.17.2]
	at org.apache.camel.impl.DefaultCamelContext.startRouteDefinitions(DefaultCamelContext.java:3301) ~[camel-core-2.17.2.jar:2.17.2]
	at org.apache.camel.impl.DefaultCamelContext.doStartCamel(DefaultCamelContext.java:3024) ~[camel-core-2.17.2.jar:2.17.2]
	at org.apache.camel.impl.DefaultCamelContext.access$000(DefaultCamelContext.java:175) ~[camel-core-2.17.2.jar:2.17.2]
	at org.apache.camel.impl.DefaultCamelContext$2.call(DefaultCamelContext.java:2854) ~[camel-core-2.17.2.jar:2.17.2]
	at org.apache.camel.impl.DefaultCamelContext$2.call(DefaultCamelContext.java:2850) ~[camel-core-2.17.2.jar:2.17.2]
	at org.apache.camel.impl.DefaultCamelContext.doWithDefinedClassLoader(DefaultCamelContext.java:2873) ~[camel-core-2.17.2.jar:2.17.2]
	at org.apache.camel.impl.DefaultCamelContext.doStart(DefaultCamelContext.java:2850) ~[camel-core-2.17.2.jar:2.17.2]
	at org.apache.camel.support.ServiceSupport.start(ServiceSupport.java:61) ~[camel-core-2.17.2.jar:2.17.2]
	at org.apache.camel.impl.DefaultCamelContext.start(DefaultCamelContext.java:2819) ~[camel-core-2.17.2.jar:2.17.2]
	at org.apache.camel.spring.boot.RoutesCollector.onApplicationEvent(RoutesCollector.java:116) ~[camel-spring-boot-2.17.0.jar:2.17.0]
	... 44 common frames omitted
Caused by: org.apache.camel.NoSuchEndpointException: No endpoint could be found for: GetAllATMs, please check your classpath contains the needed Camel component jar.
	at org.apache.camel.util.CamelContextHelper.getMandatoryEndpoint(CamelContextHelper.java:81) ~[camel-core-2.17.2.jar:2.17.2]
	at org.apache.camel.model.RouteDefinition.resolveEndpoint(RouteDefinition.java:211) ~[camel-core-2.17.2.jar:2.17.2]
	at org.apache.camel.impl.DefaultRouteContext.resolveEndpoint(DefaultRouteContext.java:107) ~[camel-core-2.17.2.jar:2.17.2]
	at org.apache.camel.impl.DefaultRouteContext.resolveEndpoint(DefaultRouteContext.java:113) ~[camel-core-2.17.2.jar:2.17.2]
	at org.apache.camel.model.SendDefinition.resolveEndpoint(SendDefinition.java:62) ~[camel-core-2.17.2.jar:2.17.2]
	at org.apache.camel.model.SendDefinition.createProcessor(SendDefinition.java:56) ~[camel-core-2.17.2.jar:2.17.2]
	at org.apache.camel.model.ProcessorDefinition.createProcessor(ProcessorDefinition.java:483) ~[camel-core-2.17.2.jar:2.17.2]
	at org.apache.camel.model.ProcessorDefinition.createOutputsProcessorImpl(ProcessorDefinition.java:446) ~[camel-core-2.17.2.jar:2.17.2]
	at org.apache.camel.model.ProcessorDefinition.createOutputsProcessor(ProcessorDefinition.java:413) ~[camel-core-2.17.2.jar:2.17.2]
	at org.apache.camel.model.ProcessorDefinition.createOutputsProcessor(ProcessorDefinition.java:165) ~[camel-core-2.17.2.jar:2.17.2]
	at org.apache.camel.model.ExpressionNode.createFilterProcessor(ExpressionNode.java:109) ~[camel-core-2.17.2.jar:2.17.2]
	at org.apache.camel.model.WhenDefinition.createProcessor(WhenDefinition.java:74) ~[camel-core-2.17.2.jar:2.17.2]
	at org.apache.camel.model.WhenDefinition.createProcessor(WhenDefinition.java:32) ~[camel-core-2.17.2.jar:2.17.2]
	at org.apache.camel.model.ProcessorDefinition.createProcessor(ProcessorDefinition.java:483) ~[camel-core-2.17.2.jar:2.17.2]
	at org.apache.camel.model.ChoiceDefinition.createProcessor(ChoiceDefinition.java:135) ~[camel-core-2.17.2.jar:2.17.2]
	at org.apache.camel.model.ProcessorDefinition.makeProcessorImpl(ProcessorDefinition.java:534) ~[camel-core-2.17.2.jar:2.17.2]
	at org.apache.camel.model.ProcessorDefinition.makeProcessor(ProcessorDefinition.java:495) ~[camel-core-2.17.2.jar:2.17.2]
	at org.apache.camel.model.ProcessorDefinition.addRoutes(ProcessorDefinition.java:219) ~[camel-core-2.17.2.jar:2.17.2]
	at org.apache.camel.model.RouteDefinition.addRoutes(RouteDefinition.java:1069) ~[camel-core-2.17.2.jar:2.17.2]
	... 56 common frames omitted

2017-04-10 19:13:42.295  INFO 8220 --- [           main] .b.l.ClasspathLoggingApplicationListener : Application failed to start with classpath: [file:/C:/Users/normsby/Documents/NetBeansProjects/ING_ATM_Locator/target/surefire/surefirebooter5636998128895282040.jar, file:/C:/Users/normsby/.m2/repository/org/jacoco/org.jacoco.agent/0.7.5.201505241946/org.jacoco.agent-0.7.5.201505241946-runtime.jar]
2017-04-10 19:13:42.305 ERROR 8220 --- [           main] o.s.test.context.TestContextManager      : Caught exception while allowing TestExecutionListener [org.springframework.test.context.web.ServletTestExecutionListener@15f68bcc] to prepare test instance [com.ing.custom.web.SecurityTagControllerTest@59b17a11]

java.lang.IllegalStateException: Failed to load ApplicationContext
	at org.springframework.test.context.cache.DefaultCacheAwareContextLoaderDelegate.loadContext(DefaultCacheAwareContextLoaderDelegate.java:124) ~[spring-test-4.3.4.RELEASE.jar:4.3.4.RELEASE]
	at org.springframework.test.context.support.DefaultTestContext.getApplicationContext(DefaultTestContext.java:83) ~[spring-test-4.3.4.RELEASE.jar:4.3.4.RELEASE]
	at org.springframework.test.context.web.ServletTestExecutionListener.setUpRequestContextIfNecessary(ServletTestExecutionListener.java:189) ~[spring-test-4.3.4.RELEASE.jar:4.3.4.RELEASE]
	at org.springframework.test.context.web.ServletTestExecutionListener.prepareTestInstance(ServletTestExecutionListener.java:131) ~[spring-test-4.3.4.RELEASE.jar:4.3.4.RELEASE]
	at org.springframework.test.context.TestContextManager.prepareTestInstance(TestContextManager.java:230) ~[spring-test-4.3.4.RELEASE.jar:4.3.4.RELEASE]
	at org.springframework.test.context.junit4.SpringJUnit4ClassRunner.createTest(SpringJUnit4ClassRunner.java:228) [spring-test-4.3.4.RELEASE.jar:4.3.4.RELEASE]
	at org.springframework.test.context.junit4.SpringJUnit4ClassRunner$1.runReflectiveCall(SpringJUnit4ClassRunner.java:287) [spring-test-4.3.4.RELEASE.jar:4.3.4.RELEASE]
	at org.junit.internal.runners.model.ReflectiveCallable.run(ReflectiveCallable.java:12) [junit-4.12.jar:4.12]
	at org.springframework.test.context.junit4.SpringJUnit4ClassRunner.methodBlock(SpringJUnit4ClassRunner.java:289) [spring-test-4.3.4.RELEASE.jar:4.3.4.RELEASE]
	at org.springframework.test.context.junit4.SpringJUnit4ClassRunner.runChild(SpringJUnit4ClassRunner.java:247) [spring-test-4.3.4.RELEASE.jar:4.3.4.RELEASE]
	at org.springframework.test.context.junit4.SpringJUnit4ClassRunner.runChild(SpringJUnit4ClassRunner.java:94) [spring-test-4.3.4.RELEASE.jar:4.3.4.RELEASE]
	at org.junit.runners.ParentRunner$3.run(ParentRunner.java:290) [junit-4.12.jar:4.12]
	at org.junit.runners.ParentRunner$1.schedule(ParentRunner.java:71) [junit-4.12.jar:4.12]
	at org.junit.runners.ParentRunner.runChildren(ParentRunner.java:288) [junit-4.12.jar:4.12]
	at org.junit.runners.ParentRunner.access$000(ParentRunner.java:58) [junit-4.12.jar:4.12]
	at org.junit.runners.ParentRunner$2.evaluate(ParentRunner.java:268) [junit-4.12.jar:4.12]
	at org.springframework.test.context.junit4.statements.RunBeforeTestClassCallbacks.evaluate(RunBeforeTestClassCallbacks.java:61) [spring-test-4.3.4.RELEASE.jar:4.3.4.RELEASE]
	at org.springframework.test.context.junit4.statements.RunAfterTestClassCallbacks.evaluate(RunAfterTestClassCallbacks.java:70) [spring-test-4.3.4.RELEASE.jar:4.3.4.RELEASE]
	at org.junit.runners.ParentRunner.run(ParentRunner.java:363) [junit-4.12.jar:4.12]
	at org.springframework.test.context.junit4.SpringJUnit4ClassRunner.run(SpringJUnit4ClassRunner.java:191) [spring-test-4.3.4.RELEASE.jar:4.3.4.RELEASE]
	at org.apache.maven.surefire.junit4.JUnit4Provider.execute(JUnit4Provider.java:264) [surefire-junit4-2.14.1.jar:2.14.1]
	at org.apache.maven.surefire.junit4.JUnit4Provider.executeTestSet(JUnit4Provider.java:153) [surefire-junit4-2.14.1.jar:2.14.1]
	at org.apache.maven.surefire.junit4.JUnit4Provider.invoke(JUnit4Provider.java:124) [surefire-junit4-2.14.1.jar:2.14.1]
	at sun.reflect.NativeMethodAccessorImpl.invoke0(Native Method) ~[na:1.8.0_121]
	at sun.reflect.NativeMethodAccessorImpl.invoke(NativeMethodAccessorImpl.java:62) ~[na:1.8.0_121]
	at sun.reflect.DelegatingMethodAccessorImpl.invoke(DelegatingMethodAccessorImpl.java:43) ~[na:1.8.0_121]
	at java.lang.reflect.Method.invoke(Method.java:498) ~[na:1.8.0_121]
	at org.apache.maven.surefire.util.ReflectionUtils.invokeMethodWithArray2(ReflectionUtils.java:208) [surefire-api-2.14.1.jar:2.14.1]
	at org.apache.maven.surefire.booter.ProviderFactory$ProviderProxy.invoke(ProviderFactory.java:159) [surefire-booter-2.14.1.jar:2.14.1]
	at org.apache.maven.surefire.booter.ProviderFactory.invokeProvider(ProviderFactory.java:87) [surefire-booter-2.14.1.jar:2.14.1]
	at org.apache.maven.surefire.booter.ForkedBooter.runSuitesInProcess(ForkedBooter.java:153) [surefire-booter-2.14.1.jar:2.14.1]
	at org.apache.maven.surefire.booter.ForkedBooter.main(ForkedBooter.java:95) [surefire-booter-2.14.1.jar:2.14.1]
Caused by: org.apache.camel.spring.boot.CamelSpringBootInitializationException: org.apache.camel.FailedToCreateRouteException: Failed to create route route93 at: >>> Choice[[When[{header{action} == all} -> [To[GetAllATMs]]], When[{header{action} == inCity} -> [To[GetAllATMsInCity]]]]] <<< in route: Route(route93)[[From[direct:call]] -> [SetBody[{null}], Choi... because of No endpoint could be found for: GetAllATMs, please check your classpath contains the needed Camel component jar.
	at org.apache.camel.spring.boot.RoutesCollector.onApplicationEvent(RoutesCollector.java:126) ~[camel-spring-boot-2.17.0.jar:2.17.0]
	at org.apache.camel.spring.boot.RoutesCollector.onApplicationEvent(RoutesCollector.java:41) ~[camel-spring-boot-2.17.0.jar:2.17.0]
	at org.springframework.context.event.SimpleApplicationEventMulticaster.invokeListener(SimpleApplicationEventMulticaster.java:166) ~[spring-context-4.3.4.RELEASE.jar:4.3.4.RELEASE]
	at org.springframework.context.event.SimpleApplicationEventMulticaster.multicastEvent(SimpleApplicationEventMulticaster.java:138) ~[spring-context-4.3.4.RELEASE.jar:4.3.4.RELEASE]
	at org.springframework.context.support.AbstractApplicationContext.publishEvent(AbstractApplicationContext.java:383) ~[spring-context-4.3.4.RELEASE.jar:4.3.4.RELEASE]
	at org.springframework.context.support.AbstractApplicationContext.publishEvent(AbstractApplicationContext.java:337) ~[spring-context-4.3.4.RELEASE.jar:4.3.4.RELEASE]
	at org.springframework.context.support.AbstractApplicationContext.finishRefresh(AbstractApplicationContext.java:882) ~[spring-context-4.3.4.RELEASE.jar:4.3.4.RELEASE]
	at org.springframework.context.support.AbstractApplicationContext.refresh(AbstractApplicationContext.java:545) ~[spring-context-4.3.4.RELEASE.jar:4.3.4.RELEASE]
	at org.springframework.boot.SpringApplication.refresh(SpringApplication.java:766) ~[spring-boot-1.3.3.RELEASE.jar:1.3.3.RELEASE]
	at org.springframework.boot.SpringApplication.createAndRefreshContext(SpringApplication.java:361) ~[spring-boot-1.3.3.RELEASE.jar:1.3.3.RELEASE]
	at org.springframework.boot.SpringApplication.run(SpringApplication.java:307) ~[spring-boot-1.3.3.RELEASE.jar:1.3.3.RELEASE]
	at org.springframework.boot.test.SpringApplicationContextLoader.loadContext(SpringApplicationContextLoader.java:98) ~[spring-boot-1.3.3.RELEASE.jar:1.3.3.RELEASE]
	at org.springframework.test.context.cache.DefaultCacheAwareContextLoaderDelegate.loadContextInternal(DefaultCacheAwareContextLoaderDelegate.java:98) ~[spring-test-4.3.4.RELEASE.jar:4.3.4.RELEASE]
	at org.springframework.test.context.cache.DefaultCacheAwareContextLoaderDelegate.loadContext(DefaultCacheAwareContextLoaderDelegate.java:116) ~[spring-test-4.3.4.RELEASE.jar:4.3.4.RELEASE]
	... 31 common frames omitted
Caused by: org.apache.camel.FailedToCreateRouteException: Failed to create route route93 at: >>> Choice[[When[{header{action} == all} -> [To[GetAllATMs]]], When[{header{action} == inCity} -> [To[GetAllATMsInCity]]]]] <<< in route: Route(route93)[[From[direct:call]] -> [SetBody[{null}], Choi... because of No endpoint could be found for: GetAllATMs, please check your classpath contains the needed Camel component jar.
	at org.apache.camel.model.RouteDefinition.addRoutes(RouteDefinition.java:1072) ~[camel-core-2.17.2.jar:2.17.2]
	at org.apache.camel.model.RouteDefinition.addRoutes(RouteDefinition.java:196) ~[camel-core-2.17.2.jar:2.17.2]
	at org.apache.camel.impl.DefaultCamelContext.startRoute(DefaultCamelContext.java:974) ~[camel-core-2.17.2.jar:2.17.2]
	at org.apache.camel.impl.DefaultCamelContext.startRouteDefinitions(DefaultCamelContext.java:3301) ~[camel-core-2.17.2.jar:2.17.2]
	at org.apache.camel.impl.DefaultCamelContext.doStartCamel(DefaultCamelContext.java:3024) ~[camel-core-2.17.2.jar:2.17.2]
	at org.apache.camel.impl.DefaultCamelContext.access$000(DefaultCamelContext.java:175) ~[camel-core-2.17.2.jar:2.17.2]
	at org.apache.camel.impl.DefaultCamelContext$2.call(DefaultCamelContext.java:2854) ~[camel-core-2.17.2.jar:2.17.2]
	at org.apache.camel.impl.DefaultCamelContext$2.call(DefaultCamelContext.java:2850) ~[camel-core-2.17.2.jar:2.17.2]
	at org.apache.camel.impl.DefaultCamelContext.doWithDefinedClassLoader(DefaultCamelContext.java:2873) ~[camel-core-2.17.2.jar:2.17.2]
	at org.apache.camel.impl.DefaultCamelContext.doStart(DefaultCamelContext.java:2850) ~[camel-core-2.17.2.jar:2.17.2]
	at org.apache.camel.support.ServiceSupport.start(ServiceSupport.java:61) ~[camel-core-2.17.2.jar:2.17.2]
	at org.apache.camel.impl.DefaultCamelContext.start(DefaultCamelContext.java:2819) ~[camel-core-2.17.2.jar:2.17.2]
	at org.apache.camel.spring.boot.RoutesCollector.onApplicationEvent(RoutesCollector.java:116) ~[camel-spring-boot-2.17.0.jar:2.17.0]
	... 44 common frames omitted
Caused by: org.apache.camel.NoSuchEndpointException: No endpoint could be found for: GetAllATMs, please check your classpath contains the needed Camel component jar.
	at org.apache.camel.util.CamelContextHelper.getMandatoryEndpoint(CamelContextHelper.java:81) ~[camel-core-2.17.2.jar:2.17.2]
	at org.apache.camel.model.RouteDefinition.resolveEndpoint(RouteDefinition.java:211) ~[camel-core-2.17.2.jar:2.17.2]
	at org.apache.camel.impl.DefaultRouteContext.resolveEndpoint(DefaultRouteContext.java:107) ~[camel-core-2.17.2.jar:2.17.2]
	at org.apache.camel.impl.DefaultRouteContext.resolveEndpoint(DefaultRouteContext.java:113) ~[camel-core-2.17.2.jar:2.17.2]
	at org.apache.camel.model.SendDefinition.resolveEndpoint(SendDefinition.java:62) ~[camel-core-2.17.2.jar:2.17.2]
	at org.apache.camel.model.SendDefinition.createProcessor(SendDefinition.java:56) ~[camel-core-2.17.2.jar:2.17.2]
	at org.apache.camel.model.ProcessorDefinition.createProcessor(ProcessorDefinition.java:483) ~[camel-core-2.17.2.jar:2.17.2]
	at org.apache.camel.model.ProcessorDefinition.createOutputsProcessorImpl(ProcessorDefinition.java:446) ~[camel-core-2.17.2.jar:2.17.2]
	at org.apache.camel.model.ProcessorDefinition.createOutputsProcessor(ProcessorDefinition.java:413) ~[camel-core-2.17.2.jar:2.17.2]
	at org.apache.camel.model.ProcessorDefinition.createOutputsProcessor(ProcessorDefinition.java:165) ~[camel-core-2.17.2.jar:2.17.2]
	at org.apache.camel.model.ExpressionNode.createFilterProcessor(ExpressionNode.java:109) ~[camel-core-2.17.2.jar:2.17.2]
	at org.apache.camel.model.WhenDefinition.createProcessor(WhenDefinition.java:74) ~[camel-core-2.17.2.jar:2.17.2]
	at org.apache.camel.model.WhenDefinition.createProcessor(WhenDefinition.java:32) ~[camel-core-2.17.2.jar:2.17.2]
	at org.apache.camel.model.ProcessorDefinition.createProcessor(ProcessorDefinition.java:483) ~[camel-core-2.17.2.jar:2.17.2]
	at org.apache.camel.model.ChoiceDefinition.createProcessor(ChoiceDefinition.java:135) ~[camel-core-2.17.2.jar:2.17.2]
	at org.apache.camel.model.ProcessorDefinition.makeProcessorImpl(ProcessorDefinition.java:534) ~[camel-core-2.17.2.jar:2.17.2]
	at org.apache.camel.model.ProcessorDefinition.makeProcessor(ProcessorDefinition.java:495) ~[camel-core-2.17.2.jar:2.17.2]
	at org.apache.camel.model.ProcessorDefinition.addRoutes(ProcessorDefinition.java:219) ~[camel-core-2.17.2.jar:2.17.2]
	at org.apache.camel.model.RouteDefinition.addRoutes(RouteDefinition.java:1069) ~[camel-core-2.17.2.jar:2.17.2]
	... 56 common frames omitted

]]></system-out>
  </testcase>
  <testcase name="whenAdminPage_withAdminUser_thenSuccess" classname="com.ing.custom.web.SecurityTagControllerTest" time="0">
    <error message="Failed to load ApplicationContext" type="java.lang.IllegalStateException">java.lang.IllegalStateException: Failed to load ApplicationContext
	at org.apache.camel.util.CamelContextHelper.getMandatoryEndpoint(CamelContextHelper.java:81)
	at org.apache.camel.model.RouteDefinition.resolveEndpoint(RouteDefinition.java:211)
	at org.apache.camel.impl.DefaultRouteContext.resolveEndpoint(DefaultRouteContext.java:107)
	at org.apache.camel.impl.DefaultRouteContext.resolveEndpoint(DefaultRouteContext.java:113)
	at org.apache.camel.model.SendDefinition.resolveEndpoint(SendDefinition.java:62)
	at org.apache.camel.model.SendDefinition.createProcessor(SendDefinition.java:56)
	at org.apache.camel.model.ProcessorDefinition.createProcessor(ProcessorDefinition.java:483)
	at org.apache.camel.model.ProcessorDefinition.createOutputsProcessorImpl(ProcessorDefinition.java:446)
	at org.apache.camel.model.ProcessorDefinition.createOutputsProcessor(ProcessorDefinition.java:413)
	at org.apache.camel.model.ProcessorDefinition.createOutputsProcessor(ProcessorDefinition.java:165)
	at org.apache.camel.model.ExpressionNode.createFilterProcessor(ExpressionNode.java:109)
	at org.apache.camel.model.WhenDefinition.createProcessor(WhenDefinition.java:74)
	at org.apache.camel.model.WhenDefinition.createProcessor(WhenDefinition.java:32)
	at org.apache.camel.model.ProcessorDefinition.createProcessor(ProcessorDefinition.java:483)
	at org.apache.camel.model.ChoiceDefinition.createProcessor(ChoiceDefinition.java:135)
	at org.apache.camel.model.ProcessorDefinition.makeProcessorImpl(ProcessorDefinition.java:534)
	at org.apache.camel.model.ProcessorDefinition.makeProcessor(ProcessorDefinition.java:495)
	at org.apache.camel.model.ProcessorDefinition.addRoutes(ProcessorDefinition.java:219)
	at org.apache.camel.model.RouteDefinition.addRoutes(RouteDefinition.java:1069)
	at org.apache.camel.model.RouteDefinition.addRoutes(RouteDefinition.java:196)
	at org.apache.camel.impl.DefaultCamelContext.startRoute(DefaultCamelContext.java:974)
	at org.apache.camel.impl.DefaultCamelContext.startRouteDefinitions(DefaultCamelContext.java:3301)
	at org.apache.camel.impl.DefaultCamelContext.doStartCamel(DefaultCamelContext.java:3024)
	at org.apache.camel.impl.DefaultCamelContext.access$000(DefaultCamelContext.java:175)
	at org.apache.camel.impl.DefaultCamelContext$2.call(DefaultCamelContext.java:2854)
	at org.apache.camel.impl.DefaultCamelContext$2.call(DefaultCamelContext.java:2850)
	at org.apache.camel.impl.DefaultCamelContext.doWithDefinedClassLoader(DefaultCamelContext.java:2873)
	at org.apache.camel.impl.DefaultCamelContext.doStart(DefaultCamelContext.java:2850)
	at org.apache.camel.support.ServiceSupport.start(ServiceSupport.java:61)
	at org.apache.camel.impl.DefaultCamelContext.start(DefaultCamelContext.java:2819)
	at org.apache.camel.spring.boot.RoutesCollector.onApplicationEvent(RoutesCollector.java:116)
	at org.apache.camel.spring.boot.RoutesCollector.onApplicationEvent(RoutesCollector.java:41)
	at org.springframework.context.event.SimpleApplicationEventMulticaster.invokeListener(SimpleApplicationEventMulticaster.java:166)
	at org.springframework.context.event.SimpleApplicationEventMulticaster.multicastEvent(SimpleApplicationEventMulticaster.java:138)
	at org.springframework.context.support.AbstractApplicationContext.publishEvent(AbstractApplicationContext.java:383)
	at org.springframework.context.support.AbstractApplicationContext.publishEvent(AbstractApplicationContext.java:337)
	at org.springframework.context.support.AbstractApplicationContext.finishRefresh(AbstractApplicationContext.java:882)
	at org.springframework.context.support.AbstractApplicationContext.refresh(AbstractApplicationContext.java:545)
	at org.springframework.boot.SpringApplication.refresh(SpringApplication.java:766)
	at org.springframework.boot.SpringApplication.createAndRefreshContext(SpringApplication.java:361)
	at org.springframework.boot.SpringApplication.run(SpringApplication.java:307)
	at org.springframework.boot.test.SpringApplicationContextLoader.loadContext(SpringApplicationContextLoader.java:98)
	at org.springframework.test.context.cache.DefaultCacheAwareContextLoaderDelegate.loadContextInternal(DefaultCacheAwareContextLoaderDelegate.java:98)
	at org.springframework.test.context.cache.DefaultCacheAwareContextLoaderDelegate.loadContext(DefaultCacheAwareContextLoaderDelegate.java:116)
	at org.springframework.test.context.support.DefaultTestContext.getApplicationContext(DefaultTestContext.java:83)
	at org.springframework.test.context.web.ServletTestExecutionListener.setUpRequestContextIfNecessary(ServletTestExecutionListener.java:189)
	at org.springframework.test.context.web.ServletTestExecutionListener.prepareTestInstance(ServletTestExecutionListener.java:131)
	at org.springframework.test.context.TestContextManager.prepareTestInstance(TestContextManager.java:230)
	at org.springframework.test.context.junit4.SpringJUnit4ClassRunner.createTest(SpringJUnit4ClassRunner.java:228)
	at org.springframework.test.context.junit4.SpringJUnit4ClassRunner$1.runReflectiveCall(SpringJUnit4ClassRunner.java:287)
	at org.junit.internal.runners.model.ReflectiveCallable.run(ReflectiveCallable.java:12)
	at org.springframework.test.context.junit4.SpringJUnit4ClassRunner.methodBlock(SpringJUnit4ClassRunner.java:289)
	at org.springframework.test.context.junit4.SpringJUnit4ClassRunner.runChild(SpringJUnit4ClassRunner.java:247)
	at org.springframework.test.context.junit4.SpringJUnit4ClassRunner.runChild(SpringJUnit4ClassRunner.java:94)
	at org.junit.runners.ParentRunner$3.run(ParentRunner.java:290)
	at org.junit.runners.ParentRunner$1.schedule(ParentRunner.java:71)
	at org.junit.runners.ParentRunner.runChildren(ParentRunner.java:288)
	at org.junit.runners.ParentRunner.access$000(ParentRunner.java:58)
	at org.junit.runners.ParentRunner$2.evaluate(ParentRunner.java:268)
	at org.springframework.test.context.junit4.statements.RunBeforeTestClassCallbacks.evaluate(RunBeforeTestClassCallbacks.java:61)
	at org.springframework.test.context.junit4.statements.RunAfterTestClassCallbacks.evaluate(RunAfterTestClassCallbacks.java:70)
	at org.junit.runners.ParentRunner.run(ParentRunner.java:363)
	at org.springframework.test.context.junit4.SpringJUnit4ClassRunner.run(SpringJUnit4ClassRunner.java:191)
	at org.apache.maven.surefire.junit4.JUnit4Provider.execute(JUnit4Provider.java:264)
	at org.apache.maven.surefire.junit4.JUnit4Provider.executeTestSet(JUnit4Provider.java:153)
	at org.apache.maven.surefire.junit4.JUnit4Provider.invoke(JUnit4Provider.java:124)
	at sun.reflect.NativeMethodAccessorImpl.invoke0(Native Method)
	at sun.reflect.NativeMethodAccessorImpl.invoke(NativeMethodAccessorImpl.java:62)
	at sun.reflect.DelegatingMethodAccessorImpl.invoke(DelegatingMethodAccessorImpl.java:43)
	at java.lang.reflect.Method.invoke(Method.java:498)
	at org.apache.maven.surefire.util.ReflectionUtils.invokeMethodWithArray2(ReflectionUtils.java:208)
	at org.apache.maven.surefire.booter.ProviderFactory$ProviderProxy.invoke(ProviderFactory.java:159)
	at org.apache.maven.surefire.booter.ProviderFactory.invokeProvider(ProviderFactory.java:87)
	at org.apache.maven.surefire.booter.ForkedBooter.runSuitesInProcess(ForkedBooter.java:153)
	at org.apache.maven.surefire.booter.ForkedBooter.main(ForkedBooter.java:95)
</error>
    <system-out><![CDATA[
  .   ____          _            __ _ _
 /\\ / ___'_ __ _ _(_)_ __  __ _ \ \ \ \
( ( )\___ | '_ | '_| | '_ \/ _` | \ \ \ \
 \\/  ___)| |_)| | | | | || (_| |  ) ) ) )
  '  |____| .__|_| |_|_| |_\__, | / / / /
 =========|_|==============|___/=/_/_/_/
 :: Spring Boot ::        (v1.3.3.RELEASE)

2017-04-10 19:13:42.325  INFO 8220 --- [           main] c.i.c.web.SecurityTagControllerTest      : Starting SecurityTagControllerTest on PPL882039FC with PID 8220 (C:\Users\normsby\Documents\NetBeansProjects\ING_ATM_Locator\target\test-classes started by normsby in C:\Users\normsby\Documents\NetBeansProjects\ING_ATM_Locator)
2017-04-10 19:13:42.325  INFO 8220 --- [           main] c.i.c.web.SecurityTagControllerTest      : No active profile set, falling back to default profiles: default
2017-04-10 19:13:42.335  INFO 8220 --- [           main] o.s.w.c.s.GenericWebApplicationContext   : Refreshing org.springframework.web.context.support.GenericWebApplicationContext@60c60799: startup date [Mon Apr 10 19:13:42 EDT 2017]; root of context hierarchy
2017-04-10 19:13:42.615  INFO 8220 --- [           main] trationDelegate$BeanPostProcessorChecker : Bean 'org.springframework.security.config.annotation.configuration.ObjectPostProcessorConfiguration' of type [class org.springframework.security.config.annotation.configuration.ObjectPostProcessorConfiguration$$EnhancerBySpringCGLIB$$da46e5e5] is not eligible for getting processed by all BeanPostProcessors (for example: not eligible for auto-proxying)
2017-04-10 19:13:42.625  INFO 8220 --- [           main] trationDelegate$BeanPostProcessorChecker : Bean 'objectPostProcessor' of type [class org.springframework.security.config.annotation.configuration.AutowireBeanFactoryObjectPostProcessor] is not eligible for getting processed by all BeanPostProcessors (for example: not eligible for auto-proxying)
2017-04-10 19:13:42.625  INFO 8220 --- [           main] trationDelegate$BeanPostProcessorChecker : Bean 'org.springframework.security.access.expression.method.DefaultMethodSecurityExpressionHandler@df8f037' of type [class org.springframework.security.access.expression.method.DefaultMethodSecurityExpressionHandler] is not eligible for getting processed by all BeanPostProcessors (for example: not eligible for auto-proxying)
2017-04-10 19:13:42.625  INFO 8220 --- [           main] trationDelegate$BeanPostProcessorChecker : Bean 'org.springframework.security.config.annotation.method.configuration.GlobalMethodSecurityConfiguration' of type [class org.springframework.security.config.annotation.method.configuration.GlobalMethodSecurityConfiguration$$EnhancerBySpringCGLIB$$ff1b8897] is not eligible for getting processed by all BeanPostProcessors (for example: not eligible for auto-proxying)
2017-04-10 19:13:42.625  INFO 8220 --- [           main] trationDelegate$BeanPostProcessorChecker : Bean 'methodSecurityMetadataSource' of type [class org.springframework.security.access.method.DelegatingMethodSecurityMetadataSource] is not eligible for getting processed by all BeanPostProcessors (for example: not eligible for auto-proxying)
2017-04-10 19:13:42.625  INFO 8220 --- [           main] trationDelegate$BeanPostProcessorChecker : Bean 'org.apache.camel.spring.boot.CamelAutoConfiguration' of type [class org.apache.camel.spring.boot.CamelAutoConfiguration$$EnhancerBySpringCGLIB$$63c2e3ca] is not eligible for getting processed by all BeanPostProcessors (for example: not eligible for auto-proxying)
2017-04-10 19:13:42.985  INFO 8220 --- [           main] o.s.s.web.DefaultSecurityFilterChain     : Creating filter chain: org.springframework.security.web.util.matcher.AnyRequestMatcher@1, [org.springframework.security.web.context.request.async.WebAsyncManagerIntegrationFilter@50168b34, org.springframework.security.web.context.SecurityContextPersistenceFilter@6716ddc5, org.springframework.security.web.header.HeaderWriterFilter@1ec0c9b3, org.springframework.security.web.csrf.CsrfFilter@7597bcc7, org.springframework.security.web.authentication.logout.LogoutFilter@4456ffd2, org.springframework.security.web.authentication.UsernamePasswordAuthenticationFilter@8e0742a, org.springframework.security.web.savedrequest.RequestCacheAwareFilter@ad1c164, org.springframework.security.web.servletapi.SecurityContextHolderAwareRequestFilter@12441cdc, org.springframework.security.web.authentication.AnonymousAuthenticationFilter@30066ebf, org.springframework.security.web.session.SessionManagementFilter@2f2f3d63, org.springframework.security.web.access.ExceptionTranslationFilter@26396269, org.springframework.security.web.access.intercept.FilterSecurityInterceptor@aecdf5e]
2017-04-10 19:13:43.065  INFO 8220 --- [           main] s.w.s.m.m.a.RequestMappingHandlerAdapter : Looking for @ControllerAdvice: org.springframework.web.context.support.GenericWebApplicationContext@60c60799: startup date [Mon Apr 10 19:13:42 EDT 2017]; root of context hierarchy
2017-04-10 19:13:43.085  INFO 8220 --- [           main] s.w.s.m.m.a.RequestMappingHandlerMapping : Mapped "{[/error]}" onto public java.lang.String com.ing.error.CustomErrorController.customError(org.springframework.ui.Model,javax.servlet.http.HttpServletRequest)
2017-04-10 19:13:43.085  INFO 8220 --- [           main] s.w.s.m.m.a.RequestMappingHandlerMapping : Mapped "{[/403]}" onto public java.lang.String com.ing.error.CustomErrorController.unauthorised(org.springframework.ui.Model,javax.servlet.http.HttpServletRequest)
2017-04-10 19:13:43.085  INFO 8220 --- [           main] s.w.s.m.m.a.RequestMappingHandlerMapping : Mapped "{[/index],methods=[GET]}" onto public java.lang.String com.ing.web.MainController.index()
2017-04-10 19:13:43.085  INFO 8220 --- [           main] s.w.s.m.m.a.RequestMappingHandlerMapping : Mapped "{[/],methods=[GET]}" onto public java.lang.String com.ing.web.MainController.root()
2017-04-10 19:13:43.085  INFO 8220 --- [           main] s.w.s.m.m.a.RequestMappingHandlerMapping : Mapped "{[/login-error],methods=[GET]}" onto public java.lang.String com.ing.web.MainController.loginError(org.springframework.ui.Model)
2017-04-10 19:13:43.085  INFO 8220 --- [           main] s.w.s.m.m.a.RequestMappingHandlerMapping : Mapped "{[/login],methods=[GET]}" onto public java.lang.String com.ing.web.MainController.login()
2017-04-10 19:13:43.085  INFO 8220 --- [           main] s.w.s.m.m.a.RequestMappingHandlerMapping : Mapped "{[/admin/index],methods=[GET]}" onto public java.lang.String com.ing.web.MainController.adminIndex()
2017-04-10 19:13:43.085  INFO 8220 --- [           main] s.w.s.m.m.a.RequestMappingHandlerMapping : Mapped "{[/user/index],methods=[GET]}" onto public java.lang.String com.ing.web.MainController.userIndex()
2017-04-10 19:13:43.085  INFO 8220 --- [           main] s.w.s.m.m.a.RequestMappingHandlerMapping : Mapped "{[/public/index],methods=[GET]}" onto public java.lang.String com.ing.web.MainController.publicIndex()
2017-04-10 19:13:43.085  INFO 8220 --- [           main] s.w.s.m.m.a.RequestMappingHandlerMapping : Mapped "{[/extra/index],methods=[GET]}" onto public java.lang.String com.ing.web.MainController.extraIndex()
2017-04-10 19:13:43.085  INFO 8220 --- [           main] s.w.s.m.m.a.RequestMappingHandlerMapping : Mapped "{[/tags/index],methods=[GET]}" onto public java.lang.String com.ing.web.SecurityTagController.index(org.springframework.security.core.userdetails.User)
2017-04-10 19:13:43.085  INFO 8220 --- [           main] s.w.s.m.m.a.RequestMappingHandlerMapping : Mapped "{[/tags/admin/index],methods=[GET]}" onto public java.lang.String com.ing.web.SecurityTagController.adminIndex(org.springframework.security.core.userdetails.User)
2017-04-10 19:13:43.085  INFO 8220 --- [           main] s.w.s.m.m.a.RequestMappingHandlerMapping : Mapped "{[/tags/extra/index],methods=[GET]}" onto public java.lang.String com.ing.web.SecurityTagController.extraUser(org.springframework.security.core.userdetails.User)
2017-04-10 19:13:43.085  INFO 8220 --- [           main] s.w.s.m.m.a.RequestMappingHandlerMapping : Mapped "{[/tags/user/index],methods=[GET]}" onto public java.lang.String com.ing.web.SecurityTagController.userIndex(org.springframework.security.core.userdetails.User)
2017-04-10 19:13:43.215  INFO 8220 --- [           main] o.s.w.s.handler.SimpleUrlHandlerMapping  : Mapped URL path [/webjars/**] onto handler of type [class org.springframework.web.servlet.resource.ResourceHttpRequestHandler]
2017-04-10 19:13:43.215  INFO 8220 --- [           main] o.s.w.s.handler.SimpleUrlHandlerMapping  : Mapped URL path [/**] onto handler of type [class org.springframework.web.servlet.resource.ResourceHttpRequestHandler]
2017-04-10 19:13:43.245  INFO 8220 --- [           main] o.s.w.s.handler.SimpleUrlHandlerMapping  : Mapped URL path [/**/favicon.ico] onto handler of type [class org.springframework.web.servlet.resource.ResourceHttpRequestHandler]
2017-04-10 19:13:43.335  INFO 8220 --- [           main] o.a.c.i.converter.DefaultTypeConverter   : Loaded 191 type converters
2017-04-10 19:13:43.435  INFO 8220 --- [           main] o.a.camel.spring.boot.RoutesCollector    : Loading additional Camel XML routes from: classpath:camel/*.xml
2017-04-10 19:13:43.435  INFO 8220 --- [           main] o.a.camel.spring.boot.RoutesCollector    : Loading additional Camel XML rests from: classpath:camel-rest/*.xml
2017-04-10 19:13:43.435  INFO 8220 --- [           main] o.a.camel.spring.SpringCamelContext      : Apache Camel 2.17.2 (CamelContext: camel-32) is starting
2017-04-10 19:13:43.435  INFO 8220 --- [           main] o.a.c.m.ManagedManagementStrategy        : JMX is enabled
2017-04-10 19:13:43.445  INFO 8220 --- [           main] o.a.c.i.DefaultRuntimeEndpointRegistry   : Runtime endpoint registry is in extended mode gathering usage statistics of all incoming and outgoing endpoints (cache limit: 1000)
2017-04-10 19:13:43.475  INFO 8220 --- [           main] o.a.camel.spring.SpringCamelContext      : Apache Camel 2.17.2 (CamelContext: camel-32) is shutting down
2017-04-10 19:13:43.475  INFO 8220 --- [           main] o.a.camel.spring.SpringCamelContext      : Apache Camel 2.17.2 (CamelContext: camel-32) uptime 0.040 seconds
2017-04-10 19:13:43.475  INFO 8220 --- [           main] o.a.camel.spring.SpringCamelContext      : Apache Camel 2.17.2 (CamelContext: camel-32) is shutdown in 0.000 seconds
2017-04-10 19:13:43.475 ERROR 8220 --- [           main] o.s.boot.SpringApplication               : Application startup failed

org.apache.camel.spring.boot.CamelSpringBootInitializationException: org.apache.camel.FailedToCreateRouteException: Failed to create route route96 at: >>> Choice[[When[{header{action} == all} -> [To[GetAllATMs]]], When[{header{action} == inCity} -> [To[GetAllATMsInCity]]]]] <<< in route: Route(route96)[[From[direct:call]] -> [SetBody[{null}], Choi... because of No endpoint could be found for: GetAllATMs, please check your classpath contains the needed Camel component jar.
	at org.apache.camel.spring.boot.RoutesCollector.onApplicationEvent(RoutesCollector.java:126) ~[camel-spring-boot-2.17.0.jar:2.17.0]
	at org.apache.camel.spring.boot.RoutesCollector.onApplicationEvent(RoutesCollector.java:41) ~[camel-spring-boot-2.17.0.jar:2.17.0]
	at org.springframework.context.event.SimpleApplicationEventMulticaster.invokeListener(SimpleApplicationEventMulticaster.java:166) ~[spring-context-4.3.4.RELEASE.jar:4.3.4.RELEASE]
	at org.springframework.context.event.SimpleApplicationEventMulticaster.multicastEvent(SimpleApplicationEventMulticaster.java:138) ~[spring-context-4.3.4.RELEASE.jar:4.3.4.RELEASE]
	at org.springframework.context.support.AbstractApplicationContext.publishEvent(AbstractApplicationContext.java:383) ~[spring-context-4.3.4.RELEASE.jar:4.3.4.RELEASE]
	at org.springframework.context.support.AbstractApplicationContext.publishEvent(AbstractApplicationContext.java:337) ~[spring-context-4.3.4.RELEASE.jar:4.3.4.RELEASE]
	at org.springframework.context.support.AbstractApplicationContext.finishRefresh(AbstractApplicationContext.java:882) ~[spring-context-4.3.4.RELEASE.jar:4.3.4.RELEASE]
	at org.springframework.context.support.AbstractApplicationContext.refresh(AbstractApplicationContext.java:545) ~[spring-context-4.3.4.RELEASE.jar:4.3.4.RELEASE]
	at org.springframework.boot.SpringApplication.refresh(SpringApplication.java:766) ~[spring-boot-1.3.3.RELEASE.jar:1.3.3.RELEASE]
	at org.springframework.boot.SpringApplication.createAndRefreshContext(SpringApplication.java:361) ~[spring-boot-1.3.3.RELEASE.jar:1.3.3.RELEASE]
	at org.springframework.boot.SpringApplication.run(SpringApplication.java:307) ~[spring-boot-1.3.3.RELEASE.jar:1.3.3.RELEASE]
	at org.springframework.boot.test.SpringApplicationContextLoader.loadContext(SpringApplicationContextLoader.java:98) [spring-boot-1.3.3.RELEASE.jar:1.3.3.RELEASE]
	at org.springframework.test.context.cache.DefaultCacheAwareContextLoaderDelegate.loadContextInternal(DefaultCacheAwareContextLoaderDelegate.java:98) [spring-test-4.3.4.RELEASE.jar:4.3.4.RELEASE]
	at org.springframework.test.context.cache.DefaultCacheAwareContextLoaderDelegate.loadContext(DefaultCacheAwareContextLoaderDelegate.java:116) [spring-test-4.3.4.RELEASE.jar:4.3.4.RELEASE]
	at org.springframework.test.context.support.DefaultTestContext.getApplicationContext(DefaultTestContext.java:83) [spring-test-4.3.4.RELEASE.jar:4.3.4.RELEASE]
	at org.springframework.test.context.web.ServletTestExecutionListener.setUpRequestContextIfNecessary(ServletTestExecutionListener.java:189) [spring-test-4.3.4.RELEASE.jar:4.3.4.RELEASE]
	at org.springframework.test.context.web.ServletTestExecutionListener.prepareTestInstance(ServletTestExecutionListener.java:131) [spring-test-4.3.4.RELEASE.jar:4.3.4.RELEASE]
	at org.springframework.test.context.TestContextManager.prepareTestInstance(TestContextManager.java:230) [spring-test-4.3.4.RELEASE.jar:4.3.4.RELEASE]
	at org.springframework.test.context.junit4.SpringJUnit4ClassRunner.createTest(SpringJUnit4ClassRunner.java:228) [spring-test-4.3.4.RELEASE.jar:4.3.4.RELEASE]
	at org.springframework.test.context.junit4.SpringJUnit4ClassRunner$1.runReflectiveCall(SpringJUnit4ClassRunner.java:287) [spring-test-4.3.4.RELEASE.jar:4.3.4.RELEASE]
	at org.junit.internal.runners.model.ReflectiveCallable.run(ReflectiveCallable.java:12) [junit-4.12.jar:4.12]
	at org.springframework.test.context.junit4.SpringJUnit4ClassRunner.methodBlock(SpringJUnit4ClassRunner.java:289) [spring-test-4.3.4.RELEASE.jar:4.3.4.RELEASE]
	at org.springframework.test.context.junit4.SpringJUnit4ClassRunner.runChild(SpringJUnit4ClassRunner.java:247) [spring-test-4.3.4.RELEASE.jar:4.3.4.RELEASE]
	at org.springframework.test.context.junit4.SpringJUnit4ClassRunner.runChild(SpringJUnit4ClassRunner.java:94) [spring-test-4.3.4.RELEASE.jar:4.3.4.RELEASE]
	at org.junit.runners.ParentRunner$3.run(ParentRunner.java:290) [junit-4.12.jar:4.12]
	at org.junit.runners.ParentRunner$1.schedule(ParentRunner.java:71) [junit-4.12.jar:4.12]
	at org.junit.runners.ParentRunner.runChildren(ParentRunner.java:288) [junit-4.12.jar:4.12]
	at org.junit.runners.ParentRunner.access$000(ParentRunner.java:58) [junit-4.12.jar:4.12]
	at org.junit.runners.ParentRunner$2.evaluate(ParentRunner.java:268) [junit-4.12.jar:4.12]
	at org.springframework.test.context.junit4.statements.RunBeforeTestClassCallbacks.evaluate(RunBeforeTestClassCallbacks.java:61) [spring-test-4.3.4.RELEASE.jar:4.3.4.RELEASE]
	at org.springframework.test.context.junit4.statements.RunAfterTestClassCallbacks.evaluate(RunAfterTestClassCallbacks.java:70) [spring-test-4.3.4.RELEASE.jar:4.3.4.RELEASE]
	at org.junit.runners.ParentRunner.run(ParentRunner.java:363) [junit-4.12.jar:4.12]
	at org.springframework.test.context.junit4.SpringJUnit4ClassRunner.run(SpringJUnit4ClassRunner.java:191) [spring-test-4.3.4.RELEASE.jar:4.3.4.RELEASE]
	at org.apache.maven.surefire.junit4.JUnit4Provider.execute(JUnit4Provider.java:264) [surefire-junit4-2.14.1.jar:2.14.1]
	at org.apache.maven.surefire.junit4.JUnit4Provider.executeTestSet(JUnit4Provider.java:153) [surefire-junit4-2.14.1.jar:2.14.1]
	at org.apache.maven.surefire.junit4.JUnit4Provider.invoke(JUnit4Provider.java:124) [surefire-junit4-2.14.1.jar:2.14.1]
	at sun.reflect.NativeMethodAccessorImpl.invoke0(Native Method) ~[na:1.8.0_121]
	at sun.reflect.NativeMethodAccessorImpl.invoke(NativeMethodAccessorImpl.java:62) ~[na:1.8.0_121]
	at sun.reflect.DelegatingMethodAccessorImpl.invoke(DelegatingMethodAccessorImpl.java:43) ~[na:1.8.0_121]
	at java.lang.reflect.Method.invoke(Method.java:498) ~[na:1.8.0_121]
	at org.apache.maven.surefire.util.ReflectionUtils.invokeMethodWithArray2(ReflectionUtils.java:208) [surefire-api-2.14.1.jar:2.14.1]
	at org.apache.maven.surefire.booter.ProviderFactory$ProviderProxy.invoke(ProviderFactory.java:159) [surefire-booter-2.14.1.jar:2.14.1]
	at org.apache.maven.surefire.booter.ProviderFactory.invokeProvider(ProviderFactory.java:87) [surefire-booter-2.14.1.jar:2.14.1]
	at org.apache.maven.surefire.booter.ForkedBooter.runSuitesInProcess(ForkedBooter.java:153) [surefire-booter-2.14.1.jar:2.14.1]
	at org.apache.maven.surefire.booter.ForkedBooter.main(ForkedBooter.java:95) [surefire-booter-2.14.1.jar:2.14.1]
Caused by: org.apache.camel.FailedToCreateRouteException: Failed to create route route96 at: >>> Choice[[When[{header{action} == all} -> [To[GetAllATMs]]], When[{header{action} == inCity} -> [To[GetAllATMsInCity]]]]] <<< in route: Route(route96)[[From[direct:call]] -> [SetBody[{null}], Choi... because of No endpoint could be found for: GetAllATMs, please check your classpath contains the needed Camel component jar.
	at org.apache.camel.model.RouteDefinition.addRoutes(RouteDefinition.java:1072) ~[camel-core-2.17.2.jar:2.17.2]
	at org.apache.camel.model.RouteDefinition.addRoutes(RouteDefinition.java:196) ~[camel-core-2.17.2.jar:2.17.2]
	at org.apache.camel.impl.DefaultCamelContext.startRoute(DefaultCamelContext.java:974) ~[camel-core-2.17.2.jar:2.17.2]
	at org.apache.camel.impl.DefaultCamelContext.startRouteDefinitions(DefaultCamelContext.java:3301) ~[camel-core-2.17.2.jar:2.17.2]
	at org.apache.camel.impl.DefaultCamelContext.doStartCamel(DefaultCamelContext.java:3024) ~[camel-core-2.17.2.jar:2.17.2]
	at org.apache.camel.impl.DefaultCamelContext.access$000(DefaultCamelContext.java:175) ~[camel-core-2.17.2.jar:2.17.2]
	at org.apache.camel.impl.DefaultCamelContext$2.call(DefaultCamelContext.java:2854) ~[camel-core-2.17.2.jar:2.17.2]
	at org.apache.camel.impl.DefaultCamelContext$2.call(DefaultCamelContext.java:2850) ~[camel-core-2.17.2.jar:2.17.2]
	at org.apache.camel.impl.DefaultCamelContext.doWithDefinedClassLoader(DefaultCamelContext.java:2873) ~[camel-core-2.17.2.jar:2.17.2]
	at org.apache.camel.impl.DefaultCamelContext.doStart(DefaultCamelContext.java:2850) ~[camel-core-2.17.2.jar:2.17.2]
	at org.apache.camel.support.ServiceSupport.start(ServiceSupport.java:61) ~[camel-core-2.17.2.jar:2.17.2]
	at org.apache.camel.impl.DefaultCamelContext.start(DefaultCamelContext.java:2819) ~[camel-core-2.17.2.jar:2.17.2]
	at org.apache.camel.spring.boot.RoutesCollector.onApplicationEvent(RoutesCollector.java:116) ~[camel-spring-boot-2.17.0.jar:2.17.0]
	... 44 common frames omitted
Caused by: org.apache.camel.NoSuchEndpointException: No endpoint could be found for: GetAllATMs, please check your classpath contains the needed Camel component jar.
	at org.apache.camel.util.CamelContextHelper.getMandatoryEndpoint(CamelContextHelper.java:81) ~[camel-core-2.17.2.jar:2.17.2]
	at org.apache.camel.model.RouteDefinition.resolveEndpoint(RouteDefinition.java:211) ~[camel-core-2.17.2.jar:2.17.2]
	at org.apache.camel.impl.DefaultRouteContext.resolveEndpoint(DefaultRouteContext.java:107) ~[camel-core-2.17.2.jar:2.17.2]
	at org.apache.camel.impl.DefaultRouteContext.resolveEndpoint(DefaultRouteContext.java:113) ~[camel-core-2.17.2.jar:2.17.2]
	at org.apache.camel.model.SendDefinition.resolveEndpoint(SendDefinition.java:62) ~[camel-core-2.17.2.jar:2.17.2]
	at org.apache.camel.model.SendDefinition.createProcessor(SendDefinition.java:56) ~[camel-core-2.17.2.jar:2.17.2]
	at org.apache.camel.model.ProcessorDefinition.createProcessor(ProcessorDefinition.java:483) ~[camel-core-2.17.2.jar:2.17.2]
	at org.apache.camel.model.ProcessorDefinition.createOutputsProcessorImpl(ProcessorDefinition.java:446) ~[camel-core-2.17.2.jar:2.17.2]
	at org.apache.camel.model.ProcessorDefinition.createOutputsProcessor(ProcessorDefinition.java:413) ~[camel-core-2.17.2.jar:2.17.2]
	at org.apache.camel.model.ProcessorDefinition.createOutputsProcessor(ProcessorDefinition.java:165) ~[camel-core-2.17.2.jar:2.17.2]
	at org.apache.camel.model.ExpressionNode.createFilterProcessor(ExpressionNode.java:109) ~[camel-core-2.17.2.jar:2.17.2]
	at org.apache.camel.model.WhenDefinition.createProcessor(WhenDefinition.java:74) ~[camel-core-2.17.2.jar:2.17.2]
	at org.apache.camel.model.WhenDefinition.createProcessor(WhenDefinition.java:32) ~[camel-core-2.17.2.jar:2.17.2]
	at org.apache.camel.model.ProcessorDefinition.createProcessor(ProcessorDefinition.java:483) ~[camel-core-2.17.2.jar:2.17.2]
	at org.apache.camel.model.ChoiceDefinition.createProcessor(ChoiceDefinition.java:135) ~[camel-core-2.17.2.jar:2.17.2]
	at org.apache.camel.model.ProcessorDefinition.makeProcessorImpl(ProcessorDefinition.java:534) ~[camel-core-2.17.2.jar:2.17.2]
	at org.apache.camel.model.ProcessorDefinition.makeProcessor(ProcessorDefinition.java:495) ~[camel-core-2.17.2.jar:2.17.2]
	at org.apache.camel.model.ProcessorDefinition.addRoutes(ProcessorDefinition.java:219) ~[camel-core-2.17.2.jar:2.17.2]
	at org.apache.camel.model.RouteDefinition.addRoutes(RouteDefinition.java:1069) ~[camel-core-2.17.2.jar:2.17.2]
	... 56 common frames omitted

2017-04-10 19:13:43.475  INFO 8220 --- [           main] .b.l.ClasspathLoggingApplicationListener : Application failed to start with classpath: [file:/C:/Users/normsby/Documents/NetBeansProjects/ING_ATM_Locator/target/surefire/surefirebooter5636998128895282040.jar, file:/C:/Users/normsby/.m2/repository/org/jacoco/org.jacoco.agent/0.7.5.201505241946/org.jacoco.agent-0.7.5.201505241946-runtime.jar]
2017-04-10 19:13:43.475 ERROR 8220 --- [           main] o.s.test.context.TestContextManager      : Caught exception while allowing TestExecutionListener [org.springframework.test.context.web.ServletTestExecutionListener@15f68bcc] to prepare test instance [com.ing.custom.web.SecurityTagControllerTest@2997e362]

java.lang.IllegalStateException: Failed to load ApplicationContext
	at org.springframework.test.context.cache.DefaultCacheAwareContextLoaderDelegate.loadContext(DefaultCacheAwareContextLoaderDelegate.java:124) ~[spring-test-4.3.4.RELEASE.jar:4.3.4.RELEASE]
	at org.springframework.test.context.support.DefaultTestContext.getApplicationContext(DefaultTestContext.java:83) ~[spring-test-4.3.4.RELEASE.jar:4.3.4.RELEASE]
	at org.springframework.test.context.web.ServletTestExecutionListener.setUpRequestContextIfNecessary(ServletTestExecutionListener.java:189) ~[spring-test-4.3.4.RELEASE.jar:4.3.4.RELEASE]
	at org.springframework.test.context.web.ServletTestExecutionListener.prepareTestInstance(ServletTestExecutionListener.java:131) ~[spring-test-4.3.4.RELEASE.jar:4.3.4.RELEASE]
	at org.springframework.test.context.TestContextManager.prepareTestInstance(TestContextManager.java:230) ~[spring-test-4.3.4.RELEASE.jar:4.3.4.RELEASE]
	at org.springframework.test.context.junit4.SpringJUnit4ClassRunner.createTest(SpringJUnit4ClassRunner.java:228) [spring-test-4.3.4.RELEASE.jar:4.3.4.RELEASE]
	at org.springframework.test.context.junit4.SpringJUnit4ClassRunner$1.runReflectiveCall(SpringJUnit4ClassRunner.java:287) [spring-test-4.3.4.RELEASE.jar:4.3.4.RELEASE]
	at org.junit.internal.runners.model.ReflectiveCallable.run(ReflectiveCallable.java:12) [junit-4.12.jar:4.12]
	at org.springframework.test.context.junit4.SpringJUnit4ClassRunner.methodBlock(SpringJUnit4ClassRunner.java:289) [spring-test-4.3.4.RELEASE.jar:4.3.4.RELEASE]
	at org.springframework.test.context.junit4.SpringJUnit4ClassRunner.runChild(SpringJUnit4ClassRunner.java:247) [spring-test-4.3.4.RELEASE.jar:4.3.4.RELEASE]
	at org.springframework.test.context.junit4.SpringJUnit4ClassRunner.runChild(SpringJUnit4ClassRunner.java:94) [spring-test-4.3.4.RELEASE.jar:4.3.4.RELEASE]
	at org.junit.runners.ParentRunner$3.run(ParentRunner.java:290) [junit-4.12.jar:4.12]
	at org.junit.runners.ParentRunner$1.schedule(ParentRunner.java:71) [junit-4.12.jar:4.12]
	at org.junit.runners.ParentRunner.runChildren(ParentRunner.java:288) [junit-4.12.jar:4.12]
	at org.junit.runners.ParentRunner.access$000(ParentRunner.java:58) [junit-4.12.jar:4.12]
	at org.junit.runners.ParentRunner$2.evaluate(ParentRunner.java:268) [junit-4.12.jar:4.12]
	at org.springframework.test.context.junit4.statements.RunBeforeTestClassCallbacks.evaluate(RunBeforeTestClassCallbacks.java:61) [spring-test-4.3.4.RELEASE.jar:4.3.4.RELEASE]
	at org.springframework.test.context.junit4.statements.RunAfterTestClassCallbacks.evaluate(RunAfterTestClassCallbacks.java:70) [spring-test-4.3.4.RELEASE.jar:4.3.4.RELEASE]
	at org.junit.runners.ParentRunner.run(ParentRunner.java:363) [junit-4.12.jar:4.12]
	at org.springframework.test.context.junit4.SpringJUnit4ClassRunner.run(SpringJUnit4ClassRunner.java:191) [spring-test-4.3.4.RELEASE.jar:4.3.4.RELEASE]
	at org.apache.maven.surefire.junit4.JUnit4Provider.execute(JUnit4Provider.java:264) [surefire-junit4-2.14.1.jar:2.14.1]
	at org.apache.maven.surefire.junit4.JUnit4Provider.executeTestSet(JUnit4Provider.java:153) [surefire-junit4-2.14.1.jar:2.14.1]
	at org.apache.maven.surefire.junit4.JUnit4Provider.invoke(JUnit4Provider.java:124) [surefire-junit4-2.14.1.jar:2.14.1]
	at sun.reflect.NativeMethodAccessorImpl.invoke0(Native Method) ~[na:1.8.0_121]
	at sun.reflect.NativeMethodAccessorImpl.invoke(NativeMethodAccessorImpl.java:62) ~[na:1.8.0_121]
	at sun.reflect.DelegatingMethodAccessorImpl.invoke(DelegatingMethodAccessorImpl.java:43) ~[na:1.8.0_121]
	at java.lang.reflect.Method.invoke(Method.java:498) ~[na:1.8.0_121]
	at org.apache.maven.surefire.util.ReflectionUtils.invokeMethodWithArray2(ReflectionUtils.java:208) [surefire-api-2.14.1.jar:2.14.1]
	at org.apache.maven.surefire.booter.ProviderFactory$ProviderProxy.invoke(ProviderFactory.java:159) [surefire-booter-2.14.1.jar:2.14.1]
	at org.apache.maven.surefire.booter.ProviderFactory.invokeProvider(ProviderFactory.java:87) [surefire-booter-2.14.1.jar:2.14.1]
	at org.apache.maven.surefire.booter.ForkedBooter.runSuitesInProcess(ForkedBooter.java:153) [surefire-booter-2.14.1.jar:2.14.1]
	at org.apache.maven.surefire.booter.ForkedBooter.main(ForkedBooter.java:95) [surefire-booter-2.14.1.jar:2.14.1]
Caused by: org.apache.camel.spring.boot.CamelSpringBootInitializationException: org.apache.camel.FailedToCreateRouteException: Failed to create route route96 at: >>> Choice[[When[{header{action} == all} -> [To[GetAllATMs]]], When[{header{action} == inCity} -> [To[GetAllATMsInCity]]]]] <<< in route: Route(route96)[[From[direct:call]] -> [SetBody[{null}], Choi... because of No endpoint could be found for: GetAllATMs, please check your classpath contains the needed Camel component jar.
	at org.apache.camel.spring.boot.RoutesCollector.onApplicationEvent(RoutesCollector.java:126) ~[camel-spring-boot-2.17.0.jar:2.17.0]
	at org.apache.camel.spring.boot.RoutesCollector.onApplicationEvent(RoutesCollector.java:41) ~[camel-spring-boot-2.17.0.jar:2.17.0]
	at org.springframework.context.event.SimpleApplicationEventMulticaster.invokeListener(SimpleApplicationEventMulticaster.java:166) ~[spring-context-4.3.4.RELEASE.jar:4.3.4.RELEASE]
	at org.springframework.context.event.SimpleApplicationEventMulticaster.multicastEvent(SimpleApplicationEventMulticaster.java:138) ~[spring-context-4.3.4.RELEASE.jar:4.3.4.RELEASE]
	at org.springframework.context.support.AbstractApplicationContext.publishEvent(AbstractApplicationContext.java:383) ~[spring-context-4.3.4.RELEASE.jar:4.3.4.RELEASE]
	at org.springframework.context.support.AbstractApplicationContext.publishEvent(AbstractApplicationContext.java:337) ~[spring-context-4.3.4.RELEASE.jar:4.3.4.RELEASE]
	at org.springframework.context.support.AbstractApplicationContext.finishRefresh(AbstractApplicationContext.java:882) ~[spring-context-4.3.4.RELEASE.jar:4.3.4.RELEASE]
	at org.springframework.context.support.AbstractApplicationContext.refresh(AbstractApplicationContext.java:545) ~[spring-context-4.3.4.RELEASE.jar:4.3.4.RELEASE]
	at org.springframework.boot.SpringApplication.refresh(SpringApplication.java:766) ~[spring-boot-1.3.3.RELEASE.jar:1.3.3.RELEASE]
	at org.springframework.boot.SpringApplication.createAndRefreshContext(SpringApplication.java:361) ~[spring-boot-1.3.3.RELEASE.jar:1.3.3.RELEASE]
	at org.springframework.boot.SpringApplication.run(SpringApplication.java:307) ~[spring-boot-1.3.3.RELEASE.jar:1.3.3.RELEASE]
	at org.springframework.boot.test.SpringApplicationContextLoader.loadContext(SpringApplicationContextLoader.java:98) ~[spring-boot-1.3.3.RELEASE.jar:1.3.3.RELEASE]
	at org.springframework.test.context.cache.DefaultCacheAwareContextLoaderDelegate.loadContextInternal(DefaultCacheAwareContextLoaderDelegate.java:98) ~[spring-test-4.3.4.RELEASE.jar:4.3.4.RELEASE]
	at org.springframework.test.context.cache.DefaultCacheAwareContextLoaderDelegate.loadContext(DefaultCacheAwareContextLoaderDelegate.java:116) ~[spring-test-4.3.4.RELEASE.jar:4.3.4.RELEASE]
	... 31 common frames omitted
Caused by: org.apache.camel.FailedToCreateRouteException: Failed to create route route96 at: >>> Choice[[When[{header{action} == all} -> [To[GetAllATMs]]], When[{header{action} == inCity} -> [To[GetAllATMsInCity]]]]] <<< in route: Route(route96)[[From[direct:call]] -> [SetBody[{null}], Choi... because of No endpoint could be found for: GetAllATMs, please check your classpath contains the needed Camel component jar.
	at org.apache.camel.model.RouteDefinition.addRoutes(RouteDefinition.java:1072) ~[camel-core-2.17.2.jar:2.17.2]
	at org.apache.camel.model.RouteDefinition.addRoutes(RouteDefinition.java:196) ~[camel-core-2.17.2.jar:2.17.2]
	at org.apache.camel.impl.DefaultCamelContext.startRoute(DefaultCamelContext.java:974) ~[camel-core-2.17.2.jar:2.17.2]
	at org.apache.camel.impl.DefaultCamelContext.startRouteDefinitions(DefaultCamelContext.java:3301) ~[camel-core-2.17.2.jar:2.17.2]
	at org.apache.camel.impl.DefaultCamelContext.doStartCamel(DefaultCamelContext.java:3024) ~[camel-core-2.17.2.jar:2.17.2]
	at org.apache.camel.impl.DefaultCamelContext.access$000(DefaultCamelContext.java:175) ~[camel-core-2.17.2.jar:2.17.2]
	at org.apache.camel.impl.DefaultCamelContext$2.call(DefaultCamelContext.java:2854) ~[camel-core-2.17.2.jar:2.17.2]
	at org.apache.camel.impl.DefaultCamelContext$2.call(DefaultCamelContext.java:2850) ~[camel-core-2.17.2.jar:2.17.2]
	at org.apache.camel.impl.DefaultCamelContext.doWithDefinedClassLoader(DefaultCamelContext.java:2873) ~[camel-core-2.17.2.jar:2.17.2]
	at org.apache.camel.impl.DefaultCamelContext.doStart(DefaultCamelContext.java:2850) ~[camel-core-2.17.2.jar:2.17.2]
	at org.apache.camel.support.ServiceSupport.start(ServiceSupport.java:61) ~[camel-core-2.17.2.jar:2.17.2]
	at org.apache.camel.impl.DefaultCamelContext.start(DefaultCamelContext.java:2819) ~[camel-core-2.17.2.jar:2.17.2]
	at org.apache.camel.spring.boot.RoutesCollector.onApplicationEvent(RoutesCollector.java:116) ~[camel-spring-boot-2.17.0.jar:2.17.0]
	... 44 common frames omitted
Caused by: org.apache.camel.NoSuchEndpointException: No endpoint could be found for: GetAllATMs, please check your classpath contains the needed Camel component jar.
	at org.apache.camel.util.CamelContextHelper.getMandatoryEndpoint(CamelContextHelper.java:81) ~[camel-core-2.17.2.jar:2.17.2]
	at org.apache.camel.model.RouteDefinition.resolveEndpoint(RouteDefinition.java:211) ~[camel-core-2.17.2.jar:2.17.2]
	at org.apache.camel.impl.DefaultRouteContext.resolveEndpoint(DefaultRouteContext.java:107) ~[camel-core-2.17.2.jar:2.17.2]
	at org.apache.camel.impl.DefaultRouteContext.resolveEndpoint(DefaultRouteContext.java:113) ~[camel-core-2.17.2.jar:2.17.2]
	at org.apache.camel.model.SendDefinition.resolveEndpoint(SendDefinition.java:62) ~[camel-core-2.17.2.jar:2.17.2]
	at org.apache.camel.model.SendDefinition.createProcessor(SendDefinition.java:56) ~[camel-core-2.17.2.jar:2.17.2]
	at org.apache.camel.model.ProcessorDefinition.createProcessor(ProcessorDefinition.java:483) ~[camel-core-2.17.2.jar:2.17.2]
	at org.apache.camel.model.ProcessorDefinition.createOutputsProcessorImpl(ProcessorDefinition.java:446) ~[camel-core-2.17.2.jar:2.17.2]
	at org.apache.camel.model.ProcessorDefinition.createOutputsProcessor(ProcessorDefinition.java:413) ~[camel-core-2.17.2.jar:2.17.2]
	at org.apache.camel.model.ProcessorDefinition.createOutputsProcessor(ProcessorDefinition.java:165) ~[camel-core-2.17.2.jar:2.17.2]
	at org.apache.camel.model.ExpressionNode.createFilterProcessor(ExpressionNode.java:109) ~[camel-core-2.17.2.jar:2.17.2]
	at org.apache.camel.model.WhenDefinition.createProcessor(WhenDefinition.java:74) ~[camel-core-2.17.2.jar:2.17.2]
	at org.apache.camel.model.WhenDefinition.createProcessor(WhenDefinition.java:32) ~[camel-core-2.17.2.jar:2.17.2]
	at org.apache.camel.model.ProcessorDefinition.createProcessor(ProcessorDefinition.java:483) ~[camel-core-2.17.2.jar:2.17.2]
	at org.apache.camel.model.ChoiceDefinition.createProcessor(ChoiceDefinition.java:135) ~[camel-core-2.17.2.jar:2.17.2]
	at org.apache.camel.model.ProcessorDefinition.makeProcessorImpl(ProcessorDefinition.java:534) ~[camel-core-2.17.2.jar:2.17.2]
	at org.apache.camel.model.ProcessorDefinition.makeProcessor(ProcessorDefinition.java:495) ~[camel-core-2.17.2.jar:2.17.2]
	at org.apache.camel.model.ProcessorDefinition.addRoutes(ProcessorDefinition.java:219) ~[camel-core-2.17.2.jar:2.17.2]
	at org.apache.camel.model.RouteDefinition.addRoutes(RouteDefinition.java:1069) ~[camel-core-2.17.2.jar:2.17.2]
	... 56 common frames omitted

]]></system-out>
  </testcase>
  <testcase name="whenAdminPage_withAdminRole_thenSuccess" classname="com.ing.custom.web.SecurityTagControllerTest" time="0">
    <error message="Failed to load ApplicationContext" type="java.lang.IllegalStateException">java.lang.IllegalStateException: Failed to load ApplicationContext
	at org.apache.camel.util.CamelContextHelper.getMandatoryEndpoint(CamelContextHelper.java:81)
	at org.apache.camel.model.RouteDefinition.resolveEndpoint(RouteDefinition.java:211)
	at org.apache.camel.impl.DefaultRouteContext.resolveEndpoint(DefaultRouteContext.java:107)
	at org.apache.camel.impl.DefaultRouteContext.resolveEndpoint(DefaultRouteContext.java:113)
	at org.apache.camel.model.SendDefinition.resolveEndpoint(SendDefinition.java:62)
	at org.apache.camel.model.SendDefinition.createProcessor(SendDefinition.java:56)
	at org.apache.camel.model.ProcessorDefinition.createProcessor(ProcessorDefinition.java:483)
	at org.apache.camel.model.ProcessorDefinition.createOutputsProcessorImpl(ProcessorDefinition.java:446)
	at org.apache.camel.model.ProcessorDefinition.createOutputsProcessor(ProcessorDefinition.java:413)
	at org.apache.camel.model.ProcessorDefinition.createOutputsProcessor(ProcessorDefinition.java:165)
	at org.apache.camel.model.ExpressionNode.createFilterProcessor(ExpressionNode.java:109)
	at org.apache.camel.model.WhenDefinition.createProcessor(WhenDefinition.java:74)
	at org.apache.camel.model.WhenDefinition.createProcessor(WhenDefinition.java:32)
	at org.apache.camel.model.ProcessorDefinition.createProcessor(ProcessorDefinition.java:483)
	at org.apache.camel.model.ChoiceDefinition.createProcessor(ChoiceDefinition.java:135)
	at org.apache.camel.model.ProcessorDefinition.makeProcessorImpl(ProcessorDefinition.java:534)
	at org.apache.camel.model.ProcessorDefinition.makeProcessor(ProcessorDefinition.java:495)
	at org.apache.camel.model.ProcessorDefinition.addRoutes(ProcessorDefinition.java:219)
	at org.apache.camel.model.RouteDefinition.addRoutes(RouteDefinition.java:1069)
	at org.apache.camel.model.RouteDefinition.addRoutes(RouteDefinition.java:196)
	at org.apache.camel.impl.DefaultCamelContext.startRoute(DefaultCamelContext.java:974)
	at org.apache.camel.impl.DefaultCamelContext.startRouteDefinitions(DefaultCamelContext.java:3301)
	at org.apache.camel.impl.DefaultCamelContext.doStartCamel(DefaultCamelContext.java:3024)
	at org.apache.camel.impl.DefaultCamelContext.access$000(DefaultCamelContext.java:175)
	at org.apache.camel.impl.DefaultCamelContext$2.call(DefaultCamelContext.java:2854)
	at org.apache.camel.impl.DefaultCamelContext$2.call(DefaultCamelContext.java:2850)
	at org.apache.camel.impl.DefaultCamelContext.doWithDefinedClassLoader(DefaultCamelContext.java:2873)
	at org.apache.camel.impl.DefaultCamelContext.doStart(DefaultCamelContext.java:2850)
	at org.apache.camel.support.ServiceSupport.start(ServiceSupport.java:61)
	at org.apache.camel.impl.DefaultCamelContext.start(DefaultCamelContext.java:2819)
	at org.apache.camel.spring.boot.RoutesCollector.onApplicationEvent(RoutesCollector.java:116)
	at org.apache.camel.spring.boot.RoutesCollector.onApplicationEvent(RoutesCollector.java:41)
	at org.springframework.context.event.SimpleApplicationEventMulticaster.invokeListener(SimpleApplicationEventMulticaster.java:166)
	at org.springframework.context.event.SimpleApplicationEventMulticaster.multicastEvent(SimpleApplicationEventMulticaster.java:138)
	at org.springframework.context.support.AbstractApplicationContext.publishEvent(AbstractApplicationContext.java:383)
	at org.springframework.context.support.AbstractApplicationContext.publishEvent(AbstractApplicationContext.java:337)
	at org.springframework.context.support.AbstractApplicationContext.finishRefresh(AbstractApplicationContext.java:882)
	at org.springframework.context.support.AbstractApplicationContext.refresh(AbstractApplicationContext.java:545)
	at org.springframework.boot.SpringApplication.refresh(SpringApplication.java:766)
	at org.springframework.boot.SpringApplication.createAndRefreshContext(SpringApplication.java:361)
	at org.springframework.boot.SpringApplication.run(SpringApplication.java:307)
	at org.springframework.boot.test.SpringApplicationContextLoader.loadContext(SpringApplicationContextLoader.java:98)
	at org.springframework.test.context.cache.DefaultCacheAwareContextLoaderDelegate.loadContextInternal(DefaultCacheAwareContextLoaderDelegate.java:98)
	at org.springframework.test.context.cache.DefaultCacheAwareContextLoaderDelegate.loadContext(DefaultCacheAwareContextLoaderDelegate.java:116)
	at org.springframework.test.context.support.DefaultTestContext.getApplicationContext(DefaultTestContext.java:83)
	at org.springframework.test.context.web.ServletTestExecutionListener.setUpRequestContextIfNecessary(ServletTestExecutionListener.java:189)
	at org.springframework.test.context.web.ServletTestExecutionListener.prepareTestInstance(ServletTestExecutionListener.java:131)
	at org.springframework.test.context.TestContextManager.prepareTestInstance(TestContextManager.java:230)
	at org.springframework.test.context.junit4.SpringJUnit4ClassRunner.createTest(SpringJUnit4ClassRunner.java:228)
	at org.springframework.test.context.junit4.SpringJUnit4ClassRunner$1.runReflectiveCall(SpringJUnit4ClassRunner.java:287)
	at org.junit.internal.runners.model.ReflectiveCallable.run(ReflectiveCallable.java:12)
	at org.springframework.test.context.junit4.SpringJUnit4ClassRunner.methodBlock(SpringJUnit4ClassRunner.java:289)
	at org.springframework.test.context.junit4.SpringJUnit4ClassRunner.runChild(SpringJUnit4ClassRunner.java:247)
	at org.springframework.test.context.junit4.SpringJUnit4ClassRunner.runChild(SpringJUnit4ClassRunner.java:94)
	at org.junit.runners.ParentRunner$3.run(ParentRunner.java:290)
	at org.junit.runners.ParentRunner$1.schedule(ParentRunner.java:71)
	at org.junit.runners.ParentRunner.runChildren(ParentRunner.java:288)
	at org.junit.runners.ParentRunner.access$000(ParentRunner.java:58)
	at org.junit.runners.ParentRunner$2.evaluate(ParentRunner.java:268)
	at org.springframework.test.context.junit4.statements.RunBeforeTestClassCallbacks.evaluate(RunBeforeTestClassCallbacks.java:61)
	at org.springframework.test.context.junit4.statements.RunAfterTestClassCallbacks.evaluate(RunAfterTestClassCallbacks.java:70)
	at org.junit.runners.ParentRunner.run(ParentRunner.java:363)
	at org.springframework.test.context.junit4.SpringJUnit4ClassRunner.run(SpringJUnit4ClassRunner.java:191)
	at org.apache.maven.surefire.junit4.JUnit4Provider.execute(JUnit4Provider.java:264)
	at org.apache.maven.surefire.junit4.JUnit4Provider.executeTestSet(JUnit4Provider.java:153)
	at org.apache.maven.surefire.junit4.JUnit4Provider.invoke(JUnit4Provider.java:124)
	at sun.reflect.NativeMethodAccessorImpl.invoke0(Native Method)
	at sun.reflect.NativeMethodAccessorImpl.invoke(NativeMethodAccessorImpl.java:62)
	at sun.reflect.DelegatingMethodAccessorImpl.invoke(DelegatingMethodAccessorImpl.java:43)
	at java.lang.reflect.Method.invoke(Method.java:498)
	at org.apache.maven.surefire.util.ReflectionUtils.invokeMethodWithArray2(ReflectionUtils.java:208)
	at org.apache.maven.surefire.booter.ProviderFactory$ProviderProxy.invoke(ProviderFactory.java:159)
	at org.apache.maven.surefire.booter.ProviderFactory.invokeProvider(ProviderFactory.java:87)
	at org.apache.maven.surefire.booter.ForkedBooter.runSuitesInProcess(ForkedBooter.java:153)
	at org.apache.maven.surefire.booter.ForkedBooter.main(ForkedBooter.java:95)
</error>
    <system-out><![CDATA[
  .   ____          _            __ _ _
 /\\ / ___'_ __ _ _(_)_ __  __ _ \ \ \ \
( ( )\___ | '_ | '_| | '_ \/ _` | \ \ \ \
 \\/  ___)| |_)| | | | | || (_| |  ) ) ) )
  '  |____| .__|_| |_|_| |_\__, | / / / /
 =========|_|==============|___/=/_/_/_/
 :: Spring Boot ::        (v1.3.3.RELEASE)

2017-04-10 19:13:43.505  INFO 8220 --- [           main] c.i.c.web.SecurityTagControllerTest      : Starting SecurityTagControllerTest on PPL882039FC with PID 8220 (C:\Users\normsby\Documents\NetBeansProjects\ING_ATM_Locator\target\test-classes started by normsby in C:\Users\normsby\Documents\NetBeansProjects\ING_ATM_Locator)
2017-04-10 19:13:43.505  INFO 8220 --- [           main] c.i.c.web.SecurityTagControllerTest      : No active profile set, falling back to default profiles: default
2017-04-10 19:13:43.505  INFO 8220 --- [           main] o.s.w.c.s.GenericWebApplicationContext   : Refreshing org.springframework.web.context.support.GenericWebApplicationContext@33ccc74c: startup date [Mon Apr 10 19:13:43 EDT 2017]; root of context hierarchy
2017-04-10 19:13:43.795  INFO 8220 --- [           main] trationDelegate$BeanPostProcessorChecker : Bean 'org.springframework.security.config.annotation.configuration.ObjectPostProcessorConfiguration' of type [class org.springframework.security.config.annotation.configuration.ObjectPostProcessorConfiguration$$EnhancerBySpringCGLIB$$da46e5e5] is not eligible for getting processed by all BeanPostProcessors (for example: not eligible for auto-proxying)
2017-04-10 19:13:43.805  INFO 8220 --- [           main] trationDelegate$BeanPostProcessorChecker : Bean 'objectPostProcessor' of type [class org.springframework.security.config.annotation.configuration.AutowireBeanFactoryObjectPostProcessor] is not eligible for getting processed by all BeanPostProcessors (for example: not eligible for auto-proxying)
2017-04-10 19:13:43.805  INFO 8220 --- [           main] trationDelegate$BeanPostProcessorChecker : Bean 'org.springframework.security.access.expression.method.DefaultMethodSecurityExpressionHandler@7b82141e' of type [class org.springframework.security.access.expression.method.DefaultMethodSecurityExpressionHandler] is not eligible for getting processed by all BeanPostProcessors (for example: not eligible for auto-proxying)
2017-04-10 19:13:43.805  INFO 8220 --- [           main] trationDelegate$BeanPostProcessorChecker : Bean 'org.springframework.security.config.annotation.method.configuration.GlobalMethodSecurityConfiguration' of type [class org.springframework.security.config.annotation.method.configuration.GlobalMethodSecurityConfiguration$$EnhancerBySpringCGLIB$$ff1b8897] is not eligible for getting processed by all BeanPostProcessors (for example: not eligible for auto-proxying)
2017-04-10 19:13:43.805  INFO 8220 --- [           main] trationDelegate$BeanPostProcessorChecker : Bean 'methodSecurityMetadataSource' of type [class org.springframework.security.access.method.DelegatingMethodSecurityMetadataSource] is not eligible for getting processed by all BeanPostProcessors (for example: not eligible for auto-proxying)
2017-04-10 19:13:43.805  INFO 8220 --- [           main] trationDelegate$BeanPostProcessorChecker : Bean 'org.apache.camel.spring.boot.CamelAutoConfiguration' of type [class org.apache.camel.spring.boot.CamelAutoConfiguration$$EnhancerBySpringCGLIB$$63c2e3ca] is not eligible for getting processed by all BeanPostProcessors (for example: not eligible for auto-proxying)
2017-04-10 19:13:44.155  INFO 8220 --- [           main] o.s.s.web.DefaultSecurityFilterChain     : Creating filter chain: org.springframework.security.web.util.matcher.AnyRequestMatcher@1, [org.springframework.security.web.context.request.async.WebAsyncManagerIntegrationFilter@7b9ec22d, org.springframework.security.web.context.SecurityContextPersistenceFilter@7712d8b4, org.springframework.security.web.header.HeaderWriterFilter@4a745665, org.springframework.security.web.csrf.CsrfFilter@3e19b768, org.springframework.security.web.authentication.logout.LogoutFilter@34d2f6c9, org.springframework.security.web.authentication.UsernamePasswordAuthenticationFilter@3e5abb61, org.springframework.security.web.savedrequest.RequestCacheAwareFilter@444be971, org.springframework.security.web.servletapi.SecurityContextHolderAwareRequestFilter@2c6458e3, org.springframework.security.web.authentication.AnonymousAuthenticationFilter@424f2aa9, org.springframework.security.web.session.SessionManagementFilter@4c38db3, org.springframework.security.web.access.ExceptionTranslationFilter@3d41c572, org.springframework.security.web.access.intercept.FilterSecurityInterceptor@75e55de3]
2017-04-10 19:13:44.245  INFO 8220 --- [           main] s.w.s.m.m.a.RequestMappingHandlerAdapter : Looking for @ControllerAdvice: org.springframework.web.context.support.GenericWebApplicationContext@33ccc74c: startup date [Mon Apr 10 19:13:43 EDT 2017]; root of context hierarchy
2017-04-10 19:13:44.265  INFO 8220 --- [           main] s.w.s.m.m.a.RequestMappingHandlerMapping : Mapped "{[/error]}" onto public java.lang.String com.ing.error.CustomErrorController.customError(org.springframework.ui.Model,javax.servlet.http.HttpServletRequest)
2017-04-10 19:13:44.265  INFO 8220 --- [           main] s.w.s.m.m.a.RequestMappingHandlerMapping : Mapped "{[/403]}" onto public java.lang.String com.ing.error.CustomErrorController.unauthorised(org.springframework.ui.Model,javax.servlet.http.HttpServletRequest)
2017-04-10 19:13:44.265  INFO 8220 --- [           main] s.w.s.m.m.a.RequestMappingHandlerMapping : Mapped "{[/index],methods=[GET]}" onto public java.lang.String com.ing.web.MainController.index()
2017-04-10 19:13:44.265  INFO 8220 --- [           main] s.w.s.m.m.a.RequestMappingHandlerMapping : Mapped "{[/],methods=[GET]}" onto public java.lang.String com.ing.web.MainController.root()
2017-04-10 19:13:44.265  INFO 8220 --- [           main] s.w.s.m.m.a.RequestMappingHandlerMapping : Mapped "{[/login-error],methods=[GET]}" onto public java.lang.String com.ing.web.MainController.loginError(org.springframework.ui.Model)
2017-04-10 19:13:44.265  INFO 8220 --- [           main] s.w.s.m.m.a.RequestMappingHandlerMapping : Mapped "{[/login],methods=[GET]}" onto public java.lang.String com.ing.web.MainController.login()
2017-04-10 19:13:44.265  INFO 8220 --- [           main] s.w.s.m.m.a.RequestMappingHandlerMapping : Mapped "{[/admin/index],methods=[GET]}" onto public java.lang.String com.ing.web.MainController.adminIndex()
2017-04-10 19:13:44.265  INFO 8220 --- [           main] s.w.s.m.m.a.RequestMappingHandlerMapping : Mapped "{[/user/index],methods=[GET]}" onto public java.lang.String com.ing.web.MainController.userIndex()
2017-04-10 19:13:44.265  INFO 8220 --- [           main] s.w.s.m.m.a.RequestMappingHandlerMapping : Mapped "{[/public/index],methods=[GET]}" onto public java.lang.String com.ing.web.MainController.publicIndex()
2017-04-10 19:13:44.265  INFO 8220 --- [           main] s.w.s.m.m.a.RequestMappingHandlerMapping : Mapped "{[/extra/index],methods=[GET]}" onto public java.lang.String com.ing.web.MainController.extraIndex()
2017-04-10 19:13:44.265  INFO 8220 --- [           main] s.w.s.m.m.a.RequestMappingHandlerMapping : Mapped "{[/tags/index],methods=[GET]}" onto public java.lang.String com.ing.web.SecurityTagController.index(org.springframework.security.core.userdetails.User)
2017-04-10 19:13:44.265  INFO 8220 --- [           main] s.w.s.m.m.a.RequestMappingHandlerMapping : Mapped "{[/tags/admin/index],methods=[GET]}" onto public java.lang.String com.ing.web.SecurityTagController.adminIndex(org.springframework.security.core.userdetails.User)
2017-04-10 19:13:44.265  INFO 8220 --- [           main] s.w.s.m.m.a.RequestMappingHandlerMapping : Mapped "{[/tags/extra/index],methods=[GET]}" onto public java.lang.String com.ing.web.SecurityTagController.extraUser(org.springframework.security.core.userdetails.User)
2017-04-10 19:13:44.265  INFO 8220 --- [           main] s.w.s.m.m.a.RequestMappingHandlerMapping : Mapped "{[/tags/user/index],methods=[GET]}" onto public java.lang.String com.ing.web.SecurityTagController.userIndex(org.springframework.security.core.userdetails.User)
2017-04-10 19:13:44.345  INFO 8220 --- [           main] o.s.w.s.handler.SimpleUrlHandlerMapping  : Mapped URL path [/webjars/**] onto handler of type [class org.springframework.web.servlet.resource.ResourceHttpRequestHandler]
2017-04-10 19:13:44.345  INFO 8220 --- [           main] o.s.w.s.handler.SimpleUrlHandlerMapping  : Mapped URL path [/**] onto handler of type [class org.springframework.web.servlet.resource.ResourceHttpRequestHandler]
2017-04-10 19:13:44.385  INFO 8220 --- [           main] o.s.w.s.handler.SimpleUrlHandlerMapping  : Mapped URL path [/**/favicon.ico] onto handler of type [class org.springframework.web.servlet.resource.ResourceHttpRequestHandler]
2017-04-10 19:13:44.465  INFO 8220 --- [           main] o.a.c.i.converter.DefaultTypeConverter   : Loaded 191 type converters
2017-04-10 19:13:44.565  INFO 8220 --- [           main] o.a.camel.spring.boot.RoutesCollector    : Loading additional Camel XML routes from: classpath:camel/*.xml
2017-04-10 19:13:44.565  INFO 8220 --- [           main] o.a.camel.spring.boot.RoutesCollector    : Loading additional Camel XML rests from: classpath:camel-rest/*.xml
2017-04-10 19:13:44.565  INFO 8220 --- [           main] o.a.camel.spring.SpringCamelContext      : Apache Camel 2.17.2 (CamelContext: camel-33) is starting
2017-04-10 19:13:44.565  INFO 8220 --- [           main] o.a.c.m.ManagedManagementStrategy        : JMX is enabled
2017-04-10 19:13:44.575  INFO 8220 --- [           main] o.a.c.i.DefaultRuntimeEndpointRegistry   : Runtime endpoint registry is in extended mode gathering usage statistics of all incoming and outgoing endpoints (cache limit: 1000)
2017-04-10 19:13:44.595  INFO 8220 --- [           main] o.a.camel.spring.SpringCamelContext      : Apache Camel 2.17.2 (CamelContext: camel-33) is shutting down
2017-04-10 19:13:44.595  INFO 8220 --- [           main] o.a.camel.spring.SpringCamelContext      : Apache Camel 2.17.2 (CamelContext: camel-33) uptime 0.030 seconds
2017-04-10 19:13:44.595  INFO 8220 --- [           main] o.a.camel.spring.SpringCamelContext      : Apache Camel 2.17.2 (CamelContext: camel-33) is shutdown in 0.000 seconds
2017-04-10 19:13:44.595 ERROR 8220 --- [           main] o.s.boot.SpringApplication               : Application startup failed

org.apache.camel.spring.boot.CamelSpringBootInitializationException: org.apache.camel.FailedToCreateRouteException: Failed to create route route99 at: >>> Choice[[When[{header{action} == all} -> [To[GetAllATMs]]], When[{header{action} == inCity} -> [To[GetAllATMsInCity]]]]] <<< in route: Route(route99)[[From[direct:call]] -> [SetBody[{null}], Choi... because of No endpoint could be found for: GetAllATMs, please check your classpath contains the needed Camel component jar.
	at org.apache.camel.spring.boot.RoutesCollector.onApplicationEvent(RoutesCollector.java:126) ~[camel-spring-boot-2.17.0.jar:2.17.0]
	at org.apache.camel.spring.boot.RoutesCollector.onApplicationEvent(RoutesCollector.java:41) ~[camel-spring-boot-2.17.0.jar:2.17.0]
	at org.springframework.context.event.SimpleApplicationEventMulticaster.invokeListener(SimpleApplicationEventMulticaster.java:166) ~[spring-context-4.3.4.RELEASE.jar:4.3.4.RELEASE]
	at org.springframework.context.event.SimpleApplicationEventMulticaster.multicastEvent(SimpleApplicationEventMulticaster.java:138) ~[spring-context-4.3.4.RELEASE.jar:4.3.4.RELEASE]
	at org.springframework.context.support.AbstractApplicationContext.publishEvent(AbstractApplicationContext.java:383) ~[spring-context-4.3.4.RELEASE.jar:4.3.4.RELEASE]
	at org.springframework.context.support.AbstractApplicationContext.publishEvent(AbstractApplicationContext.java:337) ~[spring-context-4.3.4.RELEASE.jar:4.3.4.RELEASE]
	at org.springframework.context.support.AbstractApplicationContext.finishRefresh(AbstractApplicationContext.java:882) ~[spring-context-4.3.4.RELEASE.jar:4.3.4.RELEASE]
	at org.springframework.context.support.AbstractApplicationContext.refresh(AbstractApplicationContext.java:545) ~[spring-context-4.3.4.RELEASE.jar:4.3.4.RELEASE]
	at org.springframework.boot.SpringApplication.refresh(SpringApplication.java:766) ~[spring-boot-1.3.3.RELEASE.jar:1.3.3.RELEASE]
	at org.springframework.boot.SpringApplication.createAndRefreshContext(SpringApplication.java:361) ~[spring-boot-1.3.3.RELEASE.jar:1.3.3.RELEASE]
	at org.springframework.boot.SpringApplication.run(SpringApplication.java:307) ~[spring-boot-1.3.3.RELEASE.jar:1.3.3.RELEASE]
	at org.springframework.boot.test.SpringApplicationContextLoader.loadContext(SpringApplicationContextLoader.java:98) [spring-boot-1.3.3.RELEASE.jar:1.3.3.RELEASE]
	at org.springframework.test.context.cache.DefaultCacheAwareContextLoaderDelegate.loadContextInternal(DefaultCacheAwareContextLoaderDelegate.java:98) [spring-test-4.3.4.RELEASE.jar:4.3.4.RELEASE]
	at org.springframework.test.context.cache.DefaultCacheAwareContextLoaderDelegate.loadContext(DefaultCacheAwareContextLoaderDelegate.java:116) [spring-test-4.3.4.RELEASE.jar:4.3.4.RELEASE]
	at org.springframework.test.context.support.DefaultTestContext.getApplicationContext(DefaultTestContext.java:83) [spring-test-4.3.4.RELEASE.jar:4.3.4.RELEASE]
	at org.springframework.test.context.web.ServletTestExecutionListener.setUpRequestContextIfNecessary(ServletTestExecutionListener.java:189) [spring-test-4.3.4.RELEASE.jar:4.3.4.RELEASE]
	at org.springframework.test.context.web.ServletTestExecutionListener.prepareTestInstance(ServletTestExecutionListener.java:131) [spring-test-4.3.4.RELEASE.jar:4.3.4.RELEASE]
	at org.springframework.test.context.TestContextManager.prepareTestInstance(TestContextManager.java:230) [spring-test-4.3.4.RELEASE.jar:4.3.4.RELEASE]
	at org.springframework.test.context.junit4.SpringJUnit4ClassRunner.createTest(SpringJUnit4ClassRunner.java:228) [spring-test-4.3.4.RELEASE.jar:4.3.4.RELEASE]
	at org.springframework.test.context.junit4.SpringJUnit4ClassRunner$1.runReflectiveCall(SpringJUnit4ClassRunner.java:287) [spring-test-4.3.4.RELEASE.jar:4.3.4.RELEASE]
	at org.junit.internal.runners.model.ReflectiveCallable.run(ReflectiveCallable.java:12) [junit-4.12.jar:4.12]
	at org.springframework.test.context.junit4.SpringJUnit4ClassRunner.methodBlock(SpringJUnit4ClassRunner.java:289) [spring-test-4.3.4.RELEASE.jar:4.3.4.RELEASE]
	at org.springframework.test.context.junit4.SpringJUnit4ClassRunner.runChild(SpringJUnit4ClassRunner.java:247) [spring-test-4.3.4.RELEASE.jar:4.3.4.RELEASE]
	at org.springframework.test.context.junit4.SpringJUnit4ClassRunner.runChild(SpringJUnit4ClassRunner.java:94) [spring-test-4.3.4.RELEASE.jar:4.3.4.RELEASE]
	at org.junit.runners.ParentRunner$3.run(ParentRunner.java:290) [junit-4.12.jar:4.12]
	at org.junit.runners.ParentRunner$1.schedule(ParentRunner.java:71) [junit-4.12.jar:4.12]
	at org.junit.runners.ParentRunner.runChildren(ParentRunner.java:288) [junit-4.12.jar:4.12]
	at org.junit.runners.ParentRunner.access$000(ParentRunner.java:58) [junit-4.12.jar:4.12]
	at org.junit.runners.ParentRunner$2.evaluate(ParentRunner.java:268) [junit-4.12.jar:4.12]
	at org.springframework.test.context.junit4.statements.RunBeforeTestClassCallbacks.evaluate(RunBeforeTestClassCallbacks.java:61) [spring-test-4.3.4.RELEASE.jar:4.3.4.RELEASE]
	at org.springframework.test.context.junit4.statements.RunAfterTestClassCallbacks.evaluate(RunAfterTestClassCallbacks.java:70) [spring-test-4.3.4.RELEASE.jar:4.3.4.RELEASE]
	at org.junit.runners.ParentRunner.run(ParentRunner.java:363) [junit-4.12.jar:4.12]
	at org.springframework.test.context.junit4.SpringJUnit4ClassRunner.run(SpringJUnit4ClassRunner.java:191) [spring-test-4.3.4.RELEASE.jar:4.3.4.RELEASE]
	at org.apache.maven.surefire.junit4.JUnit4Provider.execute(JUnit4Provider.java:264) [surefire-junit4-2.14.1.jar:2.14.1]
	at org.apache.maven.surefire.junit4.JUnit4Provider.executeTestSet(JUnit4Provider.java:153) [surefire-junit4-2.14.1.jar:2.14.1]
	at org.apache.maven.surefire.junit4.JUnit4Provider.invoke(JUnit4Provider.java:124) [surefire-junit4-2.14.1.jar:2.14.1]
	at sun.reflect.NativeMethodAccessorImpl.invoke0(Native Method) ~[na:1.8.0_121]
	at sun.reflect.NativeMethodAccessorImpl.invoke(NativeMethodAccessorImpl.java:62) ~[na:1.8.0_121]
	at sun.reflect.DelegatingMethodAccessorImpl.invoke(DelegatingMethodAccessorImpl.java:43) ~[na:1.8.0_121]
	at java.lang.reflect.Method.invoke(Method.java:498) ~[na:1.8.0_121]
	at org.apache.maven.surefire.util.ReflectionUtils.invokeMethodWithArray2(ReflectionUtils.java:208) [surefire-api-2.14.1.jar:2.14.1]
	at org.apache.maven.surefire.booter.ProviderFactory$ProviderProxy.invoke(ProviderFactory.java:159) [surefire-booter-2.14.1.jar:2.14.1]
	at org.apache.maven.surefire.booter.ProviderFactory.invokeProvider(ProviderFactory.java:87) [surefire-booter-2.14.1.jar:2.14.1]
	at org.apache.maven.surefire.booter.ForkedBooter.runSuitesInProcess(ForkedBooter.java:153) [surefire-booter-2.14.1.jar:2.14.1]
	at org.apache.maven.surefire.booter.ForkedBooter.main(ForkedBooter.java:95) [surefire-booter-2.14.1.jar:2.14.1]
Caused by: org.apache.camel.FailedToCreateRouteException: Failed to create route route99 at: >>> Choice[[When[{header{action} == all} -> [To[GetAllATMs]]], When[{header{action} == inCity} -> [To[GetAllATMsInCity]]]]] <<< in route: Route(route99)[[From[direct:call]] -> [SetBody[{null}], Choi... because of No endpoint could be found for: GetAllATMs, please check your classpath contains the needed Camel component jar.
	at org.apache.camel.model.RouteDefinition.addRoutes(RouteDefinition.java:1072) ~[camel-core-2.17.2.jar:2.17.2]
	at org.apache.camel.model.RouteDefinition.addRoutes(RouteDefinition.java:196) ~[camel-core-2.17.2.jar:2.17.2]
	at org.apache.camel.impl.DefaultCamelContext.startRoute(DefaultCamelContext.java:974) ~[camel-core-2.17.2.jar:2.17.2]
	at org.apache.camel.impl.DefaultCamelContext.startRouteDefinitions(DefaultCamelContext.java:3301) ~[camel-core-2.17.2.jar:2.17.2]
	at org.apache.camel.impl.DefaultCamelContext.doStartCamel(DefaultCamelContext.java:3024) ~[camel-core-2.17.2.jar:2.17.2]
	at org.apache.camel.impl.DefaultCamelContext.access$000(DefaultCamelContext.java:175) ~[camel-core-2.17.2.jar:2.17.2]
	at org.apache.camel.impl.DefaultCamelContext$2.call(DefaultCamelContext.java:2854) ~[camel-core-2.17.2.jar:2.17.2]
	at org.apache.camel.impl.DefaultCamelContext$2.call(DefaultCamelContext.java:2850) ~[camel-core-2.17.2.jar:2.17.2]
	at org.apache.camel.impl.DefaultCamelContext.doWithDefinedClassLoader(DefaultCamelContext.java:2873) ~[camel-core-2.17.2.jar:2.17.2]
	at org.apache.camel.impl.DefaultCamelContext.doStart(DefaultCamelContext.java:2850) ~[camel-core-2.17.2.jar:2.17.2]
	at org.apache.camel.support.ServiceSupport.start(ServiceSupport.java:61) ~[camel-core-2.17.2.jar:2.17.2]
	at org.apache.camel.impl.DefaultCamelContext.start(DefaultCamelContext.java:2819) ~[camel-core-2.17.2.jar:2.17.2]
	at org.apache.camel.spring.boot.RoutesCollector.onApplicationEvent(RoutesCollector.java:116) ~[camel-spring-boot-2.17.0.jar:2.17.0]
	... 44 common frames omitted
Caused by: org.apache.camel.NoSuchEndpointException: No endpoint could be found for: GetAllATMs, please check your classpath contains the needed Camel component jar.
	at org.apache.camel.util.CamelContextHelper.getMandatoryEndpoint(CamelContextHelper.java:81) ~[camel-core-2.17.2.jar:2.17.2]
	at org.apache.camel.model.RouteDefinition.resolveEndpoint(RouteDefinition.java:211) ~[camel-core-2.17.2.jar:2.17.2]
	at org.apache.camel.impl.DefaultRouteContext.resolveEndpoint(DefaultRouteContext.java:107) ~[camel-core-2.17.2.jar:2.17.2]
	at org.apache.camel.impl.DefaultRouteContext.resolveEndpoint(DefaultRouteContext.java:113) ~[camel-core-2.17.2.jar:2.17.2]
	at org.apache.camel.model.SendDefinition.resolveEndpoint(SendDefinition.java:62) ~[camel-core-2.17.2.jar:2.17.2]
	at org.apache.camel.model.SendDefinition.createProcessor(SendDefinition.java:56) ~[camel-core-2.17.2.jar:2.17.2]
	at org.apache.camel.model.ProcessorDefinition.createProcessor(ProcessorDefinition.java:483) ~[camel-core-2.17.2.jar:2.17.2]
	at org.apache.camel.model.ProcessorDefinition.createOutputsProcessorImpl(ProcessorDefinition.java:446) ~[camel-core-2.17.2.jar:2.17.2]
	at org.apache.camel.model.ProcessorDefinition.createOutputsProcessor(ProcessorDefinition.java:413) ~[camel-core-2.17.2.jar:2.17.2]
	at org.apache.camel.model.ProcessorDefinition.createOutputsProcessor(ProcessorDefinition.java:165) ~[camel-core-2.17.2.jar:2.17.2]
	at org.apache.camel.model.ExpressionNode.createFilterProcessor(ExpressionNode.java:109) ~[camel-core-2.17.2.jar:2.17.2]
	at org.apache.camel.model.WhenDefinition.createProcessor(WhenDefinition.java:74) ~[camel-core-2.17.2.jar:2.17.2]
	at org.apache.camel.model.WhenDefinition.createProcessor(WhenDefinition.java:32) ~[camel-core-2.17.2.jar:2.17.2]
	at org.apache.camel.model.ProcessorDefinition.createProcessor(ProcessorDefinition.java:483) ~[camel-core-2.17.2.jar:2.17.2]
	at org.apache.camel.model.ChoiceDefinition.createProcessor(ChoiceDefinition.java:135) ~[camel-core-2.17.2.jar:2.17.2]
	at org.apache.camel.model.ProcessorDefinition.makeProcessorImpl(ProcessorDefinition.java:534) ~[camel-core-2.17.2.jar:2.17.2]
	at org.apache.camel.model.ProcessorDefinition.makeProcessor(ProcessorDefinition.java:495) ~[camel-core-2.17.2.jar:2.17.2]
	at org.apache.camel.model.ProcessorDefinition.addRoutes(ProcessorDefinition.java:219) ~[camel-core-2.17.2.jar:2.17.2]
	at org.apache.camel.model.RouteDefinition.addRoutes(RouteDefinition.java:1069) ~[camel-core-2.17.2.jar:2.17.2]
	... 56 common frames omitted

2017-04-10 19:13:44.595  INFO 8220 --- [           main] .b.l.ClasspathLoggingApplicationListener : Application failed to start with classpath: [file:/C:/Users/normsby/Documents/NetBeansProjects/ING_ATM_Locator/target/surefire/surefirebooter5636998128895282040.jar, file:/C:/Users/normsby/.m2/repository/org/jacoco/org.jacoco.agent/0.7.5.201505241946/org.jacoco.agent-0.7.5.201505241946-runtime.jar]
2017-04-10 19:13:44.595 ERROR 8220 --- [           main] o.s.test.context.TestContextManager      : Caught exception while allowing TestExecutionListener [org.springframework.test.context.web.ServletTestExecutionListener@15f68bcc] to prepare test instance [com.ing.custom.web.SecurityTagControllerTest@40544c14]

java.lang.IllegalStateException: Failed to load ApplicationContext
	at org.springframework.test.context.cache.DefaultCacheAwareContextLoaderDelegate.loadContext(DefaultCacheAwareContextLoaderDelegate.java:124) ~[spring-test-4.3.4.RELEASE.jar:4.3.4.RELEASE]
	at org.springframework.test.context.support.DefaultTestContext.getApplicationContext(DefaultTestContext.java:83) ~[spring-test-4.3.4.RELEASE.jar:4.3.4.RELEASE]
	at org.springframework.test.context.web.ServletTestExecutionListener.setUpRequestContextIfNecessary(ServletTestExecutionListener.java:189) ~[spring-test-4.3.4.RELEASE.jar:4.3.4.RELEASE]
	at org.springframework.test.context.web.ServletTestExecutionListener.prepareTestInstance(ServletTestExecutionListener.java:131) ~[spring-test-4.3.4.RELEASE.jar:4.3.4.RELEASE]
	at org.springframework.test.context.TestContextManager.prepareTestInstance(TestContextManager.java:230) ~[spring-test-4.3.4.RELEASE.jar:4.3.4.RELEASE]
	at org.springframework.test.context.junit4.SpringJUnit4ClassRunner.createTest(SpringJUnit4ClassRunner.java:228) [spring-test-4.3.4.RELEASE.jar:4.3.4.RELEASE]
	at org.springframework.test.context.junit4.SpringJUnit4ClassRunner$1.runReflectiveCall(SpringJUnit4ClassRunner.java:287) [spring-test-4.3.4.RELEASE.jar:4.3.4.RELEASE]
	at org.junit.internal.runners.model.ReflectiveCallable.run(ReflectiveCallable.java:12) [junit-4.12.jar:4.12]
	at org.springframework.test.context.junit4.SpringJUnit4ClassRunner.methodBlock(SpringJUnit4ClassRunner.java:289) [spring-test-4.3.4.RELEASE.jar:4.3.4.RELEASE]
	at org.springframework.test.context.junit4.SpringJUnit4ClassRunner.runChild(SpringJUnit4ClassRunner.java:247) [spring-test-4.3.4.RELEASE.jar:4.3.4.RELEASE]
	at org.springframework.test.context.junit4.SpringJUnit4ClassRunner.runChild(SpringJUnit4ClassRunner.java:94) [spring-test-4.3.4.RELEASE.jar:4.3.4.RELEASE]
	at org.junit.runners.ParentRunner$3.run(ParentRunner.java:290) [junit-4.12.jar:4.12]
	at org.junit.runners.ParentRunner$1.schedule(ParentRunner.java:71) [junit-4.12.jar:4.12]
	at org.junit.runners.ParentRunner.runChildren(ParentRunner.java:288) [junit-4.12.jar:4.12]
	at org.junit.runners.ParentRunner.access$000(ParentRunner.java:58) [junit-4.12.jar:4.12]
	at org.junit.runners.ParentRunner$2.evaluate(ParentRunner.java:268) [junit-4.12.jar:4.12]
	at org.springframework.test.context.junit4.statements.RunBeforeTestClassCallbacks.evaluate(RunBeforeTestClassCallbacks.java:61) [spring-test-4.3.4.RELEASE.jar:4.3.4.RELEASE]
	at org.springframework.test.context.junit4.statements.RunAfterTestClassCallbacks.evaluate(RunAfterTestClassCallbacks.java:70) [spring-test-4.3.4.RELEASE.jar:4.3.4.RELEASE]
	at org.junit.runners.ParentRunner.run(ParentRunner.java:363) [junit-4.12.jar:4.12]
	at org.springframework.test.context.junit4.SpringJUnit4ClassRunner.run(SpringJUnit4ClassRunner.java:191) [spring-test-4.3.4.RELEASE.jar:4.3.4.RELEASE]
	at org.apache.maven.surefire.junit4.JUnit4Provider.execute(JUnit4Provider.java:264) [surefire-junit4-2.14.1.jar:2.14.1]
	at org.apache.maven.surefire.junit4.JUnit4Provider.executeTestSet(JUnit4Provider.java:153) [surefire-junit4-2.14.1.jar:2.14.1]
	at org.apache.maven.surefire.junit4.JUnit4Provider.invoke(JUnit4Provider.java:124) [surefire-junit4-2.14.1.jar:2.14.1]
	at sun.reflect.NativeMethodAccessorImpl.invoke0(Native Method) ~[na:1.8.0_121]
	at sun.reflect.NativeMethodAccessorImpl.invoke(NativeMethodAccessorImpl.java:62) ~[na:1.8.0_121]
	at sun.reflect.DelegatingMethodAccessorImpl.invoke(DelegatingMethodAccessorImpl.java:43) ~[na:1.8.0_121]
	at java.lang.reflect.Method.invoke(Method.java:498) ~[na:1.8.0_121]
	at org.apache.maven.surefire.util.ReflectionUtils.invokeMethodWithArray2(ReflectionUtils.java:208) [surefire-api-2.14.1.jar:2.14.1]
	at org.apache.maven.surefire.booter.ProviderFactory$ProviderProxy.invoke(ProviderFactory.java:159) [surefire-booter-2.14.1.jar:2.14.1]
	at org.apache.maven.surefire.booter.ProviderFactory.invokeProvider(ProviderFactory.java:87) [surefire-booter-2.14.1.jar:2.14.1]
	at org.apache.maven.surefire.booter.ForkedBooter.runSuitesInProcess(ForkedBooter.java:153) [surefire-booter-2.14.1.jar:2.14.1]
	at org.apache.maven.surefire.booter.ForkedBooter.main(ForkedBooter.java:95) [surefire-booter-2.14.1.jar:2.14.1]
Caused by: org.apache.camel.spring.boot.CamelSpringBootInitializationException: org.apache.camel.FailedToCreateRouteException: Failed to create route route99 at: >>> Choice[[When[{header{action} == all} -> [To[GetAllATMs]]], When[{header{action} == inCity} -> [To[GetAllATMsInCity]]]]] <<< in route: Route(route99)[[From[direct:call]] -> [SetBody[{null}], Choi... because of No endpoint could be found for: GetAllATMs, please check your classpath contains the needed Camel component jar.
	at org.apache.camel.spring.boot.RoutesCollector.onApplicationEvent(RoutesCollector.java:126) ~[camel-spring-boot-2.17.0.jar:2.17.0]
	at org.apache.camel.spring.boot.RoutesCollector.onApplicationEvent(RoutesCollector.java:41) ~[camel-spring-boot-2.17.0.jar:2.17.0]
	at org.springframework.context.event.SimpleApplicationEventMulticaster.invokeListener(SimpleApplicationEventMulticaster.java:166) ~[spring-context-4.3.4.RELEASE.jar:4.3.4.RELEASE]
	at org.springframework.context.event.SimpleApplicationEventMulticaster.multicastEvent(SimpleApplicationEventMulticaster.java:138) ~[spring-context-4.3.4.RELEASE.jar:4.3.4.RELEASE]
	at org.springframework.context.support.AbstractApplicationContext.publishEvent(AbstractApplicationContext.java:383) ~[spring-context-4.3.4.RELEASE.jar:4.3.4.RELEASE]
	at org.springframework.context.support.AbstractApplicationContext.publishEvent(AbstractApplicationContext.java:337) ~[spring-context-4.3.4.RELEASE.jar:4.3.4.RELEASE]
	at org.springframework.context.support.AbstractApplicationContext.finishRefresh(AbstractApplicationContext.java:882) ~[spring-context-4.3.4.RELEASE.jar:4.3.4.RELEASE]
	at org.springframework.context.support.AbstractApplicationContext.refresh(AbstractApplicationContext.java:545) ~[spring-context-4.3.4.RELEASE.jar:4.3.4.RELEASE]
	at org.springframework.boot.SpringApplication.refresh(SpringApplication.java:766) ~[spring-boot-1.3.3.RELEASE.jar:1.3.3.RELEASE]
	at org.springframework.boot.SpringApplication.createAndRefreshContext(SpringApplication.java:361) ~[spring-boot-1.3.3.RELEASE.jar:1.3.3.RELEASE]
	at org.springframework.boot.SpringApplication.run(SpringApplication.java:307) ~[spring-boot-1.3.3.RELEASE.jar:1.3.3.RELEASE]
	at org.springframework.boot.test.SpringApplicationContextLoader.loadContext(SpringApplicationContextLoader.java:98) ~[spring-boot-1.3.3.RELEASE.jar:1.3.3.RELEASE]
	at org.springframework.test.context.cache.DefaultCacheAwareContextLoaderDelegate.loadContextInternal(DefaultCacheAwareContextLoaderDelegate.java:98) ~[spring-test-4.3.4.RELEASE.jar:4.3.4.RELEASE]
	at org.springframework.test.context.cache.DefaultCacheAwareContextLoaderDelegate.loadContext(DefaultCacheAwareContextLoaderDelegate.java:116) ~[spring-test-4.3.4.RELEASE.jar:4.3.4.RELEASE]
	... 31 common frames omitted
Caused by: org.apache.camel.FailedToCreateRouteException: Failed to create route route99 at: >>> Choice[[When[{header{action} == all} -> [To[GetAllATMs]]], When[{header{action} == inCity} -> [To[GetAllATMsInCity]]]]] <<< in route: Route(route99)[[From[direct:call]] -> [SetBody[{null}], Choi... because of No endpoint could be found for: GetAllATMs, please check your classpath contains the needed Camel component jar.
	at org.apache.camel.model.RouteDefinition.addRoutes(RouteDefinition.java:1072) ~[camel-core-2.17.2.jar:2.17.2]
	at org.apache.camel.model.RouteDefinition.addRoutes(RouteDefinition.java:196) ~[camel-core-2.17.2.jar:2.17.2]
	at org.apache.camel.impl.DefaultCamelContext.startRoute(DefaultCamelContext.java:974) ~[camel-core-2.17.2.jar:2.17.2]
	at org.apache.camel.impl.DefaultCamelContext.startRouteDefinitions(DefaultCamelContext.java:3301) ~[camel-core-2.17.2.jar:2.17.2]
	at org.apache.camel.impl.DefaultCamelContext.doStartCamel(DefaultCamelContext.java:3024) ~[camel-core-2.17.2.jar:2.17.2]
	at org.apache.camel.impl.DefaultCamelContext.access$000(DefaultCamelContext.java:175) ~[camel-core-2.17.2.jar:2.17.2]
	at org.apache.camel.impl.DefaultCamelContext$2.call(DefaultCamelContext.java:2854) ~[camel-core-2.17.2.jar:2.17.2]
	at org.apache.camel.impl.DefaultCamelContext$2.call(DefaultCamelContext.java:2850) ~[camel-core-2.17.2.jar:2.17.2]
	at org.apache.camel.impl.DefaultCamelContext.doWithDefinedClassLoader(DefaultCamelContext.java:2873) ~[camel-core-2.17.2.jar:2.17.2]
	at org.apache.camel.impl.DefaultCamelContext.doStart(DefaultCamelContext.java:2850) ~[camel-core-2.17.2.jar:2.17.2]
	at org.apache.camel.support.ServiceSupport.start(ServiceSupport.java:61) ~[camel-core-2.17.2.jar:2.17.2]
	at org.apache.camel.impl.DefaultCamelContext.start(DefaultCamelContext.java:2819) ~[camel-core-2.17.2.jar:2.17.2]
	at org.apache.camel.spring.boot.RoutesCollector.onApplicationEvent(RoutesCollector.java:116) ~[camel-spring-boot-2.17.0.jar:2.17.0]
	... 44 common frames omitted
Caused by: org.apache.camel.NoSuchEndpointException: No endpoint could be found for: GetAllATMs, please check your classpath contains the needed Camel component jar.
	at org.apache.camel.util.CamelContextHelper.getMandatoryEndpoint(CamelContextHelper.java:81) ~[camel-core-2.17.2.jar:2.17.2]
	at org.apache.camel.model.RouteDefinition.resolveEndpoint(RouteDefinition.java:211) ~[camel-core-2.17.2.jar:2.17.2]
	at org.apache.camel.impl.DefaultRouteContext.resolveEndpoint(DefaultRouteContext.java:107) ~[camel-core-2.17.2.jar:2.17.2]
	at org.apache.camel.impl.DefaultRouteContext.resolveEndpoint(DefaultRouteContext.java:113) ~[camel-core-2.17.2.jar:2.17.2]
	at org.apache.camel.model.SendDefinition.resolveEndpoint(SendDefinition.java:62) ~[camel-core-2.17.2.jar:2.17.2]
	at org.apache.camel.model.SendDefinition.createProcessor(SendDefinition.java:56) ~[camel-core-2.17.2.jar:2.17.2]
	at org.apache.camel.model.ProcessorDefinition.createProcessor(ProcessorDefinition.java:483) ~[camel-core-2.17.2.jar:2.17.2]
	at org.apache.camel.model.ProcessorDefinition.createOutputsProcessorImpl(ProcessorDefinition.java:446) ~[camel-core-2.17.2.jar:2.17.2]
	at org.apache.camel.model.ProcessorDefinition.createOutputsProcessor(ProcessorDefinition.java:413) ~[camel-core-2.17.2.jar:2.17.2]
	at org.apache.camel.model.ProcessorDefinition.createOutputsProcessor(ProcessorDefinition.java:165) ~[camel-core-2.17.2.jar:2.17.2]
	at org.apache.camel.model.ExpressionNode.createFilterProcessor(ExpressionNode.java:109) ~[camel-core-2.17.2.jar:2.17.2]
	at org.apache.camel.model.WhenDefinition.createProcessor(WhenDefinition.java:74) ~[camel-core-2.17.2.jar:2.17.2]
	at org.apache.camel.model.WhenDefinition.createProcessor(WhenDefinition.java:32) ~[camel-core-2.17.2.jar:2.17.2]
	at org.apache.camel.model.ProcessorDefinition.createProcessor(ProcessorDefinition.java:483) ~[camel-core-2.17.2.jar:2.17.2]
	at org.apache.camel.model.ChoiceDefinition.createProcessor(ChoiceDefinition.java:135) ~[camel-core-2.17.2.jar:2.17.2]
	at org.apache.camel.model.ProcessorDefinition.makeProcessorImpl(ProcessorDefinition.java:534) ~[camel-core-2.17.2.jar:2.17.2]
	at org.apache.camel.model.ProcessorDefinition.makeProcessor(ProcessorDefinition.java:495) ~[camel-core-2.17.2.jar:2.17.2]
	at org.apache.camel.model.ProcessorDefinition.addRoutes(ProcessorDefinition.java:219) ~[camel-core-2.17.2.jar:2.17.2]
	at org.apache.camel.model.RouteDefinition.addRoutes(RouteDefinition.java:1069) ~[camel-core-2.17.2.jar:2.17.2]
	... 56 common frames omitted

]]></system-out>
  </testcase>
  <testcase name="whenAdminPage_withWrongRole_thenError" classname="com.ing.custom.web.SecurityTagControllerTest" time="0">
    <error message="Failed to load ApplicationContext" type="java.lang.IllegalStateException">java.lang.IllegalStateException: Failed to load ApplicationContext
	at org.apache.camel.util.CamelContextHelper.getMandatoryEndpoint(CamelContextHelper.java:81)
	at org.apache.camel.model.RouteDefinition.resolveEndpoint(RouteDefinition.java:211)
	at org.apache.camel.impl.DefaultRouteContext.resolveEndpoint(DefaultRouteContext.java:107)
	at org.apache.camel.impl.DefaultRouteContext.resolveEndpoint(DefaultRouteContext.java:113)
	at org.apache.camel.model.SendDefinition.resolveEndpoint(SendDefinition.java:62)
	at org.apache.camel.model.SendDefinition.createProcessor(SendDefinition.java:56)
	at org.apache.camel.model.ProcessorDefinition.createProcessor(ProcessorDefinition.java:483)
	at org.apache.camel.model.ProcessorDefinition.createOutputsProcessorImpl(ProcessorDefinition.java:446)
	at org.apache.camel.model.ProcessorDefinition.createOutputsProcessor(ProcessorDefinition.java:413)
	at org.apache.camel.model.ProcessorDefinition.createOutputsProcessor(ProcessorDefinition.java:165)
	at org.apache.camel.model.ExpressionNode.createFilterProcessor(ExpressionNode.java:109)
	at org.apache.camel.model.WhenDefinition.createProcessor(WhenDefinition.java:74)
	at org.apache.camel.model.WhenDefinition.createProcessor(WhenDefinition.java:32)
	at org.apache.camel.model.ProcessorDefinition.createProcessor(ProcessorDefinition.java:483)
	at org.apache.camel.model.ChoiceDefinition.createProcessor(ChoiceDefinition.java:135)
	at org.apache.camel.model.ProcessorDefinition.makeProcessorImpl(ProcessorDefinition.java:534)
	at org.apache.camel.model.ProcessorDefinition.makeProcessor(ProcessorDefinition.java:495)
	at org.apache.camel.model.ProcessorDefinition.addRoutes(ProcessorDefinition.java:219)
	at org.apache.camel.model.RouteDefinition.addRoutes(RouteDefinition.java:1069)
	at org.apache.camel.model.RouteDefinition.addRoutes(RouteDefinition.java:196)
	at org.apache.camel.impl.DefaultCamelContext.startRoute(DefaultCamelContext.java:974)
	at org.apache.camel.impl.DefaultCamelContext.startRouteDefinitions(DefaultCamelContext.java:3301)
	at org.apache.camel.impl.DefaultCamelContext.doStartCamel(DefaultCamelContext.java:3024)
	at org.apache.camel.impl.DefaultCamelContext.access$000(DefaultCamelContext.java:175)
	at org.apache.camel.impl.DefaultCamelContext$2.call(DefaultCamelContext.java:2854)
	at org.apache.camel.impl.DefaultCamelContext$2.call(DefaultCamelContext.java:2850)
	at org.apache.camel.impl.DefaultCamelContext.doWithDefinedClassLoader(DefaultCamelContext.java:2873)
	at org.apache.camel.impl.DefaultCamelContext.doStart(DefaultCamelContext.java:2850)
	at org.apache.camel.support.ServiceSupport.start(ServiceSupport.java:61)
	at org.apache.camel.impl.DefaultCamelContext.start(DefaultCamelContext.java:2819)
	at org.apache.camel.spring.boot.RoutesCollector.onApplicationEvent(RoutesCollector.java:116)
	at org.apache.camel.spring.boot.RoutesCollector.onApplicationEvent(RoutesCollector.java:41)
	at org.springframework.context.event.SimpleApplicationEventMulticaster.invokeListener(SimpleApplicationEventMulticaster.java:166)
	at org.springframework.context.event.SimpleApplicationEventMulticaster.multicastEvent(SimpleApplicationEventMulticaster.java:138)
	at org.springframework.context.support.AbstractApplicationContext.publishEvent(AbstractApplicationContext.java:383)
	at org.springframework.context.support.AbstractApplicationContext.publishEvent(AbstractApplicationContext.java:337)
	at org.springframework.context.support.AbstractApplicationContext.finishRefresh(AbstractApplicationContext.java:882)
	at org.springframework.context.support.AbstractApplicationContext.refresh(AbstractApplicationContext.java:545)
	at org.springframework.boot.SpringApplication.refresh(SpringApplication.java:766)
	at org.springframework.boot.SpringApplication.createAndRefreshContext(SpringApplication.java:361)
	at org.springframework.boot.SpringApplication.run(SpringApplication.java:307)
	at org.springframework.boot.test.SpringApplicationContextLoader.loadContext(SpringApplicationContextLoader.java:98)
	at org.springframework.test.context.cache.DefaultCacheAwareContextLoaderDelegate.loadContextInternal(DefaultCacheAwareContextLoaderDelegate.java:98)
	at org.springframework.test.context.cache.DefaultCacheAwareContextLoaderDelegate.loadContext(DefaultCacheAwareContextLoaderDelegate.java:116)
	at org.springframework.test.context.support.DefaultTestContext.getApplicationContext(DefaultTestContext.java:83)
	at org.springframework.test.context.web.ServletTestExecutionListener.setUpRequestContextIfNecessary(ServletTestExecutionListener.java:189)
	at org.springframework.test.context.web.ServletTestExecutionListener.prepareTestInstance(ServletTestExecutionListener.java:131)
	at org.springframework.test.context.TestContextManager.prepareTestInstance(TestContextManager.java:230)
	at org.springframework.test.context.junit4.SpringJUnit4ClassRunner.createTest(SpringJUnit4ClassRunner.java:228)
	at org.springframework.test.context.junit4.SpringJUnit4ClassRunner$1.runReflectiveCall(SpringJUnit4ClassRunner.java:287)
	at org.junit.internal.runners.model.ReflectiveCallable.run(ReflectiveCallable.java:12)
	at org.springframework.test.context.junit4.SpringJUnit4ClassRunner.methodBlock(SpringJUnit4ClassRunner.java:289)
	at org.springframework.test.context.junit4.SpringJUnit4ClassRunner.runChild(SpringJUnit4ClassRunner.java:247)
	at org.springframework.test.context.junit4.SpringJUnit4ClassRunner.runChild(SpringJUnit4ClassRunner.java:94)
	at org.junit.runners.ParentRunner$3.run(ParentRunner.java:290)
	at org.junit.runners.ParentRunner$1.schedule(ParentRunner.java:71)
	at org.junit.runners.ParentRunner.runChildren(ParentRunner.java:288)
	at org.junit.runners.ParentRunner.access$000(ParentRunner.java:58)
	at org.junit.runners.ParentRunner$2.evaluate(ParentRunner.java:268)
	at org.springframework.test.context.junit4.statements.RunBeforeTestClassCallbacks.evaluate(RunBeforeTestClassCallbacks.java:61)
	at org.springframework.test.context.junit4.statements.RunAfterTestClassCallbacks.evaluate(RunAfterTestClassCallbacks.java:70)
	at org.junit.runners.ParentRunner.run(ParentRunner.java:363)
	at org.springframework.test.context.junit4.SpringJUnit4ClassRunner.run(SpringJUnit4ClassRunner.java:191)
	at org.apache.maven.surefire.junit4.JUnit4Provider.execute(JUnit4Provider.java:264)
	at org.apache.maven.surefire.junit4.JUnit4Provider.executeTestSet(JUnit4Provider.java:153)
	at org.apache.maven.surefire.junit4.JUnit4Provider.invoke(JUnit4Provider.java:124)
	at sun.reflect.NativeMethodAccessorImpl.invoke0(Native Method)
	at sun.reflect.NativeMethodAccessorImpl.invoke(NativeMethodAccessorImpl.java:62)
	at sun.reflect.DelegatingMethodAccessorImpl.invoke(DelegatingMethodAccessorImpl.java:43)
	at java.lang.reflect.Method.invoke(Method.java:498)
	at org.apache.maven.surefire.util.ReflectionUtils.invokeMethodWithArray2(ReflectionUtils.java:208)
	at org.apache.maven.surefire.booter.ProviderFactory$ProviderProxy.invoke(ProviderFactory.java:159)
	at org.apache.maven.surefire.booter.ProviderFactory.invokeProvider(ProviderFactory.java:87)
	at org.apache.maven.surefire.booter.ForkedBooter.runSuitesInProcess(ForkedBooter.java:153)
	at org.apache.maven.surefire.booter.ForkedBooter.main(ForkedBooter.java:95)
</error>
    <system-out><![CDATA[
  .   ____          _            __ _ _
 /\\ / ___'_ __ _ _(_)_ __  __ _ \ \ \ \
( ( )\___ | '_ | '_| | '_ \/ _` | \ \ \ \
 \\/  ___)| |_)| | | | | || (_| |  ) ) ) )
  '  |____| .__|_| |_|_| |_\__, | / / / /
 =========|_|==============|___/=/_/_/_/
 :: Spring Boot ::        (v1.3.3.RELEASE)

2017-04-10 19:13:44.625  INFO 8220 --- [           main] c.i.c.web.SecurityTagControllerTest      : Starting SecurityTagControllerTest on PPL882039FC with PID 8220 (C:\Users\normsby\Documents\NetBeansProjects\ING_ATM_Locator\target\test-classes started by normsby in C:\Users\normsby\Documents\NetBeansProjects\ING_ATM_Locator)
2017-04-10 19:13:44.625  INFO 8220 --- [           main] c.i.c.web.SecurityTagControllerTest      : No active profile set, falling back to default profiles: default
2017-04-10 19:13:44.625  INFO 8220 --- [           main] o.s.w.c.s.GenericWebApplicationContext   : Refreshing org.springframework.web.context.support.GenericWebApplicationContext@171a4bcb: startup date [Mon Apr 10 19:13:44 EDT 2017]; root of context hierarchy
2017-04-10 19:13:44.917  INFO 8220 --- [           main] trationDelegate$BeanPostProcessorChecker : Bean 'org.springframework.security.config.annotation.configuration.ObjectPostProcessorConfiguration' of type [class org.springframework.security.config.annotation.configuration.ObjectPostProcessorConfiguration$$EnhancerBySpringCGLIB$$da46e5e5] is not eligible for getting processed by all BeanPostProcessors (for example: not eligible for auto-proxying)
2017-04-10 19:13:44.917  INFO 8220 --- [           main] trationDelegate$BeanPostProcessorChecker : Bean 'objectPostProcessor' of type [class org.springframework.security.config.annotation.configuration.AutowireBeanFactoryObjectPostProcessor] is not eligible for getting processed by all BeanPostProcessors (for example: not eligible for auto-proxying)
2017-04-10 19:13:44.917  INFO 8220 --- [           main] trationDelegate$BeanPostProcessorChecker : Bean 'org.springframework.security.access.expression.method.DefaultMethodSecurityExpressionHandler@50229664' of type [class org.springframework.security.access.expression.method.DefaultMethodSecurityExpressionHandler] is not eligible for getting processed by all BeanPostProcessors (for example: not eligible for auto-proxying)
2017-04-10 19:13:44.917  INFO 8220 --- [           main] trationDelegate$BeanPostProcessorChecker : Bean 'org.springframework.security.config.annotation.method.configuration.GlobalMethodSecurityConfiguration' of type [class org.springframework.security.config.annotation.method.configuration.GlobalMethodSecurityConfiguration$$EnhancerBySpringCGLIB$$ff1b8897] is not eligible for getting processed by all BeanPostProcessors (for example: not eligible for auto-proxying)
2017-04-10 19:13:44.917  INFO 8220 --- [           main] trationDelegate$BeanPostProcessorChecker : Bean 'methodSecurityMetadataSource' of type [class org.springframework.security.access.method.DelegatingMethodSecurityMetadataSource] is not eligible for getting processed by all BeanPostProcessors (for example: not eligible for auto-proxying)
2017-04-10 19:13:44.927  INFO 8220 --- [           main] trationDelegate$BeanPostProcessorChecker : Bean 'org.apache.camel.spring.boot.CamelAutoConfiguration' of type [class org.apache.camel.spring.boot.CamelAutoConfiguration$$EnhancerBySpringCGLIB$$63c2e3ca] is not eligible for getting processed by all BeanPostProcessors (for example: not eligible for auto-proxying)
2017-04-10 19:13:45.307  INFO 8220 --- [           main] o.s.s.web.DefaultSecurityFilterChain     : Creating filter chain: org.springframework.security.web.util.matcher.AnyRequestMatcher@1, [org.springframework.security.web.context.request.async.WebAsyncManagerIntegrationFilter@6e9f611e, org.springframework.security.web.context.SecurityContextPersistenceFilter@11263c4d, org.springframework.security.web.header.HeaderWriterFilter@45830497, org.springframework.security.web.csrf.CsrfFilter@7033a2af, org.springframework.security.web.authentication.logout.LogoutFilter@19d39341, org.springframework.security.web.authentication.UsernamePasswordAuthenticationFilter@69b44367, org.springframework.security.web.savedrequest.RequestCacheAwareFilter@562b6417, org.springframework.security.web.servletapi.SecurityContextHolderAwareRequestFilter@bd165f9, org.springframework.security.web.authentication.AnonymousAuthenticationFilter@2b2482a0, org.springframework.security.web.session.SessionManagementFilter@7c6ddfb5, org.springframework.security.web.access.ExceptionTranslationFilter@8c9f07e, org.springframework.security.web.access.intercept.FilterSecurityInterceptor@4214711a]
2017-04-10 19:13:45.417  INFO 8220 --- [           main] s.w.s.m.m.a.RequestMappingHandlerAdapter : Looking for @ControllerAdvice: org.springframework.web.context.support.GenericWebApplicationContext@171a4bcb: startup date [Mon Apr 10 19:13:44 EDT 2017]; root of context hierarchy
2017-04-10 19:13:45.437  INFO 8220 --- [           main] s.w.s.m.m.a.RequestMappingHandlerMapping : Mapped "{[/error]}" onto public java.lang.String com.ing.error.CustomErrorController.customError(org.springframework.ui.Model,javax.servlet.http.HttpServletRequest)
2017-04-10 19:13:45.437  INFO 8220 --- [           main] s.w.s.m.m.a.RequestMappingHandlerMapping : Mapped "{[/403]}" onto public java.lang.String com.ing.error.CustomErrorController.unauthorised(org.springframework.ui.Model,javax.servlet.http.HttpServletRequest)
2017-04-10 19:13:45.437  INFO 8220 --- [           main] s.w.s.m.m.a.RequestMappingHandlerMapping : Mapped "{[/index],methods=[GET]}" onto public java.lang.String com.ing.web.MainController.index()
2017-04-10 19:13:45.437  INFO 8220 --- [           main] s.w.s.m.m.a.RequestMappingHandlerMapping : Mapped "{[/],methods=[GET]}" onto public java.lang.String com.ing.web.MainController.root()
2017-04-10 19:13:45.437  INFO 8220 --- [           main] s.w.s.m.m.a.RequestMappingHandlerMapping : Mapped "{[/login-error],methods=[GET]}" onto public java.lang.String com.ing.web.MainController.loginError(org.springframework.ui.Model)
2017-04-10 19:13:45.437  INFO 8220 --- [           main] s.w.s.m.m.a.RequestMappingHandlerMapping : Mapped "{[/login],methods=[GET]}" onto public java.lang.String com.ing.web.MainController.login()
2017-04-10 19:13:45.437  INFO 8220 --- [           main] s.w.s.m.m.a.RequestMappingHandlerMapping : Mapped "{[/admin/index],methods=[GET]}" onto public java.lang.String com.ing.web.MainController.adminIndex()
2017-04-10 19:13:45.437  INFO 8220 --- [           main] s.w.s.m.m.a.RequestMappingHandlerMapping : Mapped "{[/user/index],methods=[GET]}" onto public java.lang.String com.ing.web.MainController.userIndex()
2017-04-10 19:13:45.437  INFO 8220 --- [           main] s.w.s.m.m.a.RequestMappingHandlerMapping : Mapped "{[/public/index],methods=[GET]}" onto public java.lang.String com.ing.web.MainController.publicIndex()
2017-04-10 19:13:45.437  INFO 8220 --- [           main] s.w.s.m.m.a.RequestMappingHandlerMapping : Mapped "{[/extra/index],methods=[GET]}" onto public java.lang.String com.ing.web.MainController.extraIndex()
2017-04-10 19:13:45.437  INFO 8220 --- [           main] s.w.s.m.m.a.RequestMappingHandlerMapping : Mapped "{[/tags/index],methods=[GET]}" onto public java.lang.String com.ing.web.SecurityTagController.index(org.springframework.security.core.userdetails.User)
2017-04-10 19:13:45.437  INFO 8220 --- [           main] s.w.s.m.m.a.RequestMappingHandlerMapping : Mapped "{[/tags/admin/index],methods=[GET]}" onto public java.lang.String com.ing.web.SecurityTagController.adminIndex(org.springframework.security.core.userdetails.User)
2017-04-10 19:13:45.437  INFO 8220 --- [           main] s.w.s.m.m.a.RequestMappingHandlerMapping : Mapped "{[/tags/extra/index],methods=[GET]}" onto public java.lang.String com.ing.web.SecurityTagController.extraUser(org.springframework.security.core.userdetails.User)
2017-04-10 19:13:45.437  INFO 8220 --- [           main] s.w.s.m.m.a.RequestMappingHandlerMapping : Mapped "{[/tags/user/index],methods=[GET]}" onto public java.lang.String com.ing.web.SecurityTagController.userIndex(org.springframework.security.core.userdetails.User)
2017-04-10 19:13:45.517  INFO 8220 --- [           main] o.s.w.s.handler.SimpleUrlHandlerMapping  : Mapped URL path [/webjars/**] onto handler of type [class org.springframework.web.servlet.resource.ResourceHttpRequestHandler]
2017-04-10 19:13:45.517  INFO 8220 --- [           main] o.s.w.s.handler.SimpleUrlHandlerMapping  : Mapped URL path [/**] onto handler of type [class org.springframework.web.servlet.resource.ResourceHttpRequestHandler]
2017-04-10 19:13:45.557  INFO 8220 --- [           main] o.s.w.s.handler.SimpleUrlHandlerMapping  : Mapped URL path [/**/favicon.ico] onto handler of type [class org.springframework.web.servlet.resource.ResourceHttpRequestHandler]
2017-04-10 19:13:45.637  INFO 8220 --- [           main] o.a.c.i.converter.DefaultTypeConverter   : Loaded 191 type converters
2017-04-10 19:13:45.737  INFO 8220 --- [           main] o.a.camel.spring.boot.RoutesCollector    : Loading additional Camel XML routes from: classpath:camel/*.xml
2017-04-10 19:13:45.737  INFO 8220 --- [           main] o.a.camel.spring.boot.RoutesCollector    : Loading additional Camel XML rests from: classpath:camel-rest/*.xml
2017-04-10 19:13:45.737  INFO 8220 --- [           main] o.a.camel.spring.SpringCamelContext      : Apache Camel 2.17.2 (CamelContext: camel-34) is starting
2017-04-10 19:13:45.737  INFO 8220 --- [           main] o.a.c.m.ManagedManagementStrategy        : JMX is enabled
2017-04-10 19:13:45.737  INFO 8220 --- [           main] o.a.c.i.DefaultRuntimeEndpointRegistry   : Runtime endpoint registry is in extended mode gathering usage statistics of all incoming and outgoing endpoints (cache limit: 1000)
2017-04-10 19:13:45.767  INFO 8220 --- [           main] o.a.camel.spring.SpringCamelContext      : Apache Camel 2.17.2 (CamelContext: camel-34) is shutting down
2017-04-10 19:13:45.767  INFO 8220 --- [           main] o.a.camel.spring.SpringCamelContext      : Apache Camel 2.17.2 (CamelContext: camel-34) uptime 0.030 seconds
2017-04-10 19:13:45.767  INFO 8220 --- [           main] o.a.camel.spring.SpringCamelContext      : Apache Camel 2.17.2 (CamelContext: camel-34) is shutdown in 0.000 seconds
2017-04-10 19:13:45.767 ERROR 8220 --- [           main] o.s.boot.SpringApplication               : Application startup failed

org.apache.camel.spring.boot.CamelSpringBootInitializationException: org.apache.camel.FailedToCreateRouteException: Failed to create route route102 at: >>> Choice[[When[{header{action} == all} -> [To[GetAllATMs]]], When[{header{action} == inCity} -> [To[GetAllATMsInCity]]]]] <<< in route: Route(route102)[[From[direct:call]] -> [SetBody[{null}], Cho... because of No endpoint could be found for: GetAllATMs, please check your classpath contains the needed Camel component jar.
	at org.apache.camel.spring.boot.RoutesCollector.onApplicationEvent(RoutesCollector.java:126) ~[camel-spring-boot-2.17.0.jar:2.17.0]
	at org.apache.camel.spring.boot.RoutesCollector.onApplicationEvent(RoutesCollector.java:41) ~[camel-spring-boot-2.17.0.jar:2.17.0]
	at org.springframework.context.event.SimpleApplicationEventMulticaster.invokeListener(SimpleApplicationEventMulticaster.java:166) ~[spring-context-4.3.4.RELEASE.jar:4.3.4.RELEASE]
	at org.springframework.context.event.SimpleApplicationEventMulticaster.multicastEvent(SimpleApplicationEventMulticaster.java:138) ~[spring-context-4.3.4.RELEASE.jar:4.3.4.RELEASE]
	at org.springframework.context.support.AbstractApplicationContext.publishEvent(AbstractApplicationContext.java:383) ~[spring-context-4.3.4.RELEASE.jar:4.3.4.RELEASE]
	at org.springframework.context.support.AbstractApplicationContext.publishEvent(AbstractApplicationContext.java:337) ~[spring-context-4.3.4.RELEASE.jar:4.3.4.RELEASE]
	at org.springframework.context.support.AbstractApplicationContext.finishRefresh(AbstractApplicationContext.java:882) ~[spring-context-4.3.4.RELEASE.jar:4.3.4.RELEASE]
	at org.springframework.context.support.AbstractApplicationContext.refresh(AbstractApplicationContext.java:545) ~[spring-context-4.3.4.RELEASE.jar:4.3.4.RELEASE]
	at org.springframework.boot.SpringApplication.refresh(SpringApplication.java:766) ~[spring-boot-1.3.3.RELEASE.jar:1.3.3.RELEASE]
	at org.springframework.boot.SpringApplication.createAndRefreshContext(SpringApplication.java:361) ~[spring-boot-1.3.3.RELEASE.jar:1.3.3.RELEASE]
	at org.springframework.boot.SpringApplication.run(SpringApplication.java:307) ~[spring-boot-1.3.3.RELEASE.jar:1.3.3.RELEASE]
	at org.springframework.boot.test.SpringApplicationContextLoader.loadContext(SpringApplicationContextLoader.java:98) [spring-boot-1.3.3.RELEASE.jar:1.3.3.RELEASE]
	at org.springframework.test.context.cache.DefaultCacheAwareContextLoaderDelegate.loadContextInternal(DefaultCacheAwareContextLoaderDelegate.java:98) [spring-test-4.3.4.RELEASE.jar:4.3.4.RELEASE]
	at org.springframework.test.context.cache.DefaultCacheAwareContextLoaderDelegate.loadContext(DefaultCacheAwareContextLoaderDelegate.java:116) [spring-test-4.3.4.RELEASE.jar:4.3.4.RELEASE]
	at org.springframework.test.context.support.DefaultTestContext.getApplicationContext(DefaultTestContext.java:83) [spring-test-4.3.4.RELEASE.jar:4.3.4.RELEASE]
	at org.springframework.test.context.web.ServletTestExecutionListener.setUpRequestContextIfNecessary(ServletTestExecutionListener.java:189) [spring-test-4.3.4.RELEASE.jar:4.3.4.RELEASE]
	at org.springframework.test.context.web.ServletTestExecutionListener.prepareTestInstance(ServletTestExecutionListener.java:131) [spring-test-4.3.4.RELEASE.jar:4.3.4.RELEASE]
	at org.springframework.test.context.TestContextManager.prepareTestInstance(TestContextManager.java:230) [spring-test-4.3.4.RELEASE.jar:4.3.4.RELEASE]
	at org.springframework.test.context.junit4.SpringJUnit4ClassRunner.createTest(SpringJUnit4ClassRunner.java:228) [spring-test-4.3.4.RELEASE.jar:4.3.4.RELEASE]
	at org.springframework.test.context.junit4.SpringJUnit4ClassRunner$1.runReflectiveCall(SpringJUnit4ClassRunner.java:287) [spring-test-4.3.4.RELEASE.jar:4.3.4.RELEASE]
	at org.junit.internal.runners.model.ReflectiveCallable.run(ReflectiveCallable.java:12) [junit-4.12.jar:4.12]
	at org.springframework.test.context.junit4.SpringJUnit4ClassRunner.methodBlock(SpringJUnit4ClassRunner.java:289) [spring-test-4.3.4.RELEASE.jar:4.3.4.RELEASE]
	at org.springframework.test.context.junit4.SpringJUnit4ClassRunner.runChild(SpringJUnit4ClassRunner.java:247) [spring-test-4.3.4.RELEASE.jar:4.3.4.RELEASE]
	at org.springframework.test.context.junit4.SpringJUnit4ClassRunner.runChild(SpringJUnit4ClassRunner.java:94) [spring-test-4.3.4.RELEASE.jar:4.3.4.RELEASE]
	at org.junit.runners.ParentRunner$3.run(ParentRunner.java:290) [junit-4.12.jar:4.12]
	at org.junit.runners.ParentRunner$1.schedule(ParentRunner.java:71) [junit-4.12.jar:4.12]
	at org.junit.runners.ParentRunner.runChildren(ParentRunner.java:288) [junit-4.12.jar:4.12]
	at org.junit.runners.ParentRunner.access$000(ParentRunner.java:58) [junit-4.12.jar:4.12]
	at org.junit.runners.ParentRunner$2.evaluate(ParentRunner.java:268) [junit-4.12.jar:4.12]
	at org.springframework.test.context.junit4.statements.RunBeforeTestClassCallbacks.evaluate(RunBeforeTestClassCallbacks.java:61) [spring-test-4.3.4.RELEASE.jar:4.3.4.RELEASE]
	at org.springframework.test.context.junit4.statements.RunAfterTestClassCallbacks.evaluate(RunAfterTestClassCallbacks.java:70) [spring-test-4.3.4.RELEASE.jar:4.3.4.RELEASE]
	at org.junit.runners.ParentRunner.run(ParentRunner.java:363) [junit-4.12.jar:4.12]
	at org.springframework.test.context.junit4.SpringJUnit4ClassRunner.run(SpringJUnit4ClassRunner.java:191) [spring-test-4.3.4.RELEASE.jar:4.3.4.RELEASE]
	at org.apache.maven.surefire.junit4.JUnit4Provider.execute(JUnit4Provider.java:264) [surefire-junit4-2.14.1.jar:2.14.1]
	at org.apache.maven.surefire.junit4.JUnit4Provider.executeTestSet(JUnit4Provider.java:153) [surefire-junit4-2.14.1.jar:2.14.1]
	at org.apache.maven.surefire.junit4.JUnit4Provider.invoke(JUnit4Provider.java:124) [surefire-junit4-2.14.1.jar:2.14.1]
	at sun.reflect.NativeMethodAccessorImpl.invoke0(Native Method) ~[na:1.8.0_121]
	at sun.reflect.NativeMethodAccessorImpl.invoke(NativeMethodAccessorImpl.java:62) ~[na:1.8.0_121]
	at sun.reflect.DelegatingMethodAccessorImpl.invoke(DelegatingMethodAccessorImpl.java:43) ~[na:1.8.0_121]
	at java.lang.reflect.Method.invoke(Method.java:498) ~[na:1.8.0_121]
	at org.apache.maven.surefire.util.ReflectionUtils.invokeMethodWithArray2(ReflectionUtils.java:208) [surefire-api-2.14.1.jar:2.14.1]
	at org.apache.maven.surefire.booter.ProviderFactory$ProviderProxy.invoke(ProviderFactory.java:159) [surefire-booter-2.14.1.jar:2.14.1]
	at org.apache.maven.surefire.booter.ProviderFactory.invokeProvider(ProviderFactory.java:87) [surefire-booter-2.14.1.jar:2.14.1]
	at org.apache.maven.surefire.booter.ForkedBooter.runSuitesInProcess(ForkedBooter.java:153) [surefire-booter-2.14.1.jar:2.14.1]
	at org.apache.maven.surefire.booter.ForkedBooter.main(ForkedBooter.java:95) [surefire-booter-2.14.1.jar:2.14.1]
Caused by: org.apache.camel.FailedToCreateRouteException: Failed to create route route102 at: >>> Choice[[When[{header{action} == all} -> [To[GetAllATMs]]], When[{header{action} == inCity} -> [To[GetAllATMsInCity]]]]] <<< in route: Route(route102)[[From[direct:call]] -> [SetBody[{null}], Cho... because of No endpoint could be found for: GetAllATMs, please check your classpath contains the needed Camel component jar.
	at org.apache.camel.model.RouteDefinition.addRoutes(RouteDefinition.java:1072) ~[camel-core-2.17.2.jar:2.17.2]
	at org.apache.camel.model.RouteDefinition.addRoutes(RouteDefinition.java:196) ~[camel-core-2.17.2.jar:2.17.2]
	at org.apache.camel.impl.DefaultCamelContext.startRoute(DefaultCamelContext.java:974) ~[camel-core-2.17.2.jar:2.17.2]
	at org.apache.camel.impl.DefaultCamelContext.startRouteDefinitions(DefaultCamelContext.java:3301) ~[camel-core-2.17.2.jar:2.17.2]
	at org.apache.camel.impl.DefaultCamelContext.doStartCamel(DefaultCamelContext.java:3024) ~[camel-core-2.17.2.jar:2.17.2]
	at org.apache.camel.impl.DefaultCamelContext.access$000(DefaultCamelContext.java:175) ~[camel-core-2.17.2.jar:2.17.2]
	at org.apache.camel.impl.DefaultCamelContext$2.call(DefaultCamelContext.java:2854) ~[camel-core-2.17.2.jar:2.17.2]
	at org.apache.camel.impl.DefaultCamelContext$2.call(DefaultCamelContext.java:2850) ~[camel-core-2.17.2.jar:2.17.2]
	at org.apache.camel.impl.DefaultCamelContext.doWithDefinedClassLoader(DefaultCamelContext.java:2873) ~[camel-core-2.17.2.jar:2.17.2]
	at org.apache.camel.impl.DefaultCamelContext.doStart(DefaultCamelContext.java:2850) ~[camel-core-2.17.2.jar:2.17.2]
	at org.apache.camel.support.ServiceSupport.start(ServiceSupport.java:61) ~[camel-core-2.17.2.jar:2.17.2]
	at org.apache.camel.impl.DefaultCamelContext.start(DefaultCamelContext.java:2819) ~[camel-core-2.17.2.jar:2.17.2]
	at org.apache.camel.spring.boot.RoutesCollector.onApplicationEvent(RoutesCollector.java:116) ~[camel-spring-boot-2.17.0.jar:2.17.0]
	... 44 common frames omitted
Caused by: org.apache.camel.NoSuchEndpointException: No endpoint could be found for: GetAllATMs, please check your classpath contains the needed Camel component jar.
	at org.apache.camel.util.CamelContextHelper.getMandatoryEndpoint(CamelContextHelper.java:81) ~[camel-core-2.17.2.jar:2.17.2]
	at org.apache.camel.model.RouteDefinition.resolveEndpoint(RouteDefinition.java:211) ~[camel-core-2.17.2.jar:2.17.2]
	at org.apache.camel.impl.DefaultRouteContext.resolveEndpoint(DefaultRouteContext.java:107) ~[camel-core-2.17.2.jar:2.17.2]
	at org.apache.camel.impl.DefaultRouteContext.resolveEndpoint(DefaultRouteContext.java:113) ~[camel-core-2.17.2.jar:2.17.2]
	at org.apache.camel.model.SendDefinition.resolveEndpoint(SendDefinition.java:62) ~[camel-core-2.17.2.jar:2.17.2]
	at org.apache.camel.model.SendDefinition.createProcessor(SendDefinition.java:56) ~[camel-core-2.17.2.jar:2.17.2]
	at org.apache.camel.model.ProcessorDefinition.createProcessor(ProcessorDefinition.java:483) ~[camel-core-2.17.2.jar:2.17.2]
	at org.apache.camel.model.ProcessorDefinition.createOutputsProcessorImpl(ProcessorDefinition.java:446) ~[camel-core-2.17.2.jar:2.17.2]
	at org.apache.camel.model.ProcessorDefinition.createOutputsProcessor(ProcessorDefinition.java:413) ~[camel-core-2.17.2.jar:2.17.2]
	at org.apache.camel.model.ProcessorDefinition.createOutputsProcessor(ProcessorDefinition.java:165) ~[camel-core-2.17.2.jar:2.17.2]
	at org.apache.camel.model.ExpressionNode.createFilterProcessor(ExpressionNode.java:109) ~[camel-core-2.17.2.jar:2.17.2]
	at org.apache.camel.model.WhenDefinition.createProcessor(WhenDefinition.java:74) ~[camel-core-2.17.2.jar:2.17.2]
	at org.apache.camel.model.WhenDefinition.createProcessor(WhenDefinition.java:32) ~[camel-core-2.17.2.jar:2.17.2]
	at org.apache.camel.model.ProcessorDefinition.createProcessor(ProcessorDefinition.java:483) ~[camel-core-2.17.2.jar:2.17.2]
	at org.apache.camel.model.ChoiceDefinition.createProcessor(ChoiceDefinition.java:135) ~[camel-core-2.17.2.jar:2.17.2]
	at org.apache.camel.model.ProcessorDefinition.makeProcessorImpl(ProcessorDefinition.java:534) ~[camel-core-2.17.2.jar:2.17.2]
	at org.apache.camel.model.ProcessorDefinition.makeProcessor(ProcessorDefinition.java:495) ~[camel-core-2.17.2.jar:2.17.2]
	at org.apache.camel.model.ProcessorDefinition.addRoutes(ProcessorDefinition.java:219) ~[camel-core-2.17.2.jar:2.17.2]
	at org.apache.camel.model.RouteDefinition.addRoutes(RouteDefinition.java:1069) ~[camel-core-2.17.2.jar:2.17.2]
	... 56 common frames omitted

2017-04-10 19:13:45.767  INFO 8220 --- [           main] .b.l.ClasspathLoggingApplicationListener : Application failed to start with classpath: [file:/C:/Users/normsby/Documents/NetBeansProjects/ING_ATM_Locator/target/surefire/surefirebooter5636998128895282040.jar, file:/C:/Users/normsby/.m2/repository/org/jacoco/org.jacoco.agent/0.7.5.201505241946/org.jacoco.agent-0.7.5.201505241946-runtime.jar]
2017-04-10 19:13:45.767 ERROR 8220 --- [           main] o.s.test.context.TestContextManager      : Caught exception while allowing TestExecutionListener [org.springframework.test.context.web.ServletTestExecutionListener@15f68bcc] to prepare test instance [com.ing.custom.web.SecurityTagControllerTest@50c0c6cd]

java.lang.IllegalStateException: Failed to load ApplicationContext
	at org.springframework.test.context.cache.DefaultCacheAwareContextLoaderDelegate.loadContext(DefaultCacheAwareContextLoaderDelegate.java:124) ~[spring-test-4.3.4.RELEASE.jar:4.3.4.RELEASE]
	at org.springframework.test.context.support.DefaultTestContext.getApplicationContext(DefaultTestContext.java:83) ~[spring-test-4.3.4.RELEASE.jar:4.3.4.RELEASE]
	at org.springframework.test.context.web.ServletTestExecutionListener.setUpRequestContextIfNecessary(ServletTestExecutionListener.java:189) ~[spring-test-4.3.4.RELEASE.jar:4.3.4.RELEASE]
	at org.springframework.test.context.web.ServletTestExecutionListener.prepareTestInstance(ServletTestExecutionListener.java:131) ~[spring-test-4.3.4.RELEASE.jar:4.3.4.RELEASE]
	at org.springframework.test.context.TestContextManager.prepareTestInstance(TestContextManager.java:230) ~[spring-test-4.3.4.RELEASE.jar:4.3.4.RELEASE]
	at org.springframework.test.context.junit4.SpringJUnit4ClassRunner.createTest(SpringJUnit4ClassRunner.java:228) [spring-test-4.3.4.RELEASE.jar:4.3.4.RELEASE]
	at org.springframework.test.context.junit4.SpringJUnit4ClassRunner$1.runReflectiveCall(SpringJUnit4ClassRunner.java:287) [spring-test-4.3.4.RELEASE.jar:4.3.4.RELEASE]
	at org.junit.internal.runners.model.ReflectiveCallable.run(ReflectiveCallable.java:12) [junit-4.12.jar:4.12]
	at org.springframework.test.context.junit4.SpringJUnit4ClassRunner.methodBlock(SpringJUnit4ClassRunner.java:289) [spring-test-4.3.4.RELEASE.jar:4.3.4.RELEASE]
	at org.springframework.test.context.junit4.SpringJUnit4ClassRunner.runChild(SpringJUnit4ClassRunner.java:247) [spring-test-4.3.4.RELEASE.jar:4.3.4.RELEASE]
	at org.springframework.test.context.junit4.SpringJUnit4ClassRunner.runChild(SpringJUnit4ClassRunner.java:94) [spring-test-4.3.4.RELEASE.jar:4.3.4.RELEASE]
	at org.junit.runners.ParentRunner$3.run(ParentRunner.java:290) [junit-4.12.jar:4.12]
	at org.junit.runners.ParentRunner$1.schedule(ParentRunner.java:71) [junit-4.12.jar:4.12]
	at org.junit.runners.ParentRunner.runChildren(ParentRunner.java:288) [junit-4.12.jar:4.12]
	at org.junit.runners.ParentRunner.access$000(ParentRunner.java:58) [junit-4.12.jar:4.12]
	at org.junit.runners.ParentRunner$2.evaluate(ParentRunner.java:268) [junit-4.12.jar:4.12]
	at org.springframework.test.context.junit4.statements.RunBeforeTestClassCallbacks.evaluate(RunBeforeTestClassCallbacks.java:61) [spring-test-4.3.4.RELEASE.jar:4.3.4.RELEASE]
	at org.springframework.test.context.junit4.statements.RunAfterTestClassCallbacks.evaluate(RunAfterTestClassCallbacks.java:70) [spring-test-4.3.4.RELEASE.jar:4.3.4.RELEASE]
	at org.junit.runners.ParentRunner.run(ParentRunner.java:363) [junit-4.12.jar:4.12]
	at org.springframework.test.context.junit4.SpringJUnit4ClassRunner.run(SpringJUnit4ClassRunner.java:191) [spring-test-4.3.4.RELEASE.jar:4.3.4.RELEASE]
	at org.apache.maven.surefire.junit4.JUnit4Provider.execute(JUnit4Provider.java:264) [surefire-junit4-2.14.1.jar:2.14.1]
	at org.apache.maven.surefire.junit4.JUnit4Provider.executeTestSet(JUnit4Provider.java:153) [surefire-junit4-2.14.1.jar:2.14.1]
	at org.apache.maven.surefire.junit4.JUnit4Provider.invoke(JUnit4Provider.java:124) [surefire-junit4-2.14.1.jar:2.14.1]
	at sun.reflect.NativeMethodAccessorImpl.invoke0(Native Method) ~[na:1.8.0_121]
	at sun.reflect.NativeMethodAccessorImpl.invoke(NativeMethodAccessorImpl.java:62) ~[na:1.8.0_121]
	at sun.reflect.DelegatingMethodAccessorImpl.invoke(DelegatingMethodAccessorImpl.java:43) ~[na:1.8.0_121]
	at java.lang.reflect.Method.invoke(Method.java:498) ~[na:1.8.0_121]
	at org.apache.maven.surefire.util.ReflectionUtils.invokeMethodWithArray2(ReflectionUtils.java:208) [surefire-api-2.14.1.jar:2.14.1]
	at org.apache.maven.surefire.booter.ProviderFactory$ProviderProxy.invoke(ProviderFactory.java:159) [surefire-booter-2.14.1.jar:2.14.1]
	at org.apache.maven.surefire.booter.ProviderFactory.invokeProvider(ProviderFactory.java:87) [surefire-booter-2.14.1.jar:2.14.1]
	at org.apache.maven.surefire.booter.ForkedBooter.runSuitesInProcess(ForkedBooter.java:153) [surefire-booter-2.14.1.jar:2.14.1]
	at org.apache.maven.surefire.booter.ForkedBooter.main(ForkedBooter.java:95) [surefire-booter-2.14.1.jar:2.14.1]
Caused by: org.apache.camel.spring.boot.CamelSpringBootInitializationException: org.apache.camel.FailedToCreateRouteException: Failed to create route route102 at: >>> Choice[[When[{header{action} == all} -> [To[GetAllATMs]]], When[{header{action} == inCity} -> [To[GetAllATMsInCity]]]]] <<< in route: Route(route102)[[From[direct:call]] -> [SetBody[{null}], Cho... because of No endpoint could be found for: GetAllATMs, please check your classpath contains the needed Camel component jar.
	at org.apache.camel.spring.boot.RoutesCollector.onApplicationEvent(RoutesCollector.java:126) ~[camel-spring-boot-2.17.0.jar:2.17.0]
	at org.apache.camel.spring.boot.RoutesCollector.onApplicationEvent(RoutesCollector.java:41) ~[camel-spring-boot-2.17.0.jar:2.17.0]
	at org.springframework.context.event.SimpleApplicationEventMulticaster.invokeListener(SimpleApplicationEventMulticaster.java:166) ~[spring-context-4.3.4.RELEASE.jar:4.3.4.RELEASE]
	at org.springframework.context.event.SimpleApplicationEventMulticaster.multicastEvent(SimpleApplicationEventMulticaster.java:138) ~[spring-context-4.3.4.RELEASE.jar:4.3.4.RELEASE]
	at org.springframework.context.support.AbstractApplicationContext.publishEvent(AbstractApplicationContext.java:383) ~[spring-context-4.3.4.RELEASE.jar:4.3.4.RELEASE]
	at org.springframework.context.support.AbstractApplicationContext.publishEvent(AbstractApplicationContext.java:337) ~[spring-context-4.3.4.RELEASE.jar:4.3.4.RELEASE]
	at org.springframework.context.support.AbstractApplicationContext.finishRefresh(AbstractApplicationContext.java:882) ~[spring-context-4.3.4.RELEASE.jar:4.3.4.RELEASE]
	at org.springframework.context.support.AbstractApplicationContext.refresh(AbstractApplicationContext.java:545) ~[spring-context-4.3.4.RELEASE.jar:4.3.4.RELEASE]
	at org.springframework.boot.SpringApplication.refresh(SpringApplication.java:766) ~[spring-boot-1.3.3.RELEASE.jar:1.3.3.RELEASE]
	at org.springframework.boot.SpringApplication.createAndRefreshContext(SpringApplication.java:361) ~[spring-boot-1.3.3.RELEASE.jar:1.3.3.RELEASE]
	at org.springframework.boot.SpringApplication.run(SpringApplication.java:307) ~[spring-boot-1.3.3.RELEASE.jar:1.3.3.RELEASE]
	at org.springframework.boot.test.SpringApplicationContextLoader.loadContext(SpringApplicationContextLoader.java:98) ~[spring-boot-1.3.3.RELEASE.jar:1.3.3.RELEASE]
	at org.springframework.test.context.cache.DefaultCacheAwareContextLoaderDelegate.loadContextInternal(DefaultCacheAwareContextLoaderDelegate.java:98) ~[spring-test-4.3.4.RELEASE.jar:4.3.4.RELEASE]
	at org.springframework.test.context.cache.DefaultCacheAwareContextLoaderDelegate.loadContext(DefaultCacheAwareContextLoaderDelegate.java:116) ~[spring-test-4.3.4.RELEASE.jar:4.3.4.RELEASE]
	... 31 common frames omitted
Caused by: org.apache.camel.FailedToCreateRouteException: Failed to create route route102 at: >>> Choice[[When[{header{action} == all} -> [To[GetAllATMs]]], When[{header{action} == inCity} -> [To[GetAllATMsInCity]]]]] <<< in route: Route(route102)[[From[direct:call]] -> [SetBody[{null}], Cho... because of No endpoint could be found for: GetAllATMs, please check your classpath contains the needed Camel component jar.
	at org.apache.camel.model.RouteDefinition.addRoutes(RouteDefinition.java:1072) ~[camel-core-2.17.2.jar:2.17.2]
	at org.apache.camel.model.RouteDefinition.addRoutes(RouteDefinition.java:196) ~[camel-core-2.17.2.jar:2.17.2]
	at org.apache.camel.impl.DefaultCamelContext.startRoute(DefaultCamelContext.java:974) ~[camel-core-2.17.2.jar:2.17.2]
	at org.apache.camel.impl.DefaultCamelContext.startRouteDefinitions(DefaultCamelContext.java:3301) ~[camel-core-2.17.2.jar:2.17.2]
	at org.apache.camel.impl.DefaultCamelContext.doStartCamel(DefaultCamelContext.java:3024) ~[camel-core-2.17.2.jar:2.17.2]
	at org.apache.camel.impl.DefaultCamelContext.access$000(DefaultCamelContext.java:175) ~[camel-core-2.17.2.jar:2.17.2]
	at org.apache.camel.impl.DefaultCamelContext$2.call(DefaultCamelContext.java:2854) ~[camel-core-2.17.2.jar:2.17.2]
	at org.apache.camel.impl.DefaultCamelContext$2.call(DefaultCamelContext.java:2850) ~[camel-core-2.17.2.jar:2.17.2]
	at org.apache.camel.impl.DefaultCamelContext.doWithDefinedClassLoader(DefaultCamelContext.java:2873) ~[camel-core-2.17.2.jar:2.17.2]
	at org.apache.camel.impl.DefaultCamelContext.doStart(DefaultCamelContext.java:2850) ~[camel-core-2.17.2.jar:2.17.2]
	at org.apache.camel.support.ServiceSupport.start(ServiceSupport.java:61) ~[camel-core-2.17.2.jar:2.17.2]
	at org.apache.camel.impl.DefaultCamelContext.start(DefaultCamelContext.java:2819) ~[camel-core-2.17.2.jar:2.17.2]
	at org.apache.camel.spring.boot.RoutesCollector.onApplicationEvent(RoutesCollector.java:116) ~[camel-spring-boot-2.17.0.jar:2.17.0]
	... 44 common frames omitted
Caused by: org.apache.camel.NoSuchEndpointException: No endpoint could be found for: GetAllATMs, please check your classpath contains the needed Camel component jar.
	at org.apache.camel.util.CamelContextHelper.getMandatoryEndpoint(CamelContextHelper.java:81) ~[camel-core-2.17.2.jar:2.17.2]
	at org.apache.camel.model.RouteDefinition.resolveEndpoint(RouteDefinition.java:211) ~[camel-core-2.17.2.jar:2.17.2]
	at org.apache.camel.impl.DefaultRouteContext.resolveEndpoint(DefaultRouteContext.java:107) ~[camel-core-2.17.2.jar:2.17.2]
	at org.apache.camel.impl.DefaultRouteContext.resolveEndpoint(DefaultRouteContext.java:113) ~[camel-core-2.17.2.jar:2.17.2]
	at org.apache.camel.model.SendDefinition.resolveEndpoint(SendDefinition.java:62) ~[camel-core-2.17.2.jar:2.17.2]
	at org.apache.camel.model.SendDefinition.createProcessor(SendDefinition.java:56) ~[camel-core-2.17.2.jar:2.17.2]
	at org.apache.camel.model.ProcessorDefinition.createProcessor(ProcessorDefinition.java:483) ~[camel-core-2.17.2.jar:2.17.2]
	at org.apache.camel.model.ProcessorDefinition.createOutputsProcessorImpl(ProcessorDefinition.java:446) ~[camel-core-2.17.2.jar:2.17.2]
	at org.apache.camel.model.ProcessorDefinition.createOutputsProcessor(ProcessorDefinition.java:413) ~[camel-core-2.17.2.jar:2.17.2]
	at org.apache.camel.model.ProcessorDefinition.createOutputsProcessor(ProcessorDefinition.java:165) ~[camel-core-2.17.2.jar:2.17.2]
	at org.apache.camel.model.ExpressionNode.createFilterProcessor(ExpressionNode.java:109) ~[camel-core-2.17.2.jar:2.17.2]
	at org.apache.camel.model.WhenDefinition.createProcessor(WhenDefinition.java:74) ~[camel-core-2.17.2.jar:2.17.2]
	at org.apache.camel.model.WhenDefinition.createProcessor(WhenDefinition.java:32) ~[camel-core-2.17.2.jar:2.17.2]
	at org.apache.camel.model.ProcessorDefinition.createProcessor(ProcessorDefinition.java:483) ~[camel-core-2.17.2.jar:2.17.2]
	at org.apache.camel.model.ChoiceDefinition.createProcessor(ChoiceDefinition.java:135) ~[camel-core-2.17.2.jar:2.17.2]
	at org.apache.camel.model.ProcessorDefinition.makeProcessorImpl(ProcessorDefinition.java:534) ~[camel-core-2.17.2.jar:2.17.2]
	at org.apache.camel.model.ProcessorDefinition.makeProcessor(ProcessorDefinition.java:495) ~[camel-core-2.17.2.jar:2.17.2]
	at org.apache.camel.model.ProcessorDefinition.addRoutes(ProcessorDefinition.java:219) ~[camel-core-2.17.2.jar:2.17.2]
	at org.apache.camel.model.RouteDefinition.addRoutes(RouteDefinition.java:1069) ~[camel-core-2.17.2.jar:2.17.2]
	... 56 common frames omitted

]]></system-out>
  </testcase>
  <testcase name="whenExtraPage_withNormalUser_thenFailure" classname="com.ing.custom.web.SecurityTagControllerTest" time="0">
    <error message="Failed to load ApplicationContext" type="java.lang.IllegalStateException">java.lang.IllegalStateException: Failed to load ApplicationContext
	at org.apache.camel.util.CamelContextHelper.getMandatoryEndpoint(CamelContextHelper.java:81)
	at org.apache.camel.model.RouteDefinition.resolveEndpoint(RouteDefinition.java:211)
	at org.apache.camel.impl.DefaultRouteContext.resolveEndpoint(DefaultRouteContext.java:107)
	at org.apache.camel.impl.DefaultRouteContext.resolveEndpoint(DefaultRouteContext.java:113)
	at org.apache.camel.model.SendDefinition.resolveEndpoint(SendDefinition.java:62)
	at org.apache.camel.model.SendDefinition.createProcessor(SendDefinition.java:56)
	at org.apache.camel.model.ProcessorDefinition.createProcessor(ProcessorDefinition.java:483)
	at org.apache.camel.model.ProcessorDefinition.createOutputsProcessorImpl(ProcessorDefinition.java:446)
	at org.apache.camel.model.ProcessorDefinition.createOutputsProcessor(ProcessorDefinition.java:413)
	at org.apache.camel.model.ProcessorDefinition.createOutputsProcessor(ProcessorDefinition.java:165)
	at org.apache.camel.model.ExpressionNode.createFilterProcessor(ExpressionNode.java:109)
	at org.apache.camel.model.WhenDefinition.createProcessor(WhenDefinition.java:74)
	at org.apache.camel.model.WhenDefinition.createProcessor(WhenDefinition.java:32)
	at org.apache.camel.model.ProcessorDefinition.createProcessor(ProcessorDefinition.java:483)
	at org.apache.camel.model.ChoiceDefinition.createProcessor(ChoiceDefinition.java:135)
	at org.apache.camel.model.ProcessorDefinition.makeProcessorImpl(ProcessorDefinition.java:534)
	at org.apache.camel.model.ProcessorDefinition.makeProcessor(ProcessorDefinition.java:495)
	at org.apache.camel.model.ProcessorDefinition.addRoutes(ProcessorDefinition.java:219)
	at org.apache.camel.model.RouteDefinition.addRoutes(RouteDefinition.java:1069)
	at org.apache.camel.model.RouteDefinition.addRoutes(RouteDefinition.java:196)
	at org.apache.camel.impl.DefaultCamelContext.startRoute(DefaultCamelContext.java:974)
	at org.apache.camel.impl.DefaultCamelContext.startRouteDefinitions(DefaultCamelContext.java:3301)
	at org.apache.camel.impl.DefaultCamelContext.doStartCamel(DefaultCamelContext.java:3024)
	at org.apache.camel.impl.DefaultCamelContext.access$000(DefaultCamelContext.java:175)
	at org.apache.camel.impl.DefaultCamelContext$2.call(DefaultCamelContext.java:2854)
	at org.apache.camel.impl.DefaultCamelContext$2.call(DefaultCamelContext.java:2850)
	at org.apache.camel.impl.DefaultCamelContext.doWithDefinedClassLoader(DefaultCamelContext.java:2873)
	at org.apache.camel.impl.DefaultCamelContext.doStart(DefaultCamelContext.java:2850)
	at org.apache.camel.support.ServiceSupport.start(ServiceSupport.java:61)
	at org.apache.camel.impl.DefaultCamelContext.start(DefaultCamelContext.java:2819)
	at org.apache.camel.spring.boot.RoutesCollector.onApplicationEvent(RoutesCollector.java:116)
	at org.apache.camel.spring.boot.RoutesCollector.onApplicationEvent(RoutesCollector.java:41)
	at org.springframework.context.event.SimpleApplicationEventMulticaster.invokeListener(SimpleApplicationEventMulticaster.java:166)
	at org.springframework.context.event.SimpleApplicationEventMulticaster.multicastEvent(SimpleApplicationEventMulticaster.java:138)
	at org.springframework.context.support.AbstractApplicationContext.publishEvent(AbstractApplicationContext.java:383)
	at org.springframework.context.support.AbstractApplicationContext.publishEvent(AbstractApplicationContext.java:337)
	at org.springframework.context.support.AbstractApplicationContext.finishRefresh(AbstractApplicationContext.java:882)
	at org.springframework.context.support.AbstractApplicationContext.refresh(AbstractApplicationContext.java:545)
	at org.springframework.boot.SpringApplication.refresh(SpringApplication.java:766)
	at org.springframework.boot.SpringApplication.createAndRefreshContext(SpringApplication.java:361)
	at org.springframework.boot.SpringApplication.run(SpringApplication.java:307)
	at org.springframework.boot.test.SpringApplicationContextLoader.loadContext(SpringApplicationContextLoader.java:98)
	at org.springframework.test.context.cache.DefaultCacheAwareContextLoaderDelegate.loadContextInternal(DefaultCacheAwareContextLoaderDelegate.java:98)
	at org.springframework.test.context.cache.DefaultCacheAwareContextLoaderDelegate.loadContext(DefaultCacheAwareContextLoaderDelegate.java:116)
	at org.springframework.test.context.support.DefaultTestContext.getApplicationContext(DefaultTestContext.java:83)
	at org.springframework.test.context.web.ServletTestExecutionListener.setUpRequestContextIfNecessary(ServletTestExecutionListener.java:189)
	at org.springframework.test.context.web.ServletTestExecutionListener.prepareTestInstance(ServletTestExecutionListener.java:131)
	at org.springframework.test.context.TestContextManager.prepareTestInstance(TestContextManager.java:230)
	at org.springframework.test.context.junit4.SpringJUnit4ClassRunner.createTest(SpringJUnit4ClassRunner.java:228)
	at org.springframework.test.context.junit4.SpringJUnit4ClassRunner$1.runReflectiveCall(SpringJUnit4ClassRunner.java:287)
	at org.junit.internal.runners.model.ReflectiveCallable.run(ReflectiveCallable.java:12)
	at org.springframework.test.context.junit4.SpringJUnit4ClassRunner.methodBlock(SpringJUnit4ClassRunner.java:289)
	at org.springframework.test.context.junit4.SpringJUnit4ClassRunner.runChild(SpringJUnit4ClassRunner.java:247)
	at org.springframework.test.context.junit4.SpringJUnit4ClassRunner.runChild(SpringJUnit4ClassRunner.java:94)
	at org.junit.runners.ParentRunner$3.run(ParentRunner.java:290)
	at org.junit.runners.ParentRunner$1.schedule(ParentRunner.java:71)
	at org.junit.runners.ParentRunner.runChildren(ParentRunner.java:288)
	at org.junit.runners.ParentRunner.access$000(ParentRunner.java:58)
	at org.junit.runners.ParentRunner$2.evaluate(ParentRunner.java:268)
	at org.springframework.test.context.junit4.statements.RunBeforeTestClassCallbacks.evaluate(RunBeforeTestClassCallbacks.java:61)
	at org.springframework.test.context.junit4.statements.RunAfterTestClassCallbacks.evaluate(RunAfterTestClassCallbacks.java:70)
	at org.junit.runners.ParentRunner.run(ParentRunner.java:363)
	at org.springframework.test.context.junit4.SpringJUnit4ClassRunner.run(SpringJUnit4ClassRunner.java:191)
	at org.apache.maven.surefire.junit4.JUnit4Provider.execute(JUnit4Provider.java:264)
	at org.apache.maven.surefire.junit4.JUnit4Provider.executeTestSet(JUnit4Provider.java:153)
	at org.apache.maven.surefire.junit4.JUnit4Provider.invoke(JUnit4Provider.java:124)
	at sun.reflect.NativeMethodAccessorImpl.invoke0(Native Method)
	at sun.reflect.NativeMethodAccessorImpl.invoke(NativeMethodAccessorImpl.java:62)
	at sun.reflect.DelegatingMethodAccessorImpl.invoke(DelegatingMethodAccessorImpl.java:43)
	at java.lang.reflect.Method.invoke(Method.java:498)
	at org.apache.maven.surefire.util.ReflectionUtils.invokeMethodWithArray2(ReflectionUtils.java:208)
	at org.apache.maven.surefire.booter.ProviderFactory$ProviderProxy.invoke(ProviderFactory.java:159)
	at org.apache.maven.surefire.booter.ProviderFactory.invokeProvider(ProviderFactory.java:87)
	at org.apache.maven.surefire.booter.ForkedBooter.runSuitesInProcess(ForkedBooter.java:153)
	at org.apache.maven.surefire.booter.ForkedBooter.main(ForkedBooter.java:95)
</error>
    <system-out><![CDATA[
  .   ____          _            __ _ _
 /\\ / ___'_ __ _ _(_)_ __  __ _ \ \ \ \
( ( )\___ | '_ | '_| | '_ \/ _` | \ \ \ \
 \\/  ___)| |_)| | | | | || (_| |  ) ) ) )
  '  |____| .__|_| |_|_| |_\__, | / / / /
 =========|_|==============|___/=/_/_/_/
 :: Spring Boot ::        (v1.3.3.RELEASE)

2017-04-10 19:13:45.797  INFO 8220 --- [           main] c.i.c.web.SecurityTagControllerTest      : Starting SecurityTagControllerTest on PPL882039FC with PID 8220 (C:\Users\normsby\Documents\NetBeansProjects\ING_ATM_Locator\target\test-classes started by normsby in C:\Users\normsby\Documents\NetBeansProjects\ING_ATM_Locator)
2017-04-10 19:13:45.797  INFO 8220 --- [           main] c.i.c.web.SecurityTagControllerTest      : No active profile set, falling back to default profiles: default
2017-04-10 19:13:45.797  INFO 8220 --- [           main] o.s.w.c.s.GenericWebApplicationContext   : Refreshing org.springframework.web.context.support.GenericWebApplicationContext@2601ddcb: startup date [Mon Apr 10 19:13:45 EDT 2017]; root of context hierarchy
2017-04-10 19:13:46.077  INFO 8220 --- [           main] trationDelegate$BeanPostProcessorChecker : Bean 'org.springframework.security.config.annotation.configuration.ObjectPostProcessorConfiguration' of type [class org.springframework.security.config.annotation.configuration.ObjectPostProcessorConfiguration$$EnhancerBySpringCGLIB$$da46e5e5] is not eligible for getting processed by all BeanPostProcessors (for example: not eligible for auto-proxying)
2017-04-10 19:13:46.087  INFO 8220 --- [           main] trationDelegate$BeanPostProcessorChecker : Bean 'objectPostProcessor' of type [class org.springframework.security.config.annotation.configuration.AutowireBeanFactoryObjectPostProcessor] is not eligible for getting processed by all BeanPostProcessors (for example: not eligible for auto-proxying)
2017-04-10 19:13:46.087  INFO 8220 --- [           main] trationDelegate$BeanPostProcessorChecker : Bean 'org.springframework.security.access.expression.method.DefaultMethodSecurityExpressionHandler@55f54ae1' of type [class org.springframework.security.access.expression.method.DefaultMethodSecurityExpressionHandler] is not eligible for getting processed by all BeanPostProcessors (for example: not eligible for auto-proxying)
2017-04-10 19:13:46.087  INFO 8220 --- [           main] trationDelegate$BeanPostProcessorChecker : Bean 'org.springframework.security.config.annotation.method.configuration.GlobalMethodSecurityConfiguration' of type [class org.springframework.security.config.annotation.method.configuration.GlobalMethodSecurityConfiguration$$EnhancerBySpringCGLIB$$ff1b8897] is not eligible for getting processed by all BeanPostProcessors (for example: not eligible for auto-proxying)
2017-04-10 19:13:46.087  INFO 8220 --- [           main] trationDelegate$BeanPostProcessorChecker : Bean 'methodSecurityMetadataSource' of type [class org.springframework.security.access.method.DelegatingMethodSecurityMetadataSource] is not eligible for getting processed by all BeanPostProcessors (for example: not eligible for auto-proxying)
2017-04-10 19:13:46.087  INFO 8220 --- [           main] trationDelegate$BeanPostProcessorChecker : Bean 'org.apache.camel.spring.boot.CamelAutoConfiguration' of type [class org.apache.camel.spring.boot.CamelAutoConfiguration$$EnhancerBySpringCGLIB$$63c2e3ca] is not eligible for getting processed by all BeanPostProcessors (for example: not eligible for auto-proxying)
2017-04-10 19:13:46.457  INFO 8220 --- [           main] o.s.s.web.DefaultSecurityFilterChain     : Creating filter chain: org.springframework.security.web.util.matcher.AnyRequestMatcher@1, [org.springframework.security.web.context.request.async.WebAsyncManagerIntegrationFilter@564c0b5d, org.springframework.security.web.context.SecurityContextPersistenceFilter@50363bb0, org.springframework.security.web.header.HeaderWriterFilter@66be506b, org.springframework.security.web.csrf.CsrfFilter@40464cb4, org.springframework.security.web.authentication.logout.LogoutFilter@6aa7f881, org.springframework.security.web.authentication.UsernamePasswordAuthenticationFilter@21c3a062, org.springframework.security.web.savedrequest.RequestCacheAwareFilter@63f16d93, org.springframework.security.web.servletapi.SecurityContextHolderAwareRequestFilter@77d8448e, org.springframework.security.web.authentication.AnonymousAuthenticationFilter@5c930d5c, org.springframework.security.web.session.SessionManagementFilter@22e7e0b4, org.springframework.security.web.access.ExceptionTranslationFilter@1174400d, org.springframework.security.web.access.intercept.FilterSecurityInterceptor@1ed6707e]
2017-04-10 19:13:46.537  INFO 8220 --- [           main] s.w.s.m.m.a.RequestMappingHandlerAdapter : Looking for @ControllerAdvice: org.springframework.web.context.support.GenericWebApplicationContext@2601ddcb: startup date [Mon Apr 10 19:13:45 EDT 2017]; root of context hierarchy
2017-04-10 19:13:46.557  INFO 8220 --- [           main] s.w.s.m.m.a.RequestMappingHandlerMapping : Mapped "{[/error]}" onto public java.lang.String com.ing.error.CustomErrorController.customError(org.springframework.ui.Model,javax.servlet.http.HttpServletRequest)
2017-04-10 19:13:46.557  INFO 8220 --- [           main] s.w.s.m.m.a.RequestMappingHandlerMapping : Mapped "{[/403]}" onto public java.lang.String com.ing.error.CustomErrorController.unauthorised(org.springframework.ui.Model,javax.servlet.http.HttpServletRequest)
2017-04-10 19:13:46.557  INFO 8220 --- [           main] s.w.s.m.m.a.RequestMappingHandlerMapping : Mapped "{[/index],methods=[GET]}" onto public java.lang.String com.ing.web.MainController.index()
2017-04-10 19:13:46.557  INFO 8220 --- [           main] s.w.s.m.m.a.RequestMappingHandlerMapping : Mapped "{[/],methods=[GET]}" onto public java.lang.String com.ing.web.MainController.root()
2017-04-10 19:13:46.557  INFO 8220 --- [           main] s.w.s.m.m.a.RequestMappingHandlerMapping : Mapped "{[/login-error],methods=[GET]}" onto public java.lang.String com.ing.web.MainController.loginError(org.springframework.ui.Model)
2017-04-10 19:13:46.557  INFO 8220 --- [           main] s.w.s.m.m.a.RequestMappingHandlerMapping : Mapped "{[/login],methods=[GET]}" onto public java.lang.String com.ing.web.MainController.login()
2017-04-10 19:13:46.557  INFO 8220 --- [           main] s.w.s.m.m.a.RequestMappingHandlerMapping : Mapped "{[/admin/index],methods=[GET]}" onto public java.lang.String com.ing.web.MainController.adminIndex()
2017-04-10 19:13:46.557  INFO 8220 --- [           main] s.w.s.m.m.a.RequestMappingHandlerMapping : Mapped "{[/user/index],methods=[GET]}" onto public java.lang.String com.ing.web.MainController.userIndex()
2017-04-10 19:13:46.557  INFO 8220 --- [           main] s.w.s.m.m.a.RequestMappingHandlerMapping : Mapped "{[/public/index],methods=[GET]}" onto public java.lang.String com.ing.web.MainController.publicIndex()
2017-04-10 19:13:46.557  INFO 8220 --- [           main] s.w.s.m.m.a.RequestMappingHandlerMapping : Mapped "{[/extra/index],methods=[GET]}" onto public java.lang.String com.ing.web.MainController.extraIndex()
2017-04-10 19:13:46.567  INFO 8220 --- [           main] s.w.s.m.m.a.RequestMappingHandlerMapping : Mapped "{[/tags/index],methods=[GET]}" onto public java.lang.String com.ing.web.SecurityTagController.index(org.springframework.security.core.userdetails.User)
2017-04-10 19:13:46.567  INFO 8220 --- [           main] s.w.s.m.m.a.RequestMappingHandlerMapping : Mapped "{[/tags/admin/index],methods=[GET]}" onto public java.lang.String com.ing.web.SecurityTagController.adminIndex(org.springframework.security.core.userdetails.User)
2017-04-10 19:13:46.567  INFO 8220 --- [           main] s.w.s.m.m.a.RequestMappingHandlerMapping : Mapped "{[/tags/extra/index],methods=[GET]}" onto public java.lang.String com.ing.web.SecurityTagController.extraUser(org.springframework.security.core.userdetails.User)
2017-04-10 19:13:46.567  INFO 8220 --- [           main] s.w.s.m.m.a.RequestMappingHandlerMapping : Mapped "{[/tags/user/index],methods=[GET]}" onto public java.lang.String com.ing.web.SecurityTagController.userIndex(org.springframework.security.core.userdetails.User)
2017-04-10 19:13:46.647  INFO 8220 --- [           main] o.s.w.s.handler.SimpleUrlHandlerMapping  : Mapped URL path [/webjars/**] onto handler of type [class org.springframework.web.servlet.resource.ResourceHttpRequestHandler]
2017-04-10 19:13:46.647  INFO 8220 --- [           main] o.s.w.s.handler.SimpleUrlHandlerMapping  : Mapped URL path [/**] onto handler of type [class org.springframework.web.servlet.resource.ResourceHttpRequestHandler]
2017-04-10 19:13:46.687  INFO 8220 --- [           main] o.s.w.s.handler.SimpleUrlHandlerMapping  : Mapped URL path [/**/favicon.ico] onto handler of type [class org.springframework.web.servlet.resource.ResourceHttpRequestHandler]
2017-04-10 19:13:46.767  INFO 8220 --- [           main] o.a.c.i.converter.DefaultTypeConverter   : Loaded 191 type converters
2017-04-10 19:13:46.867  INFO 8220 --- [           main] o.a.camel.spring.boot.RoutesCollector    : Loading additional Camel XML routes from: classpath:camel/*.xml
2017-04-10 19:13:46.867  INFO 8220 --- [           main] o.a.camel.spring.boot.RoutesCollector    : Loading additional Camel XML rests from: classpath:camel-rest/*.xml
2017-04-10 19:13:46.867  INFO 8220 --- [           main] o.a.camel.spring.SpringCamelContext      : Apache Camel 2.17.2 (CamelContext: camel-35) is starting
2017-04-10 19:13:46.867  INFO 8220 --- [           main] o.a.c.m.ManagedManagementStrategy        : JMX is enabled
2017-04-10 19:13:46.877  INFO 8220 --- [           main] o.a.c.i.DefaultRuntimeEndpointRegistry   : Runtime endpoint registry is in extended mode gathering usage statistics of all incoming and outgoing endpoints (cache limit: 1000)
2017-04-10 19:13:46.897  INFO 8220 --- [           main] o.a.camel.spring.SpringCamelContext      : Apache Camel 2.17.2 (CamelContext: camel-35) is shutting down
2017-04-10 19:13:46.897  INFO 8220 --- [           main] o.a.camel.spring.SpringCamelContext      : Apache Camel 2.17.2 (CamelContext: camel-35) uptime 0.030 seconds
2017-04-10 19:13:46.897  INFO 8220 --- [           main] o.a.camel.spring.SpringCamelContext      : Apache Camel 2.17.2 (CamelContext: camel-35) is shutdown in 0.000 seconds
2017-04-10 19:13:46.897 ERROR 8220 --- [           main] o.s.boot.SpringApplication               : Application startup failed

org.apache.camel.spring.boot.CamelSpringBootInitializationException: org.apache.camel.FailedToCreateRouteException: Failed to create route route105 at: >>> Choice[[When[{header{action} == all} -> [To[GetAllATMs]]], When[{header{action} == inCity} -> [To[GetAllATMsInCity]]]]] <<< in route: Route(route105)[[From[direct:call]] -> [SetBody[{null}], Cho... because of No endpoint could be found for: GetAllATMs, please check your classpath contains the needed Camel component jar.
	at org.apache.camel.spring.boot.RoutesCollector.onApplicationEvent(RoutesCollector.java:126) ~[camel-spring-boot-2.17.0.jar:2.17.0]
	at org.apache.camel.spring.boot.RoutesCollector.onApplicationEvent(RoutesCollector.java:41) ~[camel-spring-boot-2.17.0.jar:2.17.0]
	at org.springframework.context.event.SimpleApplicationEventMulticaster.invokeListener(SimpleApplicationEventMulticaster.java:166) ~[spring-context-4.3.4.RELEASE.jar:4.3.4.RELEASE]
	at org.springframework.context.event.SimpleApplicationEventMulticaster.multicastEvent(SimpleApplicationEventMulticaster.java:138) ~[spring-context-4.3.4.RELEASE.jar:4.3.4.RELEASE]
	at org.springframework.context.support.AbstractApplicationContext.publishEvent(AbstractApplicationContext.java:383) ~[spring-context-4.3.4.RELEASE.jar:4.3.4.RELEASE]
	at org.springframework.context.support.AbstractApplicationContext.publishEvent(AbstractApplicationContext.java:337) ~[spring-context-4.3.4.RELEASE.jar:4.3.4.RELEASE]
	at org.springframework.context.support.AbstractApplicationContext.finishRefresh(AbstractApplicationContext.java:882) ~[spring-context-4.3.4.RELEASE.jar:4.3.4.RELEASE]
	at org.springframework.context.support.AbstractApplicationContext.refresh(AbstractApplicationContext.java:545) ~[spring-context-4.3.4.RELEASE.jar:4.3.4.RELEASE]
	at org.springframework.boot.SpringApplication.refresh(SpringApplication.java:766) ~[spring-boot-1.3.3.RELEASE.jar:1.3.3.RELEASE]
	at org.springframework.boot.SpringApplication.createAndRefreshContext(SpringApplication.java:361) ~[spring-boot-1.3.3.RELEASE.jar:1.3.3.RELEASE]
	at org.springframework.boot.SpringApplication.run(SpringApplication.java:307) ~[spring-boot-1.3.3.RELEASE.jar:1.3.3.RELEASE]
	at org.springframework.boot.test.SpringApplicationContextLoader.loadContext(SpringApplicationContextLoader.java:98) [spring-boot-1.3.3.RELEASE.jar:1.3.3.RELEASE]
	at org.springframework.test.context.cache.DefaultCacheAwareContextLoaderDelegate.loadContextInternal(DefaultCacheAwareContextLoaderDelegate.java:98) [spring-test-4.3.4.RELEASE.jar:4.3.4.RELEASE]
	at org.springframework.test.context.cache.DefaultCacheAwareContextLoaderDelegate.loadContext(DefaultCacheAwareContextLoaderDelegate.java:116) [spring-test-4.3.4.RELEASE.jar:4.3.4.RELEASE]
	at org.springframework.test.context.support.DefaultTestContext.getApplicationContext(DefaultTestContext.java:83) [spring-test-4.3.4.RELEASE.jar:4.3.4.RELEASE]
	at org.springframework.test.context.web.ServletTestExecutionListener.setUpRequestContextIfNecessary(ServletTestExecutionListener.java:189) [spring-test-4.3.4.RELEASE.jar:4.3.4.RELEASE]
	at org.springframework.test.context.web.ServletTestExecutionListener.prepareTestInstance(ServletTestExecutionListener.java:131) [spring-test-4.3.4.RELEASE.jar:4.3.4.RELEASE]
	at org.springframework.test.context.TestContextManager.prepareTestInstance(TestContextManager.java:230) [spring-test-4.3.4.RELEASE.jar:4.3.4.RELEASE]
	at org.springframework.test.context.junit4.SpringJUnit4ClassRunner.createTest(SpringJUnit4ClassRunner.java:228) [spring-test-4.3.4.RELEASE.jar:4.3.4.RELEASE]
	at org.springframework.test.context.junit4.SpringJUnit4ClassRunner$1.runReflectiveCall(SpringJUnit4ClassRunner.java:287) [spring-test-4.3.4.RELEASE.jar:4.3.4.RELEASE]
	at org.junit.internal.runners.model.ReflectiveCallable.run(ReflectiveCallable.java:12) [junit-4.12.jar:4.12]
	at org.springframework.test.context.junit4.SpringJUnit4ClassRunner.methodBlock(SpringJUnit4ClassRunner.java:289) [spring-test-4.3.4.RELEASE.jar:4.3.4.RELEASE]
	at org.springframework.test.context.junit4.SpringJUnit4ClassRunner.runChild(SpringJUnit4ClassRunner.java:247) [spring-test-4.3.4.RELEASE.jar:4.3.4.RELEASE]
	at org.springframework.test.context.junit4.SpringJUnit4ClassRunner.runChild(SpringJUnit4ClassRunner.java:94) [spring-test-4.3.4.RELEASE.jar:4.3.4.RELEASE]
	at org.junit.runners.ParentRunner$3.run(ParentRunner.java:290) [junit-4.12.jar:4.12]
	at org.junit.runners.ParentRunner$1.schedule(ParentRunner.java:71) [junit-4.12.jar:4.12]
	at org.junit.runners.ParentRunner.runChildren(ParentRunner.java:288) [junit-4.12.jar:4.12]
	at org.junit.runners.ParentRunner.access$000(ParentRunner.java:58) [junit-4.12.jar:4.12]
	at org.junit.runners.ParentRunner$2.evaluate(ParentRunner.java:268) [junit-4.12.jar:4.12]
	at org.springframework.test.context.junit4.statements.RunBeforeTestClassCallbacks.evaluate(RunBeforeTestClassCallbacks.java:61) [spring-test-4.3.4.RELEASE.jar:4.3.4.RELEASE]
	at org.springframework.test.context.junit4.statements.RunAfterTestClassCallbacks.evaluate(RunAfterTestClassCallbacks.java:70) [spring-test-4.3.4.RELEASE.jar:4.3.4.RELEASE]
	at org.junit.runners.ParentRunner.run(ParentRunner.java:363) [junit-4.12.jar:4.12]
	at org.springframework.test.context.junit4.SpringJUnit4ClassRunner.run(SpringJUnit4ClassRunner.java:191) [spring-test-4.3.4.RELEASE.jar:4.3.4.RELEASE]
	at org.apache.maven.surefire.junit4.JUnit4Provider.execute(JUnit4Provider.java:264) [surefire-junit4-2.14.1.jar:2.14.1]
	at org.apache.maven.surefire.junit4.JUnit4Provider.executeTestSet(JUnit4Provider.java:153) [surefire-junit4-2.14.1.jar:2.14.1]
	at org.apache.maven.surefire.junit4.JUnit4Provider.invoke(JUnit4Provider.java:124) [surefire-junit4-2.14.1.jar:2.14.1]
	at sun.reflect.NativeMethodAccessorImpl.invoke0(Native Method) ~[na:1.8.0_121]
	at sun.reflect.NativeMethodAccessorImpl.invoke(NativeMethodAccessorImpl.java:62) ~[na:1.8.0_121]
	at sun.reflect.DelegatingMethodAccessorImpl.invoke(DelegatingMethodAccessorImpl.java:43) ~[na:1.8.0_121]
	at java.lang.reflect.Method.invoke(Method.java:498) ~[na:1.8.0_121]
	at org.apache.maven.surefire.util.ReflectionUtils.invokeMethodWithArray2(ReflectionUtils.java:208) [surefire-api-2.14.1.jar:2.14.1]
	at org.apache.maven.surefire.booter.ProviderFactory$ProviderProxy.invoke(ProviderFactory.java:159) [surefire-booter-2.14.1.jar:2.14.1]
	at org.apache.maven.surefire.booter.ProviderFactory.invokeProvider(ProviderFactory.java:87) [surefire-booter-2.14.1.jar:2.14.1]
	at org.apache.maven.surefire.booter.ForkedBooter.runSuitesInProcess(ForkedBooter.java:153) [surefire-booter-2.14.1.jar:2.14.1]
	at org.apache.maven.surefire.booter.ForkedBooter.main(ForkedBooter.java:95) [surefire-booter-2.14.1.jar:2.14.1]
Caused by: org.apache.camel.FailedToCreateRouteException: Failed to create route route105 at: >>> Choice[[When[{header{action} == all} -> [To[GetAllATMs]]], When[{header{action} == inCity} -> [To[GetAllATMsInCity]]]]] <<< in route: Route(route105)[[From[direct:call]] -> [SetBody[{null}], Cho... because of No endpoint could be found for: GetAllATMs, please check your classpath contains the needed Camel component jar.
	at org.apache.camel.model.RouteDefinition.addRoutes(RouteDefinition.java:1072) ~[camel-core-2.17.2.jar:2.17.2]
	at org.apache.camel.model.RouteDefinition.addRoutes(RouteDefinition.java:196) ~[camel-core-2.17.2.jar:2.17.2]
	at org.apache.camel.impl.DefaultCamelContext.startRoute(DefaultCamelContext.java:974) ~[camel-core-2.17.2.jar:2.17.2]
	at org.apache.camel.impl.DefaultCamelContext.startRouteDefinitions(DefaultCamelContext.java:3301) ~[camel-core-2.17.2.jar:2.17.2]
	at org.apache.camel.impl.DefaultCamelContext.doStartCamel(DefaultCamelContext.java:3024) ~[camel-core-2.17.2.jar:2.17.2]
	at org.apache.camel.impl.DefaultCamelContext.access$000(DefaultCamelContext.java:175) ~[camel-core-2.17.2.jar:2.17.2]
	at org.apache.camel.impl.DefaultCamelContext$2.call(DefaultCamelContext.java:2854) ~[camel-core-2.17.2.jar:2.17.2]
	at org.apache.camel.impl.DefaultCamelContext$2.call(DefaultCamelContext.java:2850) ~[camel-core-2.17.2.jar:2.17.2]
	at org.apache.camel.impl.DefaultCamelContext.doWithDefinedClassLoader(DefaultCamelContext.java:2873) ~[camel-core-2.17.2.jar:2.17.2]
	at org.apache.camel.impl.DefaultCamelContext.doStart(DefaultCamelContext.java:2850) ~[camel-core-2.17.2.jar:2.17.2]
	at org.apache.camel.support.ServiceSupport.start(ServiceSupport.java:61) ~[camel-core-2.17.2.jar:2.17.2]
	at org.apache.camel.impl.DefaultCamelContext.start(DefaultCamelContext.java:2819) ~[camel-core-2.17.2.jar:2.17.2]
	at org.apache.camel.spring.boot.RoutesCollector.onApplicationEvent(RoutesCollector.java:116) ~[camel-spring-boot-2.17.0.jar:2.17.0]
	... 44 common frames omitted
Caused by: org.apache.camel.NoSuchEndpointException: No endpoint could be found for: GetAllATMs, please check your classpath contains the needed Camel component jar.
	at org.apache.camel.util.CamelContextHelper.getMandatoryEndpoint(CamelContextHelper.java:81) ~[camel-core-2.17.2.jar:2.17.2]
	at org.apache.camel.model.RouteDefinition.resolveEndpoint(RouteDefinition.java:211) ~[camel-core-2.17.2.jar:2.17.2]
	at org.apache.camel.impl.DefaultRouteContext.resolveEndpoint(DefaultRouteContext.java:107) ~[camel-core-2.17.2.jar:2.17.2]
	at org.apache.camel.impl.DefaultRouteContext.resolveEndpoint(DefaultRouteContext.java:113) ~[camel-core-2.17.2.jar:2.17.2]
	at org.apache.camel.model.SendDefinition.resolveEndpoint(SendDefinition.java:62) ~[camel-core-2.17.2.jar:2.17.2]
	at org.apache.camel.model.SendDefinition.createProcessor(SendDefinition.java:56) ~[camel-core-2.17.2.jar:2.17.2]
	at org.apache.camel.model.ProcessorDefinition.createProcessor(ProcessorDefinition.java:483) ~[camel-core-2.17.2.jar:2.17.2]
	at org.apache.camel.model.ProcessorDefinition.createOutputsProcessorImpl(ProcessorDefinition.java:446) ~[camel-core-2.17.2.jar:2.17.2]
	at org.apache.camel.model.ProcessorDefinition.createOutputsProcessor(ProcessorDefinition.java:413) ~[camel-core-2.17.2.jar:2.17.2]
	at org.apache.camel.model.ProcessorDefinition.createOutputsProcessor(ProcessorDefinition.java:165) ~[camel-core-2.17.2.jar:2.17.2]
	at org.apache.camel.model.ExpressionNode.createFilterProcessor(ExpressionNode.java:109) ~[camel-core-2.17.2.jar:2.17.2]
	at org.apache.camel.model.WhenDefinition.createProcessor(WhenDefinition.java:74) ~[camel-core-2.17.2.jar:2.17.2]
	at org.apache.camel.model.WhenDefinition.createProcessor(WhenDefinition.java:32) ~[camel-core-2.17.2.jar:2.17.2]
	at org.apache.camel.model.ProcessorDefinition.createProcessor(ProcessorDefinition.java:483) ~[camel-core-2.17.2.jar:2.17.2]
	at org.apache.camel.model.ChoiceDefinition.createProcessor(ChoiceDefinition.java:135) ~[camel-core-2.17.2.jar:2.17.2]
	at org.apache.camel.model.ProcessorDefinition.makeProcessorImpl(ProcessorDefinition.java:534) ~[camel-core-2.17.2.jar:2.17.2]
	at org.apache.camel.model.ProcessorDefinition.makeProcessor(ProcessorDefinition.java:495) ~[camel-core-2.17.2.jar:2.17.2]
	at org.apache.camel.model.ProcessorDefinition.addRoutes(ProcessorDefinition.java:219) ~[camel-core-2.17.2.jar:2.17.2]
	at org.apache.camel.model.RouteDefinition.addRoutes(RouteDefinition.java:1069) ~[camel-core-2.17.2.jar:2.17.2]
	... 56 common frames omitted

2017-04-10 19:13:46.897  INFO 8220 --- [           main] .b.l.ClasspathLoggingApplicationListener : Application failed to start with classpath: [file:/C:/Users/normsby/Documents/NetBeansProjects/ING_ATM_Locator/target/surefire/surefirebooter5636998128895282040.jar, file:/C:/Users/normsby/.m2/repository/org/jacoco/org.jacoco.agent/0.7.5.201505241946/org.jacoco.agent-0.7.5.201505241946-runtime.jar]
2017-04-10 19:13:46.897 ERROR 8220 --- [           main] o.s.test.context.TestContextManager      : Caught exception while allowing TestExecutionListener [org.springframework.test.context.web.ServletTestExecutionListener@15f68bcc] to prepare test instance [com.ing.custom.web.SecurityTagControllerTest@6d76ee2d]

java.lang.IllegalStateException: Failed to load ApplicationContext
	at org.springframework.test.context.cache.DefaultCacheAwareContextLoaderDelegate.loadContext(DefaultCacheAwareContextLoaderDelegate.java:124) ~[spring-test-4.3.4.RELEASE.jar:4.3.4.RELEASE]
	at org.springframework.test.context.support.DefaultTestContext.getApplicationContext(DefaultTestContext.java:83) ~[spring-test-4.3.4.RELEASE.jar:4.3.4.RELEASE]
	at org.springframework.test.context.web.ServletTestExecutionListener.setUpRequestContextIfNecessary(ServletTestExecutionListener.java:189) ~[spring-test-4.3.4.RELEASE.jar:4.3.4.RELEASE]
	at org.springframework.test.context.web.ServletTestExecutionListener.prepareTestInstance(ServletTestExecutionListener.java:131) ~[spring-test-4.3.4.RELEASE.jar:4.3.4.RELEASE]
	at org.springframework.test.context.TestContextManager.prepareTestInstance(TestContextManager.java:230) ~[spring-test-4.3.4.RELEASE.jar:4.3.4.RELEASE]
	at org.springframework.test.context.junit4.SpringJUnit4ClassRunner.createTest(SpringJUnit4ClassRunner.java:228) [spring-test-4.3.4.RELEASE.jar:4.3.4.RELEASE]
	at org.springframework.test.context.junit4.SpringJUnit4ClassRunner$1.runReflectiveCall(SpringJUnit4ClassRunner.java:287) [spring-test-4.3.4.RELEASE.jar:4.3.4.RELEASE]
	at org.junit.internal.runners.model.ReflectiveCallable.run(ReflectiveCallable.java:12) [junit-4.12.jar:4.12]
	at org.springframework.test.context.junit4.SpringJUnit4ClassRunner.methodBlock(SpringJUnit4ClassRunner.java:289) [spring-test-4.3.4.RELEASE.jar:4.3.4.RELEASE]
	at org.springframework.test.context.junit4.SpringJUnit4ClassRunner.runChild(SpringJUnit4ClassRunner.java:247) [spring-test-4.3.4.RELEASE.jar:4.3.4.RELEASE]
	at org.springframework.test.context.junit4.SpringJUnit4ClassRunner.runChild(SpringJUnit4ClassRunner.java:94) [spring-test-4.3.4.RELEASE.jar:4.3.4.RELEASE]
	at org.junit.runners.ParentRunner$3.run(ParentRunner.java:290) [junit-4.12.jar:4.12]
	at org.junit.runners.ParentRunner$1.schedule(ParentRunner.java:71) [junit-4.12.jar:4.12]
	at org.junit.runners.ParentRunner.runChildren(ParentRunner.java:288) [junit-4.12.jar:4.12]
	at org.junit.runners.ParentRunner.access$000(ParentRunner.java:58) [junit-4.12.jar:4.12]
	at org.junit.runners.ParentRunner$2.evaluate(ParentRunner.java:268) [junit-4.12.jar:4.12]
	at org.springframework.test.context.junit4.statements.RunBeforeTestClassCallbacks.evaluate(RunBeforeTestClassCallbacks.java:61) [spring-test-4.3.4.RELEASE.jar:4.3.4.RELEASE]
	at org.springframework.test.context.junit4.statements.RunAfterTestClassCallbacks.evaluate(RunAfterTestClassCallbacks.java:70) [spring-test-4.3.4.RELEASE.jar:4.3.4.RELEASE]
	at org.junit.runners.ParentRunner.run(ParentRunner.java:363) [junit-4.12.jar:4.12]
	at org.springframework.test.context.junit4.SpringJUnit4ClassRunner.run(SpringJUnit4ClassRunner.java:191) [spring-test-4.3.4.RELEASE.jar:4.3.4.RELEASE]
	at org.apache.maven.surefire.junit4.JUnit4Provider.execute(JUnit4Provider.java:264) [surefire-junit4-2.14.1.jar:2.14.1]
	at org.apache.maven.surefire.junit4.JUnit4Provider.executeTestSet(JUnit4Provider.java:153) [surefire-junit4-2.14.1.jar:2.14.1]
	at org.apache.maven.surefire.junit4.JUnit4Provider.invoke(JUnit4Provider.java:124) [surefire-junit4-2.14.1.jar:2.14.1]
	at sun.reflect.NativeMethodAccessorImpl.invoke0(Native Method) ~[na:1.8.0_121]
	at sun.reflect.NativeMethodAccessorImpl.invoke(NativeMethodAccessorImpl.java:62) ~[na:1.8.0_121]
	at sun.reflect.DelegatingMethodAccessorImpl.invoke(DelegatingMethodAccessorImpl.java:43) ~[na:1.8.0_121]
	at java.lang.reflect.Method.invoke(Method.java:498) ~[na:1.8.0_121]
	at org.apache.maven.surefire.util.ReflectionUtils.invokeMethodWithArray2(ReflectionUtils.java:208) [surefire-api-2.14.1.jar:2.14.1]
	at org.apache.maven.surefire.booter.ProviderFactory$ProviderProxy.invoke(ProviderFactory.java:159) [surefire-booter-2.14.1.jar:2.14.1]
	at org.apache.maven.surefire.booter.ProviderFactory.invokeProvider(ProviderFactory.java:87) [surefire-booter-2.14.1.jar:2.14.1]
	at org.apache.maven.surefire.booter.ForkedBooter.runSuitesInProcess(ForkedBooter.java:153) [surefire-booter-2.14.1.jar:2.14.1]
	at org.apache.maven.surefire.booter.ForkedBooter.main(ForkedBooter.java:95) [surefire-booter-2.14.1.jar:2.14.1]
Caused by: org.apache.camel.spring.boot.CamelSpringBootInitializationException: org.apache.camel.FailedToCreateRouteException: Failed to create route route105 at: >>> Choice[[When[{header{action} == all} -> [To[GetAllATMs]]], When[{header{action} == inCity} -> [To[GetAllATMsInCity]]]]] <<< in route: Route(route105)[[From[direct:call]] -> [SetBody[{null}], Cho... because of No endpoint could be found for: GetAllATMs, please check your classpath contains the needed Camel component jar.
	at org.apache.camel.spring.boot.RoutesCollector.onApplicationEvent(RoutesCollector.java:126) ~[camel-spring-boot-2.17.0.jar:2.17.0]
	at org.apache.camel.spring.boot.RoutesCollector.onApplicationEvent(RoutesCollector.java:41) ~[camel-spring-boot-2.17.0.jar:2.17.0]
	at org.springframework.context.event.SimpleApplicationEventMulticaster.invokeListener(SimpleApplicationEventMulticaster.java:166) ~[spring-context-4.3.4.RELEASE.jar:4.3.4.RELEASE]
	at org.springframework.context.event.SimpleApplicationEventMulticaster.multicastEvent(SimpleApplicationEventMulticaster.java:138) ~[spring-context-4.3.4.RELEASE.jar:4.3.4.RELEASE]
	at org.springframework.context.support.AbstractApplicationContext.publishEvent(AbstractApplicationContext.java:383) ~[spring-context-4.3.4.RELEASE.jar:4.3.4.RELEASE]
	at org.springframework.context.support.AbstractApplicationContext.publishEvent(AbstractApplicationContext.java:337) ~[spring-context-4.3.4.RELEASE.jar:4.3.4.RELEASE]
	at org.springframework.context.support.AbstractApplicationContext.finishRefresh(AbstractApplicationContext.java:882) ~[spring-context-4.3.4.RELEASE.jar:4.3.4.RELEASE]
	at org.springframework.context.support.AbstractApplicationContext.refresh(AbstractApplicationContext.java:545) ~[spring-context-4.3.4.RELEASE.jar:4.3.4.RELEASE]
	at org.springframework.boot.SpringApplication.refresh(SpringApplication.java:766) ~[spring-boot-1.3.3.RELEASE.jar:1.3.3.RELEASE]
	at org.springframework.boot.SpringApplication.createAndRefreshContext(SpringApplication.java:361) ~[spring-boot-1.3.3.RELEASE.jar:1.3.3.RELEASE]
	at org.springframework.boot.SpringApplication.run(SpringApplication.java:307) ~[spring-boot-1.3.3.RELEASE.jar:1.3.3.RELEASE]
	at org.springframework.boot.test.SpringApplicationContextLoader.loadContext(SpringApplicationContextLoader.java:98) ~[spring-boot-1.3.3.RELEASE.jar:1.3.3.RELEASE]
	at org.springframework.test.context.cache.DefaultCacheAwareContextLoaderDelegate.loadContextInternal(DefaultCacheAwareContextLoaderDelegate.java:98) ~[spring-test-4.3.4.RELEASE.jar:4.3.4.RELEASE]
	at org.springframework.test.context.cache.DefaultCacheAwareContextLoaderDelegate.loadContext(DefaultCacheAwareContextLoaderDelegate.java:116) ~[spring-test-4.3.4.RELEASE.jar:4.3.4.RELEASE]
	... 31 common frames omitted
Caused by: org.apache.camel.FailedToCreateRouteException: Failed to create route route105 at: >>> Choice[[When[{header{action} == all} -> [To[GetAllATMs]]], When[{header{action} == inCity} -> [To[GetAllATMsInCity]]]]] <<< in route: Route(route105)[[From[direct:call]] -> [SetBody[{null}], Cho... because of No endpoint could be found for: GetAllATMs, please check your classpath contains the needed Camel component jar.
	at org.apache.camel.model.RouteDefinition.addRoutes(RouteDefinition.java:1072) ~[camel-core-2.17.2.jar:2.17.2]
	at org.apache.camel.model.RouteDefinition.addRoutes(RouteDefinition.java:196) ~[camel-core-2.17.2.jar:2.17.2]
	at org.apache.camel.impl.DefaultCamelContext.startRoute(DefaultCamelContext.java:974) ~[camel-core-2.17.2.jar:2.17.2]
	at org.apache.camel.impl.DefaultCamelContext.startRouteDefinitions(DefaultCamelContext.java:3301) ~[camel-core-2.17.2.jar:2.17.2]
	at org.apache.camel.impl.DefaultCamelContext.doStartCamel(DefaultCamelContext.java:3024) ~[camel-core-2.17.2.jar:2.17.2]
	at org.apache.camel.impl.DefaultCamelContext.access$000(DefaultCamelContext.java:175) ~[camel-core-2.17.2.jar:2.17.2]
	at org.apache.camel.impl.DefaultCamelContext$2.call(DefaultCamelContext.java:2854) ~[camel-core-2.17.2.jar:2.17.2]
	at org.apache.camel.impl.DefaultCamelContext$2.call(DefaultCamelContext.java:2850) ~[camel-core-2.17.2.jar:2.17.2]
	at org.apache.camel.impl.DefaultCamelContext.doWithDefinedClassLoader(DefaultCamelContext.java:2873) ~[camel-core-2.17.2.jar:2.17.2]
	at org.apache.camel.impl.DefaultCamelContext.doStart(DefaultCamelContext.java:2850) ~[camel-core-2.17.2.jar:2.17.2]
	at org.apache.camel.support.ServiceSupport.start(ServiceSupport.java:61) ~[camel-core-2.17.2.jar:2.17.2]
	at org.apache.camel.impl.DefaultCamelContext.start(DefaultCamelContext.java:2819) ~[camel-core-2.17.2.jar:2.17.2]
	at org.apache.camel.spring.boot.RoutesCollector.onApplicationEvent(RoutesCollector.java:116) ~[camel-spring-boot-2.17.0.jar:2.17.0]
	... 44 common frames omitted
Caused by: org.apache.camel.NoSuchEndpointException: No endpoint could be found for: GetAllATMs, please check your classpath contains the needed Camel component jar.
	at org.apache.camel.util.CamelContextHelper.getMandatoryEndpoint(CamelContextHelper.java:81) ~[camel-core-2.17.2.jar:2.17.2]
	at org.apache.camel.model.RouteDefinition.resolveEndpoint(RouteDefinition.java:211) ~[camel-core-2.17.2.jar:2.17.2]
	at org.apache.camel.impl.DefaultRouteContext.resolveEndpoint(DefaultRouteContext.java:107) ~[camel-core-2.17.2.jar:2.17.2]
	at org.apache.camel.impl.DefaultRouteContext.resolveEndpoint(DefaultRouteContext.java:113) ~[camel-core-2.17.2.jar:2.17.2]
	at org.apache.camel.model.SendDefinition.resolveEndpoint(SendDefinition.java:62) ~[camel-core-2.17.2.jar:2.17.2]
	at org.apache.camel.model.SendDefinition.createProcessor(SendDefinition.java:56) ~[camel-core-2.17.2.jar:2.17.2]
	at org.apache.camel.model.ProcessorDefinition.createProcessor(ProcessorDefinition.java:483) ~[camel-core-2.17.2.jar:2.17.2]
	at org.apache.camel.model.ProcessorDefinition.createOutputsProcessorImpl(ProcessorDefinition.java:446) ~[camel-core-2.17.2.jar:2.17.2]
	at org.apache.camel.model.ProcessorDefinition.createOutputsProcessor(ProcessorDefinition.java:413) ~[camel-core-2.17.2.jar:2.17.2]
	at org.apache.camel.model.ProcessorDefinition.createOutputsProcessor(ProcessorDefinition.java:165) ~[camel-core-2.17.2.jar:2.17.2]
	at org.apache.camel.model.ExpressionNode.createFilterProcessor(ExpressionNode.java:109) ~[camel-core-2.17.2.jar:2.17.2]
	at org.apache.camel.model.WhenDefinition.createProcessor(WhenDefinition.java:74) ~[camel-core-2.17.2.jar:2.17.2]
	at org.apache.camel.model.WhenDefinition.createProcessor(WhenDefinition.java:32) ~[camel-core-2.17.2.jar:2.17.2]
	at org.apache.camel.model.ProcessorDefinition.createProcessor(ProcessorDefinition.java:483) ~[camel-core-2.17.2.jar:2.17.2]
	at org.apache.camel.model.ChoiceDefinition.createProcessor(ChoiceDefinition.java:135) ~[camel-core-2.17.2.jar:2.17.2]
	at org.apache.camel.model.ProcessorDefinition.makeProcessorImpl(ProcessorDefinition.java:534) ~[camel-core-2.17.2.jar:2.17.2]
	at org.apache.camel.model.ProcessorDefinition.makeProcessor(ProcessorDefinition.java:495) ~[camel-core-2.17.2.jar:2.17.2]
	at org.apache.camel.model.ProcessorDefinition.addRoutes(ProcessorDefinition.java:219) ~[camel-core-2.17.2.jar:2.17.2]
	at org.apache.camel.model.RouteDefinition.addRoutes(RouteDefinition.java:1069) ~[camel-core-2.17.2.jar:2.17.2]
	... 56 common frames omitted

]]></system-out>
  </testcase>
  <testcase name="whenExtraPage_withExtraUser_thenSuccess" classname="com.ing.custom.web.SecurityTagControllerTest" time="0">
    <error message="Failed to load ApplicationContext" type="java.lang.IllegalStateException">java.lang.IllegalStateException: Failed to load ApplicationContext
	at org.apache.camel.util.CamelContextHelper.getMandatoryEndpoint(CamelContextHelper.java:81)
	at org.apache.camel.model.RouteDefinition.resolveEndpoint(RouteDefinition.java:211)
	at org.apache.camel.impl.DefaultRouteContext.resolveEndpoint(DefaultRouteContext.java:107)
	at org.apache.camel.impl.DefaultRouteContext.resolveEndpoint(DefaultRouteContext.java:113)
	at org.apache.camel.model.SendDefinition.resolveEndpoint(SendDefinition.java:62)
	at org.apache.camel.model.SendDefinition.createProcessor(SendDefinition.java:56)
	at org.apache.camel.model.ProcessorDefinition.createProcessor(ProcessorDefinition.java:483)
	at org.apache.camel.model.ProcessorDefinition.createOutputsProcessorImpl(ProcessorDefinition.java:446)
	at org.apache.camel.model.ProcessorDefinition.createOutputsProcessor(ProcessorDefinition.java:413)
	at org.apache.camel.model.ProcessorDefinition.createOutputsProcessor(ProcessorDefinition.java:165)
	at org.apache.camel.model.ExpressionNode.createFilterProcessor(ExpressionNode.java:109)
	at org.apache.camel.model.WhenDefinition.createProcessor(WhenDefinition.java:74)
	at org.apache.camel.model.WhenDefinition.createProcessor(WhenDefinition.java:32)
	at org.apache.camel.model.ProcessorDefinition.createProcessor(ProcessorDefinition.java:483)
	at org.apache.camel.model.ChoiceDefinition.createProcessor(ChoiceDefinition.java:135)
	at org.apache.camel.model.ProcessorDefinition.makeProcessorImpl(ProcessorDefinition.java:534)
	at org.apache.camel.model.ProcessorDefinition.makeProcessor(ProcessorDefinition.java:495)
	at org.apache.camel.model.ProcessorDefinition.addRoutes(ProcessorDefinition.java:219)
	at org.apache.camel.model.RouteDefinition.addRoutes(RouteDefinition.java:1069)
	at org.apache.camel.model.RouteDefinition.addRoutes(RouteDefinition.java:196)
	at org.apache.camel.impl.DefaultCamelContext.startRoute(DefaultCamelContext.java:974)
	at org.apache.camel.impl.DefaultCamelContext.startRouteDefinitions(DefaultCamelContext.java:3301)
	at org.apache.camel.impl.DefaultCamelContext.doStartCamel(DefaultCamelContext.java:3024)
	at org.apache.camel.impl.DefaultCamelContext.access$000(DefaultCamelContext.java:175)
	at org.apache.camel.impl.DefaultCamelContext$2.call(DefaultCamelContext.java:2854)
	at org.apache.camel.impl.DefaultCamelContext$2.call(DefaultCamelContext.java:2850)
	at org.apache.camel.impl.DefaultCamelContext.doWithDefinedClassLoader(DefaultCamelContext.java:2873)
	at org.apache.camel.impl.DefaultCamelContext.doStart(DefaultCamelContext.java:2850)
	at org.apache.camel.support.ServiceSupport.start(ServiceSupport.java:61)
	at org.apache.camel.impl.DefaultCamelContext.start(DefaultCamelContext.java:2819)
	at org.apache.camel.spring.boot.RoutesCollector.onApplicationEvent(RoutesCollector.java:116)
	at org.apache.camel.spring.boot.RoutesCollector.onApplicationEvent(RoutesCollector.java:41)
	at org.springframework.context.event.SimpleApplicationEventMulticaster.invokeListener(SimpleApplicationEventMulticaster.java:166)
	at org.springframework.context.event.SimpleApplicationEventMulticaster.multicastEvent(SimpleApplicationEventMulticaster.java:138)
	at org.springframework.context.support.AbstractApplicationContext.publishEvent(AbstractApplicationContext.java:383)
	at org.springframework.context.support.AbstractApplicationContext.publishEvent(AbstractApplicationContext.java:337)
	at org.springframework.context.support.AbstractApplicationContext.finishRefresh(AbstractApplicationContext.java:882)
	at org.springframework.context.support.AbstractApplicationContext.refresh(AbstractApplicationContext.java:545)
	at org.springframework.boot.SpringApplication.refresh(SpringApplication.java:766)
	at org.springframework.boot.SpringApplication.createAndRefreshContext(SpringApplication.java:361)
	at org.springframework.boot.SpringApplication.run(SpringApplication.java:307)
	at org.springframework.boot.test.SpringApplicationContextLoader.loadContext(SpringApplicationContextLoader.java:98)
	at org.springframework.test.context.cache.DefaultCacheAwareContextLoaderDelegate.loadContextInternal(DefaultCacheAwareContextLoaderDelegate.java:98)
	at org.springframework.test.context.cache.DefaultCacheAwareContextLoaderDelegate.loadContext(DefaultCacheAwareContextLoaderDelegate.java:116)
	at org.springframework.test.context.support.DefaultTestContext.getApplicationContext(DefaultTestContext.java:83)
	at org.springframework.test.context.web.ServletTestExecutionListener.setUpRequestContextIfNecessary(ServletTestExecutionListener.java:189)
	at org.springframework.test.context.web.ServletTestExecutionListener.prepareTestInstance(ServletTestExecutionListener.java:131)
	at org.springframework.test.context.TestContextManager.prepareTestInstance(TestContextManager.java:230)
	at org.springframework.test.context.junit4.SpringJUnit4ClassRunner.createTest(SpringJUnit4ClassRunner.java:228)
	at org.springframework.test.context.junit4.SpringJUnit4ClassRunner$1.runReflectiveCall(SpringJUnit4ClassRunner.java:287)
	at org.junit.internal.runners.model.ReflectiveCallable.run(ReflectiveCallable.java:12)
	at org.springframework.test.context.junit4.SpringJUnit4ClassRunner.methodBlock(SpringJUnit4ClassRunner.java:289)
	at org.springframework.test.context.junit4.SpringJUnit4ClassRunner.runChild(SpringJUnit4ClassRunner.java:247)
	at org.springframework.test.context.junit4.SpringJUnit4ClassRunner.runChild(SpringJUnit4ClassRunner.java:94)
	at org.junit.runners.ParentRunner$3.run(ParentRunner.java:290)
	at org.junit.runners.ParentRunner$1.schedule(ParentRunner.java:71)
	at org.junit.runners.ParentRunner.runChildren(ParentRunner.java:288)
	at org.junit.runners.ParentRunner.access$000(ParentRunner.java:58)
	at org.junit.runners.ParentRunner$2.evaluate(ParentRunner.java:268)
	at org.springframework.test.context.junit4.statements.RunBeforeTestClassCallbacks.evaluate(RunBeforeTestClassCallbacks.java:61)
	at org.springframework.test.context.junit4.statements.RunAfterTestClassCallbacks.evaluate(RunAfterTestClassCallbacks.java:70)
	at org.junit.runners.ParentRunner.run(ParentRunner.java:363)
	at org.springframework.test.context.junit4.SpringJUnit4ClassRunner.run(SpringJUnit4ClassRunner.java:191)
	at org.apache.maven.surefire.junit4.JUnit4Provider.execute(JUnit4Provider.java:264)
	at org.apache.maven.surefire.junit4.JUnit4Provider.executeTestSet(JUnit4Provider.java:153)
	at org.apache.maven.surefire.junit4.JUnit4Provider.invoke(JUnit4Provider.java:124)
	at sun.reflect.NativeMethodAccessorImpl.invoke0(Native Method)
	at sun.reflect.NativeMethodAccessorImpl.invoke(NativeMethodAccessorImpl.java:62)
	at sun.reflect.DelegatingMethodAccessorImpl.invoke(DelegatingMethodAccessorImpl.java:43)
	at java.lang.reflect.Method.invoke(Method.java:498)
	at org.apache.maven.surefire.util.ReflectionUtils.invokeMethodWithArray2(ReflectionUtils.java:208)
	at org.apache.maven.surefire.booter.ProviderFactory$ProviderProxy.invoke(ProviderFactory.java:159)
	at org.apache.maven.surefire.booter.ProviderFactory.invokeProvider(ProviderFactory.java:87)
	at org.apache.maven.surefire.booter.ForkedBooter.runSuitesInProcess(ForkedBooter.java:153)
	at org.apache.maven.surefire.booter.ForkedBooter.main(ForkedBooter.java:95)
</error>
    <system-out><![CDATA[
  .   ____          _            __ _ _
 /\\ / ___'_ __ _ _(_)_ __  __ _ \ \ \ \
( ( )\___ | '_ | '_| | '_ \/ _` | \ \ \ \
 \\/  ___)| |_)| | | | | || (_| |  ) ) ) )
  '  |____| .__|_| |_|_| |_\__, | / / / /
 =========|_|==============|___/=/_/_/_/
 :: Spring Boot ::        (v1.3.3.RELEASE)

2017-04-10 19:13:46.927  INFO 8220 --- [           main] c.i.c.web.SecurityTagControllerTest      : Starting SecurityTagControllerTest on PPL882039FC with PID 8220 (C:\Users\normsby\Documents\NetBeansProjects\ING_ATM_Locator\target\test-classes started by normsby in C:\Users\normsby\Documents\NetBeansProjects\ING_ATM_Locator)
2017-04-10 19:13:46.927  INFO 8220 --- [           main] c.i.c.web.SecurityTagControllerTest      : No active profile set, falling back to default profiles: default
2017-04-10 19:13:46.927  INFO 8220 --- [           main] o.s.w.c.s.GenericWebApplicationContext   : Refreshing org.springframework.web.context.support.GenericWebApplicationContext@1ae54b05: startup date [Mon Apr 10 19:13:46 EDT 2017]; root of context hierarchy
2017-04-10 19:13:47.973  INFO 8220 --- [           main] trationDelegate$BeanPostProcessorChecker : Bean 'org.springframework.security.config.annotation.configuration.ObjectPostProcessorConfiguration' of type [class org.springframework.security.config.annotation.configuration.ObjectPostProcessorConfiguration$$EnhancerBySpringCGLIB$$da46e5e5] is not eligible for getting processed by all BeanPostProcessors (for example: not eligible for auto-proxying)
2017-04-10 19:13:47.973  INFO 8220 --- [           main] trationDelegate$BeanPostProcessorChecker : Bean 'objectPostProcessor' of type [class org.springframework.security.config.annotation.configuration.AutowireBeanFactoryObjectPostProcessor] is not eligible for getting processed by all BeanPostProcessors (for example: not eligible for auto-proxying)
2017-04-10 19:13:47.973  INFO 8220 --- [           main] trationDelegate$BeanPostProcessorChecker : Bean 'org.springframework.security.access.expression.method.DefaultMethodSecurityExpressionHandler@22de6fce' of type [class org.springframework.security.access.expression.method.DefaultMethodSecurityExpressionHandler] is not eligible for getting processed by all BeanPostProcessors (for example: not eligible for auto-proxying)
2017-04-10 19:13:47.973  INFO 8220 --- [           main] trationDelegate$BeanPostProcessorChecker : Bean 'org.springframework.security.config.annotation.method.configuration.GlobalMethodSecurityConfiguration' of type [class org.springframework.security.config.annotation.method.configuration.GlobalMethodSecurityConfiguration$$EnhancerBySpringCGLIB$$ff1b8897] is not eligible for getting processed by all BeanPostProcessors (for example: not eligible for auto-proxying)
2017-04-10 19:13:47.983  INFO 8220 --- [           main] trationDelegate$BeanPostProcessorChecker : Bean 'methodSecurityMetadataSource' of type [class org.springframework.security.access.method.DelegatingMethodSecurityMetadataSource] is not eligible for getting processed by all BeanPostProcessors (for example: not eligible for auto-proxying)
2017-04-10 19:13:47.983  INFO 8220 --- [           main] trationDelegate$BeanPostProcessorChecker : Bean 'org.apache.camel.spring.boot.CamelAutoConfiguration' of type [class org.apache.camel.spring.boot.CamelAutoConfiguration$$EnhancerBySpringCGLIB$$63c2e3ca] is not eligible for getting processed by all BeanPostProcessors (for example: not eligible for auto-proxying)
2017-04-10 19:13:48.337  INFO 8220 --- [           main] o.s.s.web.DefaultSecurityFilterChain     : Creating filter chain: org.springframework.security.web.util.matcher.AnyRequestMatcher@1, [org.springframework.security.web.context.request.async.WebAsyncManagerIntegrationFilter@7ab7f67b, org.springframework.security.web.context.SecurityContextPersistenceFilter@93bd778, org.springframework.security.web.header.HeaderWriterFilter@625a3df8, org.springframework.security.web.csrf.CsrfFilter@4155cc17, org.springframework.security.web.authentication.logout.LogoutFilter@655a7373, org.springframework.security.web.authentication.UsernamePasswordAuthenticationFilter@467cfaa, org.springframework.security.web.savedrequest.RequestCacheAwareFilter@3c81b8e3, org.springframework.security.web.servletapi.SecurityContextHolderAwareRequestFilter@f87e776, org.springframework.security.web.authentication.AnonymousAuthenticationFilter@331c205b, org.springframework.security.web.session.SessionManagementFilter@66619ad7, org.springframework.security.web.access.ExceptionTranslationFilter@394189dd, org.springframework.security.web.access.intercept.FilterSecurityInterceptor@f150062]
2017-04-10 19:13:48.427  INFO 8220 --- [           main] s.w.s.m.m.a.RequestMappingHandlerAdapter : Looking for @ControllerAdvice: org.springframework.web.context.support.GenericWebApplicationContext@1ae54b05: startup date [Mon Apr 10 19:13:46 EDT 2017]; root of context hierarchy
2017-04-10 19:13:48.447  INFO 8220 --- [           main] s.w.s.m.m.a.RequestMappingHandlerMapping : Mapped "{[/error]}" onto public java.lang.String com.ing.error.CustomErrorController.customError(org.springframework.ui.Model,javax.servlet.http.HttpServletRequest)
2017-04-10 19:13:48.447  INFO 8220 --- [           main] s.w.s.m.m.a.RequestMappingHandlerMapping : Mapped "{[/403]}" onto public java.lang.String com.ing.error.CustomErrorController.unauthorised(org.springframework.ui.Model,javax.servlet.http.HttpServletRequest)
2017-04-10 19:13:48.447  INFO 8220 --- [           main] s.w.s.m.m.a.RequestMappingHandlerMapping : Mapped "{[/index],methods=[GET]}" onto public java.lang.String com.ing.web.MainController.index()
2017-04-10 19:13:48.447  INFO 8220 --- [           main] s.w.s.m.m.a.RequestMappingHandlerMapping : Mapped "{[/],methods=[GET]}" onto public java.lang.String com.ing.web.MainController.root()
2017-04-10 19:13:48.447  INFO 8220 --- [           main] s.w.s.m.m.a.RequestMappingHandlerMapping : Mapped "{[/login-error],methods=[GET]}" onto public java.lang.String com.ing.web.MainController.loginError(org.springframework.ui.Model)
2017-04-10 19:13:48.447  INFO 8220 --- [           main] s.w.s.m.m.a.RequestMappingHandlerMapping : Mapped "{[/login],methods=[GET]}" onto public java.lang.String com.ing.web.MainController.login()
2017-04-10 19:13:48.447  INFO 8220 --- [           main] s.w.s.m.m.a.RequestMappingHandlerMapping : Mapped "{[/admin/index],methods=[GET]}" onto public java.lang.String com.ing.web.MainController.adminIndex()
2017-04-10 19:13:48.447  INFO 8220 --- [           main] s.w.s.m.m.a.RequestMappingHandlerMapping : Mapped "{[/user/index],methods=[GET]}" onto public java.lang.String com.ing.web.MainController.userIndex()
2017-04-10 19:13:48.447  INFO 8220 --- [           main] s.w.s.m.m.a.RequestMappingHandlerMapping : Mapped "{[/public/index],methods=[GET]}" onto public java.lang.String com.ing.web.MainController.publicIndex()
2017-04-10 19:13:48.447  INFO 8220 --- [           main] s.w.s.m.m.a.RequestMappingHandlerMapping : Mapped "{[/extra/index],methods=[GET]}" onto public java.lang.String com.ing.web.MainController.extraIndex()
2017-04-10 19:13:48.447  INFO 8220 --- [           main] s.w.s.m.m.a.RequestMappingHandlerMapping : Mapped "{[/tags/index],methods=[GET]}" onto public java.lang.String com.ing.web.SecurityTagController.index(org.springframework.security.core.userdetails.User)
2017-04-10 19:13:48.447  INFO 8220 --- [           main] s.w.s.m.m.a.RequestMappingHandlerMapping : Mapped "{[/tags/admin/index],methods=[GET]}" onto public java.lang.String com.ing.web.SecurityTagController.adminIndex(org.springframework.security.core.userdetails.User)
2017-04-10 19:13:48.447  INFO 8220 --- [           main] s.w.s.m.m.a.RequestMappingHandlerMapping : Mapped "{[/tags/extra/index],methods=[GET]}" onto public java.lang.String com.ing.web.SecurityTagController.extraUser(org.springframework.security.core.userdetails.User)
2017-04-10 19:13:48.447  INFO 8220 --- [           main] s.w.s.m.m.a.RequestMappingHandlerMapping : Mapped "{[/tags/user/index],methods=[GET]}" onto public java.lang.String com.ing.web.SecurityTagController.userIndex(org.springframework.security.core.userdetails.User)
2017-04-10 19:13:48.527  INFO 8220 --- [           main] o.s.w.s.handler.SimpleUrlHandlerMapping  : Mapped URL path [/webjars/**] onto handler of type [class org.springframework.web.servlet.resource.ResourceHttpRequestHandler]
2017-04-10 19:13:48.527  INFO 8220 --- [           main] o.s.w.s.handler.SimpleUrlHandlerMapping  : Mapped URL path [/**] onto handler of type [class org.springframework.web.servlet.resource.ResourceHttpRequestHandler]
2017-04-10 19:13:48.567  INFO 8220 --- [           main] o.s.w.s.handler.SimpleUrlHandlerMapping  : Mapped URL path [/**/favicon.ico] onto handler of type [class org.springframework.web.servlet.resource.ResourceHttpRequestHandler]
2017-04-10 19:13:48.647  INFO 8220 --- [           main] o.a.c.i.converter.DefaultTypeConverter   : Loaded 191 type converters
2017-04-10 19:13:48.747  INFO 8220 --- [           main] o.a.camel.spring.boot.RoutesCollector    : Loading additional Camel XML routes from: classpath:camel/*.xml
2017-04-10 19:13:48.747  INFO 8220 --- [           main] o.a.camel.spring.boot.RoutesCollector    : Loading additional Camel XML rests from: classpath:camel-rest/*.xml
2017-04-10 19:13:48.747  INFO 8220 --- [           main] o.a.camel.spring.SpringCamelContext      : Apache Camel 2.17.2 (CamelContext: camel-36) is starting
2017-04-10 19:13:48.747  INFO 8220 --- [           main] o.a.c.m.ManagedManagementStrategy        : JMX is enabled
2017-04-10 19:13:48.757  INFO 8220 --- [           main] o.a.c.i.DefaultRuntimeEndpointRegistry   : Runtime endpoint registry is in extended mode gathering usage statistics of all incoming and outgoing endpoints (cache limit: 1000)
2017-04-10 19:13:48.777  INFO 8220 --- [           main] o.a.camel.spring.SpringCamelContext      : Apache Camel 2.17.2 (CamelContext: camel-36) is shutting down
2017-04-10 19:13:48.777  INFO 8220 --- [           main] o.a.camel.spring.SpringCamelContext      : Apache Camel 2.17.2 (CamelContext: camel-36) uptime 0.030 seconds
2017-04-10 19:13:48.777  INFO 8220 --- [           main] o.a.camel.spring.SpringCamelContext      : Apache Camel 2.17.2 (CamelContext: camel-36) is shutdown in 0.000 seconds
2017-04-10 19:13:48.777 ERROR 8220 --- [           main] o.s.boot.SpringApplication               : Application startup failed

org.apache.camel.spring.boot.CamelSpringBootInitializationException: org.apache.camel.FailedToCreateRouteException: Failed to create route route108 at: >>> Choice[[When[{header{action} == all} -> [To[GetAllATMs]]], When[{header{action} == inCity} -> [To[GetAllATMsInCity]]]]] <<< in route: Route(route108)[[From[direct:call]] -> [SetBody[{null}], Cho... because of No endpoint could be found for: GetAllATMs, please check your classpath contains the needed Camel component jar.
	at org.apache.camel.spring.boot.RoutesCollector.onApplicationEvent(RoutesCollector.java:126) ~[camel-spring-boot-2.17.0.jar:2.17.0]
	at org.apache.camel.spring.boot.RoutesCollector.onApplicationEvent(RoutesCollector.java:41) ~[camel-spring-boot-2.17.0.jar:2.17.0]
	at org.springframework.context.event.SimpleApplicationEventMulticaster.invokeListener(SimpleApplicationEventMulticaster.java:166) ~[spring-context-4.3.4.RELEASE.jar:4.3.4.RELEASE]
	at org.springframework.context.event.SimpleApplicationEventMulticaster.multicastEvent(SimpleApplicationEventMulticaster.java:138) ~[spring-context-4.3.4.RELEASE.jar:4.3.4.RELEASE]
	at org.springframework.context.support.AbstractApplicationContext.publishEvent(AbstractApplicationContext.java:383) ~[spring-context-4.3.4.RELEASE.jar:4.3.4.RELEASE]
	at org.springframework.context.support.AbstractApplicationContext.publishEvent(AbstractApplicationContext.java:337) ~[spring-context-4.3.4.RELEASE.jar:4.3.4.RELEASE]
	at org.springframework.context.support.AbstractApplicationContext.finishRefresh(AbstractApplicationContext.java:882) ~[spring-context-4.3.4.RELEASE.jar:4.3.4.RELEASE]
	at org.springframework.context.support.AbstractApplicationContext.refresh(AbstractApplicationContext.java:545) ~[spring-context-4.3.4.RELEASE.jar:4.3.4.RELEASE]
	at org.springframework.boot.SpringApplication.refresh(SpringApplication.java:766) ~[spring-boot-1.3.3.RELEASE.jar:1.3.3.RELEASE]
	at org.springframework.boot.SpringApplication.createAndRefreshContext(SpringApplication.java:361) ~[spring-boot-1.3.3.RELEASE.jar:1.3.3.RELEASE]
	at org.springframework.boot.SpringApplication.run(SpringApplication.java:307) ~[spring-boot-1.3.3.RELEASE.jar:1.3.3.RELEASE]
	at org.springframework.boot.test.SpringApplicationContextLoader.loadContext(SpringApplicationContextLoader.java:98) [spring-boot-1.3.3.RELEASE.jar:1.3.3.RELEASE]
	at org.springframework.test.context.cache.DefaultCacheAwareContextLoaderDelegate.loadContextInternal(DefaultCacheAwareContextLoaderDelegate.java:98) [spring-test-4.3.4.RELEASE.jar:4.3.4.RELEASE]
	at org.springframework.test.context.cache.DefaultCacheAwareContextLoaderDelegate.loadContext(DefaultCacheAwareContextLoaderDelegate.java:116) [spring-test-4.3.4.RELEASE.jar:4.3.4.RELEASE]
	at org.springframework.test.context.support.DefaultTestContext.getApplicationContext(DefaultTestContext.java:83) [spring-test-4.3.4.RELEASE.jar:4.3.4.RELEASE]
	at org.springframework.test.context.web.ServletTestExecutionListener.setUpRequestContextIfNecessary(ServletTestExecutionListener.java:189) [spring-test-4.3.4.RELEASE.jar:4.3.4.RELEASE]
	at org.springframework.test.context.web.ServletTestExecutionListener.prepareTestInstance(ServletTestExecutionListener.java:131) [spring-test-4.3.4.RELEASE.jar:4.3.4.RELEASE]
	at org.springframework.test.context.TestContextManager.prepareTestInstance(TestContextManager.java:230) [spring-test-4.3.4.RELEASE.jar:4.3.4.RELEASE]
	at org.springframework.test.context.junit4.SpringJUnit4ClassRunner.createTest(SpringJUnit4ClassRunner.java:228) [spring-test-4.3.4.RELEASE.jar:4.3.4.RELEASE]
	at org.springframework.test.context.junit4.SpringJUnit4ClassRunner$1.runReflectiveCall(SpringJUnit4ClassRunner.java:287) [spring-test-4.3.4.RELEASE.jar:4.3.4.RELEASE]
	at org.junit.internal.runners.model.ReflectiveCallable.run(ReflectiveCallable.java:12) [junit-4.12.jar:4.12]
	at org.springframework.test.context.junit4.SpringJUnit4ClassRunner.methodBlock(SpringJUnit4ClassRunner.java:289) [spring-test-4.3.4.RELEASE.jar:4.3.4.RELEASE]
	at org.springframework.test.context.junit4.SpringJUnit4ClassRunner.runChild(SpringJUnit4ClassRunner.java:247) [spring-test-4.3.4.RELEASE.jar:4.3.4.RELEASE]
	at org.springframework.test.context.junit4.SpringJUnit4ClassRunner.runChild(SpringJUnit4ClassRunner.java:94) [spring-test-4.3.4.RELEASE.jar:4.3.4.RELEASE]
	at org.junit.runners.ParentRunner$3.run(ParentRunner.java:290) [junit-4.12.jar:4.12]
	at org.junit.runners.ParentRunner$1.schedule(ParentRunner.java:71) [junit-4.12.jar:4.12]
	at org.junit.runners.ParentRunner.runChildren(ParentRunner.java:288) [junit-4.12.jar:4.12]
	at org.junit.runners.ParentRunner.access$000(ParentRunner.java:58) [junit-4.12.jar:4.12]
	at org.junit.runners.ParentRunner$2.evaluate(ParentRunner.java:268) [junit-4.12.jar:4.12]
	at org.springframework.test.context.junit4.statements.RunBeforeTestClassCallbacks.evaluate(RunBeforeTestClassCallbacks.java:61) [spring-test-4.3.4.RELEASE.jar:4.3.4.RELEASE]
	at org.springframework.test.context.junit4.statements.RunAfterTestClassCallbacks.evaluate(RunAfterTestClassCallbacks.java:70) [spring-test-4.3.4.RELEASE.jar:4.3.4.RELEASE]
	at org.junit.runners.ParentRunner.run(ParentRunner.java:363) [junit-4.12.jar:4.12]
	at org.springframework.test.context.junit4.SpringJUnit4ClassRunner.run(SpringJUnit4ClassRunner.java:191) [spring-test-4.3.4.RELEASE.jar:4.3.4.RELEASE]
	at org.apache.maven.surefire.junit4.JUnit4Provider.execute(JUnit4Provider.java:264) [surefire-junit4-2.14.1.jar:2.14.1]
	at org.apache.maven.surefire.junit4.JUnit4Provider.executeTestSet(JUnit4Provider.java:153) [surefire-junit4-2.14.1.jar:2.14.1]
	at org.apache.maven.surefire.junit4.JUnit4Provider.invoke(JUnit4Provider.java:124) [surefire-junit4-2.14.1.jar:2.14.1]
	at sun.reflect.NativeMethodAccessorImpl.invoke0(Native Method) ~[na:1.8.0_121]
	at sun.reflect.NativeMethodAccessorImpl.invoke(NativeMethodAccessorImpl.java:62) ~[na:1.8.0_121]
	at sun.reflect.DelegatingMethodAccessorImpl.invoke(DelegatingMethodAccessorImpl.java:43) ~[na:1.8.0_121]
	at java.lang.reflect.Method.invoke(Method.java:498) ~[na:1.8.0_121]
	at org.apache.maven.surefire.util.ReflectionUtils.invokeMethodWithArray2(ReflectionUtils.java:208) [surefire-api-2.14.1.jar:2.14.1]
	at org.apache.maven.surefire.booter.ProviderFactory$ProviderProxy.invoke(ProviderFactory.java:159) [surefire-booter-2.14.1.jar:2.14.1]
	at org.apache.maven.surefire.booter.ProviderFactory.invokeProvider(ProviderFactory.java:87) [surefire-booter-2.14.1.jar:2.14.1]
	at org.apache.maven.surefire.booter.ForkedBooter.runSuitesInProcess(ForkedBooter.java:153) [surefire-booter-2.14.1.jar:2.14.1]
	at org.apache.maven.surefire.booter.ForkedBooter.main(ForkedBooter.java:95) [surefire-booter-2.14.1.jar:2.14.1]
Caused by: org.apache.camel.FailedToCreateRouteException: Failed to create route route108 at: >>> Choice[[When[{header{action} == all} -> [To[GetAllATMs]]], When[{header{action} == inCity} -> [To[GetAllATMsInCity]]]]] <<< in route: Route(route108)[[From[direct:call]] -> [SetBody[{null}], Cho... because of No endpoint could be found for: GetAllATMs, please check your classpath contains the needed Camel component jar.
	at org.apache.camel.model.RouteDefinition.addRoutes(RouteDefinition.java:1072) ~[camel-core-2.17.2.jar:2.17.2]
	at org.apache.camel.model.RouteDefinition.addRoutes(RouteDefinition.java:196) ~[camel-core-2.17.2.jar:2.17.2]
	at org.apache.camel.impl.DefaultCamelContext.startRoute(DefaultCamelContext.java:974) ~[camel-core-2.17.2.jar:2.17.2]
	at org.apache.camel.impl.DefaultCamelContext.startRouteDefinitions(DefaultCamelContext.java:3301) ~[camel-core-2.17.2.jar:2.17.2]
	at org.apache.camel.impl.DefaultCamelContext.doStartCamel(DefaultCamelContext.java:3024) ~[camel-core-2.17.2.jar:2.17.2]
	at org.apache.camel.impl.DefaultCamelContext.access$000(DefaultCamelContext.java:175) ~[camel-core-2.17.2.jar:2.17.2]
	at org.apache.camel.impl.DefaultCamelContext$2.call(DefaultCamelContext.java:2854) ~[camel-core-2.17.2.jar:2.17.2]
	at org.apache.camel.impl.DefaultCamelContext$2.call(DefaultCamelContext.java:2850) ~[camel-core-2.17.2.jar:2.17.2]
	at org.apache.camel.impl.DefaultCamelContext.doWithDefinedClassLoader(DefaultCamelContext.java:2873) ~[camel-core-2.17.2.jar:2.17.2]
	at org.apache.camel.impl.DefaultCamelContext.doStart(DefaultCamelContext.java:2850) ~[camel-core-2.17.2.jar:2.17.2]
	at org.apache.camel.support.ServiceSupport.start(ServiceSupport.java:61) ~[camel-core-2.17.2.jar:2.17.2]
	at org.apache.camel.impl.DefaultCamelContext.start(DefaultCamelContext.java:2819) ~[camel-core-2.17.2.jar:2.17.2]
	at org.apache.camel.spring.boot.RoutesCollector.onApplicationEvent(RoutesCollector.java:116) ~[camel-spring-boot-2.17.0.jar:2.17.0]
	... 44 common frames omitted
Caused by: org.apache.camel.NoSuchEndpointException: No endpoint could be found for: GetAllATMs, please check your classpath contains the needed Camel component jar.
	at org.apache.camel.util.CamelContextHelper.getMandatoryEndpoint(CamelContextHelper.java:81) ~[camel-core-2.17.2.jar:2.17.2]
	at org.apache.camel.model.RouteDefinition.resolveEndpoint(RouteDefinition.java:211) ~[camel-core-2.17.2.jar:2.17.2]
	at org.apache.camel.impl.DefaultRouteContext.resolveEndpoint(DefaultRouteContext.java:107) ~[camel-core-2.17.2.jar:2.17.2]
	at org.apache.camel.impl.DefaultRouteContext.resolveEndpoint(DefaultRouteContext.java:113) ~[camel-core-2.17.2.jar:2.17.2]
	at org.apache.camel.model.SendDefinition.resolveEndpoint(SendDefinition.java:62) ~[camel-core-2.17.2.jar:2.17.2]
	at org.apache.camel.model.SendDefinition.createProcessor(SendDefinition.java:56) ~[camel-core-2.17.2.jar:2.17.2]
	at org.apache.camel.model.ProcessorDefinition.createProcessor(ProcessorDefinition.java:483) ~[camel-core-2.17.2.jar:2.17.2]
	at org.apache.camel.model.ProcessorDefinition.createOutputsProcessorImpl(ProcessorDefinition.java:446) ~[camel-core-2.17.2.jar:2.17.2]
	at org.apache.camel.model.ProcessorDefinition.createOutputsProcessor(ProcessorDefinition.java:413) ~[camel-core-2.17.2.jar:2.17.2]
	at org.apache.camel.model.ProcessorDefinition.createOutputsProcessor(ProcessorDefinition.java:165) ~[camel-core-2.17.2.jar:2.17.2]
	at org.apache.camel.model.ExpressionNode.createFilterProcessor(ExpressionNode.java:109) ~[camel-core-2.17.2.jar:2.17.2]
	at org.apache.camel.model.WhenDefinition.createProcessor(WhenDefinition.java:74) ~[camel-core-2.17.2.jar:2.17.2]
	at org.apache.camel.model.WhenDefinition.createProcessor(WhenDefinition.java:32) ~[camel-core-2.17.2.jar:2.17.2]
	at org.apache.camel.model.ProcessorDefinition.createProcessor(ProcessorDefinition.java:483) ~[camel-core-2.17.2.jar:2.17.2]
	at org.apache.camel.model.ChoiceDefinition.createProcessor(ChoiceDefinition.java:135) ~[camel-core-2.17.2.jar:2.17.2]
	at org.apache.camel.model.ProcessorDefinition.makeProcessorImpl(ProcessorDefinition.java:534) ~[camel-core-2.17.2.jar:2.17.2]
	at org.apache.camel.model.ProcessorDefinition.makeProcessor(ProcessorDefinition.java:495) ~[camel-core-2.17.2.jar:2.17.2]
	at org.apache.camel.model.ProcessorDefinition.addRoutes(ProcessorDefinition.java:219) ~[camel-core-2.17.2.jar:2.17.2]
	at org.apache.camel.model.RouteDefinition.addRoutes(RouteDefinition.java:1069) ~[camel-core-2.17.2.jar:2.17.2]
	... 56 common frames omitted

2017-04-10 19:13:48.787  INFO 8220 --- [           main] .b.l.ClasspathLoggingApplicationListener : Application failed to start with classpath: [file:/C:/Users/normsby/Documents/NetBeansProjects/ING_ATM_Locator/target/surefire/surefirebooter5636998128895282040.jar, file:/C:/Users/normsby/.m2/repository/org/jacoco/org.jacoco.agent/0.7.5.201505241946/org.jacoco.agent-0.7.5.201505241946-runtime.jar]
2017-04-10 19:13:48.787 ERROR 8220 --- [           main] o.s.test.context.TestContextManager      : Caught exception while allowing TestExecutionListener [org.springframework.test.context.web.ServletTestExecutionListener@15f68bcc] to prepare test instance [com.ing.custom.web.SecurityTagControllerTest@a38c67]

java.lang.IllegalStateException: Failed to load ApplicationContext
	at org.springframework.test.context.cache.DefaultCacheAwareContextLoaderDelegate.loadContext(DefaultCacheAwareContextLoaderDelegate.java:124) ~[spring-test-4.3.4.RELEASE.jar:4.3.4.RELEASE]
	at org.springframework.test.context.support.DefaultTestContext.getApplicationContext(DefaultTestContext.java:83) ~[spring-test-4.3.4.RELEASE.jar:4.3.4.RELEASE]
	at org.springframework.test.context.web.ServletTestExecutionListener.setUpRequestContextIfNecessary(ServletTestExecutionListener.java:189) ~[spring-test-4.3.4.RELEASE.jar:4.3.4.RELEASE]
	at org.springframework.test.context.web.ServletTestExecutionListener.prepareTestInstance(ServletTestExecutionListener.java:131) ~[spring-test-4.3.4.RELEASE.jar:4.3.4.RELEASE]
	at org.springframework.test.context.TestContextManager.prepareTestInstance(TestContextManager.java:230) ~[spring-test-4.3.4.RELEASE.jar:4.3.4.RELEASE]
	at org.springframework.test.context.junit4.SpringJUnit4ClassRunner.createTest(SpringJUnit4ClassRunner.java:228) [spring-test-4.3.4.RELEASE.jar:4.3.4.RELEASE]
	at org.springframework.test.context.junit4.SpringJUnit4ClassRunner$1.runReflectiveCall(SpringJUnit4ClassRunner.java:287) [spring-test-4.3.4.RELEASE.jar:4.3.4.RELEASE]
	at org.junit.internal.runners.model.ReflectiveCallable.run(ReflectiveCallable.java:12) [junit-4.12.jar:4.12]
	at org.springframework.test.context.junit4.SpringJUnit4ClassRunner.methodBlock(SpringJUnit4ClassRunner.java:289) [spring-test-4.3.4.RELEASE.jar:4.3.4.RELEASE]
	at org.springframework.test.context.junit4.SpringJUnit4ClassRunner.runChild(SpringJUnit4ClassRunner.java:247) [spring-test-4.3.4.RELEASE.jar:4.3.4.RELEASE]
	at org.springframework.test.context.junit4.SpringJUnit4ClassRunner.runChild(SpringJUnit4ClassRunner.java:94) [spring-test-4.3.4.RELEASE.jar:4.3.4.RELEASE]
	at org.junit.runners.ParentRunner$3.run(ParentRunner.java:290) [junit-4.12.jar:4.12]
	at org.junit.runners.ParentRunner$1.schedule(ParentRunner.java:71) [junit-4.12.jar:4.12]
	at org.junit.runners.ParentRunner.runChildren(ParentRunner.java:288) [junit-4.12.jar:4.12]
	at org.junit.runners.ParentRunner.access$000(ParentRunner.java:58) [junit-4.12.jar:4.12]
	at org.junit.runners.ParentRunner$2.evaluate(ParentRunner.java:268) [junit-4.12.jar:4.12]
	at org.springframework.test.context.junit4.statements.RunBeforeTestClassCallbacks.evaluate(RunBeforeTestClassCallbacks.java:61) [spring-test-4.3.4.RELEASE.jar:4.3.4.RELEASE]
	at org.springframework.test.context.junit4.statements.RunAfterTestClassCallbacks.evaluate(RunAfterTestClassCallbacks.java:70) [spring-test-4.3.4.RELEASE.jar:4.3.4.RELEASE]
	at org.junit.runners.ParentRunner.run(ParentRunner.java:363) [junit-4.12.jar:4.12]
	at org.springframework.test.context.junit4.SpringJUnit4ClassRunner.run(SpringJUnit4ClassRunner.java:191) [spring-test-4.3.4.RELEASE.jar:4.3.4.RELEASE]
	at org.apache.maven.surefire.junit4.JUnit4Provider.execute(JUnit4Provider.java:264) [surefire-junit4-2.14.1.jar:2.14.1]
	at org.apache.maven.surefire.junit4.JUnit4Provider.executeTestSet(JUnit4Provider.java:153) [surefire-junit4-2.14.1.jar:2.14.1]
	at org.apache.maven.surefire.junit4.JUnit4Provider.invoke(JUnit4Provider.java:124) [surefire-junit4-2.14.1.jar:2.14.1]
	at sun.reflect.NativeMethodAccessorImpl.invoke0(Native Method) ~[na:1.8.0_121]
	at sun.reflect.NativeMethodAccessorImpl.invoke(NativeMethodAccessorImpl.java:62) ~[na:1.8.0_121]
	at sun.reflect.DelegatingMethodAccessorImpl.invoke(DelegatingMethodAccessorImpl.java:43) ~[na:1.8.0_121]
	at java.lang.reflect.Method.invoke(Method.java:498) ~[na:1.8.0_121]
	at org.apache.maven.surefire.util.ReflectionUtils.invokeMethodWithArray2(ReflectionUtils.java:208) [surefire-api-2.14.1.jar:2.14.1]
	at org.apache.maven.surefire.booter.ProviderFactory$ProviderProxy.invoke(ProviderFactory.java:159) [surefire-booter-2.14.1.jar:2.14.1]
	at org.apache.maven.surefire.booter.ProviderFactory.invokeProvider(ProviderFactory.java:87) [surefire-booter-2.14.1.jar:2.14.1]
	at org.apache.maven.surefire.booter.ForkedBooter.runSuitesInProcess(ForkedBooter.java:153) [surefire-booter-2.14.1.jar:2.14.1]
	at org.apache.maven.surefire.booter.ForkedBooter.main(ForkedBooter.java:95) [surefire-booter-2.14.1.jar:2.14.1]
Caused by: org.apache.camel.spring.boot.CamelSpringBootInitializationException: org.apache.camel.FailedToCreateRouteException: Failed to create route route108 at: >>> Choice[[When[{header{action} == all} -> [To[GetAllATMs]]], When[{header{action} == inCity} -> [To[GetAllATMsInCity]]]]] <<< in route: Route(route108)[[From[direct:call]] -> [SetBody[{null}], Cho... because of No endpoint could be found for: GetAllATMs, please check your classpath contains the needed Camel component jar.
	at org.apache.camel.spring.boot.RoutesCollector.onApplicationEvent(RoutesCollector.java:126) ~[camel-spring-boot-2.17.0.jar:2.17.0]
	at org.apache.camel.spring.boot.RoutesCollector.onApplicationEvent(RoutesCollector.java:41) ~[camel-spring-boot-2.17.0.jar:2.17.0]
	at org.springframework.context.event.SimpleApplicationEventMulticaster.invokeListener(SimpleApplicationEventMulticaster.java:166) ~[spring-context-4.3.4.RELEASE.jar:4.3.4.RELEASE]
	at org.springframework.context.event.SimpleApplicationEventMulticaster.multicastEvent(SimpleApplicationEventMulticaster.java:138) ~[spring-context-4.3.4.RELEASE.jar:4.3.4.RELEASE]
	at org.springframework.context.support.AbstractApplicationContext.publishEvent(AbstractApplicationContext.java:383) ~[spring-context-4.3.4.RELEASE.jar:4.3.4.RELEASE]
	at org.springframework.context.support.AbstractApplicationContext.publishEvent(AbstractApplicationContext.java:337) ~[spring-context-4.3.4.RELEASE.jar:4.3.4.RELEASE]
	at org.springframework.context.support.AbstractApplicationContext.finishRefresh(AbstractApplicationContext.java:882) ~[spring-context-4.3.4.RELEASE.jar:4.3.4.RELEASE]
	at org.springframework.context.support.AbstractApplicationContext.refresh(AbstractApplicationContext.java:545) ~[spring-context-4.3.4.RELEASE.jar:4.3.4.RELEASE]
	at org.springframework.boot.SpringApplication.refresh(SpringApplication.java:766) ~[spring-boot-1.3.3.RELEASE.jar:1.3.3.RELEASE]
	at org.springframework.boot.SpringApplication.createAndRefreshContext(SpringApplication.java:361) ~[spring-boot-1.3.3.RELEASE.jar:1.3.3.RELEASE]
	at org.springframework.boot.SpringApplication.run(SpringApplication.java:307) ~[spring-boot-1.3.3.RELEASE.jar:1.3.3.RELEASE]
	at org.springframework.boot.test.SpringApplicationContextLoader.loadContext(SpringApplicationContextLoader.java:98) ~[spring-boot-1.3.3.RELEASE.jar:1.3.3.RELEASE]
	at org.springframework.test.context.cache.DefaultCacheAwareContextLoaderDelegate.loadContextInternal(DefaultCacheAwareContextLoaderDelegate.java:98) ~[spring-test-4.3.4.RELEASE.jar:4.3.4.RELEASE]
	at org.springframework.test.context.cache.DefaultCacheAwareContextLoaderDelegate.loadContext(DefaultCacheAwareContextLoaderDelegate.java:116) ~[spring-test-4.3.4.RELEASE.jar:4.3.4.RELEASE]
	... 31 common frames omitted
Caused by: org.apache.camel.FailedToCreateRouteException: Failed to create route route108 at: >>> Choice[[When[{header{action} == all} -> [To[GetAllATMs]]], When[{header{action} == inCity} -> [To[GetAllATMsInCity]]]]] <<< in route: Route(route108)[[From[direct:call]] -> [SetBody[{null}], Cho... because of No endpoint could be found for: GetAllATMs, please check your classpath contains the needed Camel component jar.
	at org.apache.camel.model.RouteDefinition.addRoutes(RouteDefinition.java:1072) ~[camel-core-2.17.2.jar:2.17.2]
	at org.apache.camel.model.RouteDefinition.addRoutes(RouteDefinition.java:196) ~[camel-core-2.17.2.jar:2.17.2]
	at org.apache.camel.impl.DefaultCamelContext.startRoute(DefaultCamelContext.java:974) ~[camel-core-2.17.2.jar:2.17.2]
	at org.apache.camel.impl.DefaultCamelContext.startRouteDefinitions(DefaultCamelContext.java:3301) ~[camel-core-2.17.2.jar:2.17.2]
	at org.apache.camel.impl.DefaultCamelContext.doStartCamel(DefaultCamelContext.java:3024) ~[camel-core-2.17.2.jar:2.17.2]
	at org.apache.camel.impl.DefaultCamelContext.access$000(DefaultCamelContext.java:175) ~[camel-core-2.17.2.jar:2.17.2]
	at org.apache.camel.impl.DefaultCamelContext$2.call(DefaultCamelContext.java:2854) ~[camel-core-2.17.2.jar:2.17.2]
	at org.apache.camel.impl.DefaultCamelContext$2.call(DefaultCamelContext.java:2850) ~[camel-core-2.17.2.jar:2.17.2]
	at org.apache.camel.impl.DefaultCamelContext.doWithDefinedClassLoader(DefaultCamelContext.java:2873) ~[camel-core-2.17.2.jar:2.17.2]
	at org.apache.camel.impl.DefaultCamelContext.doStart(DefaultCamelContext.java:2850) ~[camel-core-2.17.2.jar:2.17.2]
	at org.apache.camel.support.ServiceSupport.start(ServiceSupport.java:61) ~[camel-core-2.17.2.jar:2.17.2]
	at org.apache.camel.impl.DefaultCamelContext.start(DefaultCamelContext.java:2819) ~[camel-core-2.17.2.jar:2.17.2]
	at org.apache.camel.spring.boot.RoutesCollector.onApplicationEvent(RoutesCollector.java:116) ~[camel-spring-boot-2.17.0.jar:2.17.0]
	... 44 common frames omitted
Caused by: org.apache.camel.NoSuchEndpointException: No endpoint could be found for: GetAllATMs, please check your classpath contains the needed Camel component jar.
	at org.apache.camel.util.CamelContextHelper.getMandatoryEndpoint(CamelContextHelper.java:81) ~[camel-core-2.17.2.jar:2.17.2]
	at org.apache.camel.model.RouteDefinition.resolveEndpoint(RouteDefinition.java:211) ~[camel-core-2.17.2.jar:2.17.2]
	at org.apache.camel.impl.DefaultRouteContext.resolveEndpoint(DefaultRouteContext.java:107) ~[camel-core-2.17.2.jar:2.17.2]
	at org.apache.camel.impl.DefaultRouteContext.resolveEndpoint(DefaultRouteContext.java:113) ~[camel-core-2.17.2.jar:2.17.2]
	at org.apache.camel.model.SendDefinition.resolveEndpoint(SendDefinition.java:62) ~[camel-core-2.17.2.jar:2.17.2]
	at org.apache.camel.model.SendDefinition.createProcessor(SendDefinition.java:56) ~[camel-core-2.17.2.jar:2.17.2]
	at org.apache.camel.model.ProcessorDefinition.createProcessor(ProcessorDefinition.java:483) ~[camel-core-2.17.2.jar:2.17.2]
	at org.apache.camel.model.ProcessorDefinition.createOutputsProcessorImpl(ProcessorDefinition.java:446) ~[camel-core-2.17.2.jar:2.17.2]
	at org.apache.camel.model.ProcessorDefinition.createOutputsProcessor(ProcessorDefinition.java:413) ~[camel-core-2.17.2.jar:2.17.2]
	at org.apache.camel.model.ProcessorDefinition.createOutputsProcessor(ProcessorDefinition.java:165) ~[camel-core-2.17.2.jar:2.17.2]
	at org.apache.camel.model.ExpressionNode.createFilterProcessor(ExpressionNode.java:109) ~[camel-core-2.17.2.jar:2.17.2]
	at org.apache.camel.model.WhenDefinition.createProcessor(WhenDefinition.java:74) ~[camel-core-2.17.2.jar:2.17.2]
	at org.apache.camel.model.WhenDefinition.createProcessor(WhenDefinition.java:32) ~[camel-core-2.17.2.jar:2.17.2]
	at org.apache.camel.model.ProcessorDefinition.createProcessor(ProcessorDefinition.java:483) ~[camel-core-2.17.2.jar:2.17.2]
	at org.apache.camel.model.ChoiceDefinition.createProcessor(ChoiceDefinition.java:135) ~[camel-core-2.17.2.jar:2.17.2]
	at org.apache.camel.model.ProcessorDefinition.makeProcessorImpl(ProcessorDefinition.java:534) ~[camel-core-2.17.2.jar:2.17.2]
	at org.apache.camel.model.ProcessorDefinition.makeProcessor(ProcessorDefinition.java:495) ~[camel-core-2.17.2.jar:2.17.2]
	at org.apache.camel.model.ProcessorDefinition.addRoutes(ProcessorDefinition.java:219) ~[camel-core-2.17.2.jar:2.17.2]
	at org.apache.camel.model.RouteDefinition.addRoutes(RouteDefinition.java:1069) ~[camel-core-2.17.2.jar:2.17.2]
	... 56 common frames omitted

]]></system-out>
  </testcase>
  <testcase name="thatLoginPageReturned" classname="com.ing.custom.web.SecurityTagControllerTest" time="0.01">
    <error message="Failed to load ApplicationContext" type="java.lang.IllegalStateException">java.lang.IllegalStateException: Failed to load ApplicationContext
	at org.apache.camel.util.CamelContextHelper.getMandatoryEndpoint(CamelContextHelper.java:81)
	at org.apache.camel.model.RouteDefinition.resolveEndpoint(RouteDefinition.java:211)
	at org.apache.camel.impl.DefaultRouteContext.resolveEndpoint(DefaultRouteContext.java:107)
	at org.apache.camel.impl.DefaultRouteContext.resolveEndpoint(DefaultRouteContext.java:113)
	at org.apache.camel.model.SendDefinition.resolveEndpoint(SendDefinition.java:62)
	at org.apache.camel.model.SendDefinition.createProcessor(SendDefinition.java:56)
	at org.apache.camel.model.ProcessorDefinition.createProcessor(ProcessorDefinition.java:483)
	at org.apache.camel.model.ProcessorDefinition.createOutputsProcessorImpl(ProcessorDefinition.java:446)
	at org.apache.camel.model.ProcessorDefinition.createOutputsProcessor(ProcessorDefinition.java:413)
	at org.apache.camel.model.ProcessorDefinition.createOutputsProcessor(ProcessorDefinition.java:165)
	at org.apache.camel.model.ExpressionNode.createFilterProcessor(ExpressionNode.java:109)
	at org.apache.camel.model.WhenDefinition.createProcessor(WhenDefinition.java:74)
	at org.apache.camel.model.WhenDefinition.createProcessor(WhenDefinition.java:32)
	at org.apache.camel.model.ProcessorDefinition.createProcessor(ProcessorDefinition.java:483)
	at org.apache.camel.model.ChoiceDefinition.createProcessor(ChoiceDefinition.java:135)
	at org.apache.camel.model.ProcessorDefinition.makeProcessorImpl(ProcessorDefinition.java:534)
	at org.apache.camel.model.ProcessorDefinition.makeProcessor(ProcessorDefinition.java:495)
	at org.apache.camel.model.ProcessorDefinition.addRoutes(ProcessorDefinition.java:219)
	at org.apache.camel.model.RouteDefinition.addRoutes(RouteDefinition.java:1069)
	at org.apache.camel.model.RouteDefinition.addRoutes(RouteDefinition.java:196)
	at org.apache.camel.impl.DefaultCamelContext.startRoute(DefaultCamelContext.java:974)
	at org.apache.camel.impl.DefaultCamelContext.startRouteDefinitions(DefaultCamelContext.java:3301)
	at org.apache.camel.impl.DefaultCamelContext.doStartCamel(DefaultCamelContext.java:3024)
	at org.apache.camel.impl.DefaultCamelContext.access$000(DefaultCamelContext.java:175)
	at org.apache.camel.impl.DefaultCamelContext$2.call(DefaultCamelContext.java:2854)
	at org.apache.camel.impl.DefaultCamelContext$2.call(DefaultCamelContext.java:2850)
	at org.apache.camel.impl.DefaultCamelContext.doWithDefinedClassLoader(DefaultCamelContext.java:2873)
	at org.apache.camel.impl.DefaultCamelContext.doStart(DefaultCamelContext.java:2850)
	at org.apache.camel.support.ServiceSupport.start(ServiceSupport.java:61)
	at org.apache.camel.impl.DefaultCamelContext.start(DefaultCamelContext.java:2819)
	at org.apache.camel.spring.boot.RoutesCollector.onApplicationEvent(RoutesCollector.java:116)
	at org.apache.camel.spring.boot.RoutesCollector.onApplicationEvent(RoutesCollector.java:41)
	at org.springframework.context.event.SimpleApplicationEventMulticaster.invokeListener(SimpleApplicationEventMulticaster.java:166)
	at org.springframework.context.event.SimpleApplicationEventMulticaster.multicastEvent(SimpleApplicationEventMulticaster.java:138)
	at org.springframework.context.support.AbstractApplicationContext.publishEvent(AbstractApplicationContext.java:383)
	at org.springframework.context.support.AbstractApplicationContext.publishEvent(AbstractApplicationContext.java:337)
	at org.springframework.context.support.AbstractApplicationContext.finishRefresh(AbstractApplicationContext.java:882)
	at org.springframework.context.support.AbstractApplicationContext.refresh(AbstractApplicationContext.java:545)
	at org.springframework.boot.SpringApplication.refresh(SpringApplication.java:766)
	at org.springframework.boot.SpringApplication.createAndRefreshContext(SpringApplication.java:361)
	at org.springframework.boot.SpringApplication.run(SpringApplication.java:307)
	at org.springframework.boot.test.SpringApplicationContextLoader.loadContext(SpringApplicationContextLoader.java:98)
	at org.springframework.test.context.cache.DefaultCacheAwareContextLoaderDelegate.loadContextInternal(DefaultCacheAwareContextLoaderDelegate.java:98)
	at org.springframework.test.context.cache.DefaultCacheAwareContextLoaderDelegate.loadContext(DefaultCacheAwareContextLoaderDelegate.java:116)
	at org.springframework.test.context.support.DefaultTestContext.getApplicationContext(DefaultTestContext.java:83)
	at org.springframework.test.context.web.ServletTestExecutionListener.setUpRequestContextIfNecessary(ServletTestExecutionListener.java:189)
	at org.springframework.test.context.web.ServletTestExecutionListener.prepareTestInstance(ServletTestExecutionListener.java:131)
	at org.springframework.test.context.TestContextManager.prepareTestInstance(TestContextManager.java:230)
	at org.springframework.test.context.junit4.SpringJUnit4ClassRunner.createTest(SpringJUnit4ClassRunner.java:228)
	at org.springframework.test.context.junit4.SpringJUnit4ClassRunner$1.runReflectiveCall(SpringJUnit4ClassRunner.java:287)
	at org.junit.internal.runners.model.ReflectiveCallable.run(ReflectiveCallable.java:12)
	at org.springframework.test.context.junit4.SpringJUnit4ClassRunner.methodBlock(SpringJUnit4ClassRunner.java:289)
	at org.springframework.test.context.junit4.SpringJUnit4ClassRunner.runChild(SpringJUnit4ClassRunner.java:247)
	at org.springframework.test.context.junit4.SpringJUnit4ClassRunner.runChild(SpringJUnit4ClassRunner.java:94)
	at org.junit.runners.ParentRunner$3.run(ParentRunner.java:290)
	at org.junit.runners.ParentRunner$1.schedule(ParentRunner.java:71)
	at org.junit.runners.ParentRunner.runChildren(ParentRunner.java:288)
	at org.junit.runners.ParentRunner.access$000(ParentRunner.java:58)
	at org.junit.runners.ParentRunner$2.evaluate(ParentRunner.java:268)
	at org.springframework.test.context.junit4.statements.RunBeforeTestClassCallbacks.evaluate(RunBeforeTestClassCallbacks.java:61)
	at org.springframework.test.context.junit4.statements.RunAfterTestClassCallbacks.evaluate(RunAfterTestClassCallbacks.java:70)
	at org.junit.runners.ParentRunner.run(ParentRunner.java:363)
	at org.springframework.test.context.junit4.SpringJUnit4ClassRunner.run(SpringJUnit4ClassRunner.java:191)
	at org.apache.maven.surefire.junit4.JUnit4Provider.execute(JUnit4Provider.java:264)
	at org.apache.maven.surefire.junit4.JUnit4Provider.executeTestSet(JUnit4Provider.java:153)
	at org.apache.maven.surefire.junit4.JUnit4Provider.invoke(JUnit4Provider.java:124)
	at sun.reflect.NativeMethodAccessorImpl.invoke0(Native Method)
	at sun.reflect.NativeMethodAccessorImpl.invoke(NativeMethodAccessorImpl.java:62)
	at sun.reflect.DelegatingMethodAccessorImpl.invoke(DelegatingMethodAccessorImpl.java:43)
	at java.lang.reflect.Method.invoke(Method.java:498)
	at org.apache.maven.surefire.util.ReflectionUtils.invokeMethodWithArray2(ReflectionUtils.java:208)
	at org.apache.maven.surefire.booter.ProviderFactory$ProviderProxy.invoke(ProviderFactory.java:159)
	at org.apache.maven.surefire.booter.ProviderFactory.invokeProvider(ProviderFactory.java:87)
	at org.apache.maven.surefire.booter.ForkedBooter.runSuitesInProcess(ForkedBooter.java:153)
	at org.apache.maven.surefire.booter.ForkedBooter.main(ForkedBooter.java:95)
</error>
    <system-out><![CDATA[
  .   ____          _            __ _ _
 /\\ / ___'_ __ _ _(_)_ __  __ _ \ \ \ \
( ( )\___ | '_ | '_| | '_ \/ _` | \ \ \ \
 \\/  ___)| |_)| | | | | || (_| |  ) ) ) )
  '  |____| .__|_| |_|_| |_\__, | / / / /
 =========|_|==============|___/=/_/_/_/
 :: Spring Boot ::        (v1.3.3.RELEASE)

2017-04-10 19:13:48.827  INFO 8220 --- [           main] c.i.c.web.SecurityTagControllerTest      : Starting SecurityTagControllerTest on PPL882039FC with PID 8220 (C:\Users\normsby\Documents\NetBeansProjects\ING_ATM_Locator\target\test-classes started by normsby in C:\Users\normsby\Documents\NetBeansProjects\ING_ATM_Locator)
2017-04-10 19:13:48.827  INFO 8220 --- [           main] c.i.c.web.SecurityTagControllerTest      : No active profile set, falling back to default profiles: default
2017-04-10 19:13:48.827  INFO 8220 --- [           main] o.s.w.c.s.GenericWebApplicationContext   : Refreshing org.springframework.web.context.support.GenericWebApplicationContext@2dc932b0: startup date [Mon Apr 10 19:13:48 EDT 2017]; root of context hierarchy
2017-04-10 19:13:49.117  INFO 8220 --- [           main] trationDelegate$BeanPostProcessorChecker : Bean 'org.springframework.security.config.annotation.configuration.ObjectPostProcessorConfiguration' of type [class org.springframework.security.config.annotation.configuration.ObjectPostProcessorConfiguration$$EnhancerBySpringCGLIB$$da46e5e5] is not eligible for getting processed by all BeanPostProcessors (for example: not eligible for auto-proxying)
2017-04-10 19:13:49.117  INFO 8220 --- [           main] trationDelegate$BeanPostProcessorChecker : Bean 'objectPostProcessor' of type [class org.springframework.security.config.annotation.configuration.AutowireBeanFactoryObjectPostProcessor] is not eligible for getting processed by all BeanPostProcessors (for example: not eligible for auto-proxying)
2017-04-10 19:13:49.117  INFO 8220 --- [           main] trationDelegate$BeanPostProcessorChecker : Bean 'org.springframework.security.access.expression.method.DefaultMethodSecurityExpressionHandler@355db266' of type [class org.springframework.security.access.expression.method.DefaultMethodSecurityExpressionHandler] is not eligible for getting processed by all BeanPostProcessors (for example: not eligible for auto-proxying)
2017-04-10 19:13:49.127  INFO 8220 --- [           main] trationDelegate$BeanPostProcessorChecker : Bean 'org.springframework.security.config.annotation.method.configuration.GlobalMethodSecurityConfiguration' of type [class org.springframework.security.config.annotation.method.configuration.GlobalMethodSecurityConfiguration$$EnhancerBySpringCGLIB$$ff1b8897] is not eligible for getting processed by all BeanPostProcessors (for example: not eligible for auto-proxying)
2017-04-10 19:13:49.127  INFO 8220 --- [           main] trationDelegate$BeanPostProcessorChecker : Bean 'methodSecurityMetadataSource' of type [class org.springframework.security.access.method.DelegatingMethodSecurityMetadataSource] is not eligible for getting processed by all BeanPostProcessors (for example: not eligible for auto-proxying)
2017-04-10 19:13:49.127  INFO 8220 --- [           main] trationDelegate$BeanPostProcessorChecker : Bean 'org.apache.camel.spring.boot.CamelAutoConfiguration' of type [class org.apache.camel.spring.boot.CamelAutoConfiguration$$EnhancerBySpringCGLIB$$63c2e3ca] is not eligible for getting processed by all BeanPostProcessors (for example: not eligible for auto-proxying)
2017-04-10 19:13:49.487  INFO 8220 --- [           main] o.s.s.web.DefaultSecurityFilterChain     : Creating filter chain: org.springframework.security.web.util.matcher.AnyRequestMatcher@1, [org.springframework.security.web.context.request.async.WebAsyncManagerIntegrationFilter@65398e95, org.springframework.security.web.context.SecurityContextPersistenceFilter@a6d2330, org.springframework.security.web.header.HeaderWriterFilter@644a5479, org.springframework.security.web.csrf.CsrfFilter@4098a650, org.springframework.security.web.authentication.logout.LogoutFilter@44e4eaea, org.springframework.security.web.authentication.UsernamePasswordAuthenticationFilter@7728e963, org.springframework.security.web.savedrequest.RequestCacheAwareFilter@6896e024, org.springframework.security.web.servletapi.SecurityContextHolderAwareRequestFilter@5e4988d3, org.springframework.security.web.authentication.AnonymousAuthenticationFilter@2c7ce83e, org.springframework.security.web.session.SessionManagementFilter@fc2bebe, org.springframework.security.web.access.ExceptionTranslationFilter@6c41db12, org.springframework.security.web.access.intercept.FilterSecurityInterceptor@4df58df8]
2017-04-10 19:13:49.577  INFO 8220 --- [           main] s.w.s.m.m.a.RequestMappingHandlerAdapter : Looking for @ControllerAdvice: org.springframework.web.context.support.GenericWebApplicationContext@2dc932b0: startup date [Mon Apr 10 19:13:48 EDT 2017]; root of context hierarchy
2017-04-10 19:13:49.597  INFO 8220 --- [           main] s.w.s.m.m.a.RequestMappingHandlerMapping : Mapped "{[/error]}" onto public java.lang.String com.ing.error.CustomErrorController.customError(org.springframework.ui.Model,javax.servlet.http.HttpServletRequest)
2017-04-10 19:13:49.597  INFO 8220 --- [           main] s.w.s.m.m.a.RequestMappingHandlerMapping : Mapped "{[/403]}" onto public java.lang.String com.ing.error.CustomErrorController.unauthorised(org.springframework.ui.Model,javax.servlet.http.HttpServletRequest)
2017-04-10 19:13:49.597  INFO 8220 --- [           main] s.w.s.m.m.a.RequestMappingHandlerMapping : Mapped "{[/index],methods=[GET]}" onto public java.lang.String com.ing.web.MainController.index()
2017-04-10 19:13:49.597  INFO 8220 --- [           main] s.w.s.m.m.a.RequestMappingHandlerMapping : Mapped "{[/],methods=[GET]}" onto public java.lang.String com.ing.web.MainController.root()
2017-04-10 19:13:49.597  INFO 8220 --- [           main] s.w.s.m.m.a.RequestMappingHandlerMapping : Mapped "{[/login-error],methods=[GET]}" onto public java.lang.String com.ing.web.MainController.loginError(org.springframework.ui.Model)
2017-04-10 19:13:49.597  INFO 8220 --- [           main] s.w.s.m.m.a.RequestMappingHandlerMapping : Mapped "{[/login],methods=[GET]}" onto public java.lang.String com.ing.web.MainController.login()
2017-04-10 19:13:49.597  INFO 8220 --- [           main] s.w.s.m.m.a.RequestMappingHandlerMapping : Mapped "{[/admin/index],methods=[GET]}" onto public java.lang.String com.ing.web.MainController.adminIndex()
2017-04-10 19:13:49.597  INFO 8220 --- [           main] s.w.s.m.m.a.RequestMappingHandlerMapping : Mapped "{[/user/index],methods=[GET]}" onto public java.lang.String com.ing.web.MainController.userIndex()
2017-04-10 19:13:49.597  INFO 8220 --- [           main] s.w.s.m.m.a.RequestMappingHandlerMapping : Mapped "{[/public/index],methods=[GET]}" onto public java.lang.String com.ing.web.MainController.publicIndex()
2017-04-10 19:13:49.597  INFO 8220 --- [           main] s.w.s.m.m.a.RequestMappingHandlerMapping : Mapped "{[/extra/index],methods=[GET]}" onto public java.lang.String com.ing.web.MainController.extraIndex()
2017-04-10 19:13:49.597  INFO 8220 --- [           main] s.w.s.m.m.a.RequestMappingHandlerMapping : Mapped "{[/tags/index],methods=[GET]}" onto public java.lang.String com.ing.web.SecurityTagController.index(org.springframework.security.core.userdetails.User)
2017-04-10 19:13:49.597  INFO 8220 --- [           main] s.w.s.m.m.a.RequestMappingHandlerMapping : Mapped "{[/tags/admin/index],methods=[GET]}" onto public java.lang.String com.ing.web.SecurityTagController.adminIndex(org.springframework.security.core.userdetails.User)
2017-04-10 19:13:49.597  INFO 8220 --- [           main] s.w.s.m.m.a.RequestMappingHandlerMapping : Mapped "{[/tags/extra/index],methods=[GET]}" onto public java.lang.String com.ing.web.SecurityTagController.extraUser(org.springframework.security.core.userdetails.User)
2017-04-10 19:13:49.597  INFO 8220 --- [           main] s.w.s.m.m.a.RequestMappingHandlerMapping : Mapped "{[/tags/user/index],methods=[GET]}" onto public java.lang.String com.ing.web.SecurityTagController.userIndex(org.springframework.security.core.userdetails.User)
2017-04-10 19:13:49.692  INFO 8220 --- [           main] o.s.w.s.handler.SimpleUrlHandlerMapping  : Mapped URL path [/webjars/**] onto handler of type [class org.springframework.web.servlet.resource.ResourceHttpRequestHandler]
2017-04-10 19:13:49.692  INFO 8220 --- [           main] o.s.w.s.handler.SimpleUrlHandlerMapping  : Mapped URL path [/**] onto handler of type [class org.springframework.web.servlet.resource.ResourceHttpRequestHandler]
2017-04-10 19:13:49.732  INFO 8220 --- [           main] o.s.w.s.handler.SimpleUrlHandlerMapping  : Mapped URL path [/**/favicon.ico] onto handler of type [class org.springframework.web.servlet.resource.ResourceHttpRequestHandler]
2017-04-10 19:13:49.852  INFO 8220 --- [           main] o.a.c.i.converter.DefaultTypeConverter   : Loaded 191 type converters
2017-04-10 19:13:49.967  INFO 8220 --- [           main] o.a.camel.spring.boot.RoutesCollector    : Loading additional Camel XML routes from: classpath:camel/*.xml
2017-04-10 19:13:49.967  INFO 8220 --- [           main] o.a.camel.spring.boot.RoutesCollector    : Loading additional Camel XML rests from: classpath:camel-rest/*.xml
2017-04-10 19:13:49.967  INFO 8220 --- [           main] o.a.camel.spring.SpringCamelContext      : Apache Camel 2.17.2 (CamelContext: camel-37) is starting
2017-04-10 19:13:49.967  INFO 8220 --- [           main] o.a.c.m.ManagedManagementStrategy        : JMX is enabled
2017-04-10 19:13:49.977  INFO 8220 --- [           main] o.a.c.i.DefaultRuntimeEndpointRegistry   : Runtime endpoint registry is in extended mode gathering usage statistics of all incoming and outgoing endpoints (cache limit: 1000)
2017-04-10 19:13:50.017  INFO 8220 --- [           main] o.a.camel.spring.SpringCamelContext      : Apache Camel 2.17.2 (CamelContext: camel-37) is shutting down
2017-04-10 19:13:50.017  INFO 8220 --- [           main] o.a.camel.spring.SpringCamelContext      : Apache Camel 2.17.2 (CamelContext: camel-37) uptime 0.050 seconds
2017-04-10 19:13:50.017  INFO 8220 --- [           main] o.a.camel.spring.SpringCamelContext      : Apache Camel 2.17.2 (CamelContext: camel-37) is shutdown in 0.000 seconds
2017-04-10 19:13:50.017 ERROR 8220 --- [           main] o.s.boot.SpringApplication               : Application startup failed

org.apache.camel.spring.boot.CamelSpringBootInitializationException: org.apache.camel.FailedToCreateRouteException: Failed to create route route111 at: >>> Choice[[When[{header{action} == all} -> [To[GetAllATMs]]], When[{header{action} == inCity} -> [To[GetAllATMsInCity]]]]] <<< in route: Route(route111)[[From[direct:call]] -> [SetBody[{null}], Cho... because of No endpoint could be found for: GetAllATMs, please check your classpath contains the needed Camel component jar.
	at org.apache.camel.spring.boot.RoutesCollector.onApplicationEvent(RoutesCollector.java:126) ~[camel-spring-boot-2.17.0.jar:2.17.0]
	at org.apache.camel.spring.boot.RoutesCollector.onApplicationEvent(RoutesCollector.java:41) ~[camel-spring-boot-2.17.0.jar:2.17.0]
	at org.springframework.context.event.SimpleApplicationEventMulticaster.invokeListener(SimpleApplicationEventMulticaster.java:166) ~[spring-context-4.3.4.RELEASE.jar:4.3.4.RELEASE]
	at org.springframework.context.event.SimpleApplicationEventMulticaster.multicastEvent(SimpleApplicationEventMulticaster.java:138) ~[spring-context-4.3.4.RELEASE.jar:4.3.4.RELEASE]
	at org.springframework.context.support.AbstractApplicationContext.publishEvent(AbstractApplicationContext.java:383) ~[spring-context-4.3.4.RELEASE.jar:4.3.4.RELEASE]
	at org.springframework.context.support.AbstractApplicationContext.publishEvent(AbstractApplicationContext.java:337) ~[spring-context-4.3.4.RELEASE.jar:4.3.4.RELEASE]
	at org.springframework.context.support.AbstractApplicationContext.finishRefresh(AbstractApplicationContext.java:882) ~[spring-context-4.3.4.RELEASE.jar:4.3.4.RELEASE]
	at org.springframework.context.support.AbstractApplicationContext.refresh(AbstractApplicationContext.java:545) ~[spring-context-4.3.4.RELEASE.jar:4.3.4.RELEASE]
	at org.springframework.boot.SpringApplication.refresh(SpringApplication.java:766) ~[spring-boot-1.3.3.RELEASE.jar:1.3.3.RELEASE]
	at org.springframework.boot.SpringApplication.createAndRefreshContext(SpringApplication.java:361) ~[spring-boot-1.3.3.RELEASE.jar:1.3.3.RELEASE]
	at org.springframework.boot.SpringApplication.run(SpringApplication.java:307) ~[spring-boot-1.3.3.RELEASE.jar:1.3.3.RELEASE]
	at org.springframework.boot.test.SpringApplicationContextLoader.loadContext(SpringApplicationContextLoader.java:98) [spring-boot-1.3.3.RELEASE.jar:1.3.3.RELEASE]
	at org.springframework.test.context.cache.DefaultCacheAwareContextLoaderDelegate.loadContextInternal(DefaultCacheAwareContextLoaderDelegate.java:98) [spring-test-4.3.4.RELEASE.jar:4.3.4.RELEASE]
	at org.springframework.test.context.cache.DefaultCacheAwareContextLoaderDelegate.loadContext(DefaultCacheAwareContextLoaderDelegate.java:116) [spring-test-4.3.4.RELEASE.jar:4.3.4.RELEASE]
	at org.springframework.test.context.support.DefaultTestContext.getApplicationContext(DefaultTestContext.java:83) [spring-test-4.3.4.RELEASE.jar:4.3.4.RELEASE]
	at org.springframework.test.context.web.ServletTestExecutionListener.setUpRequestContextIfNecessary(ServletTestExecutionListener.java:189) [spring-test-4.3.4.RELEASE.jar:4.3.4.RELEASE]
	at org.springframework.test.context.web.ServletTestExecutionListener.prepareTestInstance(ServletTestExecutionListener.java:131) [spring-test-4.3.4.RELEASE.jar:4.3.4.RELEASE]
	at org.springframework.test.context.TestContextManager.prepareTestInstance(TestContextManager.java:230) [spring-test-4.3.4.RELEASE.jar:4.3.4.RELEASE]
	at org.springframework.test.context.junit4.SpringJUnit4ClassRunner.createTest(SpringJUnit4ClassRunner.java:228) [spring-test-4.3.4.RELEASE.jar:4.3.4.RELEASE]
	at org.springframework.test.context.junit4.SpringJUnit4ClassRunner$1.runReflectiveCall(SpringJUnit4ClassRunner.java:287) [spring-test-4.3.4.RELEASE.jar:4.3.4.RELEASE]
	at org.junit.internal.runners.model.ReflectiveCallable.run(ReflectiveCallable.java:12) [junit-4.12.jar:4.12]
	at org.springframework.test.context.junit4.SpringJUnit4ClassRunner.methodBlock(SpringJUnit4ClassRunner.java:289) [spring-test-4.3.4.RELEASE.jar:4.3.4.RELEASE]
	at org.springframework.test.context.junit4.SpringJUnit4ClassRunner.runChild(SpringJUnit4ClassRunner.java:247) [spring-test-4.3.4.RELEASE.jar:4.3.4.RELEASE]
	at org.springframework.test.context.junit4.SpringJUnit4ClassRunner.runChild(SpringJUnit4ClassRunner.java:94) [spring-test-4.3.4.RELEASE.jar:4.3.4.RELEASE]
	at org.junit.runners.ParentRunner$3.run(ParentRunner.java:290) [junit-4.12.jar:4.12]
	at org.junit.runners.ParentRunner$1.schedule(ParentRunner.java:71) [junit-4.12.jar:4.12]
	at org.junit.runners.ParentRunner.runChildren(ParentRunner.java:288) [junit-4.12.jar:4.12]
	at org.junit.runners.ParentRunner.access$000(ParentRunner.java:58) [junit-4.12.jar:4.12]
	at org.junit.runners.ParentRunner$2.evaluate(ParentRunner.java:268) [junit-4.12.jar:4.12]
	at org.springframework.test.context.junit4.statements.RunBeforeTestClassCallbacks.evaluate(RunBeforeTestClassCallbacks.java:61) [spring-test-4.3.4.RELEASE.jar:4.3.4.RELEASE]
	at org.springframework.test.context.junit4.statements.RunAfterTestClassCallbacks.evaluate(RunAfterTestClassCallbacks.java:70) [spring-test-4.3.4.RELEASE.jar:4.3.4.RELEASE]
	at org.junit.runners.ParentRunner.run(ParentRunner.java:363) [junit-4.12.jar:4.12]
	at org.springframework.test.context.junit4.SpringJUnit4ClassRunner.run(SpringJUnit4ClassRunner.java:191) [spring-test-4.3.4.RELEASE.jar:4.3.4.RELEASE]
	at org.apache.maven.surefire.junit4.JUnit4Provider.execute(JUnit4Provider.java:264) [surefire-junit4-2.14.1.jar:2.14.1]
	at org.apache.maven.surefire.junit4.JUnit4Provider.executeTestSet(JUnit4Provider.java:153) [surefire-junit4-2.14.1.jar:2.14.1]
	at org.apache.maven.surefire.junit4.JUnit4Provider.invoke(JUnit4Provider.java:124) [surefire-junit4-2.14.1.jar:2.14.1]
	at sun.reflect.NativeMethodAccessorImpl.invoke0(Native Method) ~[na:1.8.0_121]
	at sun.reflect.NativeMethodAccessorImpl.invoke(NativeMethodAccessorImpl.java:62) ~[na:1.8.0_121]
	at sun.reflect.DelegatingMethodAccessorImpl.invoke(DelegatingMethodAccessorImpl.java:43) ~[na:1.8.0_121]
	at java.lang.reflect.Method.invoke(Method.java:498) ~[na:1.8.0_121]
	at org.apache.maven.surefire.util.ReflectionUtils.invokeMethodWithArray2(ReflectionUtils.java:208) [surefire-api-2.14.1.jar:2.14.1]
	at org.apache.maven.surefire.booter.ProviderFactory$ProviderProxy.invoke(ProviderFactory.java:159) [surefire-booter-2.14.1.jar:2.14.1]
	at org.apache.maven.surefire.booter.ProviderFactory.invokeProvider(ProviderFactory.java:87) [surefire-booter-2.14.1.jar:2.14.1]
	at org.apache.maven.surefire.booter.ForkedBooter.runSuitesInProcess(ForkedBooter.java:153) [surefire-booter-2.14.1.jar:2.14.1]
	at org.apache.maven.surefire.booter.ForkedBooter.main(ForkedBooter.java:95) [surefire-booter-2.14.1.jar:2.14.1]
Caused by: org.apache.camel.FailedToCreateRouteException: Failed to create route route111 at: >>> Choice[[When[{header{action} == all} -> [To[GetAllATMs]]], When[{header{action} == inCity} -> [To[GetAllATMsInCity]]]]] <<< in route: Route(route111)[[From[direct:call]] -> [SetBody[{null}], Cho... because of No endpoint could be found for: GetAllATMs, please check your classpath contains the needed Camel component jar.
	at org.apache.camel.model.RouteDefinition.addRoutes(RouteDefinition.java:1072) ~[camel-core-2.17.2.jar:2.17.2]
	at org.apache.camel.model.RouteDefinition.addRoutes(RouteDefinition.java:196) ~[camel-core-2.17.2.jar:2.17.2]
	at org.apache.camel.impl.DefaultCamelContext.startRoute(DefaultCamelContext.java:974) ~[camel-core-2.17.2.jar:2.17.2]
	at org.apache.camel.impl.DefaultCamelContext.startRouteDefinitions(DefaultCamelContext.java:3301) ~[camel-core-2.17.2.jar:2.17.2]
	at org.apache.camel.impl.DefaultCamelContext.doStartCamel(DefaultCamelContext.java:3024) ~[camel-core-2.17.2.jar:2.17.2]
	at org.apache.camel.impl.DefaultCamelContext.access$000(DefaultCamelContext.java:175) ~[camel-core-2.17.2.jar:2.17.2]
	at org.apache.camel.impl.DefaultCamelContext$2.call(DefaultCamelContext.java:2854) ~[camel-core-2.17.2.jar:2.17.2]
	at org.apache.camel.impl.DefaultCamelContext$2.call(DefaultCamelContext.java:2850) ~[camel-core-2.17.2.jar:2.17.2]
	at org.apache.camel.impl.DefaultCamelContext.doWithDefinedClassLoader(DefaultCamelContext.java:2873) ~[camel-core-2.17.2.jar:2.17.2]
	at org.apache.camel.impl.DefaultCamelContext.doStart(DefaultCamelContext.java:2850) ~[camel-core-2.17.2.jar:2.17.2]
	at org.apache.camel.support.ServiceSupport.start(ServiceSupport.java:61) ~[camel-core-2.17.2.jar:2.17.2]
	at org.apache.camel.impl.DefaultCamelContext.start(DefaultCamelContext.java:2819) ~[camel-core-2.17.2.jar:2.17.2]
	at org.apache.camel.spring.boot.RoutesCollector.onApplicationEvent(RoutesCollector.java:116) ~[camel-spring-boot-2.17.0.jar:2.17.0]
	... 44 common frames omitted
Caused by: org.apache.camel.NoSuchEndpointException: No endpoint could be found for: GetAllATMs, please check your classpath contains the needed Camel component jar.
	at org.apache.camel.util.CamelContextHelper.getMandatoryEndpoint(CamelContextHelper.java:81) ~[camel-core-2.17.2.jar:2.17.2]
	at org.apache.camel.model.RouteDefinition.resolveEndpoint(RouteDefinition.java:211) ~[camel-core-2.17.2.jar:2.17.2]
	at org.apache.camel.impl.DefaultRouteContext.resolveEndpoint(DefaultRouteContext.java:107) ~[camel-core-2.17.2.jar:2.17.2]
	at org.apache.camel.impl.DefaultRouteContext.resolveEndpoint(DefaultRouteContext.java:113) ~[camel-core-2.17.2.jar:2.17.2]
	at org.apache.camel.model.SendDefinition.resolveEndpoint(SendDefinition.java:62) ~[camel-core-2.17.2.jar:2.17.2]
	at org.apache.camel.model.SendDefinition.createProcessor(SendDefinition.java:56) ~[camel-core-2.17.2.jar:2.17.2]
	at org.apache.camel.model.ProcessorDefinition.createProcessor(ProcessorDefinition.java:483) ~[camel-core-2.17.2.jar:2.17.2]
	at org.apache.camel.model.ProcessorDefinition.createOutputsProcessorImpl(ProcessorDefinition.java:446) ~[camel-core-2.17.2.jar:2.17.2]
	at org.apache.camel.model.ProcessorDefinition.createOutputsProcessor(ProcessorDefinition.java:413) ~[camel-core-2.17.2.jar:2.17.2]
	at org.apache.camel.model.ProcessorDefinition.createOutputsProcessor(ProcessorDefinition.java:165) ~[camel-core-2.17.2.jar:2.17.2]
	at org.apache.camel.model.ExpressionNode.createFilterProcessor(ExpressionNode.java:109) ~[camel-core-2.17.2.jar:2.17.2]
	at org.apache.camel.model.WhenDefinition.createProcessor(WhenDefinition.java:74) ~[camel-core-2.17.2.jar:2.17.2]
	at org.apache.camel.model.WhenDefinition.createProcessor(WhenDefinition.java:32) ~[camel-core-2.17.2.jar:2.17.2]
	at org.apache.camel.model.ProcessorDefinition.createProcessor(ProcessorDefinition.java:483) ~[camel-core-2.17.2.jar:2.17.2]
	at org.apache.camel.model.ChoiceDefinition.createProcessor(ChoiceDefinition.java:135) ~[camel-core-2.17.2.jar:2.17.2]
	at org.apache.camel.model.ProcessorDefinition.makeProcessorImpl(ProcessorDefinition.java:534) ~[camel-core-2.17.2.jar:2.17.2]
	at org.apache.camel.model.ProcessorDefinition.makeProcessor(ProcessorDefinition.java:495) ~[camel-core-2.17.2.jar:2.17.2]
	at org.apache.camel.model.ProcessorDefinition.addRoutes(ProcessorDefinition.java:219) ~[camel-core-2.17.2.jar:2.17.2]
	at org.apache.camel.model.RouteDefinition.addRoutes(RouteDefinition.java:1069) ~[camel-core-2.17.2.jar:2.17.2]
	... 56 common frames omitted

2017-04-10 19:13:50.017  INFO 8220 --- [           main] .b.l.ClasspathLoggingApplicationListener : Application failed to start with classpath: [file:/C:/Users/normsby/Documents/NetBeansProjects/ING_ATM_Locator/target/surefire/surefirebooter5636998128895282040.jar, file:/C:/Users/normsby/.m2/repository/org/jacoco/org.jacoco.agent/0.7.5.201505241946/org.jacoco.agent-0.7.5.201505241946-runtime.jar]
2017-04-10 19:13:50.017 ERROR 8220 --- [           main] o.s.test.context.TestContextManager      : Caught exception while allowing TestExecutionListener [org.springframework.test.context.web.ServletTestExecutionListener@15f68bcc] to prepare test instance [com.ing.custom.web.SecurityTagControllerTest@4521d14d]

java.lang.IllegalStateException: Failed to load ApplicationContext
	at org.springframework.test.context.cache.DefaultCacheAwareContextLoaderDelegate.loadContext(DefaultCacheAwareContextLoaderDelegate.java:124) ~[spring-test-4.3.4.RELEASE.jar:4.3.4.RELEASE]
	at org.springframework.test.context.support.DefaultTestContext.getApplicationContext(DefaultTestContext.java:83) ~[spring-test-4.3.4.RELEASE.jar:4.3.4.RELEASE]
	at org.springframework.test.context.web.ServletTestExecutionListener.setUpRequestContextIfNecessary(ServletTestExecutionListener.java:189) ~[spring-test-4.3.4.RELEASE.jar:4.3.4.RELEASE]
	at org.springframework.test.context.web.ServletTestExecutionListener.prepareTestInstance(ServletTestExecutionListener.java:131) ~[spring-test-4.3.4.RELEASE.jar:4.3.4.RELEASE]
	at org.springframework.test.context.TestContextManager.prepareTestInstance(TestContextManager.java:230) ~[spring-test-4.3.4.RELEASE.jar:4.3.4.RELEASE]
	at org.springframework.test.context.junit4.SpringJUnit4ClassRunner.createTest(SpringJUnit4ClassRunner.java:228) [spring-test-4.3.4.RELEASE.jar:4.3.4.RELEASE]
	at org.springframework.test.context.junit4.SpringJUnit4ClassRunner$1.runReflectiveCall(SpringJUnit4ClassRunner.java:287) [spring-test-4.3.4.RELEASE.jar:4.3.4.RELEASE]
	at org.junit.internal.runners.model.ReflectiveCallable.run(ReflectiveCallable.java:12) [junit-4.12.jar:4.12]
	at org.springframework.test.context.junit4.SpringJUnit4ClassRunner.methodBlock(SpringJUnit4ClassRunner.java:289) [spring-test-4.3.4.RELEASE.jar:4.3.4.RELEASE]
	at org.springframework.test.context.junit4.SpringJUnit4ClassRunner.runChild(SpringJUnit4ClassRunner.java:247) [spring-test-4.3.4.RELEASE.jar:4.3.4.RELEASE]
	at org.springframework.test.context.junit4.SpringJUnit4ClassRunner.runChild(SpringJUnit4ClassRunner.java:94) [spring-test-4.3.4.RELEASE.jar:4.3.4.RELEASE]
	at org.junit.runners.ParentRunner$3.run(ParentRunner.java:290) [junit-4.12.jar:4.12]
	at org.junit.runners.ParentRunner$1.schedule(ParentRunner.java:71) [junit-4.12.jar:4.12]
	at org.junit.runners.ParentRunner.runChildren(ParentRunner.java:288) [junit-4.12.jar:4.12]
	at org.junit.runners.ParentRunner.access$000(ParentRunner.java:58) [junit-4.12.jar:4.12]
	at org.junit.runners.ParentRunner$2.evaluate(ParentRunner.java:268) [junit-4.12.jar:4.12]
	at org.springframework.test.context.junit4.statements.RunBeforeTestClassCallbacks.evaluate(RunBeforeTestClassCallbacks.java:61) [spring-test-4.3.4.RELEASE.jar:4.3.4.RELEASE]
	at org.springframework.test.context.junit4.statements.RunAfterTestClassCallbacks.evaluate(RunAfterTestClassCallbacks.java:70) [spring-test-4.3.4.RELEASE.jar:4.3.4.RELEASE]
	at org.junit.runners.ParentRunner.run(ParentRunner.java:363) [junit-4.12.jar:4.12]
	at org.springframework.test.context.junit4.SpringJUnit4ClassRunner.run(SpringJUnit4ClassRunner.java:191) [spring-test-4.3.4.RELEASE.jar:4.3.4.RELEASE]
	at org.apache.maven.surefire.junit4.JUnit4Provider.execute(JUnit4Provider.java:264) [surefire-junit4-2.14.1.jar:2.14.1]
	at org.apache.maven.surefire.junit4.JUnit4Provider.executeTestSet(JUnit4Provider.java:153) [surefire-junit4-2.14.1.jar:2.14.1]
	at org.apache.maven.surefire.junit4.JUnit4Provider.invoke(JUnit4Provider.java:124) [surefire-junit4-2.14.1.jar:2.14.1]
	at sun.reflect.NativeMethodAccessorImpl.invoke0(Native Method) ~[na:1.8.0_121]
	at sun.reflect.NativeMethodAccessorImpl.invoke(NativeMethodAccessorImpl.java:62) ~[na:1.8.0_121]
	at sun.reflect.DelegatingMethodAccessorImpl.invoke(DelegatingMethodAccessorImpl.java:43) ~[na:1.8.0_121]
	at java.lang.reflect.Method.invoke(Method.java:498) ~[na:1.8.0_121]
	at org.apache.maven.surefire.util.ReflectionUtils.invokeMethodWithArray2(ReflectionUtils.java:208) [surefire-api-2.14.1.jar:2.14.1]
	at org.apache.maven.surefire.booter.ProviderFactory$ProviderProxy.invoke(ProviderFactory.java:159) [surefire-booter-2.14.1.jar:2.14.1]
	at org.apache.maven.surefire.booter.ProviderFactory.invokeProvider(ProviderFactory.java:87) [surefire-booter-2.14.1.jar:2.14.1]
	at org.apache.maven.surefire.booter.ForkedBooter.runSuitesInProcess(ForkedBooter.java:153) [surefire-booter-2.14.1.jar:2.14.1]
	at org.apache.maven.surefire.booter.ForkedBooter.main(ForkedBooter.java:95) [surefire-booter-2.14.1.jar:2.14.1]
Caused by: org.apache.camel.spring.boot.CamelSpringBootInitializationException: org.apache.camel.FailedToCreateRouteException: Failed to create route route111 at: >>> Choice[[When[{header{action} == all} -> [To[GetAllATMs]]], When[{header{action} == inCity} -> [To[GetAllATMsInCity]]]]] <<< in route: Route(route111)[[From[direct:call]] -> [SetBody[{null}], Cho... because of No endpoint could be found for: GetAllATMs, please check your classpath contains the needed Camel component jar.
	at org.apache.camel.spring.boot.RoutesCollector.onApplicationEvent(RoutesCollector.java:126) ~[camel-spring-boot-2.17.0.jar:2.17.0]
	at org.apache.camel.spring.boot.RoutesCollector.onApplicationEvent(RoutesCollector.java:41) ~[camel-spring-boot-2.17.0.jar:2.17.0]
	at org.springframework.context.event.SimpleApplicationEventMulticaster.invokeListener(SimpleApplicationEventMulticaster.java:166) ~[spring-context-4.3.4.RELEASE.jar:4.3.4.RELEASE]
	at org.springframework.context.event.SimpleApplicationEventMulticaster.multicastEvent(SimpleApplicationEventMulticaster.java:138) ~[spring-context-4.3.4.RELEASE.jar:4.3.4.RELEASE]
	at org.springframework.context.support.AbstractApplicationContext.publishEvent(AbstractApplicationContext.java:383) ~[spring-context-4.3.4.RELEASE.jar:4.3.4.RELEASE]
	at org.springframework.context.support.AbstractApplicationContext.publishEvent(AbstractApplicationContext.java:337) ~[spring-context-4.3.4.RELEASE.jar:4.3.4.RELEASE]
	at org.springframework.context.support.AbstractApplicationContext.finishRefresh(AbstractApplicationContext.java:882) ~[spring-context-4.3.4.RELEASE.jar:4.3.4.RELEASE]
	at org.springframework.context.support.AbstractApplicationContext.refresh(AbstractApplicationContext.java:545) ~[spring-context-4.3.4.RELEASE.jar:4.3.4.RELEASE]
	at org.springframework.boot.SpringApplication.refresh(SpringApplication.java:766) ~[spring-boot-1.3.3.RELEASE.jar:1.3.3.RELEASE]
	at org.springframework.boot.SpringApplication.createAndRefreshContext(SpringApplication.java:361) ~[spring-boot-1.3.3.RELEASE.jar:1.3.3.RELEASE]
	at org.springframework.boot.SpringApplication.run(SpringApplication.java:307) ~[spring-boot-1.3.3.RELEASE.jar:1.3.3.RELEASE]
	at org.springframework.boot.test.SpringApplicationContextLoader.loadContext(SpringApplicationContextLoader.java:98) ~[spring-boot-1.3.3.RELEASE.jar:1.3.3.RELEASE]
	at org.springframework.test.context.cache.DefaultCacheAwareContextLoaderDelegate.loadContextInternal(DefaultCacheAwareContextLoaderDelegate.java:98) ~[spring-test-4.3.4.RELEASE.jar:4.3.4.RELEASE]
	at org.springframework.test.context.cache.DefaultCacheAwareContextLoaderDelegate.loadContext(DefaultCacheAwareContextLoaderDelegate.java:116) ~[spring-test-4.3.4.RELEASE.jar:4.3.4.RELEASE]
	... 31 common frames omitted
Caused by: org.apache.camel.FailedToCreateRouteException: Failed to create route route111 at: >>> Choice[[When[{header{action} == all} -> [To[GetAllATMs]]], When[{header{action} == inCity} -> [To[GetAllATMsInCity]]]]] <<< in route: Route(route111)[[From[direct:call]] -> [SetBody[{null}], Cho... because of No endpoint could be found for: GetAllATMs, please check your classpath contains the needed Camel component jar.
	at org.apache.camel.model.RouteDefinition.addRoutes(RouteDefinition.java:1072) ~[camel-core-2.17.2.jar:2.17.2]
	at org.apache.camel.model.RouteDefinition.addRoutes(RouteDefinition.java:196) ~[camel-core-2.17.2.jar:2.17.2]
	at org.apache.camel.impl.DefaultCamelContext.startRoute(DefaultCamelContext.java:974) ~[camel-core-2.17.2.jar:2.17.2]
	at org.apache.camel.impl.DefaultCamelContext.startRouteDefinitions(DefaultCamelContext.java:3301) ~[camel-core-2.17.2.jar:2.17.2]
	at org.apache.camel.impl.DefaultCamelContext.doStartCamel(DefaultCamelContext.java:3024) ~[camel-core-2.17.2.jar:2.17.2]
	at org.apache.camel.impl.DefaultCamelContext.access$000(DefaultCamelContext.java:175) ~[camel-core-2.17.2.jar:2.17.2]
	at org.apache.camel.impl.DefaultCamelContext$2.call(DefaultCamelContext.java:2854) ~[camel-core-2.17.2.jar:2.17.2]
	at org.apache.camel.impl.DefaultCamelContext$2.call(DefaultCamelContext.java:2850) ~[camel-core-2.17.2.jar:2.17.2]
	at org.apache.camel.impl.DefaultCamelContext.doWithDefinedClassLoader(DefaultCamelContext.java:2873) ~[camel-core-2.17.2.jar:2.17.2]
	at org.apache.camel.impl.DefaultCamelContext.doStart(DefaultCamelContext.java:2850) ~[camel-core-2.17.2.jar:2.17.2]
	at org.apache.camel.support.ServiceSupport.start(ServiceSupport.java:61) ~[camel-core-2.17.2.jar:2.17.2]
	at org.apache.camel.impl.DefaultCamelContext.start(DefaultCamelContext.java:2819) ~[camel-core-2.17.2.jar:2.17.2]
	at org.apache.camel.spring.boot.RoutesCollector.onApplicationEvent(RoutesCollector.java:116) ~[camel-spring-boot-2.17.0.jar:2.17.0]
	... 44 common frames omitted
Caused by: org.apache.camel.NoSuchEndpointException: No endpoint could be found for: GetAllATMs, please check your classpath contains the needed Camel component jar.
	at org.apache.camel.util.CamelContextHelper.getMandatoryEndpoint(CamelContextHelper.java:81) ~[camel-core-2.17.2.jar:2.17.2]
	at org.apache.camel.model.RouteDefinition.resolveEndpoint(RouteDefinition.java:211) ~[camel-core-2.17.2.jar:2.17.2]
	at org.apache.camel.impl.DefaultRouteContext.resolveEndpoint(DefaultRouteContext.java:107) ~[camel-core-2.17.2.jar:2.17.2]
	at org.apache.camel.impl.DefaultRouteContext.resolveEndpoint(DefaultRouteContext.java:113) ~[camel-core-2.17.2.jar:2.17.2]
	at org.apache.camel.model.SendDefinition.resolveEndpoint(SendDefinition.java:62) ~[camel-core-2.17.2.jar:2.17.2]
	at org.apache.camel.model.SendDefinition.createProcessor(SendDefinition.java:56) ~[camel-core-2.17.2.jar:2.17.2]
	at org.apache.camel.model.ProcessorDefinition.createProcessor(ProcessorDefinition.java:483) ~[camel-core-2.17.2.jar:2.17.2]
	at org.apache.camel.model.ProcessorDefinition.createOutputsProcessorImpl(ProcessorDefinition.java:446) ~[camel-core-2.17.2.jar:2.17.2]
	at org.apache.camel.model.ProcessorDefinition.createOutputsProcessor(ProcessorDefinition.java:413) ~[camel-core-2.17.2.jar:2.17.2]
	at org.apache.camel.model.ProcessorDefinition.createOutputsProcessor(ProcessorDefinition.java:165) ~[camel-core-2.17.2.jar:2.17.2]
	at org.apache.camel.model.ExpressionNode.createFilterProcessor(ExpressionNode.java:109) ~[camel-core-2.17.2.jar:2.17.2]
	at org.apache.camel.model.WhenDefinition.createProcessor(WhenDefinition.java:74) ~[camel-core-2.17.2.jar:2.17.2]
	at org.apache.camel.model.WhenDefinition.createProcessor(WhenDefinition.java:32) ~[camel-core-2.17.2.jar:2.17.2]
	at org.apache.camel.model.ProcessorDefinition.createProcessor(ProcessorDefinition.java:483) ~[camel-core-2.17.2.jar:2.17.2]
	at org.apache.camel.model.ChoiceDefinition.createProcessor(ChoiceDefinition.java:135) ~[camel-core-2.17.2.jar:2.17.2]
	at org.apache.camel.model.ProcessorDefinition.makeProcessorImpl(ProcessorDefinition.java:534) ~[camel-core-2.17.2.jar:2.17.2]
	at org.apache.camel.model.ProcessorDefinition.makeProcessor(ProcessorDefinition.java:495) ~[camel-core-2.17.2.jar:2.17.2]
	at org.apache.camel.model.ProcessorDefinition.addRoutes(ProcessorDefinition.java:219) ~[camel-core-2.17.2.jar:2.17.2]
	at org.apache.camel.model.RouteDefinition.addRoutes(RouteDefinition.java:1069) ~[camel-core-2.17.2.jar:2.17.2]
	... 56 common frames omitted

]]></system-out>
  </testcase>
</testsuite>